-- Found ament_cmake: 1.3.12 (/opt/ros/humble/share/ament_cmake/cmake)
-- Found rosidl_default_generators: 1.2.0 (/opt/ros/humble/share/rosidl_default_generators/cmake)
-- Using all available rosidl_typesupport_c: rosidl_typesupport_fastrtps_c;rosidl_typesupport_introspection_c
-- Found rosidl_adapter: 3.1.7 (/opt/ros/humble/share/rosidl_adapter/cmake)
-- Using all available rosidl_typesupport_cpp: rosidl_typesupport_fastrtps_cpp;rosidl_typesupport_introspection_cpp
-- Found builtin_interfaces: 1.2.2 (/opt/ros/humble/share/builtin_interfaces/cmake)
-- Found ament_lint_auto: 0.12.14 (/opt/ros/humble/share/ament_lint_auto/cmake)
-- Found ament_cmake_ros: 0.10.0 (/opt/ros/humble/share/ament_cmake_ros/cmake)
-- Using all available rosidl_typesupport_c: rosidl_typesupport_fastrtps_c;rosidl_typesupport_introspection_c
-- Using all available rosidl_typesupport_cpp: rosidl_typesupport_fastrtps_cpp;rosidl_typesupport_introspection_cpp
-- Found PythonInterp: /usr/bin/python3 (found suitable version "3.10.12", minimum required is "3.6") 
-- Found python_cmake_module: 0.10.0 (/opt/ros/humble/share/python_cmake_module/cmake)
-- Found PythonLibs: /usr/lib/x86_64-linux-gnu/libpython3.10.so (found suitable version "3.10.12", minimum required is "3.5") 
-- Using PYTHON_EXECUTABLE: /usr/bin/python3
-- Using PYTHON_INCLUDE_DIRS: /usr/include/python3.10
-- Using PYTHON_LIBRARIES: /usr/lib/x86_64-linux-gnu/libpython3.10.so
-- Found PythonExtra: .so  
-- Added test 'lint_cmake' to check CMake code style
-- Added test 'xmllint' to check XML markup files
-- Configuring done
-- Generating done
-- Build files have been written to: /home/vboxuser/Ali_ws/build/my_xarm6_interfaces
[  2%] [34m[1mGenerating C code for ROS interfaces[0m
[  5%] [34m[1mGenerating C++ code for ROS interfaces[0m
[  5%] Built target ament_cmake_python_copy_my_xarm6_interfaces
running egg_info
creating my_xarm6_interfaces.egg-info
writing my_xarm6_interfaces.egg-info/PKG-INFO
writing dependency_links to my_xarm6_interfaces.egg-info/dependency_links.txt
writing top-level names to my_xarm6_interfaces.egg-info/top_level.txt
writing manifest file 'my_xarm6_interfaces.egg-info/SOURCES.txt'
reading manifest file 'my_xarm6_interfaces.egg-info/SOURCES.txt'
writing manifest file 'my_xarm6_interfaces.egg-info/SOURCES.txt'
[  5%] Built target ament_cmake_python_build_my_xarm6_interfaces_egg
[  7%] [32mBuilding C object CMakeFiles/my_xarm6_interfaces__rosidl_generator_c.dir/rosidl_generator_c/my_xarm6_interfaces/srv/detail/object_position__functions.c.o[0m
[ 10%] [32mBuilding C object CMakeFiles/my_xarm6_interfaces__rosidl_generator_c.dir/rosidl_generator_c/my_xarm6_interfaces/srv/detail/place_position__functions.c.o[0m
[ 10%] Built target my_xarm6_interfaces__cpp
[ 12%] [34m[1mGenerating C++ type support for eProsima Fast-RTPS[0m
[ 15%] [34m[1mGenerating C++ type support dispatch for ROS interfaces[0m
[ 17%] [34m[1mGenerating C++ introspection for ROS interfaces[0m
[ 20%] [32m[1mLinking C shared library libmy_xarm6_interfaces__rosidl_generator_c.so[0m
[ 23%] [32mBuilding CXX object CMakeFiles/my_xarm6_interfaces__rosidl_typesupport_cpp.dir/rosidl_typesupport_cpp/my_xarm6_interfaces/srv/object_position__type_support.cpp.o[0m
[ 23%] Built target my_xarm6_interfaces__rosidl_generator_c
[ 25%] [34m[1mGenerating C type support for eProsima Fast-RTPS[0m
[ 28%] [32mBuilding CXX object CMakeFiles/my_xarm6_interfaces__rosidl_typesupport_fastrtps_cpp.dir/rosidl_typesupport_fastrtps_cpp/my_xarm6_interfaces/srv/detail/dds_fastrtps/object_position__type_support.cpp.o[0m
[ 30%] [32mBuilding CXX object CMakeFiles/my_xarm6_interfaces__rosidl_typesupport_introspection_cpp.dir/rosidl_typesupport_introspection_cpp/my_xarm6_interfaces/srv/detail/object_position__type_support.cpp.o[0m
[ 33%] [32mBuilding CXX object CMakeFiles/my_xarm6_interfaces__rosidl_typesupport_fastrtps_c.dir/rosidl_typesupport_fastrtps_c/my_xarm6_interfaces/srv/detail/object_position__type_support_c.cpp.o[0m
[ 35%] [32mBuilding CXX object CMakeFiles/my_xarm6_interfaces__rosidl_typesupport_cpp.dir/rosidl_typesupport_cpp/my_xarm6_interfaces/srv/place_position__type_support.cpp.o[0m
[ 38%] [32mBuilding CXX object CMakeFiles/my_xarm6_interfaces__rosidl_typesupport_fastrtps_cpp.dir/rosidl_typesupport_fastrtps_cpp/my_xarm6_interfaces/srv/detail/dds_fastrtps/place_position__type_support.cpp.o[0m
[ 41%] [32mBuilding CXX object CMakeFiles/my_xarm6_interfaces__rosidl_typesupport_introspection_cpp.dir/rosidl_typesupport_introspection_cpp/my_xarm6_interfaces/srv/detail/place_position__type_support.cpp.o[0m
[ 43%] [32mBuilding CXX object CMakeFiles/my_xarm6_interfaces__rosidl_typesupport_fastrtps_c.dir/rosidl_typesupport_fastrtps_c/my_xarm6_interfaces/srv/detail/place_position__type_support_c.cpp.o[0m
[ 46%] [32m[1mLinking CXX shared library libmy_xarm6_interfaces__rosidl_typesupport_cpp.so[0m
[ 46%] Built target my_xarm6_interfaces__rosidl_typesupport_cpp
[ 48%] [34m[1mGenerating C introspection for ROS interfaces[0m
[ 51%] [32m[1mLinking CXX shared library libmy_xarm6_interfaces__rosidl_typesupport_fastrtps_cpp.so[0m
[ 53%] [32m[1mLinking CXX shared library libmy_xarm6_interfaces__rosidl_typesupport_fastrtps_c.so[0m
[ 53%] Built target my_xarm6_interfaces__rosidl_typesupport_fastrtps_cpp
[ 56%] [34m[1mGenerating C type support dispatch for ROS interfaces[0m
[ 56%] Built target my_xarm6_interfaces__rosidl_typesupport_fastrtps_c
[ 58%] [32m[1mLinking CXX shared library libmy_xarm6_interfaces__rosidl_typesupport_introspection_cpp.so[0m
[ 61%] [32mBuilding C object CMakeFiles/my_xarm6_interfaces__rosidl_typesupport_introspection_c.dir/rosidl_typesupport_introspection_c/my_xarm6_interfaces/srv/detail/place_position__type_support.c.o[0m
[ 64%] [32mBuilding C object CMakeFiles/my_xarm6_interfaces__rosidl_typesupport_introspection_c.dir/rosidl_typesupport_introspection_c/my_xarm6_interfaces/srv/detail/object_position__type_support.c.o[0m
[ 64%] Built target my_xarm6_interfaces__rosidl_typesupport_introspection_cpp
[ 66%] [32m[1mLinking C shared library libmy_xarm6_interfaces__rosidl_typesupport_introspection_c.so[0m
[ 66%] Built target my_xarm6_interfaces__rosidl_typesupport_introspection_c
[ 71%] [32mBuilding CXX object CMakeFiles/my_xarm6_interfaces__rosidl_typesupport_c.dir/rosidl_typesupport_c/my_xarm6_interfaces/srv/place_position__type_support.cpp.o[0m
[ 71%] [32mBuilding CXX object CMakeFiles/my_xarm6_interfaces__rosidl_typesupport_c.dir/rosidl_typesupport_c/my_xarm6_interfaces/srv/object_position__type_support.cpp.o[0m
[ 74%] [32m[1mLinking CXX shared library libmy_xarm6_interfaces__rosidl_typesupport_c.so[0m
[ 74%] Built target my_xarm6_interfaces__rosidl_typesupport_c
[ 74%] Built target my_xarm6_interfaces
[ 76%] [34m[1mGenerating Python code for ROS interfaces[0m
[ 76%] Built target my_xarm6_interfaces__py
[ 79%] [32mBuilding C object CMakeFiles/my_xarm6_interfaces__rosidl_generator_py.dir/rosidl_generator_py/my_xarm6_interfaces/srv/_place_position_s.c.o[0m
[ 82%] [32mBuilding C object CMakeFiles/my_xarm6_interfaces__rosidl_generator_py.dir/rosidl_generator_py/my_xarm6_interfaces/srv/_object_position_s.c.o[0m
[ 84%] [32m[1mLinking C shared library rosidl_generator_py/my_xarm6_interfaces/libmy_xarm6_interfaces__rosidl_generator_py.so[0m
[ 84%] Built target my_xarm6_interfaces__rosidl_generator_py
[ 87%] [32mBuilding C object CMakeFiles/my_xarm6_interfaces__rosidl_typesupport_introspection_c__pyext.dir/rosidl_generator_py/my_xarm6_interfaces/_my_xarm6_interfaces_s.ep.rosidl_typesupport_introspection_c.c.o[0m
[ 89%] [32mBuilding C object CMakeFiles/my_xarm6_interfaces__rosidl_typesupport_fastrtps_c__pyext.dir/rosidl_generator_py/my_xarm6_interfaces/_my_xarm6_interfaces_s.ep.rosidl_typesupport_fastrtps_c.c.o[0m
[ 92%] [32mBuilding C object CMakeFiles/my_xarm6_interfaces__rosidl_typesupport_c__pyext.dir/rosidl_generator_py/my_xarm6_interfaces/_my_xarm6_interfaces_s.ep.rosidl_typesupport_c.c.o[0m
[ 94%] [32m[1mLinking C shared library rosidl_generator_py/my_xarm6_interfaces/my_xarm6_interfaces_s__rosidl_typesupport_fastrtps_c.cpython-310-x86_64-linux-gnu.so[0m
[ 97%] [32m[1mLinking C shared library rosidl_generator_py/my_xarm6_interfaces/my_xarm6_interfaces_s__rosidl_typesupport_introspection_c.cpython-310-x86_64-linux-gnu.so[0m
[100%] [32m[1mLinking C shared library rosidl_generator_py/my_xarm6_interfaces/my_xarm6_interfaces_s__rosidl_typesupport_c.cpython-310-x86_64-linux-gnu.so[0m
[100%] Built target my_xarm6_interfaces__rosidl_typesupport_fastrtps_c__pyext
[100%] Built target my_xarm6_interfaces__rosidl_typesupport_introspection_c__pyext
[100%] Built target my_xarm6_interfaces__rosidl_typesupport_c__pyext
-- Install configuration: ""
-- Installing: /home/vboxuser/Ali_ws/install/my_xarm6_interfaces/share/ament_index/resource_index/rosidl_interfaces/my_xarm6_interfaces
-- Installing: /home/vboxuser/Ali_ws/install/my_xarm6_interfaces/include/my_xarm6_interfaces/my_xarm6_interfaces
-- Installing: /home/vboxuser/Ali_ws/install/my_xarm6_interfaces/include/my_xarm6_interfaces/my_xarm6_interfaces/srv
-- Installing: /home/vboxuser/Ali_ws/install/my_xarm6_interfaces/include/my_xarm6_interfaces/my_xarm6_interfaces/srv/detail
-- Installing: /home/vboxuser/Ali_ws/install/my_xarm6_interfaces/include/my_xarm6_interfaces/my_xarm6_interfaces/srv/detail/object_position__functions.h
-- Installing: /home/vboxuser/Ali_ws/install/my_xarm6_interfaces/include/my_xarm6_interfaces/my_xarm6_interfaces/srv/detail/object_position__struct.h
-- Installing: /home/vboxuser/Ali_ws/install/my_xarm6_interfaces/include/my_xarm6_interfaces/my_xarm6_interfaces/srv/detail/place_position__functions.h
-- Installing: /home/vboxuser/Ali_ws/install/my_xarm6_interfaces/include/my_xarm6_interfaces/my_xarm6_interfaces/srv/detail/place_position__functions.c
-- Installing: /home/vboxuser/Ali_ws/install/my_xarm6_interfaces/include/my_xarm6_interfaces/my_xarm6_interfaces/srv/detail/place_position__type_support.h
-- Installing: /home/vboxuser/Ali_ws/install/my_xarm6_interfaces/include/my_xarm6_interfaces/my_xarm6_interfaces/srv/detail/place_position__struct.h
-- Installing: /home/vboxuser/Ali_ws/install/my_xarm6_interfaces/include/my_xarm6_interfaces/my_xarm6_interfaces/srv/detail/object_position__type_support.h
-- Installing: /home/vboxuser/Ali_ws/install/my_xarm6_interfaces/include/my_xarm6_interfaces/my_xarm6_interfaces/srv/detail/object_position__functions.c
-- Installing: /home/vboxuser/Ali_ws/install/my_xarm6_interfaces/include/my_xarm6_interfaces/my_xarm6_interfaces/srv/place_position.h
-- Installing: /home/vboxuser/Ali_ws/install/my_xarm6_interfaces/include/my_xarm6_interfaces/my_xarm6_interfaces/srv/object_position.h
-- Installing: /home/vboxuser/Ali_ws/install/my_xarm6_interfaces/include/my_xarm6_interfaces/my_xarm6_interfaces/msg
-- Installing: /home/vboxuser/Ali_ws/install/my_xarm6_interfaces/include/my_xarm6_interfaces/my_xarm6_interfaces/msg/rosidl_generator_c__visibility_control.h
-- Installing: /home/vboxuser/Ali_ws/install/my_xarm6_interfaces/share/my_xarm6_interfaces/environment/library_path.sh
-- Installing: /home/vboxuser/Ali_ws/install/my_xarm6_interfaces/share/my_xarm6_interfaces/environment/library_path.dsv
-- Installing: /home/vboxuser/Ali_ws/install/my_xarm6_interfaces/lib/libmy_xarm6_interfaces__rosidl_generator_c.so
-- Set runtime path of "/home/vboxuser/Ali_ws/install/my_xarm6_interfaces/lib/libmy_xarm6_interfaces__rosidl_generator_c.so" to ""
-- Up-to-date: /home/vboxuser/Ali_ws/install/my_xarm6_interfaces/include/my_xarm6_interfaces/my_xarm6_interfaces
-- Up-to-date: /home/vboxuser/Ali_ws/install/my_xarm6_interfaces/include/my_xarm6_interfaces/my_xarm6_interfaces/srv
-- Up-to-date: /home/vboxuser/Ali_ws/install/my_xarm6_interfaces/include/my_xarm6_interfaces/my_xarm6_interfaces/srv/detail
-- Installing: /home/vboxuser/Ali_ws/install/my_xarm6_interfaces/include/my_xarm6_interfaces/my_xarm6_interfaces/srv/detail/object_position__rosidl_typesupport_fastrtps_c.h
-- Installing: /home/vboxuser/Ali_ws/install/my_xarm6_interfaces/include/my_xarm6_interfaces/my_xarm6_interfaces/srv/detail/place_position__rosidl_typesupport_fastrtps_c.h
-- Up-to-date: /home/vboxuser/Ali_ws/install/my_xarm6_interfaces/include/my_xarm6_interfaces/my_xarm6_interfaces/msg
-- Installing: /home/vboxuser/Ali_ws/install/my_xarm6_interfaces/include/my_xarm6_interfaces/my_xarm6_interfaces/msg/rosidl_typesupport_fastrtps_c__visibility_control.h
-- Installing: /home/vboxuser/Ali_ws/install/my_xarm6_interfaces/lib/libmy_xarm6_interfaces__rosidl_typesupport_fastrtps_c.so
-- Set runtime path of "/home/vboxuser/Ali_ws/install/my_xarm6_interfaces/lib/libmy_xarm6_interfaces__rosidl_typesupport_fastrtps_c.so" to ""
-- Up-to-date: /home/vboxuser/Ali_ws/install/my_xarm6_interfaces/include/my_xarm6_interfaces/my_xarm6_interfaces
-- Up-to-date: /home/vboxuser/Ali_ws/install/my_xarm6_interfaces/include/my_xarm6_interfaces/my_xarm6_interfaces/srv
-- Up-to-date: /home/vboxuser/Ali_ws/install/my_xarm6_interfaces/include/my_xarm6_interfaces/my_xarm6_interfaces/srv/detail
-- Installing: /home/vboxuser/Ali_ws/install/my_xarm6_interfaces/include/my_xarm6_interfaces/my_xarm6_interfaces/srv/detail/place_position__rosidl_typesupport_introspection_c.h
-- Installing: /home/vboxuser/Ali_ws/install/my_xarm6_interfaces/include/my_xarm6_interfaces/my_xarm6_interfaces/srv/detail/object_position__type_support.c
-- Installing: /home/vboxuser/Ali_ws/install/my_xarm6_interfaces/include/my_xarm6_interfaces/my_xarm6_interfaces/srv/detail/object_position__rosidl_typesupport_introspection_c.h
-- Installing: /home/vboxuser/Ali_ws/install/my_xarm6_interfaces/include/my_xarm6_interfaces/my_xarm6_interfaces/srv/detail/place_position__type_support.c
-- Up-to-date: /home/vboxuser/Ali_ws/install/my_xarm6_interfaces/include/my_xarm6_interfaces/my_xarm6_interfaces/msg
-- Installing: /home/vboxuser/Ali_ws/install/my_xarm6_interfaces/include/my_xarm6_interfaces/my_xarm6_interfaces/msg/rosidl_typesupport_introspection_c__visibility_control.h
-- Installing: /home/vboxuser/Ali_ws/install/my_xarm6_interfaces/lib/libmy_xarm6_interfaces__rosidl_typesupport_introspection_c.so
-- Set runtime path of "/home/vboxuser/Ali_ws/install/my_xarm6_interfaces/lib/libmy_xarm6_interfaces__rosidl_typesupport_introspection_c.so" to ""
-- Installing: /home/vboxuser/Ali_ws/install/my_xarm6_interfaces/lib/libmy_xarm6_interfaces__rosidl_typesupport_c.so
-- Set runtime path of "/home/vboxuser/Ali_ws/install/my_xarm6_interfaces/lib/libmy_xarm6_interfaces__rosidl_typesupport_c.so" to ""
-- Up-to-date: /home/vboxuser/Ali_ws/install/my_xarm6_interfaces/include/my_xarm6_interfaces/my_xarm6_interfaces
-- Up-to-date: /home/vboxuser/Ali_ws/install/my_xarm6_interfaces/include/my_xarm6_interfaces/my_xarm6_interfaces/srv
-- Installing: /home/vboxuser/Ali_ws/install/my_xarm6_interfaces/include/my_xarm6_interfaces/my_xarm6_interfaces/srv/object_position.hpp
-- Up-to-date: /home/vboxuser/Ali_ws/install/my_xarm6_interfaces/include/my_xarm6_interfaces/my_xarm6_interfaces/srv/detail
-- Installing: /home/vboxuser/Ali_ws/install/my_xarm6_interfaces/include/my_xarm6_interfaces/my_xarm6_interfaces/srv/detail/place_position__type_support.hpp
-- Installing: /home/vboxuser/Ali_ws/install/my_xarm6_interfaces/include/my_xarm6_interfaces/my_xarm6_interfaces/srv/detail/object_position__traits.hpp
-- Installing: /home/vboxuser/Ali_ws/install/my_xarm6_interfaces/include/my_xarm6_interfaces/my_xarm6_interfaces/srv/detail/place_position__struct.hpp
-- Installing: /home/vboxuser/Ali_ws/install/my_xarm6_interfaces/include/my_xarm6_interfaces/my_xarm6_interfaces/srv/detail/object_position__type_support.hpp
-- Installing: /home/vboxuser/Ali_ws/install/my_xarm6_interfaces/include/my_xarm6_interfaces/my_xarm6_interfaces/srv/detail/object_position__struct.hpp
-- Installing: /home/vboxuser/Ali_ws/install/my_xarm6_interfaces/include/my_xarm6_interfaces/my_xarm6_interfaces/srv/detail/object_position__builder.hpp
-- Installing: /home/vboxuser/Ali_ws/install/my_xarm6_interfaces/include/my_xarm6_interfaces/my_xarm6_interfaces/srv/detail/place_position__builder.hpp
-- Installing: /home/vboxuser/Ali_ws/install/my_xarm6_interfaces/include/my_xarm6_interfaces/my_xarm6_interfaces/srv/detail/place_position__traits.hpp
-- Installing: /home/vboxuser/Ali_ws/install/my_xarm6_interfaces/include/my_xarm6_interfaces/my_xarm6_interfaces/srv/place_position.hpp
-- Up-to-date: /home/vboxuser/Ali_ws/install/my_xarm6_interfaces/include/my_xarm6_interfaces/my_xarm6_interfaces/msg
-- Installing: /home/vboxuser/Ali_ws/install/my_xarm6_interfaces/include/my_xarm6_interfaces/my_xarm6_interfaces/msg/rosidl_generator_cpp__visibility_control.hpp
-- Up-to-date: /home/vboxuser/Ali_ws/install/my_xarm6_interfaces/include/my_xarm6_interfaces/my_xarm6_interfaces
-- Up-to-date: /home/vboxuser/Ali_ws/install/my_xarm6_interfaces/include/my_xarm6_interfaces/my_xarm6_interfaces/srv
-- Up-to-date: /home/vboxuser/Ali_ws/install/my_xarm6_interfaces/include/my_xarm6_interfaces/my_xarm6_interfaces/srv/detail
-- Installing: /home/vboxuser/Ali_ws/install/my_xarm6_interfaces/include/my_xarm6_interfaces/my_xarm6_interfaces/srv/detail/place_position__rosidl_typesupport_fastrtps_cpp.hpp
-- Installing: /home/vboxuser/Ali_ws/install/my_xarm6_interfaces/include/my_xarm6_interfaces/my_xarm6_interfaces/srv/detail/object_position__rosidl_typesupport_fastrtps_cpp.hpp
-- Installing: /home/vboxuser/Ali_ws/install/my_xarm6_interfaces/include/my_xarm6_interfaces/my_xarm6_interfaces/srv/detail/dds_fastrtps
-- Up-to-date: /home/vboxuser/Ali_ws/install/my_xarm6_interfaces/include/my_xarm6_interfaces/my_xarm6_interfaces/msg
-- Installing: /home/vboxuser/Ali_ws/install/my_xarm6_interfaces/include/my_xarm6_interfaces/my_xarm6_interfaces/msg/rosidl_typesupport_fastrtps_cpp__visibility_control.h
-- Installing: /home/vboxuser/Ali_ws/install/my_xarm6_interfaces/lib/libmy_xarm6_interfaces__rosidl_typesupport_fastrtps_cpp.so
-- Set runtime path of "/home/vboxuser/Ali_ws/install/my_xarm6_interfaces/lib/libmy_xarm6_interfaces__rosidl_typesupport_fastrtps_cpp.so" to ""
-- Up-to-date: /home/vboxuser/Ali_ws/install/my_xarm6_interfaces/include/my_xarm6_interfaces/my_xarm6_interfaces
-- Up-to-date: /home/vboxuser/Ali_ws/install/my_xarm6_interfaces/include/my_xarm6_interfaces/my_xarm6_interfaces/srv
-- Up-to-date: /home/vboxuser/Ali_ws/install/my_xarm6_interfaces/include/my_xarm6_interfaces/my_xarm6_interfaces/srv/detail
-- Installing: /home/vboxuser/Ali_ws/install/my_xarm6_interfaces/include/my_xarm6_interfaces/my_xarm6_interfaces/srv/detail/place_position__type_support.cpp
-- Installing: /home/vboxuser/Ali_ws/install/my_xarm6_interfaces/include/my_xarm6_interfaces/my_xarm6_interfaces/srv/detail/place_position__rosidl_typesupport_introspection_cpp.hpp
-- Installing: /home/vboxuser/Ali_ws/install/my_xarm6_interfaces/include/my_xarm6_interfaces/my_xarm6_interfaces/srv/detail/object_position__rosidl_typesupport_introspection_cpp.hpp
-- Installing: /home/vboxuser/Ali_ws/install/my_xarm6_interfaces/include/my_xarm6_interfaces/my_xarm6_interfaces/srv/detail/object_position__type_support.cpp
-- Installing: /home/vboxuser/Ali_ws/install/my_xarm6_interfaces/lib/libmy_xarm6_interfaces__rosidl_typesupport_introspection_cpp.so
-- Set runtime path of "/home/vboxuser/Ali_ws/install/my_xarm6_interfaces/lib/libmy_xarm6_interfaces__rosidl_typesupport_introspection_cpp.so" to ""
-- Installing: /home/vboxuser/Ali_ws/install/my_xarm6_interfaces/lib/libmy_xarm6_interfaces__rosidl_typesupport_cpp.so
-- Set runtime path of "/home/vboxuser/Ali_ws/install/my_xarm6_interfaces/lib/libmy_xarm6_interfaces__rosidl_typesupport_cpp.so" to ""
-- Installing: /home/vboxuser/Ali_ws/install/my_xarm6_interfaces/share/my_xarm6_interfaces/environment/pythonpath.sh
-- Installing: /home/vboxuser/Ali_ws/install/my_xarm6_interfaces/share/my_xarm6_interfaces/environment/pythonpath.dsv
-- Installing: /home/vboxuser/Ali_ws/install/my_xarm6_interfaces/local/lib/python3.10/dist-packages/my_xarm6_interfaces-0.0.0-py3.10.egg-info
-- Installing: /home/vboxuser/Ali_ws/install/my_xarm6_interfaces/local/lib/python3.10/dist-packages/my_xarm6_interfaces-0.0.0-py3.10.egg-info/SOURCES.txt
-- Installing: /home/vboxuser/Ali_ws/install/my_xarm6_interfaces/local/lib/python3.10/dist-packages/my_xarm6_interfaces-0.0.0-py3.10.egg-info/top_level.txt
-- Installing: /home/vboxuser/Ali_ws/install/my_xarm6_interfaces/local/lib/python3.10/dist-packages/my_xarm6_interfaces-0.0.0-py3.10.egg-info/PKG-INFO
-- Installing: /home/vboxuser/Ali_ws/install/my_xarm6_interfaces/local/lib/python3.10/dist-packages/my_xarm6_interfaces-0.0.0-py3.10.egg-info/dependency_links.txt
-- Installing: /home/vboxuser/Ali_ws/install/my_xarm6_interfaces/local/lib/python3.10/dist-packages/my_xarm6_interfaces
-- Installing: /home/vboxuser/Ali_ws/install/my_xarm6_interfaces/local/lib/python3.10/dist-packages/my_xarm6_interfaces/_my_xarm6_interfaces_s.ep.rosidl_typesupport_c.c
-- Installing: /home/vboxuser/Ali_ws/install/my_xarm6_interfaces/local/lib/python3.10/dist-packages/my_xarm6_interfaces/my_xarm6_interfaces_s__rosidl_typesupport_fastrtps_c.cpython-310-x86_64-linux-gnu.so
-- Installing: /home/vboxuser/Ali_ws/install/my_xarm6_interfaces/local/lib/python3.10/dist-packages/my_xarm6_interfaces/my_xarm6_interfaces_s__rosidl_typesupport_introspection_c.cpython-310-x86_64-linux-gnu.so
-- Installing: /home/vboxuser/Ali_ws/install/my_xarm6_interfaces/local/lib/python3.10/dist-packages/my_xarm6_interfaces/srv
-- Installing: /home/vboxuser/Ali_ws/install/my_xarm6_interfaces/local/lib/python3.10/dist-packages/my_xarm6_interfaces/srv/_place_position.py
-- Installing: /home/vboxuser/Ali_ws/install/my_xarm6_interfaces/local/lib/python3.10/dist-packages/my_xarm6_interfaces/srv/_place_position_s.c
-- Installing: /home/vboxuser/Ali_ws/install/my_xarm6_interfaces/local/lib/python3.10/dist-packages/my_xarm6_interfaces/srv/_object_position_s.c
-- Installing: /home/vboxuser/Ali_ws/install/my_xarm6_interfaces/local/lib/python3.10/dist-packages/my_xarm6_interfaces/srv/_object_position.py
-- Installing: /home/vboxuser/Ali_ws/install/my_xarm6_interfaces/local/lib/python3.10/dist-packages/my_xarm6_interfaces/srv/__init__.py
-- Installing: /home/vboxuser/Ali_ws/install/my_xarm6_interfaces/local/lib/python3.10/dist-packages/my_xarm6_interfaces/_my_xarm6_interfaces_s.ep.rosidl_typesupport_introspection_c.c
-- Installing: /home/vboxuser/Ali_ws/install/my_xarm6_interfaces/local/lib/python3.10/dist-packages/my_xarm6_interfaces/my_xarm6_interfaces_s__rosidl_typesupport_c.cpython-310-x86_64-linux-gnu.so
-- Installing: /home/vboxuser/Ali_ws/install/my_xarm6_interfaces/local/lib/python3.10/dist-packages/my_xarm6_interfaces/_my_xarm6_interfaces_s.ep.rosidl_typesupport_fastrtps_c.c
-- Installing: /home/vboxuser/Ali_ws/install/my_xarm6_interfaces/local/lib/python3.10/dist-packages/my_xarm6_interfaces/libmy_xarm6_interfaces__rosidl_generator_py.so
-- Installing: /home/vboxuser/Ali_ws/install/my_xarm6_interfaces/local/lib/python3.10/dist-packages/my_xarm6_interfaces/__init__.py
Listing '/home/vboxuser/Ali_ws/install/my_xarm6_interfaces/local/lib/python3.10/dist-packages/my_xarm6_interfaces'...
Compiling '/home/vboxuser/Ali_ws/install/my_xarm6_interfaces/local/lib/python3.10/dist-packages/my_xarm6_interfaces/__init__.py'...
Listing '/home/vboxuser/Ali_ws/install/my_xarm6_interfaces/local/lib/python3.10/dist-packages/my_xarm6_interfaces/srv'...
Compiling '/home/vboxuser/Ali_ws/install/my_xarm6_interfaces/local/lib/python3.10/dist-packages/my_xarm6_interfaces/srv/__init__.py'...
Compiling '/home/vboxuser/Ali_ws/install/my_xarm6_interfaces/local/lib/python3.10/dist-packages/my_xarm6_interfaces/srv/_object_position.py'...
Compiling '/home/vboxuser/Ali_ws/install/my_xarm6_interfaces/local/lib/python3.10/dist-packages/my_xarm6_interfaces/srv/_place_position.py'...
-- Installing: /home/vboxuser/Ali_ws/install/my_xarm6_interfaces/local/lib/python3.10/dist-packages/my_xarm6_interfaces/my_xarm6_interfaces_s__rosidl_typesupport_fastrtps_c.cpython-310-x86_64-linux-gnu.so
-- Set runtime path of "/home/vboxuser/Ali_ws/install/my_xarm6_interfaces/local/lib/python3.10/dist-packages/my_xarm6_interfaces/my_xarm6_interfaces_s__rosidl_typesupport_fastrtps_c.cpython-310-x86_64-linux-gnu.so" to ""
-- Installing: /home/vboxuser/Ali_ws/install/my_xarm6_interfaces/local/lib/python3.10/dist-packages/my_xarm6_interfaces/my_xarm6_interfaces_s__rosidl_typesupport_introspection_c.cpython-310-x86_64-linux-gnu.so
-- Set runtime path of "/home/vboxuser/Ali_ws/install/my_xarm6_interfaces/local/lib/python3.10/dist-packages/my_xarm6_interfaces/my_xarm6_interfaces_s__rosidl_typesupport_introspection_c.cpython-310-x86_64-linux-gnu.so" to ""
-- Installing: /home/vboxuser/Ali_ws/install/my_xarm6_interfaces/local/lib/python3.10/dist-packages/my_xarm6_interfaces/my_xarm6_interfaces_s__rosidl_typesupport_c.cpython-310-x86_64-linux-gnu.so
-- Set runtime path of "/home/vboxuser/Ali_ws/install/my_xarm6_interfaces/local/lib/python3.10/dist-packages/my_xarm6_interfaces/my_xarm6_interfaces_s__rosidl_typesupport_c.cpython-310-x86_64-linux-gnu.so" to ""
-- Installing: /home/vboxuser/Ali_ws/install/my_xarm6_interfaces/lib/libmy_xarm6_interfaces__rosidl_generator_py.so
-- Set runtime path of "/home/vboxuser/Ali_ws/install/my_xarm6_interfaces/lib/libmy_xarm6_interfaces__rosidl_generator_py.so" to ""
-- Installing: /home/vboxuser/Ali_ws/install/my_xarm6_interfaces/share/my_xarm6_interfaces/srv/ObjectPosition.idl
-- Installing: /home/vboxuser/Ali_ws/install/my_xarm6_interfaces/share/my_xarm6_interfaces/srv/PlacePosition.idl
-- Installing: /home/vboxuser/Ali_ws/install/my_xarm6_interfaces/share/my_xarm6_interfaces/srv/ObjectPosition.srv
-- Installing: /home/vboxuser/Ali_ws/install/my_xarm6_interfaces/share/my_xarm6_interfaces/srv/ObjectPosition_Request.msg
-- Installing: /home/vboxuser/Ali_ws/install/my_xarm6_interfaces/share/my_xarm6_interfaces/srv/ObjectPosition_Response.msg
-- Installing: /home/vboxuser/Ali_ws/install/my_xarm6_interfaces/share/my_xarm6_interfaces/srv/PlacePosition.srv
-- Installing: /home/vboxuser/Ali_ws/install/my_xarm6_interfaces/share/my_xarm6_interfaces/srv/PlacePosition_Request.msg
-- Installing: /home/vboxuser/Ali_ws/install/my_xarm6_interfaces/share/my_xarm6_interfaces/srv/PlacePosition_Response.msg
-- Installing: /home/vboxuser/Ali_ws/install/my_xarm6_interfaces/share/ament_index/resource_index/package_run_dependencies/my_xarm6_interfaces
-- Installing: /home/vboxuser/Ali_ws/install/my_xarm6_interfaces/share/ament_index/resource_index/parent_prefix_path/my_xarm6_interfaces
-- Installing: /home/vboxuser/Ali_ws/install/my_xarm6_interfaces/share/my_xarm6_interfaces/environment/ament_prefix_path.sh
-- Installing: /home/vboxuser/Ali_ws/install/my_xarm6_interfaces/share/my_xarm6_interfaces/environment/ament_prefix_path.dsv
-- Installing: /home/vboxuser/Ali_ws/install/my_xarm6_interfaces/share/my_xarm6_interfaces/environment/path.sh
-- Installing: /home/vboxuser/Ali_ws/install/my_xarm6_interfaces/share/my_xarm6_interfaces/environment/path.dsv
-- Installing: /home/vboxuser/Ali_ws/install/my_xarm6_interfaces/share/my_xarm6_interfaces/local_setup.bash
-- Installing: /home/vboxuser/Ali_ws/install/my_xarm6_interfaces/share/my_xarm6_interfaces/local_setup.sh
-- Installing: /home/vboxuser/Ali_ws/install/my_xarm6_interfaces/share/my_xarm6_interfaces/local_setup.zsh
-- Installing: /home/vboxuser/Ali_ws/install/my_xarm6_interfaces/share/my_xarm6_interfaces/local_setup.dsv
-- Installing: /home/vboxuser/Ali_ws/install/my_xarm6_interfaces/share/my_xarm6_interfaces/package.dsv
-- Installing: /home/vboxuser/Ali_ws/install/my_xarm6_interfaces/share/ament_index/resource_index/packages/my_xarm6_interfaces
-- Installing: /home/vboxuser/Ali_ws/install/my_xarm6_interfaces/share/my_xarm6_interfaces/cmake/export_my_xarm6_interfaces__rosidl_generator_cExport.cmake
-- Installing: /home/vboxuser/Ali_ws/install/my_xarm6_interfaces/share/my_xarm6_interfaces/cmake/export_my_xarm6_interfaces__rosidl_generator_cExport-noconfig.cmake
-- Installing: /home/vboxuser/Ali_ws/install/my_xarm6_interfaces/share/my_xarm6_interfaces/cmake/export_my_xarm6_interfaces__rosidl_typesupport_fastrtps_cExport.cmake
-- Installing: /home/vboxuser/Ali_ws/install/my_xarm6_interfaces/share/my_xarm6_interfaces/cmake/export_my_xarm6_interfaces__rosidl_typesupport_fastrtps_cExport-noconfig.cmake
-- Installing: /home/vboxuser/Ali_ws/install/my_xarm6_interfaces/share/my_xarm6_interfaces/cmake/my_xarm6_interfaces__rosidl_typesupport_introspection_cExport.cmake
-- Installing: /home/vboxuser/Ali_ws/install/my_xarm6_interfaces/share/my_xarm6_interfaces/cmake/my_xarm6_interfaces__rosidl_typesupport_introspection_cExport-noconfig.cmake
-- Installing: /home/vboxuser/Ali_ws/install/my_xarm6_interfaces/share/my_xarm6_interfaces/cmake/my_xarm6_interfaces__rosidl_typesupport_cExport.cmake
-- Installing: /home/vboxuser/Ali_ws/install/my_xarm6_interfaces/share/my_xarm6_interfaces/cmake/my_xarm6_interfaces__rosidl_typesupport_cExport-noconfig.cmake
-- Installing: /home/vboxuser/Ali_ws/install/my_xarm6_interfaces/share/my_xarm6_interfaces/cmake/export_my_xarm6_interfaces__rosidl_generator_cppExport.cmake
-- Installing: /home/vboxuser/Ali_ws/install/my_xarm6_interfaces/share/my_xarm6_interfaces/cmake/export_my_xarm6_interfaces__rosidl_typesupport_fastrtps_cppExport.cmake
-- Installing: /home/vboxuser/Ali_ws/install/my_xarm6_interfaces/share/my_xarm6_interfaces/cmake/export_my_xarm6_interfaces__rosidl_typesupport_fastrtps_cppExport-noconfig.cmake
-- Installing: /home/vboxuser/Ali_ws/install/my_xarm6_interfaces/share/my_xarm6_interfaces/cmake/my_xarm6_interfaces__rosidl_typesupport_introspection_cppExport.cmake
-- Installing: /home/vboxuser/Ali_ws/install/my_xarm6_interfaces/share/my_xarm6_interfaces/cmake/my_xarm6_interfaces__rosidl_typesupport_introspection_cppExport-noconfig.cmake
-- Installing: /home/vboxuser/Ali_ws/install/my_xarm6_interfaces/share/my_xarm6_interfaces/cmake/my_xarm6_interfaces__rosidl_typesupport_cppExport.cmake
-- Installing: /home/vboxuser/Ali_ws/install/my_xarm6_interfaces/share/my_xarm6_interfaces/cmake/my_xarm6_interfaces__rosidl_typesupport_cppExport-noconfig.cmake
-- Installing: /home/vboxuser/Ali_ws/install/my_xarm6_interfaces/share/my_xarm6_interfaces/cmake/export_my_xarm6_interfaces__rosidl_generator_pyExport.cmake
-- Installing: /home/vboxuser/Ali_ws/install/my_xarm6_interfaces/share/my_xarm6_interfaces/cmake/export_my_xarm6_interfaces__rosidl_generator_pyExport-noconfig.cmake
-- Installing: /home/vboxuser/Ali_ws/install/my_xarm6_interfaces/share/my_xarm6_interfaces/cmake/rosidl_cmake-extras.cmake
-- Installing: /home/vboxuser/Ali_ws/install/my_xarm6_interfaces/share/my_xarm6_interfaces/cmake/ament_cmake_export_dependencies-extras.cmake
-- Installing: /home/vboxuser/Ali_ws/install/my_xarm6_interfaces/share/my_xarm6_interfaces/cmake/ament_cmake_export_include_directories-extras.cmake
-- Installing: /home/vboxuser/Ali_ws/install/my_xarm6_interfaces/share/my_xarm6_interfaces/cmake/ament_cmake_export_libraries-extras.cmake
-- Installing: /home/vboxuser/Ali_ws/install/my_xarm6_interfaces/share/my_xarm6_interfaces/cmake/ament_cmake_export_targets-extras.cmake
-- Installing: /home/vboxuser/Ali_ws/install/my_xarm6_interfaces/share/my_xarm6_interfaces/cmake/rosidl_cmake_export_typesupport_targets-extras.cmake
-- Installing: /home/vboxuser/Ali_ws/install/my_xarm6_interfaces/share/my_xarm6_interfaces/cmake/rosidl_cmake_export_typesupport_libraries-extras.cmake
-- Installing: /home/vboxuser/Ali_ws/install/my_xarm6_interfaces/share/my_xarm6_interfaces/cmake/my_xarm6_interfacesConfig.cmake
-- Installing: /home/vboxuser/Ali_ws/install/my_xarm6_interfaces/share/my_xarm6_interfaces/cmake/my_xarm6_interfacesConfig-version.cmake
-- Installing: /home/vboxuser/Ali_ws/install/my_xarm6_interfaces/share/my_xarm6_interfaces/package.xml
