[0.114s] Invoking command in '/home/vboxuser/Ali_ws/build/my_xarm6_interfaces': CMAKE_PREFIX_PATH=/opt/ros/humble /usr/bin/cmake /home/vboxuser/Ali_ws/src/my_xarm6_interfaces -DCMAKE_INSTALL_PREFIX=/home/vboxuser/Ali_ws/install/my_xarm6_interfaces
[0.153s] -- Found ament_cmake: 1.3.12 (/opt/ros/humble/share/ament_cmake/cmake)
[0.374s] -- Found rosidl_default_generators: 1.2.0 (/opt/ros/humble/share/rosidl_default_generators/cmake)
[0.374s] -- Using all available rosidl_typesupport_c: rosidl_typesupport_fastrtps_c;rosidl_typesupport_introspection_c
[0.374s] -- Found rosidl_adapter: 3.1.7 (/opt/ros/humble/share/rosidl_adapter/cmake)
[0.377s] -- Using all available rosidl_typesupport_cpp: rosidl_typesupport_fastrtps_cpp;rosidl_typesupport_introspection_cpp
[0.377s] -- Found builtin_interfaces: 1.2.2 (/opt/ros/humble/share/builtin_interfaces/cmake)
[0.385s] -- Found ament_lint_auto: 0.12.14 (/opt/ros/humble/share/ament_lint_auto/cmake)
[0.871s] -- Found ament_cmake_ros: 0.10.0 (/opt/ros/humble/share/ament_cmake_ros/cmake)
[1.215s] -- Using all available rosidl_typesupport_c: rosidl_typesupport_fastrtps_c;rosidl_typesupport_introspection_c
[1.627s] -- Using all available rosidl_typesupport_cpp: rosidl_typesupport_fastrtps_cpp;rosidl_typesupport_introspection_cpp
[1.655s] -- Found PythonInterp: /usr/bin/python3 (found suitable version "3.10.12", minimum required is "3.6") 
[1.665s] -- Found python_cmake_module: 0.10.0 (/opt/ros/humble/share/python_cmake_module/cmake)
[1.733s] -- Found PythonLibs: /usr/lib/x86_64-linux-gnu/libpython3.10.so (found suitable version "3.10.12", minimum required is "3.5") 
[1.733s] -- Using PYTHON_EXECUTABLE: /usr/bin/python3
[1.733s] -- Using PYTHON_INCLUDE_DIRS: /usr/include/python3.10
[1.733s] -- Using PYTHON_LIBRARIES: /usr/lib/x86_64-linux-gnu/libpython3.10.so
[1.754s] -- Found PythonExtra: .so  
[1.797s] -- Added test 'lint_cmake' to check CMake code style
[1.799s] -- Added test 'xmllint' to check XML markup files
[1.811s] -- Configuring done
[1.838s] -- Generating done
[1.846s] -- Build files have been written to: /home/vboxuser/Ali_ws/build/my_xarm6_interfaces
[1.856s] Invoked command in '/home/vboxuser/Ali_ws/build/my_xarm6_interfaces' returned '0': CMAKE_PREFIX_PATH=/opt/ros/humble /usr/bin/cmake /home/vboxuser/Ali_ws/src/my_xarm6_interfaces -DCMAKE_INSTALL_PREFIX=/home/vboxuser/Ali_ws/install/my_xarm6_interfaces
[1.857s] Invoking command in '/home/vboxuser/Ali_ws/build/my_xarm6_interfaces': CMAKE_PREFIX_PATH=/opt/ros/humble /usr/bin/cmake --build /home/vboxuser/Ali_ws/build/my_xarm6_interfaces -- -j4 -l4
[1.905s] [  2%] [34m[1mGenerating C code for ROS interfaces[0m
[1.928s] [  5%] [34m[1mGenerating C++ code for ROS interfaces[0m
[1.928s] [  5%] Built target ament_cmake_python_copy_my_xarm6_interfaces
[2.108s] running egg_info
[2.138s] creating my_xarm6_interfaces.egg-info
[2.139s] writing my_xarm6_interfaces.egg-info/PKG-INFO
[2.139s] writing dependency_links to my_xarm6_interfaces.egg-info/dependency_links.txt
[2.140s] writing top-level names to my_xarm6_interfaces.egg-info/top_level.txt
[2.140s] writing manifest file 'my_xarm6_interfaces.egg-info/SOURCES.txt'
[2.186s] reading manifest file 'my_xarm6_interfaces.egg-info/SOURCES.txt'
[2.188s] writing manifest file 'my_xarm6_interfaces.egg-info/SOURCES.txt'
[2.248s] [  5%] Built target ament_cmake_python_build_my_xarm6_interfaces_egg
[2.359s] [  7%] [32mBuilding C object CMakeFiles/my_xarm6_interfaces__rosidl_generator_c.dir/rosidl_generator_c/my_xarm6_interfaces/srv/detail/object_position__functions.c.o[0m
[2.360s] [ 10%] [32mBuilding C object CMakeFiles/my_xarm6_interfaces__rosidl_generator_c.dir/rosidl_generator_c/my_xarm6_interfaces/srv/detail/place_position__functions.c.o[0m
[2.382s] [ 10%] Built target my_xarm6_interfaces__cpp
[2.415s] [ 12%] [34m[1mGenerating C++ type support for eProsima Fast-RTPS[0m
[2.419s] [ 15%] [34m[1mGenerating C++ type support dispatch for ROS interfaces[0m
[2.615s] [ 17%] [34m[1mGenerating C++ introspection for ROS interfaces[0m
[2.631s] [ 20%] [32m[1mLinking C shared library libmy_xarm6_interfaces__rosidl_generator_c.so[0m
[2.710s] [ 23%] [32mBuilding CXX object CMakeFiles/my_xarm6_interfaces__rosidl_typesupport_cpp.dir/rosidl_typesupport_cpp/my_xarm6_interfaces/srv/object_position__type_support.cpp.o[0m
[2.710s] [ 23%] Built target my_xarm6_interfaces__rosidl_generator_c
[2.737s] [ 25%] [34m[1mGenerating C type support for eProsima Fast-RTPS[0m
[2.779s] [ 28%] [32mBuilding CXX object CMakeFiles/my_xarm6_interfaces__rosidl_typesupport_fastrtps_cpp.dir/rosidl_typesupport_fastrtps_cpp/my_xarm6_interfaces/srv/detail/dds_fastrtps/object_position__type_support.cpp.o[0m
[2.999s] [ 30%] [32mBuilding CXX object CMakeFiles/my_xarm6_interfaces__rosidl_typesupport_introspection_cpp.dir/rosidl_typesupport_introspection_cpp/my_xarm6_interfaces/srv/detail/object_position__type_support.cpp.o[0m
[3.106s] [ 33%] [32mBuilding CXX object CMakeFiles/my_xarm6_interfaces__rosidl_typesupport_fastrtps_c.dir/rosidl_typesupport_fastrtps_c/my_xarm6_interfaces/srv/detail/object_position__type_support_c.cpp.o[0m
[3.461s] [ 35%] [32mBuilding CXX object CMakeFiles/my_xarm6_interfaces__rosidl_typesupport_cpp.dir/rosidl_typesupport_cpp/my_xarm6_interfaces/srv/place_position__type_support.cpp.o[0m
[3.690s] [ 38%] [32mBuilding CXX object CMakeFiles/my_xarm6_interfaces__rosidl_typesupport_fastrtps_cpp.dir/rosidl_typesupport_fastrtps_cpp/my_xarm6_interfaces/srv/detail/dds_fastrtps/place_position__type_support.cpp.o[0m
[3.738s] [ 41%] [32mBuilding CXX object CMakeFiles/my_xarm6_interfaces__rosidl_typesupport_introspection_cpp.dir/rosidl_typesupport_introspection_cpp/my_xarm6_interfaces/srv/detail/place_position__type_support.cpp.o[0m
[3.766s] [ 43%] [32mBuilding CXX object CMakeFiles/my_xarm6_interfaces__rosidl_typesupport_fastrtps_c.dir/rosidl_typesupport_fastrtps_c/my_xarm6_interfaces/srv/detail/place_position__type_support_c.cpp.o[0m
[3.794s] [ 46%] [32m[1mLinking CXX shared library libmy_xarm6_interfaces__rosidl_typesupport_cpp.so[0m
[3.901s] [ 46%] Built target my_xarm6_interfaces__rosidl_typesupport_cpp
[3.933s] [ 48%] [34m[1mGenerating C introspection for ROS interfaces[0m
[4.064s] [ 51%] [32m[1mLinking CXX shared library libmy_xarm6_interfaces__rosidl_typesupport_fastrtps_cpp.so[0m
[4.092s] [ 53%] [32m[1mLinking CXX shared library libmy_xarm6_interfaces__rosidl_typesupport_fastrtps_c.so[0m
[4.156s] [ 53%] Built target my_xarm6_interfaces__rosidl_typesupport_fastrtps_cpp
[4.167s] [ 56%] [34m[1mGenerating C type support dispatch for ROS interfaces[0m
[4.222s] [ 56%] Built target my_xarm6_interfaces__rosidl_typesupport_fastrtps_c
[4.258s] [ 58%] [32m[1mLinking CXX shared library libmy_xarm6_interfaces__rosidl_typesupport_introspection_cpp.so[0m
[4.339s] [ 61%] [32mBuilding C object CMakeFiles/my_xarm6_interfaces__rosidl_typesupport_introspection_c.dir/rosidl_typesupport_introspection_c/my_xarm6_interfaces/srv/detail/place_position__type_support.c.o[0m
[4.342s] [ 64%] [32mBuilding C object CMakeFiles/my_xarm6_interfaces__rosidl_typesupport_introspection_c.dir/rosidl_typesupport_introspection_c/my_xarm6_interfaces/srv/detail/object_position__type_support.c.o[0m
[4.376s] [ 64%] Built target my_xarm6_interfaces__rosidl_typesupport_introspection_cpp
[4.405s] [ 66%] [32m[1mLinking C shared library libmy_xarm6_interfaces__rosidl_typesupport_introspection_c.so[0m
[4.447s] [ 66%] Built target my_xarm6_interfaces__rosidl_typesupport_introspection_c
[4.491s] [ 71%] [32mBuilding CXX object CMakeFiles/my_xarm6_interfaces__rosidl_typesupport_c.dir/rosidl_typesupport_c/my_xarm6_interfaces/srv/place_position__type_support.cpp.o[0m
[4.491s] [ 71%] [32mBuilding CXX object CMakeFiles/my_xarm6_interfaces__rosidl_typesupport_c.dir/rosidl_typesupport_c/my_xarm6_interfaces/srv/object_position__type_support.cpp.o[0m
[4.531s] [ 74%] [32m[1mLinking CXX shared library libmy_xarm6_interfaces__rosidl_typesupport_c.so[0m
[4.572s] [ 74%] Built target my_xarm6_interfaces__rosidl_typesupport_c
[4.596s] [ 74%] Built target my_xarm6_interfaces
[4.640s] [ 76%] [34m[1mGenerating Python code for ROS interfaces[0m
[5.054s] [ 76%] Built target my_xarm6_interfaces__py
[5.079s] [ 79%] [32mBuilding C object CMakeFiles/my_xarm6_interfaces__rosidl_generator_py.dir/rosidl_generator_py/my_xarm6_interfaces/srv/_place_position_s.c.o[0m
[5.079s] [ 82%] [32mBuilding C object CMakeFiles/my_xarm6_interfaces__rosidl_generator_py.dir/rosidl_generator_py/my_xarm6_interfaces/srv/_object_position_s.c.o[0m
[5.252s] [ 84%] [32m[1mLinking C shared library rosidl_generator_py/my_xarm6_interfaces/libmy_xarm6_interfaces__rosidl_generator_py.so[0m
[5.299s] [ 84%] Built target my_xarm6_interfaces__rosidl_generator_py
[5.328s] [ 87%] [32mBuilding C object CMakeFiles/my_xarm6_interfaces__rosidl_typesupport_introspection_c__pyext.dir/rosidl_generator_py/my_xarm6_interfaces/_my_xarm6_interfaces_s.ep.rosidl_typesupport_introspection_c.c.o[0m
[5.335s] [ 89%] [32mBuilding C object CMakeFiles/my_xarm6_interfaces__rosidl_typesupport_fastrtps_c__pyext.dir/rosidl_generator_py/my_xarm6_interfaces/_my_xarm6_interfaces_s.ep.rosidl_typesupport_fastrtps_c.c.o[0m
[5.340s] [ 92%] [32mBuilding C object CMakeFiles/my_xarm6_interfaces__rosidl_typesupport_c__pyext.dir/rosidl_generator_py/my_xarm6_interfaces/_my_xarm6_interfaces_s.ep.rosidl_typesupport_c.c.o[0m
[5.422s] [ 94%] [32m[1mLinking C shared library rosidl_generator_py/my_xarm6_interfaces/my_xarm6_interfaces_s__rosidl_typesupport_fastrtps_c.cpython-310-x86_64-linux-gnu.so[0m
[5.444s] [ 97%] [32m[1mLinking C shared library rosidl_generator_py/my_xarm6_interfaces/my_xarm6_interfaces_s__rosidl_typesupport_introspection_c.cpython-310-x86_64-linux-gnu.so[0m
[5.466s] [100%] [32m[1mLinking C shared library rosidl_generator_py/my_xarm6_interfaces/my_xarm6_interfaces_s__rosidl_typesupport_c.cpython-310-x86_64-linux-gnu.so[0m
[5.477s] [100%] Built target my_xarm6_interfaces__rosidl_typesupport_fastrtps_c__pyext
[5.491s] [100%] Built target my_xarm6_interfaces__rosidl_typesupport_introspection_c__pyext
[5.506s] [100%] Built target my_xarm6_interfaces__rosidl_typesupport_c__pyext
[5.538s] Invoked command in '/home/vboxuser/Ali_ws/build/my_xarm6_interfaces' returned '0': CMAKE_PREFIX_PATH=/opt/ros/humble /usr/bin/cmake --build /home/vboxuser/Ali_ws/build/my_xarm6_interfaces -- -j4 -l4
[5.538s] Invoking command in '/home/vboxuser/Ali_ws/build/my_xarm6_interfaces': CMAKE_PREFIX_PATH=/opt/ros/humble /usr/bin/cmake --install /home/vboxuser/Ali_ws/build/my_xarm6_interfaces
[5.548s] -- Install configuration: ""
[5.548s] -- Installing: /home/vboxuser/Ali_ws/install/my_xarm6_interfaces/share/ament_index/resource_index/rosidl_interfaces/my_xarm6_interfaces
[5.548s] -- Installing: /home/vboxuser/Ali_ws/install/my_xarm6_interfaces/include/my_xarm6_interfaces/my_xarm6_interfaces
[5.548s] -- Installing: /home/vboxuser/Ali_ws/install/my_xarm6_interfaces/include/my_xarm6_interfaces/my_xarm6_interfaces/srv
[5.548s] -- Installing: /home/vboxuser/Ali_ws/install/my_xarm6_interfaces/include/my_xarm6_interfaces/my_xarm6_interfaces/srv/detail
[5.549s] -- Installing: /home/vboxuser/Ali_ws/install/my_xarm6_interfaces/include/my_xarm6_interfaces/my_xarm6_interfaces/srv/detail/object_position__functions.h
[5.549s] -- Installing: /home/vboxuser/Ali_ws/install/my_xarm6_interfaces/include/my_xarm6_interfaces/my_xarm6_interfaces/srv/detail/object_position__struct.h
[5.549s] -- Installing: /home/vboxuser/Ali_ws/install/my_xarm6_interfaces/include/my_xarm6_interfaces/my_xarm6_interfaces/srv/detail/place_position__functions.h
[5.549s] -- Installing: /home/vboxuser/Ali_ws/install/my_xarm6_interfaces/include/my_xarm6_interfaces/my_xarm6_interfaces/srv/detail/place_position__functions.c
[5.549s] -- Installing: /home/vboxuser/Ali_ws/install/my_xarm6_interfaces/include/my_xarm6_interfaces/my_xarm6_interfaces/srv/detail/place_position__type_support.h
[5.549s] -- Installing: /home/vboxuser/Ali_ws/install/my_xarm6_interfaces/include/my_xarm6_interfaces/my_xarm6_interfaces/srv/detail/place_position__struct.h
[5.549s] -- Installing: /home/vboxuser/Ali_ws/install/my_xarm6_interfaces/include/my_xarm6_interfaces/my_xarm6_interfaces/srv/detail/object_position__type_support.h
[5.550s] -- Installing: /home/vboxuser/Ali_ws/install/my_xarm6_interfaces/include/my_xarm6_interfaces/my_xarm6_interfaces/srv/detail/object_position__functions.c
[5.550s] -- Installing: /home/vboxuser/Ali_ws/install/my_xarm6_interfaces/include/my_xarm6_interfaces/my_xarm6_interfaces/srv/place_position.h
[5.550s] -- Installing: /home/vboxuser/Ali_ws/install/my_xarm6_interfaces/include/my_xarm6_interfaces/my_xarm6_interfaces/srv/object_position.h
[5.550s] -- Installing: /home/vboxuser/Ali_ws/install/my_xarm6_interfaces/include/my_xarm6_interfaces/my_xarm6_interfaces/msg
[5.550s] -- Installing: /home/vboxuser/Ali_ws/install/my_xarm6_interfaces/include/my_xarm6_interfaces/my_xarm6_interfaces/msg/rosidl_generator_c__visibility_control.h
[5.551s] -- Installing: /home/vboxuser/Ali_ws/install/my_xarm6_interfaces/share/my_xarm6_interfaces/environment/library_path.sh
[5.551s] -- Installing: /home/vboxuser/Ali_ws/install/my_xarm6_interfaces/share/my_xarm6_interfaces/environment/library_path.dsv
[5.551s] -- Installing: /home/vboxuser/Ali_ws/install/my_xarm6_interfaces/lib/libmy_xarm6_interfaces__rosidl_generator_c.so
[5.552s] -- Set runtime path of "/home/vboxuser/Ali_ws/install/my_xarm6_interfaces/lib/libmy_xarm6_interfaces__rosidl_generator_c.so" to ""
[5.552s] -- Up-to-date: /home/vboxuser/Ali_ws/install/my_xarm6_interfaces/include/my_xarm6_interfaces/my_xarm6_interfaces
[5.552s] -- Up-to-date: /home/vboxuser/Ali_ws/install/my_xarm6_interfaces/include/my_xarm6_interfaces/my_xarm6_interfaces/srv
[5.552s] -- Up-to-date: /home/vboxuser/Ali_ws/install/my_xarm6_interfaces/include/my_xarm6_interfaces/my_xarm6_interfaces/srv/detail
[5.552s] -- Installing: /home/vboxuser/Ali_ws/install/my_xarm6_interfaces/include/my_xarm6_interfaces/my_xarm6_interfaces/srv/detail/object_position__rosidl_typesupport_fastrtps_c.h
[5.553s] -- Installing: /home/vboxuser/Ali_ws/install/my_xarm6_interfaces/include/my_xarm6_interfaces/my_xarm6_interfaces/srv/detail/place_position__rosidl_typesupport_fastrtps_c.h
[5.553s] -- Up-to-date: /home/vboxuser/Ali_ws/install/my_xarm6_interfaces/include/my_xarm6_interfaces/my_xarm6_interfaces/msg
[5.553s] -- Installing: /home/vboxuser/Ali_ws/install/my_xarm6_interfaces/include/my_xarm6_interfaces/my_xarm6_interfaces/msg/rosidl_typesupport_fastrtps_c__visibility_control.h
[5.553s] -- Installing: /home/vboxuser/Ali_ws/install/my_xarm6_interfaces/lib/libmy_xarm6_interfaces__rosidl_typesupport_fastrtps_c.so
[5.554s] -- Set runtime path of "/home/vboxuser/Ali_ws/install/my_xarm6_interfaces/lib/libmy_xarm6_interfaces__rosidl_typesupport_fastrtps_c.so" to ""
[5.554s] -- Up-to-date: /home/vboxuser/Ali_ws/install/my_xarm6_interfaces/include/my_xarm6_interfaces/my_xarm6_interfaces
[5.554s] -- Up-to-date: /home/vboxuser/Ali_ws/install/my_xarm6_interfaces/include/my_xarm6_interfaces/my_xarm6_interfaces/srv
[5.554s] -- Up-to-date: /home/vboxuser/Ali_ws/install/my_xarm6_interfaces/include/my_xarm6_interfaces/my_xarm6_interfaces/srv/detail
[5.554s] -- Installing: /home/vboxuser/Ali_ws/install/my_xarm6_interfaces/include/my_xarm6_interfaces/my_xarm6_interfaces/srv/detail/place_position__rosidl_typesupport_introspection_c.h
[5.554s] -- Installing: /home/vboxuser/Ali_ws/install/my_xarm6_interfaces/include/my_xarm6_interfaces/my_xarm6_interfaces/srv/detail/object_position__type_support.c
[5.554s] -- Installing: /home/vboxuser/Ali_ws/install/my_xarm6_interfaces/include/my_xarm6_interfaces/my_xarm6_interfaces/srv/detail/object_position__rosidl_typesupport_introspection_c.h
[5.554s] -- Installing: /home/vboxuser/Ali_ws/install/my_xarm6_interfaces/include/my_xarm6_interfaces/my_xarm6_interfaces/srv/detail/place_position__type_support.c
[5.554s] -- Up-to-date: /home/vboxuser/Ali_ws/install/my_xarm6_interfaces/include/my_xarm6_interfaces/my_xarm6_interfaces/msg
[5.554s] -- Installing: /home/vboxuser/Ali_ws/install/my_xarm6_interfaces/include/my_xarm6_interfaces/my_xarm6_interfaces/msg/rosidl_typesupport_introspection_c__visibility_control.h
[5.555s] -- Installing: /home/vboxuser/Ali_ws/install/my_xarm6_interfaces/lib/libmy_xarm6_interfaces__rosidl_typesupport_introspection_c.so
[5.555s] -- Set runtime path of "/home/vboxuser/Ali_ws/install/my_xarm6_interfaces/lib/libmy_xarm6_interfaces__rosidl_typesupport_introspection_c.so" to ""
[5.555s] -- Installing: /home/vboxuser/Ali_ws/install/my_xarm6_interfaces/lib/libmy_xarm6_interfaces__rosidl_typesupport_c.so
[5.555s] -- Set runtime path of "/home/vboxuser/Ali_ws/install/my_xarm6_interfaces/lib/libmy_xarm6_interfaces__rosidl_typesupport_c.so" to ""
[5.555s] -- Up-to-date: /home/vboxuser/Ali_ws/install/my_xarm6_interfaces/include/my_xarm6_interfaces/my_xarm6_interfaces
[5.556s] -- Up-to-date: /home/vboxuser/Ali_ws/install/my_xarm6_interfaces/include/my_xarm6_interfaces/my_xarm6_interfaces/srv
[5.556s] -- Installing: /home/vboxuser/Ali_ws/install/my_xarm6_interfaces/include/my_xarm6_interfaces/my_xarm6_interfaces/srv/object_position.hpp
[5.556s] -- Up-to-date: /home/vboxuser/Ali_ws/install/my_xarm6_interfaces/include/my_xarm6_interfaces/my_xarm6_interfaces/srv/detail
[5.556s] -- Installing: /home/vboxuser/Ali_ws/install/my_xarm6_interfaces/include/my_xarm6_interfaces/my_xarm6_interfaces/srv/detail/place_position__type_support.hpp
[5.556s] -- Installing: /home/vboxuser/Ali_ws/install/my_xarm6_interfaces/include/my_xarm6_interfaces/my_xarm6_interfaces/srv/detail/object_position__traits.hpp
[5.556s] -- Installing: /home/vboxuser/Ali_ws/install/my_xarm6_interfaces/include/my_xarm6_interfaces/my_xarm6_interfaces/srv/detail/place_position__struct.hpp
[5.556s] -- Installing: /home/vboxuser/Ali_ws/install/my_xarm6_interfaces/include/my_xarm6_interfaces/my_xarm6_interfaces/srv/detail/object_position__type_support.hpp
[5.556s] -- Installing: /home/vboxuser/Ali_ws/install/my_xarm6_interfaces/include/my_xarm6_interfaces/my_xarm6_interfaces/srv/detail/object_position__struct.hpp
[5.556s] -- Installing: /home/vboxuser/Ali_ws/install/my_xarm6_interfaces/include/my_xarm6_interfaces/my_xarm6_interfaces/srv/detail/object_position__builder.hpp
[5.557s] -- Installing: /home/vboxuser/Ali_ws/install/my_xarm6_interfaces/include/my_xarm6_interfaces/my_xarm6_interfaces/srv/detail/place_position__builder.hpp
[5.557s] -- Installing: /home/vboxuser/Ali_ws/install/my_xarm6_interfaces/include/my_xarm6_interfaces/my_xarm6_interfaces/srv/detail/place_position__traits.hpp
[5.557s] -- Installing: /home/vboxuser/Ali_ws/install/my_xarm6_interfaces/include/my_xarm6_interfaces/my_xarm6_interfaces/srv/place_position.hpp
[5.557s] -- Up-to-date: /home/vboxuser/Ali_ws/install/my_xarm6_interfaces/include/my_xarm6_interfaces/my_xarm6_interfaces/msg
[5.557s] -- Installing: /home/vboxuser/Ali_ws/install/my_xarm6_interfaces/include/my_xarm6_interfaces/my_xarm6_interfaces/msg/rosidl_generator_cpp__visibility_control.hpp
[5.557s] -- Up-to-date: /home/vboxuser/Ali_ws/install/my_xarm6_interfaces/include/my_xarm6_interfaces/my_xarm6_interfaces
[5.557s] -- Up-to-date: /home/vboxuser/Ali_ws/install/my_xarm6_interfaces/include/my_xarm6_interfaces/my_xarm6_interfaces/srv
[5.557s] -- Up-to-date: /home/vboxuser/Ali_ws/install/my_xarm6_interfaces/include/my_xarm6_interfaces/my_xarm6_interfaces/srv/detail
[5.557s] -- Installing: /home/vboxuser/Ali_ws/install/my_xarm6_interfaces/include/my_xarm6_interfaces/my_xarm6_interfaces/srv/detail/place_position__rosidl_typesupport_fastrtps_cpp.hpp
[5.557s] -- Installing: /home/vboxuser/Ali_ws/install/my_xarm6_interfaces/include/my_xarm6_interfaces/my_xarm6_interfaces/srv/detail/object_position__rosidl_typesupport_fastrtps_cpp.hpp
[5.558s] -- Installing: /home/vboxuser/Ali_ws/install/my_xarm6_interfaces/include/my_xarm6_interfaces/my_xarm6_interfaces/srv/detail/dds_fastrtps
[5.558s] -- Up-to-date: /home/vboxuser/Ali_ws/install/my_xarm6_interfaces/include/my_xarm6_interfaces/my_xarm6_interfaces/msg
[5.558s] -- Installing: /home/vboxuser/Ali_ws/install/my_xarm6_interfaces/include/my_xarm6_interfaces/my_xarm6_interfaces/msg/rosidl_typesupport_fastrtps_cpp__visibility_control.h
[5.558s] -- Installing: /home/vboxuser/Ali_ws/install/my_xarm6_interfaces/lib/libmy_xarm6_interfaces__rosidl_typesupport_fastrtps_cpp.so
[5.558s] -- Set runtime path of "/home/vboxuser/Ali_ws/install/my_xarm6_interfaces/lib/libmy_xarm6_interfaces__rosidl_typesupport_fastrtps_cpp.so" to ""
[5.558s] -- Up-to-date: /home/vboxuser/Ali_ws/install/my_xarm6_interfaces/include/my_xarm6_interfaces/my_xarm6_interfaces
[5.558s] -- Up-to-date: /home/vboxuser/Ali_ws/install/my_xarm6_interfaces/include/my_xarm6_interfaces/my_xarm6_interfaces/srv
[5.558s] -- Up-to-date: /home/vboxuser/Ali_ws/install/my_xarm6_interfaces/include/my_xarm6_interfaces/my_xarm6_interfaces/srv/detail
[5.559s] -- Installing: /home/vboxuser/Ali_ws/install/my_xarm6_interfaces/include/my_xarm6_interfaces/my_xarm6_interfaces/srv/detail/place_position__type_support.cpp
[5.559s] -- Installing: /home/vboxuser/Ali_ws/install/my_xarm6_interfaces/include/my_xarm6_interfaces/my_xarm6_interfaces/srv/detail/place_position__rosidl_typesupport_introspection_cpp.hpp
[5.559s] -- Installing: /home/vboxuser/Ali_ws/install/my_xarm6_interfaces/include/my_xarm6_interfaces/my_xarm6_interfaces/srv/detail/object_position__rosidl_typesupport_introspection_cpp.hpp
[5.559s] -- Installing: /home/vboxuser/Ali_ws/install/my_xarm6_interfaces/include/my_xarm6_interfaces/my_xarm6_interfaces/srv/detail/object_position__type_support.cpp
[5.559s] -- Installing: /home/vboxuser/Ali_ws/install/my_xarm6_interfaces/lib/libmy_xarm6_interfaces__rosidl_typesupport_introspection_cpp.so
[5.559s] -- Set runtime path of "/home/vboxuser/Ali_ws/install/my_xarm6_interfaces/lib/libmy_xarm6_interfaces__rosidl_typesupport_introspection_cpp.so" to ""
[5.560s] -- Installing: /home/vboxuser/Ali_ws/install/my_xarm6_interfaces/lib/libmy_xarm6_interfaces__rosidl_typesupport_cpp.so
[5.560s] -- Set runtime path of "/home/vboxuser/Ali_ws/install/my_xarm6_interfaces/lib/libmy_xarm6_interfaces__rosidl_typesupport_cpp.so" to ""
[5.560s] -- Installing: /home/vboxuser/Ali_ws/install/my_xarm6_interfaces/share/my_xarm6_interfaces/environment/pythonpath.sh
[5.560s] -- Installing: /home/vboxuser/Ali_ws/install/my_xarm6_interfaces/share/my_xarm6_interfaces/environment/pythonpath.dsv
[5.560s] -- Installing: /home/vboxuser/Ali_ws/install/my_xarm6_interfaces/local/lib/python3.10/dist-packages/my_xarm6_interfaces-0.0.0-py3.10.egg-info
[5.560s] -- Installing: /home/vboxuser/Ali_ws/install/my_xarm6_interfaces/local/lib/python3.10/dist-packages/my_xarm6_interfaces-0.0.0-py3.10.egg-info/SOURCES.txt
[5.560s] -- Installing: /home/vboxuser/Ali_ws/install/my_xarm6_interfaces/local/lib/python3.10/dist-packages/my_xarm6_interfaces-0.0.0-py3.10.egg-info/top_level.txt
[5.560s] -- Installing: /home/vboxuser/Ali_ws/install/my_xarm6_interfaces/local/lib/python3.10/dist-packages/my_xarm6_interfaces-0.0.0-py3.10.egg-info/PKG-INFO
[5.560s] -- Installing: /home/vboxuser/Ali_ws/install/my_xarm6_interfaces/local/lib/python3.10/dist-packages/my_xarm6_interfaces-0.0.0-py3.10.egg-info/dependency_links.txt
[5.560s] -- Installing: /home/vboxuser/Ali_ws/install/my_xarm6_interfaces/local/lib/python3.10/dist-packages/my_xarm6_interfaces
[5.560s] -- Installing: /home/vboxuser/Ali_ws/install/my_xarm6_interfaces/local/lib/python3.10/dist-packages/my_xarm6_interfaces/_my_xarm6_interfaces_s.ep.rosidl_typesupport_c.c
[5.561s] -- Installing: /home/vboxuser/Ali_ws/install/my_xarm6_interfaces/local/lib/python3.10/dist-packages/my_xarm6_interfaces/my_xarm6_interfaces_s__rosidl_typesupport_fastrtps_c.cpython-310-x86_64-linux-gnu.so
[5.561s] -- Installing: /home/vboxuser/Ali_ws/install/my_xarm6_interfaces/local/lib/python3.10/dist-packages/my_xarm6_interfaces/my_xarm6_interfaces_s__rosidl_typesupport_introspection_c.cpython-310-x86_64-linux-gnu.so
[5.561s] -- Installing: /home/vboxuser/Ali_ws/install/my_xarm6_interfaces/local/lib/python3.10/dist-packages/my_xarm6_interfaces/srv
[5.561s] -- Installing: /home/vboxuser/Ali_ws/install/my_xarm6_interfaces/local/lib/python3.10/dist-packages/my_xarm6_interfaces/srv/_place_position.py
[5.561s] -- Installing: /home/vboxuser/Ali_ws/install/my_xarm6_interfaces/local/lib/python3.10/dist-packages/my_xarm6_interfaces/srv/_place_position_s.c
[5.561s] -- Installing: /home/vboxuser/Ali_ws/install/my_xarm6_interfaces/local/lib/python3.10/dist-packages/my_xarm6_interfaces/srv/_object_position_s.c
[5.561s] -- Installing: /home/vboxuser/Ali_ws/install/my_xarm6_interfaces/local/lib/python3.10/dist-packages/my_xarm6_interfaces/srv/_object_position.py
[5.561s] -- Installing: /home/vboxuser/Ali_ws/install/my_xarm6_interfaces/local/lib/python3.10/dist-packages/my_xarm6_interfaces/srv/__init__.py
[5.561s] -- Installing: /home/vboxuser/Ali_ws/install/my_xarm6_interfaces/local/lib/python3.10/dist-packages/my_xarm6_interfaces/_my_xarm6_interfaces_s.ep.rosidl_typesupport_introspection_c.c
[5.561s] -- Installing: /home/vboxuser/Ali_ws/install/my_xarm6_interfaces/local/lib/python3.10/dist-packages/my_xarm6_interfaces/my_xarm6_interfaces_s__rosidl_typesupport_c.cpython-310-x86_64-linux-gnu.so
[5.561s] -- Installing: /home/vboxuser/Ali_ws/install/my_xarm6_interfaces/local/lib/python3.10/dist-packages/my_xarm6_interfaces/_my_xarm6_interfaces_s.ep.rosidl_typesupport_fastrtps_c.c
[5.561s] -- Installing: /home/vboxuser/Ali_ws/install/my_xarm6_interfaces/local/lib/python3.10/dist-packages/my_xarm6_interfaces/libmy_xarm6_interfaces__rosidl_generator_py.so
[5.561s] -- Installing: /home/vboxuser/Ali_ws/install/my_xarm6_interfaces/local/lib/python3.10/dist-packages/my_xarm6_interfaces/__init__.py
[5.594s] Listing '/home/vboxuser/Ali_ws/install/my_xarm6_interfaces/local/lib/python3.10/dist-packages/my_xarm6_interfaces'...
[5.595s] Compiling '/home/vboxuser/Ali_ws/install/my_xarm6_interfaces/local/lib/python3.10/dist-packages/my_xarm6_interfaces/__init__.py'...
[5.595s] Listing '/home/vboxuser/Ali_ws/install/my_xarm6_interfaces/local/lib/python3.10/dist-packages/my_xarm6_interfaces/srv'...
[5.595s] Compiling '/home/vboxuser/Ali_ws/install/my_xarm6_interfaces/local/lib/python3.10/dist-packages/my_xarm6_interfaces/srv/__init__.py'...
[5.595s] Compiling '/home/vboxuser/Ali_ws/install/my_xarm6_interfaces/local/lib/python3.10/dist-packages/my_xarm6_interfaces/srv/_object_position.py'...
[5.595s] Compiling '/home/vboxuser/Ali_ws/install/my_xarm6_interfaces/local/lib/python3.10/dist-packages/my_xarm6_interfaces/srv/_place_position.py'...
[5.597s] -- Installing: /home/vboxuser/Ali_ws/install/my_xarm6_interfaces/local/lib/python3.10/dist-packages/my_xarm6_interfaces/my_xarm6_interfaces_s__rosidl_typesupport_fastrtps_c.cpython-310-x86_64-linux-gnu.so
[5.598s] -- Set runtime path of "/home/vboxuser/Ali_ws/install/my_xarm6_interfaces/local/lib/python3.10/dist-packages/my_xarm6_interfaces/my_xarm6_interfaces_s__rosidl_typesupport_fastrtps_c.cpython-310-x86_64-linux-gnu.so" to ""
[5.598s] -- Installing: /home/vboxuser/Ali_ws/install/my_xarm6_interfaces/local/lib/python3.10/dist-packages/my_xarm6_interfaces/my_xarm6_interfaces_s__rosidl_typesupport_introspection_c.cpython-310-x86_64-linux-gnu.so
[5.598s] -- Set runtime path of "/home/vboxuser/Ali_ws/install/my_xarm6_interfaces/local/lib/python3.10/dist-packages/my_xarm6_interfaces/my_xarm6_interfaces_s__rosidl_typesupport_introspection_c.cpython-310-x86_64-linux-gnu.so" to ""
[5.598s] -- Installing: /home/vboxuser/Ali_ws/install/my_xarm6_interfaces/local/lib/python3.10/dist-packages/my_xarm6_interfaces/my_xarm6_interfaces_s__rosidl_typesupport_c.cpython-310-x86_64-linux-gnu.so
[5.599s] -- Set runtime path of "/home/vboxuser/Ali_ws/install/my_xarm6_interfaces/local/lib/python3.10/dist-packages/my_xarm6_interfaces/my_xarm6_interfaces_s__rosidl_typesupport_c.cpython-310-x86_64-linux-gnu.so" to ""
[5.599s] -- Installing: /home/vboxuser/Ali_ws/install/my_xarm6_interfaces/lib/libmy_xarm6_interfaces__rosidl_generator_py.so
[5.599s] -- Set runtime path of "/home/vboxuser/Ali_ws/install/my_xarm6_interfaces/lib/libmy_xarm6_interfaces__rosidl_generator_py.so" to ""
[5.599s] -- Installing: /home/vboxuser/Ali_ws/install/my_xarm6_interfaces/share/my_xarm6_interfaces/srv/ObjectPosition.idl
[5.599s] -- Installing: /home/vboxuser/Ali_ws/install/my_xarm6_interfaces/share/my_xarm6_interfaces/srv/PlacePosition.idl
[5.599s] -- Installing: /home/vboxuser/Ali_ws/install/my_xarm6_interfaces/share/my_xarm6_interfaces/srv/ObjectPosition.srv
[5.599s] -- Installing: /home/vboxuser/Ali_ws/install/my_xarm6_interfaces/share/my_xarm6_interfaces/srv/ObjectPosition_Request.msg
[5.600s] -- Installing: /home/vboxuser/Ali_ws/install/my_xarm6_interfaces/share/my_xarm6_interfaces/srv/ObjectPosition_Response.msg
[5.600s] -- Installing: /home/vboxuser/Ali_ws/install/my_xarm6_interfaces/share/my_xarm6_interfaces/srv/PlacePosition.srv
[5.600s] -- Installing: /home/vboxuser/Ali_ws/install/my_xarm6_interfaces/share/my_xarm6_interfaces/srv/PlacePosition_Request.msg
[5.600s] -- Installing: /home/vboxuser/Ali_ws/install/my_xarm6_interfaces/share/my_xarm6_interfaces/srv/PlacePosition_Response.msg
[5.600s] -- Installing: /home/vboxuser/Ali_ws/install/my_xarm6_interfaces/share/ament_index/resource_index/package_run_dependencies/my_xarm6_interfaces
[5.600s] -- Installing: /home/vboxuser/Ali_ws/install/my_xarm6_interfaces/share/ament_index/resource_index/parent_prefix_path/my_xarm6_interfaces
[5.600s] -- Installing: /home/vboxuser/Ali_ws/install/my_xarm6_interfaces/share/my_xarm6_interfaces/environment/ament_prefix_path.sh
[5.600s] -- Installing: /home/vboxuser/Ali_ws/install/my_xarm6_interfaces/share/my_xarm6_interfaces/environment/ament_prefix_path.dsv
[5.601s] -- Installing: /home/vboxuser/Ali_ws/install/my_xarm6_interfaces/share/my_xarm6_interfaces/environment/path.sh
[5.601s] -- Installing: /home/vboxuser/Ali_ws/install/my_xarm6_interfaces/share/my_xarm6_interfaces/environment/path.dsv
[5.601s] -- Installing: /home/vboxuser/Ali_ws/install/my_xarm6_interfaces/share/my_xarm6_interfaces/local_setup.bash
[5.601s] -- Installing: /home/vboxuser/Ali_ws/install/my_xarm6_interfaces/share/my_xarm6_interfaces/local_setup.sh
[5.601s] -- Installing: /home/vboxuser/Ali_ws/install/my_xarm6_interfaces/share/my_xarm6_interfaces/local_setup.zsh
[5.601s] -- Installing: /home/vboxuser/Ali_ws/install/my_xarm6_interfaces/share/my_xarm6_interfaces/local_setup.dsv
[5.601s] -- Installing: /home/vboxuser/Ali_ws/install/my_xarm6_interfaces/share/my_xarm6_interfaces/package.dsv
[5.601s] -- Installing: /home/vboxuser/Ali_ws/install/my_xarm6_interfaces/share/ament_index/resource_index/packages/my_xarm6_interfaces
[5.602s] -- Installing: /home/vboxuser/Ali_ws/install/my_xarm6_interfaces/share/my_xarm6_interfaces/cmake/export_my_xarm6_interfaces__rosidl_generator_cExport.cmake
[5.602s] -- Installing: /home/vboxuser/Ali_ws/install/my_xarm6_interfaces/share/my_xarm6_interfaces/cmake/export_my_xarm6_interfaces__rosidl_generator_cExport-noconfig.cmake
[5.602s] -- Installing: /home/vboxuser/Ali_ws/install/my_xarm6_interfaces/share/my_xarm6_interfaces/cmake/export_my_xarm6_interfaces__rosidl_typesupport_fastrtps_cExport.cmake
[5.603s] -- Installing: /home/vboxuser/Ali_ws/install/my_xarm6_interfaces/share/my_xarm6_interfaces/cmake/export_my_xarm6_interfaces__rosidl_typesupport_fastrtps_cExport-noconfig.cmake
[5.603s] -- Installing: /home/vboxuser/Ali_ws/install/my_xarm6_interfaces/share/my_xarm6_interfaces/cmake/my_xarm6_interfaces__rosidl_typesupport_introspection_cExport.cmake
[5.603s] -- Installing: /home/vboxuser/Ali_ws/install/my_xarm6_interfaces/share/my_xarm6_interfaces/cmake/my_xarm6_interfaces__rosidl_typesupport_introspection_cExport-noconfig.cmake
[5.604s] -- Installing: /home/vboxuser/Ali_ws/install/my_xarm6_interfaces/share/my_xarm6_interfaces/cmake/my_xarm6_interfaces__rosidl_typesupport_cExport.cmake
[5.605s] -- Installing: /home/vboxuser/Ali_ws/install/my_xarm6_interfaces/share/my_xarm6_interfaces/cmake/my_xarm6_interfaces__rosidl_typesupport_cExport-noconfig.cmake
[5.605s] -- Installing: /home/vboxuser/Ali_ws/install/my_xarm6_interfaces/share/my_xarm6_interfaces/cmake/export_my_xarm6_interfaces__rosidl_generator_cppExport.cmake
[5.605s] -- Installing: /home/vboxuser/Ali_ws/install/my_xarm6_interfaces/share/my_xarm6_interfaces/cmake/export_my_xarm6_interfaces__rosidl_typesupport_fastrtps_cppExport.cmake
[5.605s] -- Installing: /home/vboxuser/Ali_ws/install/my_xarm6_interfaces/share/my_xarm6_interfaces/cmake/export_my_xarm6_interfaces__rosidl_typesupport_fastrtps_cppExport-noconfig.cmake
[5.605s] -- Installing: /home/vboxuser/Ali_ws/install/my_xarm6_interfaces/share/my_xarm6_interfaces/cmake/my_xarm6_interfaces__rosidl_typesupport_introspection_cppExport.cmake
[5.605s] -- Installing: /home/vboxuser/Ali_ws/install/my_xarm6_interfaces/share/my_xarm6_interfaces/cmake/my_xarm6_interfaces__rosidl_typesupport_introspection_cppExport-noconfig.cmake
[5.605s] -- Installing: /home/vboxuser/Ali_ws/install/my_xarm6_interfaces/share/my_xarm6_interfaces/cmake/my_xarm6_interfaces__rosidl_typesupport_cppExport.cmake
[5.605s] -- Installing: /home/vboxuser/Ali_ws/install/my_xarm6_interfaces/share/my_xarm6_interfaces/cmake/my_xarm6_interfaces__rosidl_typesupport_cppExport-noconfig.cmake
[5.605s] -- Installing: /home/vboxuser/Ali_ws/install/my_xarm6_interfaces/share/my_xarm6_interfaces/cmake/export_my_xarm6_interfaces__rosidl_generator_pyExport.cmake
[5.605s] -- Installing: /home/vboxuser/Ali_ws/install/my_xarm6_interfaces/share/my_xarm6_interfaces/cmake/export_my_xarm6_interfaces__rosidl_generator_pyExport-noconfig.cmake
[5.605s] -- Installing: /home/vboxuser/Ali_ws/install/my_xarm6_interfaces/share/my_xarm6_interfaces/cmake/rosidl_cmake-extras.cmake
[5.605s] -- Installing: /home/vboxuser/Ali_ws/install/my_xarm6_interfaces/share/my_xarm6_interfaces/cmake/ament_cmake_export_dependencies-extras.cmake
[5.605s] -- Installing: /home/vboxuser/Ali_ws/install/my_xarm6_interfaces/share/my_xarm6_interfaces/cmake/ament_cmake_export_include_directories-extras.cmake
[5.605s] -- Installing: /home/vboxuser/Ali_ws/install/my_xarm6_interfaces/share/my_xarm6_interfaces/cmake/ament_cmake_export_libraries-extras.cmake
[5.606s] -- Installing: /home/vboxuser/Ali_ws/install/my_xarm6_interfaces/share/my_xarm6_interfaces/cmake/ament_cmake_export_targets-extras.cmake
[5.606s] -- Installing: /home/vboxuser/Ali_ws/install/my_xarm6_interfaces/share/my_xarm6_interfaces/cmake/rosidl_cmake_export_typesupport_targets-extras.cmake
[5.606s] -- Installing: /home/vboxuser/Ali_ws/install/my_xarm6_interfaces/share/my_xarm6_interfaces/cmake/rosidl_cmake_export_typesupport_libraries-extras.cmake
[5.606s] -- Installing: /home/vboxuser/Ali_ws/install/my_xarm6_interfaces/share/my_xarm6_interfaces/cmake/my_xarm6_interfacesConfig.cmake
[5.606s] -- Installing: /home/vboxuser/Ali_ws/install/my_xarm6_interfaces/share/my_xarm6_interfaces/cmake/my_xarm6_interfacesConfig-version.cmake
[5.608s] -- Installing: /home/vboxuser/Ali_ws/install/my_xarm6_interfaces/share/my_xarm6_interfaces/package.xml
[5.610s] Invoked command in '/home/vboxuser/Ali_ws/build/my_xarm6_interfaces' returned '0': CMAKE_PREFIX_PATH=/opt/ros/humble /usr/bin/cmake --install /home/vboxuser/Ali_ws/build/my_xarm6_interfaces
