[0.120s] Invoking command in '/home/vboxuser/Ali_ws/build/d435i_xarm_setup': AMENT_PREFIX_PATH=/home/vboxuser/Ali_ws/install/xarm_api:/home/vboxuser/Ali_ws/install/xarm_sdk:/home/vboxuser/Ali_ws/install/xarm_msgs:/home/vboxuser/Ali_ws/install/xarm_description:${AMENT_PREFIX_PATH} CMAKE_PREFIX_PATH=/home/vboxuser/Ali_ws/install/xarm_api:/home/vboxuser/Ali_ws/install/xarm_sdk:/home/vboxuser/Ali_ws/install/xarm_msgs:/home/vboxuser/Ali_ws/install/xarm_description:/opt/ros/humble LD_LIBRARY_PATH=/home/vboxuser/Ali_ws/install/xarm_api/lib:/home/vboxuser/Ali_ws/install/xarm_sdk/lib:/home/vboxuser/Ali_ws/install/xarm_msgs/lib:${LD_LIBRARY_PATH} PYTHONPATH=/home/vboxuser/Ali_ws/install/xarm_msgs/local/lib/python3.10/dist-packages:${PYTHONPATH} /usr/bin/cmake --build /home/vboxuser/Ali_ws/build/d435i_xarm_setup -- -j4 -l4
[0.329s] [ 33%] Built target findobj_grasp_xarm_api
[0.330s] [ 66%] Built target findobj_grasp_moveit_planner
[0.351s] [100%] Built target tf_object_to_base
[0.416s] Invoked command in '/home/vboxuser/Ali_ws/build/d435i_xarm_setup' returned '0': AMENT_PREFIX_PATH=/home/vboxuser/Ali_ws/install/xarm_api:/home/vboxuser/Ali_ws/install/xarm_sdk:/home/vboxuser/Ali_ws/install/xarm_msgs:/home/vboxuser/Ali_ws/install/xarm_description:${AMENT_PREFIX_PATH} CMAKE_PREFIX_PATH=/home/vboxuser/Ali_ws/install/xarm_api:/home/vboxuser/Ali_ws/install/xarm_sdk:/home/vboxuser/Ali_ws/install/xarm_msgs:/home/vboxuser/Ali_ws/install/xarm_description:/opt/ros/humble LD_LIBRARY_PATH=/home/vboxuser/Ali_ws/install/xarm_api/lib:/home/vboxuser/Ali_ws/install/xarm_sdk/lib:/home/vboxuser/Ali_ws/install/xarm_msgs/lib:${LD_LIBRARY_PATH} PYTHONPATH=/home/vboxuser/Ali_ws/install/xarm_msgs/local/lib/python3.10/dist-packages:${PYTHONPATH} /usr/bin/cmake --build /home/vboxuser/Ali_ws/build/d435i_xarm_setup -- -j4 -l4
[0.421s] Invoking command in '/home/vboxuser/Ali_ws/build/d435i_xarm_setup': AMENT_PREFIX_PATH=/home/vboxuser/Ali_ws/install/xarm_api:/home/vboxuser/Ali_ws/install/xarm_sdk:/home/vboxuser/Ali_ws/install/xarm_msgs:/home/vboxuser/Ali_ws/install/xarm_description:${AMENT_PREFIX_PATH} CMAKE_PREFIX_PATH=/home/vboxuser/Ali_ws/install/xarm_api:/home/vboxuser/Ali_ws/install/xarm_sdk:/home/vboxuser/Ali_ws/install/xarm_msgs:/home/vboxuser/Ali_ws/install/xarm_description:/opt/ros/humble LD_LIBRARY_PATH=/home/vboxuser/Ali_ws/install/xarm_api/lib:/home/vboxuser/Ali_ws/install/xarm_sdk/lib:/home/vboxuser/Ali_ws/install/xarm_msgs/lib:${LD_LIBRARY_PATH} PYTHONPATH=/home/vboxuser/Ali_ws/install/xarm_msgs/local/lib/python3.10/dist-packages:${PYTHONPATH} /usr/bin/cmake --install /home/vboxuser/Ali_ws/build/d435i_xarm_setup
[0.437s] -- Install configuration: ""
[0.437s] -- Up-to-date: /home/vboxuser/Ali_ws/install/d435i_xarm_setup/share/d435i_xarm_setup//launch
[0.438s] -- Up-to-date: /home/vboxuser/Ali_ws/install/d435i_xarm_setup/share/d435i_xarm_setup//launch/grasp_node_robot_moveit_planner.launch.py
[0.438s] -- Up-to-date: /home/vboxuser/Ali_ws/install/d435i_xarm_setup/share/d435i_xarm_setup//launch/grasp_node_robot_api.launch.py
[0.438s] -- Up-to-date: /home/vboxuser/Ali_ws/install/d435i_xarm_setup/share/d435i_xarm_setup//launch/publish_handeye_tf.launch.py
[0.438s] -- Up-to-date: /home/vboxuser/Ali_ws/install/d435i_xarm_setup/share/d435i_xarm_setup//launch/start_find_obj_2d.launch.py
[0.438s] -- Up-to-date: /home/vboxuser/Ali_ws/install/d435i_xarm_setup/share/d435i_xarm_setup//launch/d435i_findobj2d_robot_moveit_planner.launch.py
[0.438s] -- Up-to-date: /home/vboxuser/Ali_ws/install/d435i_xarm_setup/share/d435i_xarm_setup//launch/d435i_findobj2d_robot_api.launch.py
[0.438s] -- Up-to-date: /home/vboxuser/Ali_ws/install/d435i_xarm_setup/share/d435i_xarm_setup//launch/d435i_robot_ork_linemod.launch.py
[0.438s] -- Up-to-date: /home/vboxuser/Ali_ws/install/d435i_xarm_setup/share/d435i_xarm_setup//launch/d435i_robot_auto_calib.launch.py
[0.438s] -- Up-to-date: /home/vboxuser/Ali_ws/install/d435i_xarm_setup/share/d435i_xarm_setup//objects
[0.438s] -- Up-to-date: /home/vboxuser/Ali_ws/install/d435i_xarm_setup/share/d435i_xarm_setup//objects/2.png
[0.438s] -- Up-to-date: /home/vboxuser/Ali_ws/install/d435i_xarm_setup/share/d435i_xarm_setup//objects/1.png
[0.438s] -- Up-to-date: /home/vboxuser/Ali_ws/install/d435i_xarm_setup/share/d435i_xarm_setup//config
[0.438s] -- Up-to-date: /home/vboxuser/Ali_ws/install/d435i_xarm_setup/share/d435i_xarm_setup//config/xarm_rs_on_hand_calibration.calib
[0.438s] -- Up-to-date: /home/vboxuser/Ali_ws/install/d435i_xarm_setup/share/d435i_xarm_setup//config/lite_rs_on_hand_calibration.calib
[0.438s] -- Up-to-date: /home/vboxuser/Ali_ws/install/d435i_xarm_setup/share/d435i_xarm_setup//config/uf850_rs_on_hand_calibration.calib
[0.438s] -- Up-to-date: /home/vboxuser/Ali_ws/install/d435i_xarm_setup/share/d435i_xarm_setup//config/extra_robot_api_params.yaml
[0.445s] -- Up-to-date: /home/vboxuser/Ali_ws/install/d435i_xarm_setup/lib/d435i_xarm_setup/findobj_grasp_moveit_planner
[0.452s] -- Up-to-date: /home/vboxuser/Ali_ws/install/d435i_xarm_setup/lib/d435i_xarm_setup/findobj_grasp_xarm_api
[0.458s] -- Up-to-date: /home/vboxuser/Ali_ws/install/d435i_xarm_setup/lib/d435i_xarm_setup/tf_object_to_base
[0.459s] -- Up-to-date: /home/vboxuser/Ali_ws/install/d435i_xarm_setup/share/ament_index/resource_index/package_run_dependencies/d435i_xarm_setup
[0.459s] -- Up-to-date: /home/vboxuser/Ali_ws/install/d435i_xarm_setup/share/ament_index/resource_index/parent_prefix_path/d435i_xarm_setup
[0.459s] -- Up-to-date: /home/vboxuser/Ali_ws/install/d435i_xarm_setup/share/d435i_xarm_setup/environment/ament_prefix_path.sh
[0.459s] -- Up-to-date: /home/vboxuser/Ali_ws/install/d435i_xarm_setup/share/d435i_xarm_setup/environment/ament_prefix_path.dsv
[0.459s] -- Up-to-date: /home/vboxuser/Ali_ws/install/d435i_xarm_setup/share/d435i_xarm_setup/environment/path.sh
[0.459s] -- Up-to-date: /home/vboxuser/Ali_ws/install/d435i_xarm_setup/share/d435i_xarm_setup/environment/path.dsv
[0.459s] -- Up-to-date: /home/vboxuser/Ali_ws/install/d435i_xarm_setup/share/d435i_xarm_setup/local_setup.bash
[0.459s] -- Up-to-date: /home/vboxuser/Ali_ws/install/d435i_xarm_setup/share/d435i_xarm_setup/local_setup.sh
[0.459s] -- Up-to-date: /home/vboxuser/Ali_ws/install/d435i_xarm_setup/share/d435i_xarm_setup/local_setup.zsh
[0.459s] -- Up-to-date: /home/vboxuser/Ali_ws/install/d435i_xarm_setup/share/d435i_xarm_setup/local_setup.dsv
[0.459s] -- Installing: /home/vboxuser/Ali_ws/install/d435i_xarm_setup/share/d435i_xarm_setup/package.dsv
[0.464s] -- Up-to-date: /home/vboxuser/Ali_ws/install/d435i_xarm_setup/share/ament_index/resource_index/packages/d435i_xarm_setup
[0.464s] -- Up-to-date: /home/vboxuser/Ali_ws/install/d435i_xarm_setup/share/d435i_xarm_setup/cmake/d435i_xarm_setupConfig.cmake
[0.465s] -- Up-to-date: /home/vboxuser/Ali_ws/install/d435i_xarm_setup/share/d435i_xarm_setup/cmake/d435i_xarm_setupConfig-version.cmake
[0.465s] -- Up-to-date: /home/vboxuser/Ali_ws/install/d435i_xarm_setup/share/d435i_xarm_setup/package.xml
[0.470s] Invoked command in '/home/vboxuser/Ali_ws/build/d435i_xarm_setup' returned '0': AMENT_PREFIX_PATH=/home/vboxuser/Ali_ws/install/xarm_api:/home/vboxuser/Ali_ws/install/xarm_sdk:/home/vboxuser/Ali_ws/install/xarm_msgs:/home/vboxuser/Ali_ws/install/xarm_description:${AMENT_PREFIX_PATH} CMAKE_PREFIX_PATH=/home/vboxuser/Ali_ws/install/xarm_api:/home/vboxuser/Ali_ws/install/xarm_sdk:/home/vboxuser/Ali_ws/install/xarm_msgs:/home/vboxuser/Ali_ws/install/xarm_description:/opt/ros/humble LD_LIBRARY_PATH=/home/vboxuser/Ali_ws/install/xarm_api/lib:/home/vboxuser/Ali_ws/install/xarm_sdk/lib:/home/vboxuser/Ali_ws/install/xarm_msgs/lib:${LD_LIBRARY_PATH} PYTHONPATH=/home/vboxuser/Ali_ws/install/xarm_msgs/local/lib/python3.10/dist-packages:${PYTHONPATH} /usr/bin/cmake --install /home/vboxuser/Ali_ws/build/d435i_xarm_setup
