[0.023s] Invoking command in '/home/vboxuser/Ali_ws/src/build/mbot_demo': CMAKE_PREFIX_PATH=/opt/ros/humble /usr/bin/cmake /home/vboxuser/Ali_ws/src/xarm_ros2/demo/mbot_demo -DCMAKE_INSTALL_PREFIX=/home/vboxuser/Ali_ws/src/install/mbot_demo
[0.132s] -- The C compiler identification is GNU 11.4.0
[0.218s] -- The CXX compiler identification is GNU 11.4.0
[0.230s] -- Detecting C compiler ABI info
[0.348s] -- Detecting C compiler ABI info - done
[0.351s] -- Check for working C compiler: /usr/bin/cc - skipped
[0.352s] -- Detecting C compile features
[0.352s] -- Detecting C compile features - done
[0.355s] -- Detecting CXX compiler ABI info
[0.482s] -- Detecting CXX compiler ABI info - done
[0.490s] -- Check for working CXX compiler: /usr/bin/c++ - skipped
[0.490s] -- Detecting CXX compile features
[0.491s] -- Detecting CXX compile features - done
[0.495s] -- Found ament_cmake: 1.3.12 (/opt/ros/humble/share/ament_cmake/cmake)
[0.709s] -- Found Python3: /usr/bin/python3 (found version "3.10.12") found components: Interpreter 
[0.824s] -- Found ament_lint_auto: 0.12.14 (/opt/ros/humble/share/ament_lint_auto/cmake)
[0.921s] -- Added test 'copyright' to check source files copyright and LICENSE
[0.921s] -- Added test 'flake8' to check Python code syntax and style conventions
[0.922s] -- Added test 'lint_cmake' to check CMake code style
[0.922s] -- Added test 'pep257' to check Python code against some of the docstring style conventions in PEP 257
[0.924s] -- Added test 'xmllint' to check XML markup files
[0.925s] -- Configuring done
[0.929s] -- Generating done
[0.930s] -- Build files have been written to: /home/vboxuser/Ali_ws/src/build/mbot_demo
[0.936s] Invoked command in '/home/vboxuser/Ali_ws/src/build/mbot_demo' returned '0': CMAKE_PREFIX_PATH=/opt/ros/humble /usr/bin/cmake /home/vboxuser/Ali_ws/src/xarm_ros2/demo/mbot_demo -DCMAKE_INSTALL_PREFIX=/home/vboxuser/Ali_ws/src/install/mbot_demo
[0.938s] Invoking command in '/home/vboxuser/Ali_ws/src/build/mbot_demo': CMAKE_PREFIX_PATH=/opt/ros/humble /usr/bin/cmake --build /home/vboxuser/Ali_ws/src/build/mbot_demo -- -j1 -l1
[0.984s] Invoked command in '/home/vboxuser/Ali_ws/src/build/mbot_demo' returned '0': CMAKE_PREFIX_PATH=/opt/ros/humble /usr/bin/cmake --build /home/vboxuser/Ali_ws/src/build/mbot_demo -- -j1 -l1
[0.984s] Invoking command in '/home/vboxuser/Ali_ws/src/build/mbot_demo': CMAKE_PREFIX_PATH=/opt/ros/humble /usr/bin/cmake --install /home/vboxuser/Ali_ws/src/build/mbot_demo
[0.997s] -- Install configuration: ""
[0.997s] -- Installing: /home/vboxuser/Ali_ws/src/install/mbot_demo/share/mbot_demo//rviz
[0.997s] -- Installing: /home/vboxuser/Ali_ws/src/install/mbot_demo/share/mbot_demo//rviz/moveit.rviz
[0.998s] -- Installing: /home/vboxuser/Ali_ws/src/install/mbot_demo/share/mbot_demo//urdf
[0.998s] -- Installing: /home/vboxuser/Ali_ws/src/install/mbot_demo/share/mbot_demo//urdf/mbot_macro.xacro
[0.998s] -- Installing: /home/vboxuser/Ali_ws/src/install/mbot_demo/share/mbot_demo//urdf/mbot_with_xarm.urdf.xacro
[0.998s] -- Installing: /home/vboxuser/Ali_ws/src/install/mbot_demo/share/mbot_demo//urdf/mbot.transmission.xacro
[0.998s] -- Installing: /home/vboxuser/Ali_ws/src/install/mbot_demo/share/mbot_demo//urdf/mbot.urdf.xacro
[1.000s] -- Installing: /home/vboxuser/Ali_ws/src/install/mbot_demo/share/mbot_demo//urdf/mbot.ros2_control.xacro
[1.000s] -- Installing: /home/vboxuser/Ali_ws/src/install/mbot_demo/share/mbot_demo//urdf/mbot.gazebo.xacro
[1.000s] -- Installing: /home/vboxuser/Ali_ws/src/install/mbot_demo/share/mbot_demo//srdf
[1.001s] -- Installing: /home/vboxuser/Ali_ws/src/install/mbot_demo/share/mbot_demo//srdf/mbot_macro.srdf.xacro
[1.001s] -- Installing: /home/vboxuser/Ali_ws/src/install/mbot_demo/share/mbot_demo//srdf/mbot_with_xarm.srdf.xacro
[1.001s] -- Installing: /home/vboxuser/Ali_ws/src/install/mbot_demo/share/mbot_demo//config
[1.001s] -- Installing: /home/vboxuser/Ali_ws/src/install/mbot_demo/share/mbot_demo//config/ompl_planning.yaml
[1.002s] -- Installing: /home/vboxuser/Ali_ws/src/install/mbot_demo/share/mbot_demo//config/ros2_controllers.yaml
[1.002s] -- Installing: /home/vboxuser/Ali_ws/src/install/mbot_demo/share/mbot_demo//config/joint_limits.yaml
[1.002s] -- Installing: /home/vboxuser/Ali_ws/src/install/mbot_demo/share/mbot_demo//config/controllers.yaml
[1.002s] -- Installing: /home/vboxuser/Ali_ws/src/install/mbot_demo/share/mbot_demo//config/kinematics.yaml
[1.002s] -- Installing: /home/vboxuser/Ali_ws/src/install/mbot_demo/share/mbot_demo//worlds
[1.003s] -- Installing: /home/vboxuser/Ali_ws/src/install/mbot_demo/share/mbot_demo//worlds/empty.world
[1.003s] -- Installing: /home/vboxuser/Ali_ws/src/install/mbot_demo/share/mbot_demo//launch
[1.003s] -- Installing: /home/vboxuser/Ali_ws/src/install/mbot_demo/share/mbot_demo//launch/mbot_moveit_gazebo.launch.py
[1.003s] -- Installing: /home/vboxuser/Ali_ws/src/install/mbot_demo/share/mbot_demo//launch/mbot_moveit_fake.launch.py
[1.004s] -- Installing: /home/vboxuser/Ali_ws/src/install/mbot_demo/share/mbot_demo//launch/mbot_moveit_realmove.launch.py
[1.004s] -- Installing: /home/vboxuser/Ali_ws/src/install/mbot_demo/share/mbot_demo//launch/_robot_on_mbot_gazebo.launch.py
[1.007s] -- Installing: /home/vboxuser/Ali_ws/src/install/mbot_demo/share/ament_index/resource_index/package_run_dependencies/mbot_demo
[1.008s] -- Installing: /home/vboxuser/Ali_ws/src/install/mbot_demo/share/ament_index/resource_index/parent_prefix_path/mbot_demo
[1.008s] -- Installing: /home/vboxuser/Ali_ws/src/install/mbot_demo/share/mbot_demo/environment/ament_prefix_path.sh
[1.010s] -- Installing: /home/vboxuser/Ali_ws/src/install/mbot_demo/share/mbot_demo/environment/ament_prefix_path.dsv
[1.010s] -- Installing: /home/vboxuser/Ali_ws/src/install/mbot_demo/share/mbot_demo/environment/path.sh
[1.011s] -- Installing: /home/vboxuser/Ali_ws/src/install/mbot_demo/share/mbot_demo/environment/path.dsv
[1.011s] -- Installing: /home/vboxuser/Ali_ws/src/install/mbot_demo/share/mbot_demo/local_setup.bash
[1.011s] -- Installing: /home/vboxuser/Ali_ws/src/install/mbot_demo/share/mbot_demo/local_setup.sh
[1.011s] -- Installing: /home/vboxuser/Ali_ws/src/install/mbot_demo/share/mbot_demo/local_setup.zsh
[1.011s] -- Installing: /home/vboxuser/Ali_ws/src/install/mbot_demo/share/mbot_demo/local_setup.dsv
[1.012s] -- Installing: /home/vboxuser/Ali_ws/src/install/mbot_demo/share/mbot_demo/package.dsv
[1.012s] -- Installing: /home/vboxuser/Ali_ws/src/install/mbot_demo/share/ament_index/resource_index/packages/mbot_demo
[1.012s] -- Installing: /home/vboxuser/Ali_ws/src/install/mbot_demo/share/mbot_demo/cmake/mbot_demoConfig.cmake
[1.013s] -- Installing: /home/vboxuser/Ali_ws/src/install/mbot_demo/share/mbot_demo/cmake/mbot_demoConfig-version.cmake
[1.013s] -- Installing: /home/vboxuser/Ali_ws/src/install/mbot_demo/share/mbot_demo/package.xml
[1.019s] Invoked command in '/home/vboxuser/Ali_ws/src/build/mbot_demo' returned '0': CMAKE_PREFIX_PATH=/opt/ros/humble /usr/bin/cmake --install /home/vboxuser/Ali_ws/src/build/mbot_demo
