[0.073s] Invoking command in '/home/vboxuser/Ali_ws/build/orbbec_camera': AMENT_PREFIX_PATH=/home/vboxuser/Ali_ws/install/orbbec_camera_msgs:${AMENT_PREFIX_PATH} CMAKE_PREFIX_PATH=/home/vboxuser/Ali_ws/install/orbbec_camera_msgs:/opt/ros/humble LD_LIBRARY_PATH=/home/vboxuser/Ali_ws/install/orbbec_camera_msgs/lib:${LD_LIBRARY_PATH} PYTHONPATH=/home/vboxuser/Ali_ws/install/orbbec_camera_msgs/local/lib/python3.10/dist-packages:${PYTHONPATH} /usr/bin/cmake --build /home/vboxuser/Ali_ws/build/orbbec_camera -- -j4 -l4
[0.211s] [35m[1mConsolidate compiler generated dependencies of target frame_latency[0m
[0.250s] [35m[1mConsolidate compiler generated dependencies of target orbbec_camera_node[0m
[0.256s] [35m[1mConsolidate compiler generated dependencies of target frame_latency_node[0m
[0.287s] [35m[1mConsolidate compiler generated dependencies of target orbbec_camera[0m
[0.297s] [  4%] Built target frame_latency_node
[0.318s] [  9%] Built target orbbec_camera_node
[0.348s] [ 13%] Built target frame_latency
[0.356s] [35m[1mConsolidate compiler generated dependencies of target start_benchmark[0m
[0.388s] [35m[1mConsolidate compiler generated dependencies of target start_benchmark_node[0m
[0.426s] [ 18%] Built target start_benchmark_node
[0.457s] [35m[1mConsolidate compiler generated dependencies of target multi_save_rgbir[0m
[0.460s] [35m[1mConsolidate compiler generated dependencies of target multi_save_rgbir_node[0m
[0.480s] [ 22%] Built target multi_save_rgbir_node
[0.501s] [ 27%] Built target start_benchmark
[0.514s] [ 52%] Built target orbbec_camera
[0.559s] [ 59%] Built target multi_save_rgbir
[0.602s] [35m[1mConsolidate compiler generated dependencies of target list_devices_node[0m
[0.602s] [35m[1mConsolidate compiler generated dependencies of target list_depth_work_mode_node[0m
[0.602s] [35m[1mConsolidate compiler generated dependencies of target list_camera_profile_mode_node[0m
[0.640s] [35m[1mConsolidate compiler generated dependencies of target set_device_ip[0m
[0.655s] [ 63%] Built target list_camera_profile_mode_node
[0.665s] [ 68%] Built target list_devices_node
[0.677s] [ 72%] Built target list_depth_work_mode_node
[0.694s] [ 77%] Built target set_device_ip
[0.700s] [35m[1mConsolidate compiler generated dependencies of target topic_statistics_node[0m
[0.736s] [35m[1mConsolidate compiler generated dependencies of target ob_benchmark_node[0m
[0.739s] [35m[1mConsolidate compiler generated dependencies of target 435le_example_node[0m
[0.777s] [35m[1mConsolidate compiler generated dependencies of target service_benchmark_node[0m
[0.777s] [ 81%] Built target topic_statistics_node
[0.799s] [ 90%] Built target 435le_example_node
[0.803s] [ 90%] Built target ob_benchmark_node
[0.825s] [35m[1mConsolidate compiler generated dependencies of target image_sync_example_node[0m
[0.828s] [ 95%] Built target service_benchmark_node
[0.901s] [100%] Built target image_sync_example_node
[0.931s] Invoked command in '/home/vboxuser/Ali_ws/build/orbbec_camera' returned '0': AMENT_PREFIX_PATH=/home/vboxuser/Ali_ws/install/orbbec_camera_msgs:${AMENT_PREFIX_PATH} CMAKE_PREFIX_PATH=/home/vboxuser/Ali_ws/install/orbbec_camera_msgs:/opt/ros/humble LD_LIBRARY_PATH=/home/vboxuser/Ali_ws/install/orbbec_camera_msgs/lib:${LD_LIBRARY_PATH} PYTHONPATH=/home/vboxuser/Ali_ws/install/orbbec_camera_msgs/local/lib/python3.10/dist-packages:${PYTHONPATH} /usr/bin/cmake --build /home/vboxuser/Ali_ws/build/orbbec_camera -- -j4 -l4
[0.939s] Invoking command in '/home/vboxuser/Ali_ws/build/orbbec_camera': AMENT_PREFIX_PATH=/home/vboxuser/Ali_ws/install/orbbec_camera_msgs:${AMENT_PREFIX_PATH} CMAKE_PREFIX_PATH=/home/vboxuser/Ali_ws/install/orbbec_camera_msgs:/opt/ros/humble LD_LIBRARY_PATH=/home/vboxuser/Ali_ws/install/orbbec_camera_msgs/lib:${LD_LIBRARY_PATH} PYTHONPATH=/home/vboxuser/Ali_ws/install/orbbec_camera_msgs/local/lib/python3.10/dist-packages:${PYTHONPATH} /usr/bin/cmake --install /home/vboxuser/Ali_ws/build/orbbec_camera
[0.952s] -- Install configuration: ""
[0.956s] -- Up-to-date: /home/vboxuser/Ali_ws/install/orbbec_camera/lib/orbbec_camera/orbbec_camera_node
[0.957s] -- Up-to-date: /home/vboxuser/Ali_ws/install/orbbec_camera/lib/orbbec_camera/common_benchmark_node.py
[0.958s] -- Up-to-date: /home/vboxuser/Ali_ws/install/orbbec_camera/lib/orbbec_camera/service_benchmark_node.py
[0.960s] -- Up-to-date: /home/vboxuser/Ali_ws/install/orbbec_camera/lib/orbbec_camera/frame_latency_node
[0.963s] -- Up-to-date: /home/vboxuser/Ali_ws/install/orbbec_camera/lib/orbbec_camera/start_benchmark_node
[0.970s] -- Up-to-date: /home/vboxuser/Ali_ws/install/orbbec_camera/lib/orbbec_camera/multi_save_rgbir_node
[0.974s] -- Up-to-date: /home/vboxuser/Ali_ws/install/orbbec_camera/lib/liborbbec_camera.so
[0.980s] -- Up-to-date: /home/vboxuser/Ali_ws/install/orbbec_camera/lib/libframe_latency.so
[0.992s] -- Up-to-date: /home/vboxuser/Ali_ws/install/orbbec_camera/lib/libstart_benchmark.so
[0.995s] -- Up-to-date: /home/vboxuser/Ali_ws/install/orbbec_camera/lib/libmulti_save_rgbir.so
[0.995s] -- Up-to-date: /home/vboxuser/Ali_ws/install/orbbec_camera/include
[0.995s] -- Up-to-date: /home/vboxuser/Ali_ws/install/orbbec_camera/include/magic_enum
[0.995s] -- Up-to-date: /home/vboxuser/Ali_ws/install/orbbec_camera/include/magic_enum/magic_enum.hpp
[0.995s] -- Up-to-date: /home/vboxuser/Ali_ws/install/orbbec_camera/include/orbbec_camera
[0.995s] -- Up-to-date: /home/vboxuser/Ali_ws/install/orbbec_camera/include/orbbec_camera/fps_counter.hpp
[0.996s] -- Up-to-date: /home/vboxuser/Ali_ws/install/orbbec_camera/include/orbbec_camera/jpeg_decoder.h
[0.996s] -- Up-to-date: /home/vboxuser/Ali_ws/install/orbbec_camera/include/orbbec_camera/d2c_viewer.h
[0.996s] -- Up-to-date: /home/vboxuser/Ali_ws/install/orbbec_camera/include/orbbec_camera/synced_imu_publisher.h
[0.996s] -- Up-to-date: /home/vboxuser/Ali_ws/install/orbbec_camera/include/orbbec_camera/jetson_nv_decoder.h
[0.996s] -- Up-to-date: /home/vboxuser/Ali_ws/install/orbbec_camera/include/orbbec_camera/rk_mpp_decoder.h
[0.996s] -- Up-to-date: /home/vboxuser/Ali_ws/install/orbbec_camera/include/orbbec_camera/utils.h
[0.996s] -- Up-to-date: /home/vboxuser/Ali_ws/install/orbbec_camera/include/orbbec_camera/fps_delay_status.hpp
[0.999s] -- Up-to-date: /home/vboxuser/Ali_ws/install/orbbec_camera/include/orbbec_camera/constants.h
[0.999s] -- Up-to-date: /home/vboxuser/Ali_ws/install/orbbec_camera/include/orbbec_camera/ros_param_backend.h
[0.999s] -- Up-to-date: /home/vboxuser/Ali_ws/install/orbbec_camera/include/orbbec_camera/image_publisher.h
[0.999s] -- Up-to-date: /home/vboxuser/Ali_ws/install/orbbec_camera/include/orbbec_camera/ob_camera_node.h
[1.000s] -- Up-to-date: /home/vboxuser/Ali_ws/install/orbbec_camera/include/orbbec_camera/dynamic_params.h
[1.000s] -- Up-to-date: /home/vboxuser/Ali_ws/install/orbbec_camera/include/orbbec_camera/ob_camera_node_driver.h
[1.000s] -- Up-to-date: /home/vboxuser/Ali_ws/install/orbbec_camera/share/orbbec_camera//launch
[1.000s] -- Up-to-date: /home/vboxuser/Ali_ws/install/orbbec_camera/share/orbbec_camera//launch/dabai_a.launch.py
[1.000s] -- Up-to-date: /home/vboxuser/Ali_ws/install/orbbec_camera/share/orbbec_camera//launch/femto_mega.launch.py
[1.001s] -- Up-to-date: /home/vboxuser/Ali_ws/install/orbbec_camera/share/orbbec_camera//launch/gemini210.launch.py
[1.001s] -- Up-to-date: /home/vboxuser/Ali_ws/install/orbbec_camera/share/orbbec_camera//launch/dabai_al.launch.py
[1.002s] -- Up-to-date: /home/vboxuser/Ali_ws/install/orbbec_camera/share/orbbec_camera//launch/orbbec_camera.launch.py
[1.002s] -- Up-to-date: /home/vboxuser/Ali_ws/install/orbbec_camera/share/orbbec_camera//launch/gemini345.launch.py
[1.002s] -- Up-to-date: /home/vboxuser/Ali_ws/install/orbbec_camera/share/orbbec_camera//launch/gemini345_lg.launch.py
[1.002s] -- Up-to-date: /home/vboxuser/Ali_ws/install/orbbec_camera/share/orbbec_camera//launch/multi_camera_synced.launch.py
[1.002s] -- Up-to-date: /home/vboxuser/Ali_ws/install/orbbec_camera/share/orbbec_camera//launch/multi_camera.launch.py
[1.002s] -- Up-to-date: /home/vboxuser/Ali_ws/install/orbbec_camera/share/orbbec_camera//launch/gemini_330_series.launch.py
[1.002s] -- Up-to-date: /home/vboxuser/Ali_ws/install/orbbec_camera/share/orbbec_camera//launch/femto_bolt.launch.py
[1.002s] -- Up-to-date: /home/vboxuser/Ali_ws/install/orbbec_camera/share/orbbec_camera//launch/utils_yaml.py
[1.002s] -- Up-to-date: /home/vboxuser/Ali_ws/install/orbbec_camera/share/orbbec_camera//launch/gemini435_le.launch.py
[1.002s] -- Up-to-date: /home/vboxuser/Ali_ws/install/orbbec_camera/share/orbbec_camera//launch/astra.launch.py
[1.002s] -- Up-to-date: /home/vboxuser/Ali_ws/install/orbbec_camera/share/orbbec_camera//launch/gemini2.launch.py
[1.002s] -- Up-to-date: /home/vboxuser/Ali_ws/install/orbbec_camera/share/orbbec_camera//launch/gemini_intra_process_demo_launch.py
[1.002s] -- Up-to-date: /home/vboxuser/Ali_ws/install/orbbec_camera/share/orbbec_camera//launch/femto.launch.py
[1.002s] -- Up-to-date: /home/vboxuser/Ali_ws/install/orbbec_camera/share/orbbec_camera//launch/gemini_330_series_low_cpu.launch.py
[1.002s] -- Up-to-date: /home/vboxuser/Ali_ws/install/orbbec_camera/share/orbbec_camera//launch/gemini2L.launch.py
[1.002s] -- Up-to-date: /home/vboxuser/Ali_ws/install/orbbec_camera/share/orbbec_camera//launch/orbbec_multicamera.launch.py
[1.002s] -- Up-to-date: /home/vboxuser/Ali_ws/install/orbbec_camera/share/orbbec_camera//launch/astra2.launch.py
[1.002s] -- Up-to-date: /home/vboxuser/Ali_ws/install/orbbec_camera/share/orbbec_camera//config
[1.002s] -- Up-to-date: /home/vboxuser/Ali_ws/install/orbbec_camera/share/orbbec_camera//config/.gitkeep
[1.002s] -- Up-to-date: /home/vboxuser/Ali_ws/install/orbbec_camera/share/orbbec_camera//config/tools
[1.002s] -- Up-to-date: /home/vboxuser/Ali_ws/install/orbbec_camera/share/orbbec_camera//config/tools/startbenchmark
[1.002s] -- Up-to-date: /home/vboxuser/Ali_ws/install/orbbec_camera/share/orbbec_camera//config/tools/startbenchmark/start_benchmark_params.json
[1.003s] -- Up-to-date: /home/vboxuser/Ali_ws/install/orbbec_camera/share/orbbec_camera//config/tools/multisavergbir
[1.003s] -- Up-to-date: /home/vboxuser/Ali_ws/install/orbbec_camera/share/orbbec_camera//config/tools/multisavergbir/multi_save_rgbir_params.json
[1.003s] -- Up-to-date: /home/vboxuser/Ali_ws/install/orbbec_camera/share/orbbec_camera//config/camera_secondary_params.yaml
[1.003s] -- Up-to-date: /home/vboxuser/Ali_ws/install/orbbec_camera/share/orbbec_camera//config/gemini330Lg_series.yaml
[1.003s] -- Up-to-date: /home/vboxuser/Ali_ws/install/orbbec_camera/share/orbbec_camera//config/depthfilter
[1.003s] -- Up-to-date: /home/vboxuser/Ali_ws/install/orbbec_camera/share/orbbec_camera//config/depthfilter/Openni_device.json
[1.003s] -- Up-to-date: /home/vboxuser/Ali_ws/install/orbbec_camera/share/orbbec_camera//config/depthfilter/Gemini2_v1.7.json
[1.003s] -- Up-to-date: /home/vboxuser/Ali_ws/install/orbbec_camera/share/orbbec_camera//config/gemini2.yaml
[1.003s] -- Up-to-date: /home/vboxuser/Ali_ws/install/orbbec_camera/share/orbbec_camera//config/gemini2L.yaml
[1.003s] -- Up-to-date: /home/vboxuser/Ali_ws/install/orbbec_camera/share/orbbec_camera//config/gemini330_series.yaml
[1.003s] -- Up-to-date: /home/vboxuser/Ali_ws/install/orbbec_camera/share/orbbec_camera//config/OrbbecSDKConfig_v2.0.xml
[1.003s] -- Up-to-date: /home/vboxuser/Ali_ws/install/orbbec_camera/share/orbbec_camera//config/astra2.yaml
[1.003s] -- Up-to-date: /home/vboxuser/Ali_ws/install/orbbec_camera/share/orbbec_camera//config/camera_params.yaml
[1.003s] -- Up-to-date: /home/vboxuser/Ali_ws/install/orbbec_camera/share/orbbec_camera//config/femto.yaml
[1.003s] -- Up-to-date: /home/vboxuser/Ali_ws/install/orbbec_camera/share/orbbec_camera//config/common.yaml
[1.003s] -- Up-to-date: /home/vboxuser/Ali_ws/install/orbbec_camera/share/orbbec_camera//config/femto_mega.yaml
[1.003s] -- Up-to-date: /home/vboxuser/Ali_ws/install/orbbec_camera/share/orbbec_camera//config/femto_bolt.yaml
[1.003s] -- Up-to-date: /home/vboxuser/Ali_ws/install/orbbec_camera/share/orbbec_camera//examples
[1.003s] -- Up-to-date: /home/vboxuser/Ali_ws/install/orbbec_camera/share/orbbec_camera//examples/README.MD
[1.003s] -- Up-to-date: /home/vboxuser/Ali_ws/install/orbbec_camera/share/orbbec_camera//examples/435le_new_interface
[1.003s] -- Up-to-date: /home/vboxuser/Ali_ws/install/orbbec_camera/share/orbbec_camera//examples/435le_new_interface/camera_example_node.cpp
[1.003s] -- Up-to-date: /home/vboxuser/Ali_ws/install/orbbec_camera/share/orbbec_camera//examples/435le_new_interface/README.MD
[1.003s] -- Up-to-date: /home/vboxuser/Ali_ws/install/orbbec_camera/share/orbbec_camera//examples/multi_camera_synced_verification_tool
[1.003s] -- Up-to-date: /home/vboxuser/Ali_ws/install/orbbec_camera/share/orbbec_camera//examples/multi_camera_synced_verification_tool/multi_camera_synced_verify.launch.py
[1.003s] -- Up-to-date: /home/vboxuser/Ali_ws/install/orbbec_camera/share/orbbec_camera//examples/multi_camera_synced_verification_tool/gemini_330_series_synced_verify.launch.py
[1.003s] -- Up-to-date: /home/vboxuser/Ali_ws/install/orbbec_camera/share/orbbec_camera//examples/multi_camera_synced_verification_tool/gemini_synced_verify.launch.py
[1.003s] -- Up-to-date: /home/vboxuser/Ali_ws/install/orbbec_camera/share/orbbec_camera//examples/multi_camera_synced_verification_tool/multicamera_sync
[1.003s] -- Up-to-date: /home/vboxuser/Ali_ws/install/orbbec_camera/share/orbbec_camera//examples/multi_camera_synced_verification_tool/multicamera_sync/Python
[1.003s] -- Up-to-date: /home/vboxuser/Ali_ws/install/orbbec_camera/share/orbbec_camera//examples/multi_camera_synced_verification_tool/multicamera_sync/Python/script
[1.004s] -- Up-to-date: /home/vboxuser/Ali_ws/install/orbbec_camera/share/orbbec_camera//examples/multi_camera_synced_verification_tool/multicamera_sync/Python/script/config_frameMatch-systemTimestamp.py
[1.004s] -- Up-to-date: /home/vboxuser/Ali_ws/install/orbbec_camera/share/orbbec_camera//examples/multi_camera_synced_verification_tool/multicamera_sync/Python/script/config_frameMatch_Gemini2VL.py
[1.004s] -- Up-to-date: /home/vboxuser/Ali_ws/install/orbbec_camera/share/orbbec_camera//examples/multi_camera_synced_verification_tool/multicamera_sync/Python/script/config_frameMatch.py
[1.004s] -- Up-to-date: /home/vboxuser/Ali_ws/install/orbbec_camera/share/orbbec_camera//examples/multi_camera_synced_verification_tool/multicamera_sync/Python/script/config_frameMatch_g330.py
[1.004s] -- Up-to-date: /home/vboxuser/Ali_ws/install/orbbec_camera/share/orbbec_camera//examples/multi_camera_synced_verification_tool/multicamera_sync/Python/script/config_frameMatch-Astra2_new.py
[1.004s] -- Up-to-date: /home/vboxuser/Ali_ws/install/orbbec_camera/share/orbbec_camera//examples/multi_camera_synced_verification_tool/multicamera_sync/Python/README.md
[1.004s] -- Up-to-date: /home/vboxuser/Ali_ws/install/orbbec_camera/share/orbbec_camera//examples/multi_camera_synced_verification_tool/multicamera_sync/Python/Config.ini
[1.004s] -- Up-to-date: /home/vboxuser/Ali_ws/install/orbbec_camera/share/orbbec_camera//examples/multi_camera_synced_verification_tool/multicamera_sync/Python/SyncFramesMain.py
[1.004s] -- Up-to-date: /home/vboxuser/Ali_ws/install/orbbec_camera/share/orbbec_camera//examples/multi_camera_synced_verification_tool/multicamera_sync/output
[1.004s] -- Up-to-date: /home/vboxuser/Ali_ws/install/orbbec_camera/share/orbbec_camera//examples/multi_camera_synced_verification_tool/multicamera_sync/output/20250218102900
[1.004s] -- Up-to-date: /home/vboxuser/Ali_ws/install/orbbec_camera/share/orbbec_camera//examples/multi_camera_synced_verification_tool/multicamera_sync/output/20250218102900/TotalModeFrames
[1.004s] -- Up-to-date: /home/vboxuser/Ali_ws/install/orbbec_camera/share/orbbec_camera//examples/multi_camera_synced_verification_tool/multicamera_sync/output/20250218102900/TotalModeFrames/SNCP1L44P00051_Index1
[1.004s] -- Up-to-date: /home/vboxuser/Ali_ws/install/orbbec_camera/share/orbbec_camera//examples/multi_camera_synced_verification_tool/multicamera_sync/output/20250218102900/TotalModeFrames/SNCP1L44P00051_Index1/color_SNCP1L44P00051_Index1_g1739874543393_f5_s1739874543470_e50_d16_.jpg
[1.004s] -- Up-to-date: /home/vboxuser/Ali_ws/install/orbbec_camera/share/orbbec_camera//examples/multi_camera_synced_verification_tool/multicamera_sync/output/20250218102900/TotalModeFrames/SNCP1L44P00051_Index1/color_SNCP1L44P00051_Index1_g1739874543427_f6_s1739874543485_e50_d16_.jpg
[1.004s] -- Up-to-date: /home/vboxuser/Ali_ws/install/orbbec_camera/share/orbbec_camera//examples/multi_camera_synced_verification_tool/multicamera_sync/output/20250218102900/TotalModeFrames/SNCP1L44P00051_Index1/color_SNCP1L44P00051_Index1_g1739874543327_f3_s1739874543458_e50_d16_.jpg
[1.004s] -- Up-to-date: /home/vboxuser/Ali_ws/install/orbbec_camera/share/orbbec_camera//examples/multi_camera_synced_verification_tool/multicamera_sync/output/20250218102900/TotalModeFrames/SNCP1L44P00051_Index1/ir#left_SNCP1L44P00051_Index1_g1739874543360_f4_s1739874543460_e5000_d16_.jpg
[1.004s] -- Up-to-date: /home/vboxuser/Ali_ws/install/orbbec_camera/share/orbbec_camera//examples/multi_camera_synced_verification_tool/multicamera_sync/output/20250218102900/TotalModeFrames/SNCP1L44P00051_Index1/color_SNCP1L44P00051_Index1_g1739874543260_f1_s1739874543345_e50_d16_.jpg
[1.004s] -- Up-to-date: /home/vboxuser/Ali_ws/install/orbbec_camera/share/orbbec_camera//examples/multi_camera_synced_verification_tool/multicamera_sync/output/20250218102900/TotalModeFrames/SNCP1L44P00051_Index1/ir#left_SNCP1L44P00051_Index1_g1739874543260_f1_s1739874543294_e5000_d16_.jpg
[1.004s] -- Up-to-date: /home/vboxuser/Ali_ws/install/orbbec_camera/share/orbbec_camera//examples/multi_camera_synced_verification_tool/multicamera_sync/output/20250218102900/TotalModeFrames/SNCP1L44P00051_Index1/ir#left_SNCP1L44P00051_Index1_g1739874543427_f6_s1739874543684_e5000_d16_.jpg
[1.006s] -- Up-to-date: /home/vboxuser/Ali_ws/install/orbbec_camera/share/orbbec_camera//examples/multi_camera_synced_verification_tool/multicamera_sync/output/20250218102900/TotalModeFrames/SNCP1L44P00051_Index1/ir#left_SNCP1L44P00051_Index1_g1739874543327_f3_s1739874543460_e5000_d16_.jpg
[1.006s] -- Up-to-date: /home/vboxuser/Ali_ws/install/orbbec_camera/share/orbbec_camera//examples/multi_camera_synced_verification_tool/multicamera_sync/output/20250218102900/TotalModeFrames/SNCP1L44P00051_Index1/color_SNCP1L44P00051_Index1_g1739874543527_f9_s1739874543616_e50_d16_.jpg
[1.006s] -- Up-to-date: /home/vboxuser/Ali_ws/install/orbbec_camera/share/orbbec_camera//examples/multi_camera_synced_verification_tool/multicamera_sync/output/20250218102900/TotalModeFrames/SNCP1L44P00051_Index1/ir#left_SNCP1L44P00051_Index1_g1739874543460_f7_s1739874543685_e5000_d16_.jpg
[1.006s] -- Up-to-date: /home/vboxuser/Ali_ws/install/orbbec_camera/share/orbbec_camera//examples/multi_camera_synced_verification_tool/multicamera_sync/output/20250218102900/TotalModeFrames/SNCP1L44P00051_Index1/ir#left_SNCP1L44P00051_Index1_g1739874543527_f10_s1739874543687_e5000_d16_.jpg
[1.007s] -- Up-to-date: /home/vboxuser/Ali_ws/install/orbbec_camera/share/orbbec_camera//examples/multi_camera_synced_verification_tool/multicamera_sync/output/20250218102900/TotalModeFrames/SNCP1L44P00051_Index1/color_SNCP1L44P00051_Index1_g1739874543494_f8_s1739874543540_e50_d16_.jpg
[1.007s] -- Up-to-date: /home/vboxuser/Ali_ws/install/orbbec_camera/share/orbbec_camera//examples/multi_camera_synced_verification_tool/multicamera_sync/output/20250218102900/TotalModeFrames/SNCP1L44P00051_Index1/ir#left_SNCP1L44P00051_Index1_g1739874543560_f11_s1739874543687_e5000_d16_.jpg
[1.007s] -- Up-to-date: /home/vboxuser/Ali_ws/install/orbbec_camera/share/orbbec_camera//examples/multi_camera_synced_verification_tool/multicamera_sync/output/20250218102900/TotalModeFrames/SNCP1L44P00051_Index1/color_SNCP1L44P00051_Index1_g1739874543460_f7_s1739874543505_e50_d16_.jpg
[1.008s] -- Up-to-date: /home/vboxuser/Ali_ws/install/orbbec_camera/share/orbbec_camera//examples/multi_camera_synced_verification_tool/multicamera_sync/output/20250218102900/TotalModeFrames/SNCP1L44P00051_Index1/ir#left_SNCP1L44P00051_Index1_g1739874543294_f2_s1739874543319_e5000_d16_.jpg
[1.008s] -- Up-to-date: /home/vboxuser/Ali_ws/install/orbbec_camera/share/orbbec_camera//examples/multi_camera_synced_verification_tool/multicamera_sync/output/20250218102900/TotalModeFrames/SNCP1L44P00051_Index1/color_SNCP1L44P00051_Index1_g1739874543560_f10_s1739874543618_e50_d16_.jpg
[1.008s] -- Up-to-date: /home/vboxuser/Ali_ws/install/orbbec_camera/share/orbbec_camera//examples/multi_camera_synced_verification_tool/multicamera_sync/output/20250218102900/TotalModeFrames/SNCP1L44P00051_Index1/ir#left_SNCP1L44P00051_Index1_g1739874543227_f0_s1739874543250_e5000_d16_.jpg
[1.008s] -- Up-to-date: /home/vboxuser/Ali_ws/install/orbbec_camera/share/orbbec_camera//examples/multi_camera_synced_verification_tool/multicamera_sync/output/20250218102900/TotalModeFrames/SNCP1L44P00051_Index1/ir#left_SNCP1L44P00051_Index1_g1739874543494_f8_s1739874543687_e5000_d16_.jpg
[1.008s] -- Up-to-date: /home/vboxuser/Ali_ws/install/orbbec_camera/share/orbbec_camera//examples/multi_camera_synced_verification_tool/multicamera_sync/output/20250218102900/TotalModeFrames/SNCP1L44P00051_Index1/color_SNCP1L44P00051_Index1_g1739874543227_f0_s1739874543304_e50_d16_.jpg
[1.008s] -- Up-to-date: /home/vboxuser/Ali_ws/install/orbbec_camera/share/orbbec_camera//examples/multi_camera_synced_verification_tool/multicamera_sync/output/20250218102900/TotalModeFrames/SNCP1L44P00051_Index1/ir#left_SNCP1L44P00051_Index1_g1739874543394_f5_s1739874543661_e5000_d16_.jpg
[1.008s] -- Up-to-date: /home/vboxuser/Ali_ws/install/orbbec_camera/share/orbbec_camera//examples/multi_camera_synced_verification_tool/multicamera_sync/output/20250218102900/TotalModeFrames/SNCP1L44P00051_Index1/color_SNCP1L44P00051_Index1_g1739874543360_f4_s1739874543468_e50_d16_.jpg
[1.008s] -- Up-to-date: /home/vboxuser/Ali_ws/install/orbbec_camera/share/orbbec_camera//examples/multi_camera_synced_verification_tool/multicamera_sync/output/20250218102900/TotalModeFrames/SNCP1L44P00051_Index1/color_SNCP1L44P00051_Index1_g1739874543293_f2_s1739874543446_e50_d16_.jpg
[1.008s] -- Up-to-date: /home/vboxuser/Ali_ws/install/orbbec_camera/share/orbbec_camera//examples/multi_camera_synced_verification_tool/multicamera_sync/output/20250218102900/TotalModeFrames/SNCP1E5420006D_Index0
[1.008s] -- Up-to-date: /home/vboxuser/Ali_ws/install/orbbec_camera/share/orbbec_camera//examples/multi_camera_synced_verification_tool/multicamera_sync/output/20250218102900/TotalModeFrames/SNCP1E5420006D_Index0/color_SNCP1E5420006D_Index0_g1739874543394_f5_s1739874543506_e50_d16_.jpg
[1.009s] -- Up-to-date: /home/vboxuser/Ali_ws/install/orbbec_camera/share/orbbec_camera//examples/multi_camera_synced_verification_tool/multicamera_sync/output/20250218102900/TotalModeFrames/SNCP1E5420006D_Index0/color_SNCP1E5420006D_Index0_g1739874543494_f8_s1739874543548_e50_d16_.jpg
[1.009s] -- Up-to-date: /home/vboxuser/Ali_ws/install/orbbec_camera/share/orbbec_camera//examples/multi_camera_synced_verification_tool/multicamera_sync/output/20250218102900/TotalModeFrames/SNCP1E5420006D_Index0/ir#left_SNCP1E5420006D_Index0_g1739874543361_f4_s1739874543405_e5000_d16_.jpg
[1.009s] -- Up-to-date: /home/vboxuser/Ali_ws/install/orbbec_camera/share/orbbec_camera//examples/multi_camera_synced_verification_tool/multicamera_sync/output/20250218102900/TotalModeFrames/SNCP1E5420006D_Index0/color_SNCP1E5420006D_Index0_g1739874543427_f6_s1739874543518_e50_d16_.jpg
[1.009s] -- Up-to-date: /home/vboxuser/Ali_ws/install/orbbec_camera/share/orbbec_camera//examples/multi_camera_synced_verification_tool/multicamera_sync/output/20250218102900/TotalModeFrames/SNCP1E5420006D_Index0/ir#left_SNCP1E5420006D_Index0_g1739874543427_f6_s1739874543474_e5000_d16_.jpg
[1.009s] -- Up-to-date: /home/vboxuser/Ali_ws/install/orbbec_camera/share/orbbec_camera//examples/multi_camera_synced_verification_tool/multicamera_sync/output/20250218102900/TotalModeFrames/SNCP1E5420006D_Index0/color_SNCP1E5420006D_Index0_g1739874543260_f1_s1739874543351_e50_d16_.jpg
[1.009s] -- Up-to-date: /home/vboxuser/Ali_ws/install/orbbec_camera/share/orbbec_camera//examples/multi_camera_synced_verification_tool/multicamera_sync/output/20250218102900/TotalModeFrames/SNCP1E5420006D_Index0/ir#left_SNCP1E5420006D_Index0_g1739874543494_f8_s1739874543528_e5000_d16_.jpg
[1.009s] -- Up-to-date: /home/vboxuser/Ali_ws/install/orbbec_camera/share/orbbec_camera//examples/multi_camera_synced_verification_tool/multicamera_sync/output/20250218102900/TotalModeFrames/SNCP1E5420006D_Index0/color_SNCP1E5420006D_Index0_g1739874543327_f3_s1739874543441_e50_d16_.jpg
[1.009s] -- Up-to-date: /home/vboxuser/Ali_ws/install/orbbec_camera/share/orbbec_camera//examples/multi_camera_synced_verification_tool/multicamera_sync/output/20250218102900/TotalModeFrames/SNCP1E5420006D_Index0/ir#left_SNCP1E5420006D_Index0_g1739874543327_f3_s1739874543393_e5000_d16_.jpg
[1.009s] -- Up-to-date: /home/vboxuser/Ali_ws/install/orbbec_camera/share/orbbec_camera//examples/multi_camera_synced_verification_tool/multicamera_sync/output/20250218102900/TotalModeFrames/SNCP1E5420006D_Index0/ir#left_SNCP1E5420006D_Index0_g1739874543461_f7_s1739874543493_e5000_d16_.jpg
[1.009s] -- Up-to-date: /home/vboxuser/Ali_ws/install/orbbec_camera/share/orbbec_camera//examples/multi_camera_synced_verification_tool/multicamera_sync/output/20250218102900/TotalModeFrames/SNCP1E5420006D_Index0/ir#left_SNCP1E5420006D_Index0_g1739874543294_f2_s1739874543329_e5000_d16_.jpg
[1.009s] -- Up-to-date: /home/vboxuser/Ali_ws/install/orbbec_camera/share/orbbec_camera//examples/multi_camera_synced_verification_tool/multicamera_sync/output/20250218102900/TotalModeFrames/SNCP1E5420006D_Index0/color_SNCP1E5420006D_Index0_g1739874543360_f4_s1739874543442_e50_d16_.jpg
[1.009s] -- Up-to-date: /home/vboxuser/Ali_ws/install/orbbec_camera/share/orbbec_camera//examples/multi_camera_synced_verification_tool/multicamera_sync/output/20250218102900/TotalModeFrames/SNCP1E5420006D_Index0/ir#left_SNCP1E5420006D_Index0_g1739874543260_f1_s1739874543310_e5000_d16_.jpg
[1.009s] -- Up-to-date: /home/vboxuser/Ali_ws/install/orbbec_camera/share/orbbec_camera//examples/multi_camera_synced_verification_tool/multicamera_sync/output/20250218102900/TotalModeFrames/SNCP1E5420006D_Index0/ir#left_SNCP1E5420006D_Index0_g1739874543561_f10_s1739874543628_e5000_d16_.jpg
[1.009s] -- Up-to-date: /home/vboxuser/Ali_ws/install/orbbec_camera/share/orbbec_camera//examples/multi_camera_synced_verification_tool/multicamera_sync/output/20250218102900/TotalModeFrames/SNCP1E5420006D_Index0/color_SNCP1E5420006D_Index0_g1739874543461_f7_s1739874543520_e50_d16_.jpg
[1.009s] -- Up-to-date: /home/vboxuser/Ali_ws/install/orbbec_camera/share/orbbec_camera//examples/multi_camera_synced_verification_tool/multicamera_sync/output/20250218102900/TotalModeFrames/SNCP1E5420006D_Index0/ir#left_SNCP1E5420006D_Index0_g1739874543394_f5_s1739874543473_e5000_d16_.jpg
[1.010s] -- Up-to-date: /home/vboxuser/Ali_ws/install/orbbec_camera/share/orbbec_camera//examples/multi_camera_synced_verification_tool/multicamera_sync/output/20250218102900/TotalModeFrames/SNCP1E5420006D_Index0/color_SNCP1E5420006D_Index0_g1739874543294_f2_s1739874543359_e50_d16_.jpg
[1.010s] -- Up-to-date: /home/vboxuser/Ali_ws/install/orbbec_camera/share/orbbec_camera//examples/multi_camera_synced_verification_tool/multicamera_sync/output/20250218102900/TotalModeFrames/SNCP1E5420006D_Index0/color_SNCP1E5420006D_Index0_g1739874543561_f10_s1739874543648_e50_d16_.jpg
[1.010s] -- Up-to-date: /home/vboxuser/Ali_ws/install/orbbec_camera/share/orbbec_camera//examples/multi_camera_synced_verification_tool/multicamera_sync/output/20250218102900/TotalModeFrames/SNCP1E5420006D_Index0/ir#left_SNCP1E5420006D_Index0_g1739874543227_f0_s1739874543250_e5000_d16_.jpg
[1.010s] -- Up-to-date: /home/vboxuser/Ali_ws/install/orbbec_camera/share/orbbec_camera//examples/multi_camera_synced_verification_tool/multicamera_sync/output/20250218102900/TotalModeFrames/SNCP1E5420006D_Index0/color_SNCP1E5420006D_Index0_g1739874543227_f0_s1739874543327_e50_d16_.jpg
[1.010s] -- Up-to-date: /home/vboxuser/Ali_ws/install/orbbec_camera/share/orbbec_camera//examples/multi_camera_synced_verification_tool/multicamera_sync/output/20250218102900/TotalModeFrames/SNCP1E5420006D_Index0/ir#left_SNCP1E5420006D_Index0_g1739874543527_f9_s1739874543627_e5000_d16_.jpg
[1.010s] -- Up-to-date: /home/vboxuser/Ali_ws/install/orbbec_camera/share/orbbec_camera//examples/multi_camera_synced_verification_tool/multicamera_sync/output/20250218102900/TotalModeFrames/SNCP1E5420006D_Index0/color_SNCP1E5420006D_Index0_g1739874543527_f9_s1739874543603_e50_d16_.jpg
[1.010s] -- Up-to-date: /home/vboxuser/Ali_ws/install/orbbec_camera/share/orbbec_camera//examples/multi_camera_synced_verification_tool/multicamera_sync/output/20250218102900/DevicesInfo.txt
[1.010s] -- Up-to-date: /home/vboxuser/Ali_ws/install/orbbec_camera/share/orbbec_camera//examples/multi_camera_synced_verification_tool/multicamera_sync/output/20250218102900/StreamProfileInfo.txt
[1.010s] -- Up-to-date: /home/vboxuser/Ali_ws/install/orbbec_camera/share/orbbec_camera//examples/multi_camera_synced_verification_tool/multicamera_sync/output/20250218102900/results-2025-02-25_163648
[1.011s] -- Up-to-date: /home/vboxuser/Ali_ws/install/orbbec_camera/share/orbbec_camera//examples/multi_camera_synced_verification_tool/multicamera_sync/output/20250218102900/results-2025-02-25_163648/frameMatchLog.txt
[1.011s] -- Up-to-date: /home/vboxuser/Ali_ws/install/orbbec_camera/share/orbbec_camera//examples/multi_camera_synced_verification_tool/multicamera_sync/output/20250218102900/results-2025-02-25_163648/matchFrames
[1.011s] -- Up-to-date: /home/vboxuser/Ali_ws/install/orbbec_camera/share/orbbec_camera//examples/multi_camera_synced_verification_tool/multicamera_sync/output/20250218102900/results-2025-02-25_163648/matchFrames/2_ir_left_SNCP1E5420006D_Index0_1739874543461_[1].jpg
[1.011s] -- Up-to-date: /home/vboxuser/Ali_ws/install/orbbec_camera/share/orbbec_camera//examples/multi_camera_synced_verification_tool/multicamera_sync/output/20250218102900/results-2025-02-25_163648/matchFrames/1_color_SNCP1E5420006D_Index0_1739874543494_[0].jpg
[1.011s] -- Up-to-date: /home/vboxuser/Ali_ws/install/orbbec_camera/share/orbbec_camera//examples/multi_camera_synced_verification_tool/multicamera_sync/output/20250218102900/results-2025-02-25_163648/matchFrames/6_ir_left_SNCP1E5420006D_Index0_1739874543561_[1].jpg
[1.011s] -- Up-to-date: /home/vboxuser/Ali_ws/install/orbbec_camera/share/orbbec_camera//examples/multi_camera_synced_verification_tool/multicamera_sync/output/20250218102900/results-2025-02-25_163648/matchFrames/3_ir_left_SNCP1L44P00051_Index1_1739874543260_[0].jpg
[1.011s] -- Up-to-date: /home/vboxuser/Ali_ws/install/orbbec_camera/share/orbbec_camera//examples/multi_camera_synced_verification_tool/multicamera_sync/output/20250218102900/results-2025-02-25_163648/matchFrames/1_color_SNCP1L44P00051_Index1_1739874543494_[0].jpg
[1.011s] -- Up-to-date: /home/vboxuser/Ali_ws/install/orbbec_camera/share/orbbec_camera//examples/multi_camera_synced_verification_tool/multicamera_sync/output/20250218102900/results-2025-02-25_163648/matchFrames/9_ir_left_SNCP1L44P00051_Index1_1739874543394_[1].jpg
[1.011s] -- Up-to-date: /home/vboxuser/Ali_ws/install/orbbec_camera/share/orbbec_camera//examples/multi_camera_synced_verification_tool/multicamera_sync/output/20250218102900/results-2025-02-25_163648/matchFrames/5_color_SNCP1E5420006D_Index0_1739874543327_[0].jpg
[1.011s] -- Up-to-date: /home/vboxuser/Ali_ws/install/orbbec_camera/share/orbbec_camera//examples/multi_camera_synced_verification_tool/multicamera_sync/output/20250218102900/results-2025-02-25_163648/matchFrames/2_color_SNCP1E5420006D_Index0_1739874543461_[1].jpg
[1.011s] -- Up-to-date: /home/vboxuser/Ali_ws/install/orbbec_camera/share/orbbec_camera//examples/multi_camera_synced_verification_tool/multicamera_sync/output/20250218102900/results-2025-02-25_163648/matchFrames/5_color_SNCP1L44P00051_Index1_1739874543327_[0].jpg
[1.011s] -- Up-to-date: /home/vboxuser/Ali_ws/install/orbbec_camera/share/orbbec_camera//examples/multi_camera_synced_verification_tool/multicamera_sync/output/20250218102900/results-2025-02-25_163648/matchFrames/4_color_SNCP1E5420006D_Index0_1739874543360_[0].jpg
[1.011s] -- Up-to-date: /home/vboxuser/Ali_ws/install/orbbec_camera/share/orbbec_camera//examples/multi_camera_synced_verification_tool/multicamera_sync/output/20250218102900/results-2025-02-25_163648/matchFrames/1_ir_left_SNCP1E5420006D_Index0_1739874543494_[0].jpg
[1.011s] -- Up-to-date: /home/vboxuser/Ali_ws/install/orbbec_camera/share/orbbec_camera//examples/multi_camera_synced_verification_tool/multicamera_sync/output/20250218102900/results-2025-02-25_163648/matchFrames/0_color_SNCP1L44P00051_Index1_1739874543527_[0].jpg
[1.011s] -- Up-to-date: /home/vboxuser/Ali_ws/install/orbbec_camera/share/orbbec_camera//examples/multi_camera_synced_verification_tool/multicamera_sync/output/20250218102900/results-2025-02-25_163648/matchFrames/4_ir_left_SNCP1E5420006D_Index0_1739874543361_[1].jpg
[1.012s] -- Up-to-date: /home/vboxuser/Ali_ws/install/orbbec_camera/share/orbbec_camera//examples/multi_camera_synced_verification_tool/multicamera_sync/output/20250218102900/results-2025-02-25_163648/matchFrames/3_ir_left_SNCP1E5420006D_Index0_1739874543260_[0].jpg
[1.012s] -- Up-to-date: /home/vboxuser/Ali_ws/install/orbbec_camera/share/orbbec_camera//examples/multi_camera_synced_verification_tool/multicamera_sync/output/20250218102900/results-2025-02-25_163648/matchFrames/0_color_SNCP1E5420006D_Index0_1739874543527_[0].jpg
[1.012s] -- Up-to-date: /home/vboxuser/Ali_ws/install/orbbec_camera/share/orbbec_camera//examples/multi_camera_synced_verification_tool/multicamera_sync/output/20250218102900/results-2025-02-25_163648/matchFrames/4_ir_left_SNCP1L44P00051_Index1_1739874543360_[0].jpg
[1.012s] -- Up-to-date: /home/vboxuser/Ali_ws/install/orbbec_camera/share/orbbec_camera//examples/multi_camera_synced_verification_tool/multicamera_sync/output/20250218102900/results-2025-02-25_163648/matchFrames/6_color_SNCP1L44P00051_Index1_1739874543560_[0].jpg
[1.012s] -- Up-to-date: /home/vboxuser/Ali_ws/install/orbbec_camera/share/orbbec_camera//examples/multi_camera_synced_verification_tool/multicamera_sync/output/20250218102900/results-2025-02-25_163648/matchFrames/7_color_SNCP1E5420006D_Index0_1739874543427_[0].jpg
[1.012s] -- Up-to-date: /home/vboxuser/Ali_ws/install/orbbec_camera/share/orbbec_camera//examples/multi_camera_synced_verification_tool/multicamera_sync/output/20250218102900/results-2025-02-25_163648/matchFrames/5_ir_left_SNCP1L44P00051_Index1_1739874543327_[0].jpg
[1.013s] -- Up-to-date: /home/vboxuser/Ali_ws/install/orbbec_camera/share/orbbec_camera//examples/multi_camera_synced_verification_tool/multicamera_sync/output/20250218102900/results-2025-02-25_163648/matchFrames/0_ir_left_SNCP1E5420006D_Index0_1739874543527_[0].jpg
[1.013s] -- Up-to-date: /home/vboxuser/Ali_ws/install/orbbec_camera/share/orbbec_camera//examples/multi_camera_synced_verification_tool/multicamera_sync/output/20250218102900/results-2025-02-25_163648/matchFrames/8_color_SNCP1E5420006D_Index0_1739874543294_[1].jpg
[1.013s] -- Up-to-date: /home/vboxuser/Ali_ws/install/orbbec_camera/share/orbbec_camera//examples/multi_camera_synced_verification_tool/multicamera_sync/output/20250218102900/results-2025-02-25_163648/matchFrames/3_color_SNCP1E5420006D_Index0_1739874543260_[0].jpg
[1.013s] -- Up-to-date: /home/vboxuser/Ali_ws/install/orbbec_camera/share/orbbec_camera//examples/multi_camera_synced_verification_tool/multicamera_sync/output/20250218102900/results-2025-02-25_163648/matchFrames/3_color_SNCP1L44P00051_Index1_1739874543260_[0].jpg
[1.013s] -- Up-to-date: /home/vboxuser/Ali_ws/install/orbbec_camera/share/orbbec_camera//examples/multi_camera_synced_verification_tool/multicamera_sync/output/20250218102900/results-2025-02-25_163648/matchFrames/6_ir_left_SNCP1L44P00051_Index1_1739874543560_[0].jpg
[1.013s] -- Up-to-date: /home/vboxuser/Ali_ws/install/orbbec_camera/share/orbbec_camera//examples/multi_camera_synced_verification_tool/multicamera_sync/output/20250218102900/results-2025-02-25_163648/matchFrames/8_color_SNCP1L44P00051_Index1_1739874543293_[0].jpg
[1.013s] -- Up-to-date: /home/vboxuser/Ali_ws/install/orbbec_camera/share/orbbec_camera//examples/multi_camera_synced_verification_tool/multicamera_sync/output/20250218102900/results-2025-02-25_163648/matchFrames/9_color_SNCP1E5420006D_Index0_1739874543394_[1].jpg
[1.013s] -- Up-to-date: /home/vboxuser/Ali_ws/install/orbbec_camera/share/orbbec_camera//examples/multi_camera_synced_verification_tool/multicamera_sync/output/20250218102900/results-2025-02-25_163648/matchFrames/10_ir_left_SNCP1E5420006D_Index0_1739874543227_[0].jpg
[1.013s] -- Up-to-date: /home/vboxuser/Ali_ws/install/orbbec_camera/share/orbbec_camera//examples/multi_camera_synced_verification_tool/multicamera_sync/output/20250218102900/results-2025-02-25_163648/matchFrames/7_color_SNCP1L44P00051_Index1_1739874543427_[0].jpg
[1.013s] -- Up-to-date: /home/vboxuser/Ali_ws/install/orbbec_camera/share/orbbec_camera//examples/multi_camera_synced_verification_tool/multicamera_sync/output/20250218102900/results-2025-02-25_163648/matchFrames/8_ir_left_SNCP1L44P00051_Index1_1739874543294_[1].jpg
[1.013s] -- Up-to-date: /home/vboxuser/Ali_ws/install/orbbec_camera/share/orbbec_camera//examples/multi_camera_synced_verification_tool/multicamera_sync/output/20250218102900/results-2025-02-25_163648/matchFrames/10_color_SNCP1E5420006D_Index0_1739874543227_[0].jpg
[1.013s] -- Up-to-date: /home/vboxuser/Ali_ws/install/orbbec_camera/share/orbbec_camera//examples/multi_camera_synced_verification_tool/multicamera_sync/output/20250218102900/results-2025-02-25_163648/matchFrames/4_color_SNCP1L44P00051_Index1_1739874543360_[0].jpg
[1.013s] -- Up-to-date: /home/vboxuser/Ali_ws/install/orbbec_camera/share/orbbec_camera//examples/multi_camera_synced_verification_tool/multicamera_sync/output/20250218102900/results-2025-02-25_163648/matchFrames/8_ir_left_SNCP1E5420006D_Index0_1739874543294_[1].jpg
[1.013s] -- Up-to-date: /home/vboxuser/Ali_ws/install/orbbec_camera/share/orbbec_camera//examples/multi_camera_synced_verification_tool/multicamera_sync/output/20250218102900/results-2025-02-25_163648/matchFrames/5_ir_left_SNCP1E5420006D_Index0_1739874543327_[0].jpg
[1.013s] -- Up-to-date: /home/vboxuser/Ali_ws/install/orbbec_camera/share/orbbec_camera//examples/multi_camera_synced_verification_tool/multicamera_sync/output/20250218102900/results-2025-02-25_163648/matchFrames/9_ir_left_SNCP1E5420006D_Index0_1739874543394_[1].jpg
[1.013s] -- Up-to-date: /home/vboxuser/Ali_ws/install/orbbec_camera/share/orbbec_camera//examples/multi_camera_synced_verification_tool/multicamera_sync/output/20250218102900/results-2025-02-25_163648/matchFrames/10_color_SNCP1L44P00051_Index1_1739874543227_[0].jpg
[1.013s] -- Up-to-date: /home/vboxuser/Ali_ws/install/orbbec_camera/share/orbbec_camera//examples/multi_camera_synced_verification_tool/multicamera_sync/output/20250218102900/results-2025-02-25_163648/matchFrames/7_ir_left_SNCP1E5420006D_Index0_1739874543427_[0].jpg
[1.013s] -- Up-to-date: /home/vboxuser/Ali_ws/install/orbbec_camera/share/orbbec_camera//examples/multi_camera_synced_verification_tool/multicamera_sync/output/20250218102900/results-2025-02-25_163648/matchFrames/6_color_SNCP1E5420006D_Index0_1739874543561_[1].jpg
[1.013s] -- Up-to-date: /home/vboxuser/Ali_ws/install/orbbec_camera/share/orbbec_camera//examples/multi_camera_synced_verification_tool/multicamera_sync/output/20250218102900/results-2025-02-25_163648/matchFrames/9_color_SNCP1L44P00051_Index1_1739874543393_[0].jpg
[1.013s] -- Up-to-date: /home/vboxuser/Ali_ws/install/orbbec_camera/share/orbbec_camera//examples/multi_camera_synced_verification_tool/multicamera_sync/output/20250218102900/results-2025-02-25_163648/matchFrames/10_ir_left_SNCP1L44P00051_Index1_1739874543227_[0].jpg
[1.013s] -- Up-to-date: /home/vboxuser/Ali_ws/install/orbbec_camera/share/orbbec_camera//examples/multi_camera_synced_verification_tool/multicamera_sync/output/20250218102900/results-2025-02-25_163648/matchFrames/1_ir_left_SNCP1L44P00051_Index1_1739874543494_[0].jpg
[1.013s] -- Up-to-date: /home/vboxuser/Ali_ws/install/orbbec_camera/share/orbbec_camera//examples/multi_camera_synced_verification_tool/multicamera_sync/output/20250218102900/results-2025-02-25_163648/matchFrames/2_ir_left_SNCP1L44P00051_Index1_1739874543460_[0].jpg
[1.013s] -- Up-to-date: /home/vboxuser/Ali_ws/install/orbbec_camera/share/orbbec_camera//examples/multi_camera_synced_verification_tool/multicamera_sync/output/20250218102900/results-2025-02-25_163648/matchFrames/7_ir_left_SNCP1L44P00051_Index1_1739874543427_[0].jpg
[1.013s] -- Up-to-date: /home/vboxuser/Ali_ws/install/orbbec_camera/share/orbbec_camera//examples/multi_camera_synced_verification_tool/multicamera_sync/output/20250218102900/results-2025-02-25_163648/matchFrames/0_ir_left_SNCP1L44P00051_Index1_1739874543527_[0].jpg
[1.013s] -- Up-to-date: /home/vboxuser/Ali_ws/install/orbbec_camera/share/orbbec_camera//examples/multi_camera_synced_verification_tool/multicamera_sync/output/20250218102900/results-2025-02-25_163648/matchFrames/2_color_SNCP1L44P00051_Index1_1739874543460_[0].jpg
[1.013s] -- Up-to-date: /home/vboxuser/Ali_ws/install/orbbec_camera/share/orbbec_camera//examples/lower_cpu_usage
[1.013s] -- Up-to-date: /home/vboxuser/Ali_ws/install/orbbec_camera/share/orbbec_camera//examples/lower_cpu_usage/gemini_330_series_lower_cpu_usage.launch.py
[1.013s] -- Up-to-date: /home/vboxuser/Ali_ws/install/orbbec_camera/share/orbbec_camera//examples/lower_cpu_usage/multi_camera_lower_cpu_usage.launch.py
[1.013s] -- Up-to-date: /home/vboxuser/Ali_ws/install/orbbec_camera/share/orbbec_camera//examples/gmsl_camera
[1.013s] -- Up-to-date: /home/vboxuser/Ali_ws/install/orbbec_camera/share/orbbec_camera//examples/gmsl_camera/gemini_330_gmsl.launch.py
[1.013s] -- Up-to-date: /home/vboxuser/Ali_ws/install/orbbec_camera/share/orbbec_camera//examples/gmsl_camera/multi_gmsl_camera.launch.py
[1.013s] -- Up-to-date: /home/vboxuser/Ali_ws/install/orbbec_camera/share/orbbec_camera//examples/gmsl_camera/multi_gmsl_camera_synced.launch.py
[1.014s] -- Up-to-date: /home/vboxuser/Ali_ws/install/orbbec_camera/share/orbbec_camera//examples/net_camera
[1.014s] -- Up-to-date: /home/vboxuser/Ali_ws/install/orbbec_camera/share/orbbec_camera//examples/net_camera/multi_net_camera.launch.py
[1.014s] -- Up-to-date: /home/vboxuser/Ali_ws/install/orbbec_camera/share/orbbec_camera//examples/benchmark
[1.014s] -- Up-to-date: /home/vboxuser/Ali_ws/install/orbbec_camera/share/orbbec_camera//examples/benchmark/ob_benchmark_1.launch.py
[1.014s] -- Up-to-date: /home/vboxuser/Ali_ws/install/orbbec_camera/share/orbbec_camera//examples/benchmark/ob_benchmark_0.launch.py
[1.014s] -- Up-to-date: /home/vboxuser/Ali_ws/install/orbbec_camera/share/orbbec_camera//examples/benchmark/gemini_330_series_benchmark.launch.py
[1.014s] -- Up-to-date: /home/vboxuser/Ali_ws/install/orbbec_camera/share/orbbec_camera//examples/multi_camera_time_sync
[1.014s] -- Up-to-date: /home/vboxuser/Ali_ws/install/orbbec_camera/share/orbbec_camera//examples/multi_camera_time_sync/image_sync_example_node.cpp
[1.014s] -- Up-to-date: /home/vboxuser/Ali_ws/install/orbbec_camera/include
[1.014s] -- Up-to-date: /home/vboxuser/Ali_ws/install/orbbec_camera/include/libobsensor
[1.014s] -- Up-to-date: /home/vboxuser/Ali_ws/install/orbbec_camera/include/libobsensor/hpp
[1.014s] -- Up-to-date: /home/vboxuser/Ali_ws/install/orbbec_camera/include/libobsensor/hpp/Filter.hpp
[1.014s] -- Up-to-date: /home/vboxuser/Ali_ws/install/orbbec_camera/include/libobsensor/hpp/Context.hpp
[1.014s] -- Up-to-date: /home/vboxuser/Ali_ws/install/orbbec_camera/include/libobsensor/hpp/Error.hpp
[1.014s] -- Up-to-date: /home/vboxuser/Ali_ws/install/orbbec_camera/include/libobsensor/hpp/StreamProfile.hpp
[1.014s] -- Up-to-date: /home/vboxuser/Ali_ws/install/orbbec_camera/include/libobsensor/hpp/Device.hpp
[1.014s] -- Up-to-date: /home/vboxuser/Ali_ws/install/orbbec_camera/include/libobsensor/hpp/Sensor.hpp
[1.014s] -- Up-to-date: /home/vboxuser/Ali_ws/install/orbbec_camera/include/libobsensor/hpp/Types.hpp
[1.014s] -- Up-to-date: /home/vboxuser/Ali_ws/install/orbbec_camera/include/libobsensor/hpp/Pipeline.hpp
[1.014s] -- Up-to-date: /home/vboxuser/Ali_ws/install/orbbec_camera/include/libobsensor/hpp/Frame.hpp
[1.014s] -- Up-to-date: /home/vboxuser/Ali_ws/install/orbbec_camera/include/libobsensor/hpp/RecordPlayback.hpp
[1.014s] -- Up-to-date: /home/vboxuser/Ali_ws/install/orbbec_camera/include/libobsensor/hpp/TypeHelper.hpp
[1.014s] -- Up-to-date: /home/vboxuser/Ali_ws/install/orbbec_camera/include/libobsensor/hpp/Utils.hpp
[1.014s] -- Up-to-date: /home/vboxuser/Ali_ws/install/orbbec_camera/include/libobsensor/hpp/Version.hpp
[1.014s] -- Up-to-date: /home/vboxuser/Ali_ws/install/orbbec_camera/include/libobsensor/ObSensor.hpp
[1.014s] -- Up-to-date: /home/vboxuser/Ali_ws/install/orbbec_camera/include/libobsensor/h
[1.014s] -- Up-to-date: /home/vboxuser/Ali_ws/install/orbbec_camera/include/libobsensor/h/Error.h
[1.015s] -- Up-to-date: /home/vboxuser/Ali_ws/install/orbbec_camera/include/libobsensor/h/Device.h
[1.015s] -- Up-to-date: /home/vboxuser/Ali_ws/install/orbbec_camera/include/libobsensor/h/Property.h
[1.015s] -- Up-to-date: /home/vboxuser/Ali_ws/install/orbbec_camera/include/libobsensor/h/TypeHelper.h
[1.015s] -- Up-to-date: /home/vboxuser/Ali_ws/install/orbbec_camera/include/libobsensor/h/StreamProfile.h
[1.015s] -- Up-to-date: /home/vboxuser/Ali_ws/install/orbbec_camera/include/libobsensor/h/Utils.h
[1.015s] -- Up-to-date: /home/vboxuser/Ali_ws/install/orbbec_camera/include/libobsensor/h/Pipeline.h
[1.015s] -- Up-to-date: /home/vboxuser/Ali_ws/install/orbbec_camera/include/libobsensor/h/ObTypes.h
[1.015s] -- Up-to-date: /home/vboxuser/Ali_ws/install/orbbec_camera/include/libobsensor/h/MultipleDevices.h
[1.015s] -- Up-to-date: /home/vboxuser/Ali_ws/install/orbbec_camera/include/libobsensor/h/Export.h
[1.015s] -- Up-to-date: /home/vboxuser/Ali_ws/install/orbbec_camera/include/libobsensor/h/Advanced.h
[1.015s] -- Up-to-date: /home/vboxuser/Ali_ws/install/orbbec_camera/include/libobsensor/h/Filter.h
[1.015s] -- Up-to-date: /home/vboxuser/Ali_ws/install/orbbec_camera/include/libobsensor/h/Frame.h
[1.015s] -- Up-to-date: /home/vboxuser/Ali_ws/install/orbbec_camera/include/libobsensor/h/Version.h
[1.015s] -- Up-to-date: /home/vboxuser/Ali_ws/install/orbbec_camera/include/libobsensor/h/Context.h
[1.015s] -- Up-to-date: /home/vboxuser/Ali_ws/install/orbbec_camera/include/libobsensor/h/RecordPlayback.h
[1.015s] -- Up-to-date: /home/vboxuser/Ali_ws/install/orbbec_camera/include/libobsensor/h/Sensor.h
[1.015s] -- Up-to-date: /home/vboxuser/Ali_ws/install/orbbec_camera/include/libobsensor/ObSensor.h
[1.016s] -- Up-to-date: /home/vboxuser/Ali_ws/install/orbbec_camera/lib/
[1.016s] -- Up-to-date: /home/vboxuser/Ali_ws/install/orbbec_camera/lib//libOrbbecSDK.so.2
[1.016s] -- Up-to-date: /home/vboxuser/Ali_ws/install/orbbec_camera/lib//extensions
[1.016s] -- Up-to-date: /home/vboxuser/Ali_ws/install/orbbec_camera/lib//extensions/depthengine
[1.016s] -- Up-to-date: /home/vboxuser/Ali_ws/install/orbbec_camera/lib//extensions/depthengine/libdepthengine.so
[1.016s] -- Up-to-date: /home/vboxuser/Ali_ws/install/orbbec_camera/lib//extensions/depthengine/libdepthengine.so.2.0
[1.016s] -- Up-to-date: /home/vboxuser/Ali_ws/install/orbbec_camera/lib//extensions/filters
[1.016s] -- Up-to-date: /home/vboxuser/Ali_ws/install/orbbec_camera/lib//extensions/filters/libob_priv_filter.so
[1.016s] -- Up-to-date: /home/vboxuser/Ali_ws/install/orbbec_camera/lib//extensions/filters/libFilterProcessor.so
[1.016s] -- Up-to-date: /home/vboxuser/Ali_ws/install/orbbec_camera/lib//extensions/frameprocessor
[1.016s] -- Up-to-date: /home/vboxuser/Ali_ws/install/orbbec_camera/lib//extensions/frameprocessor/libob_frame_processor.so
[1.016s] -- Up-to-date: /home/vboxuser/Ali_ws/install/orbbec_camera/lib//extensions/firmwareupdater
[1.016s] -- Up-to-date: /home/vboxuser/Ali_ws/install/orbbec_camera/lib//extensions/firmwareupdater/libfirmwareupdater.so
[1.016s] -- Up-to-date: /home/vboxuser/Ali_ws/install/orbbec_camera/lib//libOrbbecSDK.so
[1.016s] -- Up-to-date: /home/vboxuser/Ali_ws/install/orbbec_camera/lib//libOrbbecSDK.so.2.5.5
[1.016s] -- Up-to-date: /home/vboxuser/Ali_ws/install/orbbec_camera/lib/extensions/libdepthengine.so
[1.016s] -- Up-to-date: /home/vboxuser/Ali_ws/install/orbbec_camera/lib/extensions/libdepthengine.so.2.0
[1.016s] -- Up-to-date: /home/vboxuser/Ali_ws/install/orbbec_camera/lib/extensions/libFilterProcessor.so
[1.016s] -- Up-to-date: /home/vboxuser/Ali_ws/install/orbbec_camera/lib/extensions/libob_priv_filter.so
[1.016s] -- Up-to-date: /home/vboxuser/Ali_ws/install/orbbec_camera/lib/extensions/libfirmwareupdater.so
[1.017s] -- Up-to-date: /home/vboxuser/Ali_ws/install/orbbec_camera/lib/extensions/libob_frame_processor.so
[1.017s] -- Up-to-date: /home/vboxuser/Ali_ws/install/orbbec_camera/share/orbbec_camera/udev/99-obsensor-libusb.rules
[1.017s] -- Up-to-date: /home/vboxuser/Ali_ws/install/orbbec_camera/lib/orbbec_camera/list_devices_node
[1.017s] -- Up-to-date: /home/vboxuser/Ali_ws/install/orbbec_camera/lib/orbbec_camera/list_depth_work_mode_node
[1.024s] -- Up-to-date: /home/vboxuser/Ali_ws/install/orbbec_camera/lib/orbbec_camera/list_camera_profile_mode_node
[1.042s] -- Up-to-date: /home/vboxuser/Ali_ws/install/orbbec_camera/lib/orbbec_camera/topic_statistics_node
[1.043s] -- Up-to-date: /home/vboxuser/Ali_ws/install/orbbec_camera/lib/orbbec_camera/service_benchmark_node
[1.043s] -- Up-to-date: /home/vboxuser/Ali_ws/install/orbbec_camera/lib/orbbec_camera/ob_benchmark_node
[1.043s] -- Up-to-date: /home/vboxuser/Ali_ws/install/orbbec_camera/lib/orbbec_camera/435le_example_node
[1.043s] -- Up-to-date: /home/vboxuser/Ali_ws/install/orbbec_camera/lib/orbbec_camera/set_device_ip
[1.046s] -- Up-to-date: /home/vboxuser/Ali_ws/install/orbbec_camera/lib/orbbec_camera/image_sync_example_node
[1.046s] -- Up-to-date: /home/vboxuser/Ali_ws/install/orbbec_camera/share/orbbec_camera/environment/library_path.sh
[1.047s] -- Up-to-date: /home/vboxuser/Ali_ws/install/orbbec_camera/share/orbbec_camera/environment/library_path.dsv
[1.047s] -- Up-to-date: /home/vboxuser/Ali_ws/install/orbbec_camera/share/ament_index/resource_index/package_run_dependencies/orbbec_camera
[1.047s] -- Up-to-date: /home/vboxuser/Ali_ws/install/orbbec_camera/share/ament_index/resource_index/parent_prefix_path/orbbec_camera
[1.047s] -- Up-to-date: /home/vboxuser/Ali_ws/install/orbbec_camera/share/orbbec_camera/environment/ament_prefix_path.sh
[1.047s] -- Up-to-date: /home/vboxuser/Ali_ws/install/orbbec_camera/share/orbbec_camera/environment/ament_prefix_path.dsv
[1.047s] -- Up-to-date: /home/vboxuser/Ali_ws/install/orbbec_camera/share/orbbec_camera/environment/path.sh
[1.061s] -- Up-to-date: /home/vboxuser/Ali_ws/install/orbbec_camera/share/orbbec_camera/environment/path.dsv
[1.061s] -- Up-to-date: /home/vboxuser/Ali_ws/install/orbbec_camera/share/orbbec_camera/local_setup.bash
[1.061s] -- Up-to-date: /home/vboxuser/Ali_ws/install/orbbec_camera/share/orbbec_camera/local_setup.sh
[1.061s] -- Up-to-date: /home/vboxuser/Ali_ws/install/orbbec_camera/share/orbbec_camera/local_setup.zsh
[1.061s] -- Up-to-date: /home/vboxuser/Ali_ws/install/orbbec_camera/share/orbbec_camera/local_setup.dsv
[1.061s] -- Installing: /home/vboxuser/Ali_ws/install/orbbec_camera/share/orbbec_camera/package.dsv
[1.062s] -- Up-to-date: /home/vboxuser/Ali_ws/install/orbbec_camera/share/ament_index/resource_index/packages/orbbec_camera
[1.064s] -- Up-to-date: /home/vboxuser/Ali_ws/install/orbbec_camera/share/ament_index/resource_index/rclcpp_components/orbbec_camera
[1.065s] -- Up-to-date: /home/vboxuser/Ali_ws/install/orbbec_camera/share/orbbec_camera/cmake/ament_cmake_export_include_directories-extras.cmake
[1.065s] -- Up-to-date: /home/vboxuser/Ali_ws/install/orbbec_camera/share/orbbec_camera/cmake/ament_cmake_export_libraries-extras.cmake
[1.065s] -- Up-to-date: /home/vboxuser/Ali_ws/install/orbbec_camera/share/orbbec_camera/cmake/ament_cmake_export_dependencies-extras.cmake
[1.065s] -- Up-to-date: /home/vboxuser/Ali_ws/install/orbbec_camera/share/orbbec_camera/cmake/orbbec_cameraConfig.cmake
[1.065s] -- Up-to-date: /home/vboxuser/Ali_ws/install/orbbec_camera/share/orbbec_camera/cmake/orbbec_cameraConfig-version.cmake
[1.065s] -- Up-to-date: /home/vboxuser/Ali_ws/install/orbbec_camera/share/orbbec_camera/package.xml
[1.092s] Invoked command in '/home/vboxuser/Ali_ws/build/orbbec_camera' returned '0': AMENT_PREFIX_PATH=/home/vboxuser/Ali_ws/install/orbbec_camera_msgs:${AMENT_PREFIX_PATH} CMAKE_PREFIX_PATH=/home/vboxuser/Ali_ws/install/orbbec_camera_msgs:/opt/ros/humble LD_LIBRARY_PATH=/home/vboxuser/Ali_ws/install/orbbec_camera_msgs/lib:${LD_LIBRARY_PATH} PYTHONPATH=/home/vboxuser/Ali_ws/install/orbbec_camera_msgs/local/lib/python3.10/dist-packages:${PYTHONPATH} /usr/bin/cmake --install /home/vboxuser/Ali_ws/build/orbbec_camera
