[0.104s] Invoking command in '/home/vboxuser/Ali_ws/build/linkattacher_msgs': CMAKE_PREFIX_PATH=${CMAKE_PREFIX_PATH}:/opt/ros/humble:/home/vboxuser/Ali_ws/install/uf_ros_lib /usr/bin/cmake /home/vboxuser/Ali_ws/src/IFRA_LinkAttacher/linkattacher_msgs -DCMAKE_INSTALL_PREFIX=/home/vboxuser/Ali_ws/install/linkattacher_msgs
[0.702s] -- The C compiler identification is GNU 11.4.0
[1.952s] -- The CXX compiler identification is GNU 11.4.0
[1.979s] -- Detecting C compiler ABI info
[2.907s] -- Detecting C compiler ABI info - done
[2.907s] -- Check for working C compiler: /usr/bin/cc - skipped
[2.907s] -- Detecting C compile features
[2.907s] -- Detecting C compile features - done
[2.907s] -- Detecting CXX compiler ABI info
[3.186s] -- Detecting CXX compiler ABI info - done
[3.209s] -- Check for working CXX compiler: /usr/bin/c++ - skipped
[3.209s] -- Detecting CXX compile features
[3.210s] -- Detecting CXX compile features - done
[3.216s] -- Found ament_cmake: 1.3.12 (/opt/ros/humble/share/ament_cmake/cmake)
[5.963s] -- Found Python3: /usr/bin/python3 (found version "3.10.12") found components: Interpreter 
[6.469s] -- Found ament_lint_auto: 0.12.14 (/opt/ros/humble/share/ament_lint_auto/cmake)
[7.409s] -- Found rosidl_default_generators: 1.2.0 (/opt/ros/humble/share/rosidl_default_generators/cmake)
[7.410s] -- Using all available rosidl_typesupport_c: rosidl_typesupport_fastrtps_c;rosidl_typesupport_introspection_c
[7.410s] -- Found rosidl_adapter: 3.1.7 (/opt/ros/humble/share/rosidl_adapter/cmake)
[7.410s] -- Using all available rosidl_typesupport_cpp: rosidl_typesupport_fastrtps_cpp;rosidl_typesupport_introspection_cpp
[8.878s] -- Found ament_cmake_ros: 0.10.0 (/opt/ros/humble/share/ament_cmake_ros/cmake)
[10.814s] -- Using all available rosidl_typesupport_c: rosidl_typesupport_fastrtps_c;rosidl_typesupport_introspection_c
[12.419s] -- Using all available rosidl_typesupport_cpp: rosidl_typesupport_fastrtps_cpp;rosidl_typesupport_introspection_cpp
[12.570s] -- Found PythonInterp: /usr/bin/python3 (found suitable version "3.10.12", minimum required is "3.6") 
[12.595s] -- Found python_cmake_module: 0.10.0 (/opt/ros/humble/share/python_cmake_module/cmake)
[12.728s] -- Found PythonLibs: /usr/lib/x86_64-linux-gnu/libpython3.10.so (found suitable version "3.10.12", minimum required is "3.5") 
[12.728s] -- Using PYTHON_EXECUTABLE: /usr/bin/python3
[12.728s] -- Using PYTHON_INCLUDE_DIRS: /usr/include/python3.10
[12.728s] -- Using PYTHON_LIBRARIES: /usr/lib/x86_64-linux-gnu/libpython3.10.so
[12.879s] -- Found PythonExtra: .so  
[12.944s] -- Added test 'copyright' to check source files copyright and LICENSE
[12.949s] -- Added test 'lint_cmake' to check CMake code style
[12.968s] -- Added test 'xmllint' to check XML markup files
[12.969s] -- Configuring done
[13.009s] -- Generating done
[13.019s] -- Build files have been written to: /home/vboxuser/Ali_ws/build/linkattacher_msgs
[13.432s] Invoked command in '/home/vboxuser/Ali_ws/build/linkattacher_msgs' returned '0': CMAKE_PREFIX_PATH=${CMAKE_PREFIX_PATH}:/opt/ros/humble:/home/vboxuser/Ali_ws/install/uf_ros_lib /usr/bin/cmake /home/vboxuser/Ali_ws/src/IFRA_LinkAttacher/linkattacher_msgs -DCMAKE_INSTALL_PREFIX=/home/vboxuser/Ali_ws/install/linkattacher_msgs
[13.433s] Invoking command in '/home/vboxuser/Ali_ws/build/linkattacher_msgs': CMAKE_PREFIX_PATH=${CMAKE_PREFIX_PATH}:/opt/ros/humble:/home/vboxuser/Ali_ws/install/uf_ros_lib /usr/bin/cmake --build /home/vboxuser/Ali_ws/build/linkattacher_msgs -- -j4 -l4
[13.548s] [  2%] [34m[1mGenerating C++ code for ROS interfaces[0m
[15.173s] [  2%] Built target linkattacher_msgs__cpp
[15.265s] [  2%] Built target ament_cmake_python_copy_linkattacher_msgs
[15.324s] [  5%] [34m[1mGenerating C++ type support dispatch for ROS interfaces[0m
[16.471s] [  7%] [32mBuilding CXX object CMakeFiles/linkattacher_msgs__rosidl_typesupport_cpp.dir/rosidl_typesupport_cpp/linkattacher_msgs/srv/attach_link__type_support.cpp.o[0m
[17.453s] [ 10%] [32mBuilding CXX object CMakeFiles/linkattacher_msgs__rosidl_typesupport_cpp.dir/rosidl_typesupport_cpp/linkattacher_msgs/srv/detach_link__type_support.cpp.o[0m
[17.842s] [ 12%] [32m[1mLinking CXX shared library liblinkattacher_msgs__rosidl_typesupport_cpp.so[0m
[18.028s] [ 12%] Built target linkattacher_msgs__rosidl_typesupport_cpp
[18.106s] [ 15%] [34m[1mGenerating C++ type support for eProsima Fast-RTPS[0m
[18.869s] [ 17%] [32mBuilding CXX object CMakeFiles/linkattacher_msgs__rosidl_typesupport_fastrtps_cpp.dir/rosidl_typesupport_fastrtps_cpp/linkattacher_msgs/srv/detail/dds_fastrtps/attach_link__type_support.cpp.o[0m
[19.585s] [ 20%] [32mBuilding CXX object CMakeFiles/linkattacher_msgs__rosidl_typesupport_fastrtps_cpp.dir/rosidl_typesupport_fastrtps_cpp/linkattacher_msgs/srv/detail/dds_fastrtps/detach_link__type_support.cpp.o[0m
[20.650s] [ 23%] [32m[1mLinking CXX shared library liblinkattacher_msgs__rosidl_typesupport_fastrtps_cpp.so[0m
[20.837s] [ 23%] Built target linkattacher_msgs__rosidl_typesupport_fastrtps_cpp
[21.260s] running egg_info
[21.276s] creating linkattacher_msgs.egg-info
[21.277s] writing linkattacher_msgs.egg-info/PKG-INFO
[21.277s] writing dependency_links to linkattacher_msgs.egg-info/dependency_links.txt
[21.278s] writing top-level names to linkattacher_msgs.egg-info/top_level.txt
[21.278s] writing manifest file 'linkattacher_msgs.egg-info/SOURCES.txt'
[21.324s] reading manifest file 'linkattacher_msgs.egg-info/SOURCES.txt'
[21.324s] writing manifest file 'linkattacher_msgs.egg-info/SOURCES.txt'
[21.428s] [ 23%] Built target ament_cmake_python_build_linkattacher_msgs_egg
[21.536s] [ 25%] [34m[1mGenerating C++ introspection for ROS interfaces[0m
[22.246s] [ 28%] [32mBuilding CXX object CMakeFiles/linkattacher_msgs__rosidl_typesupport_introspection_cpp.dir/rosidl_typesupport_introspection_cpp/linkattacher_msgs/srv/detail/attach_link__type_support.cpp.o[0m
[23.177s] [ 30%] [32mBuilding CXX object CMakeFiles/linkattacher_msgs__rosidl_typesupport_introspection_cpp.dir/rosidl_typesupport_introspection_cpp/linkattacher_msgs/srv/detail/detach_link__type_support.cpp.o[0m
[24.879s] [ 33%] [32m[1mLinking CXX shared library liblinkattacher_msgs__rosidl_typesupport_introspection_cpp.so[0m
[25.204s] [ 33%] Built target linkattacher_msgs__rosidl_typesupport_introspection_cpp
[25.275s] [ 35%] [34m[1mGenerating C code for ROS interfaces[0m
[26.672s] [ 38%] [32mBuilding C object CMakeFiles/linkattacher_msgs__rosidl_generator_c.dir/rosidl_generator_c/linkattacher_msgs/srv/detail/attach_link__functions.c.o[0m
[26.772s] [ 41%] [32mBuilding C object CMakeFiles/linkattacher_msgs__rosidl_generator_c.dir/rosidl_generator_c/linkattacher_msgs/srv/detail/detach_link__functions.c.o[0m
[26.874s] [ 43%] [32m[1mLinking C shared library liblinkattacher_msgs__rosidl_generator_c.so[0m
[26.980s] [ 43%] Built target linkattacher_msgs__rosidl_generator_c
[27.009s] [ 46%] [34m[1mGenerating C type support for eProsima Fast-RTPS[0m
[27.681s] [ 48%] [32mBuilding CXX object CMakeFiles/linkattacher_msgs__rosidl_typesupport_fastrtps_c.dir/rosidl_typesupport_fastrtps_c/linkattacher_msgs/srv/detail/attach_link__type_support_c.cpp.o[0m
[28.238s] [ 51%] [32mBuilding CXX object CMakeFiles/linkattacher_msgs__rosidl_typesupport_fastrtps_c.dir/rosidl_typesupport_fastrtps_c/linkattacher_msgs/srv/detail/detach_link__type_support_c.cpp.o[0m
[28.994s] [ 53%] [32m[1mLinking CXX shared library liblinkattacher_msgs__rosidl_typesupport_fastrtps_c.so[0m
[29.164s] [ 53%] Built target linkattacher_msgs__rosidl_typesupport_fastrtps_c
[29.193s] [ 56%] [34m[1mGenerating C type support dispatch for ROS interfaces[0m
[29.712s] [ 58%] [32mBuilding CXX object CMakeFiles/linkattacher_msgs__rosidl_typesupport_c.dir/rosidl_typesupport_c/linkattacher_msgs/srv/attach_link__type_support.cpp.o[0m
[29.805s] [ 61%] [32mBuilding CXX object CMakeFiles/linkattacher_msgs__rosidl_typesupport_c.dir/rosidl_typesupport_c/linkattacher_msgs/srv/detach_link__type_support.cpp.o[0m
[29.861s] [ 64%] [32m[1mLinking CXX shared library liblinkattacher_msgs__rosidl_typesupport_c.so[0m
[29.997s] [ 64%] Built target linkattacher_msgs__rosidl_typesupport_c
[30.023s] [ 66%] [34m[1mGenerating C introspection for ROS interfaces[0m
[30.570s] [ 69%] [32mBuilding C object CMakeFiles/linkattacher_msgs__rosidl_typesupport_introspection_c.dir/rosidl_typesupport_introspection_c/linkattacher_msgs/srv/detail/attach_link__type_support.c.o[0m
[30.691s] [ 71%] [32mBuilding C object CMakeFiles/linkattacher_msgs__rosidl_typesupport_introspection_c.dir/rosidl_typesupport_introspection_c/linkattacher_msgs/srv/detail/detach_link__type_support.c.o[0m
[30.751s] [ 74%] [32m[1mLinking C shared library liblinkattacher_msgs__rosidl_typesupport_introspection_c.so[0m
[30.815s] [ 74%] Built target linkattacher_msgs__rosidl_typesupport_introspection_c
[30.861s] [ 74%] Built target linkattacher_msgs
[30.922s] [ 76%] [34m[1mGenerating Python code for ROS interfaces[0m
[31.847s] [ 76%] Built target linkattacher_msgs__py
[31.916s] [ 79%] [32mBuilding C object CMakeFiles/linkattacher_msgs__rosidl_generator_py.dir/rosidl_generator_py/linkattacher_msgs/srv/_attach_link_s.c.o[0m
[32.238s] [ 82%] [32mBuilding C object CMakeFiles/linkattacher_msgs__rosidl_generator_py.dir/rosidl_generator_py/linkattacher_msgs/srv/_detach_link_s.c.o[0m
[32.507s] [ 84%] [32m[1mLinking C shared library rosidl_generator_py/linkattacher_msgs/liblinkattacher_msgs__rosidl_generator_py.so[0m
[32.558s] [ 84%] Built target linkattacher_msgs__rosidl_generator_py
[32.619s] [ 87%] [32mBuilding C object CMakeFiles/linkattacher_msgs__rosidl_typesupport_fastrtps_c__pyext.dir/rosidl_generator_py/linkattacher_msgs/_linkattacher_msgs_s.ep.rosidl_typesupport_fastrtps_c.c.o[0m
[32.754s] [ 89%] [32m[1mLinking C shared library rosidl_generator_py/linkattacher_msgs/linkattacher_msgs_s__rosidl_typesupport_fastrtps_c.cpython-310-x86_64-linux-gnu.so[0m
[32.804s] [ 89%] Built target linkattacher_msgs__rosidl_typesupport_fastrtps_c__pyext
[32.839s] [ 92%] [32mBuilding C object CMakeFiles/linkattacher_msgs__rosidl_typesupport_c__pyext.dir/rosidl_generator_py/linkattacher_msgs/_linkattacher_msgs_s.ep.rosidl_typesupport_c.c.o[0m
[32.946s] [ 94%] [32m[1mLinking C shared library rosidl_generator_py/linkattacher_msgs/linkattacher_msgs_s__rosidl_typesupport_c.cpython-310-x86_64-linux-gnu.so[0m
[32.987s] [ 94%] Built target linkattacher_msgs__rosidl_typesupport_c__pyext
[33.189s] [ 97%] [32mBuilding C object CMakeFiles/linkattacher_msgs__rosidl_typesupport_introspection_c__pyext.dir/rosidl_generator_py/linkattacher_msgs/_linkattacher_msgs_s.ep.rosidl_typesupport_introspection_c.c.o[0m
[33.189s] [100%] [32m[1mLinking C shared library rosidl_generator_py/linkattacher_msgs/linkattacher_msgs_s__rosidl_typesupport_introspection_c.cpython-310-x86_64-linux-gnu.so[0m
[33.244s] [100%] Built target linkattacher_msgs__rosidl_typesupport_introspection_c__pyext
[33.262s] Invoked command in '/home/vboxuser/Ali_ws/build/linkattacher_msgs' returned '0': CMAKE_PREFIX_PATH=${CMAKE_PREFIX_PATH}:/opt/ros/humble:/home/vboxuser/Ali_ws/install/uf_ros_lib /usr/bin/cmake --build /home/vboxuser/Ali_ws/build/linkattacher_msgs -- -j4 -l4
[33.265s] Invoking command in '/home/vboxuser/Ali_ws/build/linkattacher_msgs': CMAKE_PREFIX_PATH=${CMAKE_PREFIX_PATH}:/opt/ros/humble:/home/vboxuser/Ali_ws/install/uf_ros_lib /usr/bin/cmake --install /home/vboxuser/Ali_ws/build/linkattacher_msgs
[33.276s] -- Install configuration: ""
[33.276s] -- Installing: /home/vboxuser/Ali_ws/install/linkattacher_msgs/share/linkattacher_msgs/srv
[33.277s] -- Installing: /home/vboxuser/Ali_ws/install/linkattacher_msgs/share/linkattacher_msgs/srv/DetachLink.srv
[33.277s] -- Installing: /home/vboxuser/Ali_ws/install/linkattacher_msgs/share/linkattacher_msgs/srv/AttachLink.srv
[33.278s] -- Installing: /home/vboxuser/Ali_ws/install/linkattacher_msgs/share/ament_index/resource_index/rosidl_interfaces/linkattacher_msgs
[33.278s] -- Installing: /home/vboxuser/Ali_ws/install/linkattacher_msgs/include/linkattacher_msgs/linkattacher_msgs
[33.279s] -- Installing: /home/vboxuser/Ali_ws/install/linkattacher_msgs/include/linkattacher_msgs/linkattacher_msgs/srv
[33.279s] -- Installing: /home/vboxuser/Ali_ws/install/linkattacher_msgs/include/linkattacher_msgs/linkattacher_msgs/srv/detach_link.h
[33.280s] -- Installing: /home/vboxuser/Ali_ws/install/linkattacher_msgs/include/linkattacher_msgs/linkattacher_msgs/srv/detail
[33.280s] -- Installing: /home/vboxuser/Ali_ws/install/linkattacher_msgs/include/linkattacher_msgs/linkattacher_msgs/srv/detail/attach_link__struct.h
[33.281s] -- Installing: /home/vboxuser/Ali_ws/install/linkattacher_msgs/include/linkattacher_msgs/linkattacher_msgs/srv/detail/attach_link__functions.c
[33.281s] -- Installing: /home/vboxuser/Ali_ws/install/linkattacher_msgs/include/linkattacher_msgs/linkattacher_msgs/srv/detail/attach_link__type_support.h
[33.282s] -- Installing: /home/vboxuser/Ali_ws/install/linkattacher_msgs/include/linkattacher_msgs/linkattacher_msgs/srv/detail/detach_link__functions.h
[33.283s] -- Installing: /home/vboxuser/Ali_ws/install/linkattacher_msgs/include/linkattacher_msgs/linkattacher_msgs/srv/detail/detach_link__type_support.h
[33.283s] -- Installing: /home/vboxuser/Ali_ws/install/linkattacher_msgs/include/linkattacher_msgs/linkattacher_msgs/srv/detail/detach_link__struct.h
[33.370s] -- Installing: /home/vboxuser/Ali_ws/install/linkattacher_msgs/include/linkattacher_msgs/linkattacher_msgs/srv/detail/detach_link__functions.c
[33.370s] -- Installing: /home/vboxuser/Ali_ws/install/linkattacher_msgs/include/linkattacher_msgs/linkattacher_msgs/srv/detail/attach_link__functions.h
[33.371s] -- Installing: /home/vboxuser/Ali_ws/install/linkattacher_msgs/include/linkattacher_msgs/linkattacher_msgs/srv/attach_link.h
[33.371s] -- Installing: /home/vboxuser/Ali_ws/install/linkattacher_msgs/include/linkattacher_msgs/linkattacher_msgs/msg
[33.371s] -- Installing: /home/vboxuser/Ali_ws/install/linkattacher_msgs/include/linkattacher_msgs/linkattacher_msgs/msg/rosidl_generator_c__visibility_control.h
[33.371s] -- Installing: /home/vboxuser/Ali_ws/install/linkattacher_msgs/share/linkattacher_msgs/environment/library_path.sh
[33.371s] -- Installing: /home/vboxuser/Ali_ws/install/linkattacher_msgs/share/linkattacher_msgs/environment/library_path.dsv
[33.372s] -- Installing: /home/vboxuser/Ali_ws/install/linkattacher_msgs/lib/liblinkattacher_msgs__rosidl_generator_c.so
[33.372s] -- Set runtime path of "/home/vboxuser/Ali_ws/install/linkattacher_msgs/lib/liblinkattacher_msgs__rosidl_generator_c.so" to ""
[33.372s] -- Up-to-date: /home/vboxuser/Ali_ws/install/linkattacher_msgs/include/linkattacher_msgs/linkattacher_msgs
[33.372s] -- Up-to-date: /home/vboxuser/Ali_ws/install/linkattacher_msgs/include/linkattacher_msgs/linkattacher_msgs/srv
[33.372s] -- Up-to-date: /home/vboxuser/Ali_ws/install/linkattacher_msgs/include/linkattacher_msgs/linkattacher_msgs/srv/detail
[33.372s] -- Installing: /home/vboxuser/Ali_ws/install/linkattacher_msgs/include/linkattacher_msgs/linkattacher_msgs/srv/detail/attach_link__rosidl_typesupport_fastrtps_c.h
[33.372s] -- Installing: /home/vboxuser/Ali_ws/install/linkattacher_msgs/include/linkattacher_msgs/linkattacher_msgs/srv/detail/detach_link__rosidl_typesupport_fastrtps_c.h
[33.372s] -- Up-to-date: /home/vboxuser/Ali_ws/install/linkattacher_msgs/include/linkattacher_msgs/linkattacher_msgs/msg
[33.372s] -- Installing: /home/vboxuser/Ali_ws/install/linkattacher_msgs/include/linkattacher_msgs/linkattacher_msgs/msg/rosidl_typesupport_fastrtps_c__visibility_control.h
[33.372s] -- Installing: /home/vboxuser/Ali_ws/install/linkattacher_msgs/lib/liblinkattacher_msgs__rosidl_typesupport_fastrtps_c.so
[33.372s] -- Set runtime path of "/home/vboxuser/Ali_ws/install/linkattacher_msgs/lib/liblinkattacher_msgs__rosidl_typesupport_fastrtps_c.so" to ""
[33.372s] -- Up-to-date: /home/vboxuser/Ali_ws/install/linkattacher_msgs/include/linkattacher_msgs/linkattacher_msgs
[33.372s] -- Up-to-date: /home/vboxuser/Ali_ws/install/linkattacher_msgs/include/linkattacher_msgs/linkattacher_msgs/srv
[33.372s] -- Up-to-date: /home/vboxuser/Ali_ws/install/linkattacher_msgs/include/linkattacher_msgs/linkattacher_msgs/srv/detail
[33.372s] -- Installing: /home/vboxuser/Ali_ws/install/linkattacher_msgs/include/linkattacher_msgs/linkattacher_msgs/srv/detail/attach_link__type_support.c
[33.372s] -- Installing: /home/vboxuser/Ali_ws/install/linkattacher_msgs/include/linkattacher_msgs/linkattacher_msgs/srv/detail/detach_link__type_support.c
[33.372s] -- Installing: /home/vboxuser/Ali_ws/install/linkattacher_msgs/include/linkattacher_msgs/linkattacher_msgs/srv/detail/attach_link__rosidl_typesupport_introspection_c.h
[33.373s] -- Installing: /home/vboxuser/Ali_ws/install/linkattacher_msgs/include/linkattacher_msgs/linkattacher_msgs/srv/detail/detach_link__rosidl_typesupport_introspection_c.h
[33.373s] -- Up-to-date: /home/vboxuser/Ali_ws/install/linkattacher_msgs/include/linkattacher_msgs/linkattacher_msgs/msg
[33.373s] -- Installing: /home/vboxuser/Ali_ws/install/linkattacher_msgs/include/linkattacher_msgs/linkattacher_msgs/msg/rosidl_typesupport_introspection_c__visibility_control.h
[33.373s] -- Installing: /home/vboxuser/Ali_ws/install/linkattacher_msgs/lib/liblinkattacher_msgs__rosidl_typesupport_introspection_c.so
[33.373s] -- Set runtime path of "/home/vboxuser/Ali_ws/install/linkattacher_msgs/lib/liblinkattacher_msgs__rosidl_typesupport_introspection_c.so" to ""
[33.373s] -- Installing: /home/vboxuser/Ali_ws/install/linkattacher_msgs/lib/liblinkattacher_msgs__rosidl_typesupport_c.so
[33.373s] -- Set runtime path of "/home/vboxuser/Ali_ws/install/linkattacher_msgs/lib/liblinkattacher_msgs__rosidl_typesupport_c.so" to ""
[33.373s] -- Up-to-date: /home/vboxuser/Ali_ws/install/linkattacher_msgs/include/linkattacher_msgs/linkattacher_msgs
[33.373s] -- Up-to-date: /home/vboxuser/Ali_ws/install/linkattacher_msgs/include/linkattacher_msgs/linkattacher_msgs/srv
[33.373s] -- Up-to-date: /home/vboxuser/Ali_ws/install/linkattacher_msgs/include/linkattacher_msgs/linkattacher_msgs/srv/detail
[33.373s] -- Installing: /home/vboxuser/Ali_ws/install/linkattacher_msgs/include/linkattacher_msgs/linkattacher_msgs/srv/detail/detach_link__type_support.hpp
[33.373s] -- Installing: /home/vboxuser/Ali_ws/install/linkattacher_msgs/include/linkattacher_msgs/linkattacher_msgs/srv/detail/attach_link__type_support.hpp
[33.373s] -- Installing: /home/vboxuser/Ali_ws/install/linkattacher_msgs/include/linkattacher_msgs/linkattacher_msgs/srv/detail/attach_link__traits.hpp
[33.373s] -- Installing: /home/vboxuser/Ali_ws/install/linkattacher_msgs/include/linkattacher_msgs/linkattacher_msgs/srv/detail/detach_link__traits.hpp
[33.373s] -- Installing: /home/vboxuser/Ali_ws/install/linkattacher_msgs/include/linkattacher_msgs/linkattacher_msgs/srv/detail/attach_link__struct.hpp
[33.373s] -- Installing: /home/vboxuser/Ali_ws/install/linkattacher_msgs/include/linkattacher_msgs/linkattacher_msgs/srv/detail/detach_link__builder.hpp
[33.373s] -- Installing: /home/vboxuser/Ali_ws/install/linkattacher_msgs/include/linkattacher_msgs/linkattacher_msgs/srv/detail/detach_link__struct.hpp
[33.373s] -- Installing: /home/vboxuser/Ali_ws/install/linkattacher_msgs/include/linkattacher_msgs/linkattacher_msgs/srv/detail/attach_link__builder.hpp
[33.373s] -- Installing: /home/vboxuser/Ali_ws/install/linkattacher_msgs/include/linkattacher_msgs/linkattacher_msgs/srv/detach_link.hpp
[33.373s] -- Installing: /home/vboxuser/Ali_ws/install/linkattacher_msgs/include/linkattacher_msgs/linkattacher_msgs/srv/attach_link.hpp
[33.373s] -- Up-to-date: /home/vboxuser/Ali_ws/install/linkattacher_msgs/include/linkattacher_msgs/linkattacher_msgs/msg
[33.373s] -- Installing: /home/vboxuser/Ali_ws/install/linkattacher_msgs/include/linkattacher_msgs/linkattacher_msgs/msg/rosidl_generator_cpp__visibility_control.hpp
[33.373s] -- Up-to-date: /home/vboxuser/Ali_ws/install/linkattacher_msgs/include/linkattacher_msgs/linkattacher_msgs
[33.373s] -- Up-to-date: /home/vboxuser/Ali_ws/install/linkattacher_msgs/include/linkattacher_msgs/linkattacher_msgs/srv
[33.373s] -- Up-to-date: /home/vboxuser/Ali_ws/install/linkattacher_msgs/include/linkattacher_msgs/linkattacher_msgs/srv/detail
[33.373s] -- Installing: /home/vboxuser/Ali_ws/install/linkattacher_msgs/include/linkattacher_msgs/linkattacher_msgs/srv/detail/dds_fastrtps
[33.373s] -- Installing: /home/vboxuser/Ali_ws/install/linkattacher_msgs/include/linkattacher_msgs/linkattacher_msgs/srv/detail/attach_link__rosidl_typesupport_fastrtps_cpp.hpp
[33.373s] -- Installing: /home/vboxuser/Ali_ws/install/linkattacher_msgs/include/linkattacher_msgs/linkattacher_msgs/srv/detail/detach_link__rosidl_typesupport_fastrtps_cpp.hpp
[33.373s] -- Up-to-date: /home/vboxuser/Ali_ws/install/linkattacher_msgs/include/linkattacher_msgs/linkattacher_msgs/msg
[33.373s] -- Installing: /home/vboxuser/Ali_ws/install/linkattacher_msgs/include/linkattacher_msgs/linkattacher_msgs/msg/rosidl_typesupport_fastrtps_cpp__visibility_control.h
[33.373s] -- Installing: /home/vboxuser/Ali_ws/install/linkattacher_msgs/lib/liblinkattacher_msgs__rosidl_typesupport_fastrtps_cpp.so
[33.374s] -- Set runtime path of "/home/vboxuser/Ali_ws/install/linkattacher_msgs/lib/liblinkattacher_msgs__rosidl_typesupport_fastrtps_cpp.so" to ""
[33.374s] -- Up-to-date: /home/vboxuser/Ali_ws/install/linkattacher_msgs/include/linkattacher_msgs/linkattacher_msgs
[33.374s] -- Up-to-date: /home/vboxuser/Ali_ws/install/linkattacher_msgs/include/linkattacher_msgs/linkattacher_msgs/srv
[33.374s] -- Up-to-date: /home/vboxuser/Ali_ws/install/linkattacher_msgs/include/linkattacher_msgs/linkattacher_msgs/srv/detail
[33.374s] -- Installing: /home/vboxuser/Ali_ws/install/linkattacher_msgs/include/linkattacher_msgs/linkattacher_msgs/srv/detail/detach_link__rosidl_typesupport_introspection_cpp.hpp
[33.374s] -- Installing: /home/vboxuser/Ali_ws/install/linkattacher_msgs/include/linkattacher_msgs/linkattacher_msgs/srv/detail/detach_link__type_support.cpp
[33.374s] -- Installing: /home/vboxuser/Ali_ws/install/linkattacher_msgs/include/linkattacher_msgs/linkattacher_msgs/srv/detail/attach_link__rosidl_typesupport_introspection_cpp.hpp
[33.374s] -- Installing: /home/vboxuser/Ali_ws/install/linkattacher_msgs/include/linkattacher_msgs/linkattacher_msgs/srv/detail/attach_link__type_support.cpp
[33.374s] -- Installing: /home/vboxuser/Ali_ws/install/linkattacher_msgs/lib/liblinkattacher_msgs__rosidl_typesupport_introspection_cpp.so
[33.374s] -- Set runtime path of "/home/vboxuser/Ali_ws/install/linkattacher_msgs/lib/liblinkattacher_msgs__rosidl_typesupport_introspection_cpp.so" to ""
[33.374s] -- Installing: /home/vboxuser/Ali_ws/install/linkattacher_msgs/lib/liblinkattacher_msgs__rosidl_typesupport_cpp.so
[33.374s] -- Set runtime path of "/home/vboxuser/Ali_ws/install/linkattacher_msgs/lib/liblinkattacher_msgs__rosidl_typesupport_cpp.so" to ""
[33.374s] -- Installing: /home/vboxuser/Ali_ws/install/linkattacher_msgs/share/linkattacher_msgs/environment/pythonpath.sh
[33.374s] -- Installing: /home/vboxuser/Ali_ws/install/linkattacher_msgs/share/linkattacher_msgs/environment/pythonpath.dsv
[33.374s] -- Installing: /home/vboxuser/Ali_ws/install/linkattacher_msgs/local/lib/python3.10/dist-packages/linkattacher_msgs-0.0.0-py3.10.egg-info
[33.374s] -- Installing: /home/vboxuser/Ali_ws/install/linkattacher_msgs/local/lib/python3.10/dist-packages/linkattacher_msgs-0.0.0-py3.10.egg-info/SOURCES.txt
[33.374s] -- Installing: /home/vboxuser/Ali_ws/install/linkattacher_msgs/local/lib/python3.10/dist-packages/linkattacher_msgs-0.0.0-py3.10.egg-info/top_level.txt
[33.374s] -- Installing: /home/vboxuser/Ali_ws/install/linkattacher_msgs/local/lib/python3.10/dist-packages/linkattacher_msgs-0.0.0-py3.10.egg-info/PKG-INFO
[33.374s] -- Installing: /home/vboxuser/Ali_ws/install/linkattacher_msgs/local/lib/python3.10/dist-packages/linkattacher_msgs-0.0.0-py3.10.egg-info/dependency_links.txt
[33.374s] -- Installing: /home/vboxuser/Ali_ws/install/linkattacher_msgs/local/lib/python3.10/dist-packages/linkattacher_msgs
[33.374s] -- Installing: /home/vboxuser/Ali_ws/install/linkattacher_msgs/local/lib/python3.10/dist-packages/linkattacher_msgs/_linkattacher_msgs_s.ep.rosidl_typesupport_introspection_c.c
[33.374s] -- Installing: /home/vboxuser/Ali_ws/install/linkattacher_msgs/local/lib/python3.10/dist-packages/linkattacher_msgs/linkattacher_msgs_s__rosidl_typesupport_fastrtps_c.cpython-310-x86_64-linux-gnu.so
[33.374s] -- Installing: /home/vboxuser/Ali_ws/install/linkattacher_msgs/local/lib/python3.10/dist-packages/linkattacher_msgs/liblinkattacher_msgs__rosidl_generator_py.so
[33.374s] -- Installing: /home/vboxuser/Ali_ws/install/linkattacher_msgs/local/lib/python3.10/dist-packages/linkattacher_msgs/srv
[33.374s] -- Installing: /home/vboxuser/Ali_ws/install/linkattacher_msgs/local/lib/python3.10/dist-packages/linkattacher_msgs/srv/_attach_link_s.c
[33.374s] -- Installing: /home/vboxuser/Ali_ws/install/linkattacher_msgs/local/lib/python3.10/dist-packages/linkattacher_msgs/srv/_detach_link.py
[33.374s] -- Installing: /home/vboxuser/Ali_ws/install/linkattacher_msgs/local/lib/python3.10/dist-packages/linkattacher_msgs/srv/_detach_link_s.c
[33.374s] -- Installing: /home/vboxuser/Ali_ws/install/linkattacher_msgs/local/lib/python3.10/dist-packages/linkattacher_msgs/srv/_attach_link.py
[33.374s] -- Installing: /home/vboxuser/Ali_ws/install/linkattacher_msgs/local/lib/python3.10/dist-packages/linkattacher_msgs/srv/__init__.py
[33.375s] -- Installing: /home/vboxuser/Ali_ws/install/linkattacher_msgs/local/lib/python3.10/dist-packages/linkattacher_msgs/_linkattacher_msgs_s.ep.rosidl_typesupport_fastrtps_c.c
[33.375s] -- Installing: /home/vboxuser/Ali_ws/install/linkattacher_msgs/local/lib/python3.10/dist-packages/linkattacher_msgs/_linkattacher_msgs_s.ep.rosidl_typesupport_c.c
[33.375s] -- Installing: /home/vboxuser/Ali_ws/install/linkattacher_msgs/local/lib/python3.10/dist-packages/linkattacher_msgs/linkattacher_msgs_s__rosidl_typesupport_c.cpython-310-x86_64-linux-gnu.so
[33.375s] -- Installing: /home/vboxuser/Ali_ws/install/linkattacher_msgs/local/lib/python3.10/dist-packages/linkattacher_msgs/linkattacher_msgs_s__rosidl_typesupport_introspection_c.cpython-310-x86_64-linux-gnu.so
[33.375s] -- Installing: /home/vboxuser/Ali_ws/install/linkattacher_msgs/local/lib/python3.10/dist-packages/linkattacher_msgs/__init__.py
[33.375s] Listing '/home/vboxuser/Ali_ws/install/linkattacher_msgs/local/lib/python3.10/dist-packages/linkattacher_msgs'...
[33.375s] Compiling '/home/vboxuser/Ali_ws/install/linkattacher_msgs/local/lib/python3.10/dist-packages/linkattacher_msgs/__init__.py'...
[33.375s] Listing '/home/vboxuser/Ali_ws/install/linkattacher_msgs/local/lib/python3.10/dist-packages/linkattacher_msgs/srv'...
[33.375s] Compiling '/home/vboxuser/Ali_ws/install/linkattacher_msgs/local/lib/python3.10/dist-packages/linkattacher_msgs/srv/__init__.py'...
[33.375s] Compiling '/home/vboxuser/Ali_ws/install/linkattacher_msgs/local/lib/python3.10/dist-packages/linkattacher_msgs/srv/_attach_link.py'...
[33.375s] Compiling '/home/vboxuser/Ali_ws/install/linkattacher_msgs/local/lib/python3.10/dist-packages/linkattacher_msgs/srv/_detach_link.py'...
[33.375s] -- Installing: /home/vboxuser/Ali_ws/install/linkattacher_msgs/local/lib/python3.10/dist-packages/linkattacher_msgs/linkattacher_msgs_s__rosidl_typesupport_fastrtps_c.cpython-310-x86_64-linux-gnu.so
[33.375s] -- Set runtime path of "/home/vboxuser/Ali_ws/install/linkattacher_msgs/local/lib/python3.10/dist-packages/linkattacher_msgs/linkattacher_msgs_s__rosidl_typesupport_fastrtps_c.cpython-310-x86_64-linux-gnu.so" to ""
[33.375s] -- Installing: /home/vboxuser/Ali_ws/install/linkattacher_msgs/local/lib/python3.10/dist-packages/linkattacher_msgs/linkattacher_msgs_s__rosidl_typesupport_introspection_c.cpython-310-x86_64-linux-gnu.so
[33.375s] -- Set runtime path of "/home/vboxuser/Ali_ws/install/linkattacher_msgs/local/lib/python3.10/dist-packages/linkattacher_msgs/linkattacher_msgs_s__rosidl_typesupport_introspection_c.cpython-310-x86_64-linux-gnu.so" to ""
[33.375s] -- Installing: /home/vboxuser/Ali_ws/install/linkattacher_msgs/local/lib/python3.10/dist-packages/linkattacher_msgs/linkattacher_msgs_s__rosidl_typesupport_c.cpython-310-x86_64-linux-gnu.so
[33.375s] -- Set runtime path of "/home/vboxuser/Ali_ws/install/linkattacher_msgs/local/lib/python3.10/dist-packages/linkattacher_msgs/linkattacher_msgs_s__rosidl_typesupport_c.cpython-310-x86_64-linux-gnu.so" to ""
[33.375s] -- Installing: /home/vboxuser/Ali_ws/install/linkattacher_msgs/lib/liblinkattacher_msgs__rosidl_generator_py.so
[33.375s] -- Set runtime path of "/home/vboxuser/Ali_ws/install/linkattacher_msgs/lib/liblinkattacher_msgs__rosidl_generator_py.so" to ""
[33.375s] -- Installing: /home/vboxuser/Ali_ws/install/linkattacher_msgs/share/linkattacher_msgs/srv/AttachLink.idl
[33.375s] -- Installing: /home/vboxuser/Ali_ws/install/linkattacher_msgs/share/linkattacher_msgs/srv/DetachLink.idl
[33.375s] -- Up-to-date: /home/vboxuser/Ali_ws/install/linkattacher_msgs/share/linkattacher_msgs/srv/AttachLink.srv
[33.375s] -- Installing: /home/vboxuser/Ali_ws/install/linkattacher_msgs/share/linkattacher_msgs/srv/AttachLink_Request.msg
[33.375s] -- Installing: /home/vboxuser/Ali_ws/install/linkattacher_msgs/share/linkattacher_msgs/srv/AttachLink_Response.msg
[33.375s] -- Up-to-date: /home/vboxuser/Ali_ws/install/linkattacher_msgs/share/linkattacher_msgs/srv/DetachLink.srv
[33.375s] -- Installing: /home/vboxuser/Ali_ws/install/linkattacher_msgs/share/linkattacher_msgs/srv/DetachLink_Request.msg
[33.375s] -- Installing: /home/vboxuser/Ali_ws/install/linkattacher_msgs/share/linkattacher_msgs/srv/DetachLink_Response.msg
[33.375s] -- Installing: /home/vboxuser/Ali_ws/install/linkattacher_msgs/share/ament_index/resource_index/package_run_dependencies/linkattacher_msgs
[33.375s] -- Installing: /home/vboxuser/Ali_ws/install/linkattacher_msgs/share/ament_index/resource_index/parent_prefix_path/linkattacher_msgs
[33.375s] -- Installing: /home/vboxuser/Ali_ws/install/linkattacher_msgs/share/linkattacher_msgs/environment/ament_prefix_path.sh
[33.375s] -- Installing: /home/vboxuser/Ali_ws/install/linkattacher_msgs/share/linkattacher_msgs/environment/ament_prefix_path.dsv
[33.376s] -- Installing: /home/vboxuser/Ali_ws/install/linkattacher_msgs/share/linkattacher_msgs/environment/path.sh
[33.376s] -- Installing: /home/vboxuser/Ali_ws/install/linkattacher_msgs/share/linkattacher_msgs/environment/path.dsv
[33.376s] -- Installing: /home/vboxuser/Ali_ws/install/linkattacher_msgs/share/linkattacher_msgs/local_setup.bash
[33.376s] -- Installing: /home/vboxuser/Ali_ws/install/linkattacher_msgs/share/linkattacher_msgs/local_setup.sh
[33.376s] -- Installing: /home/vboxuser/Ali_ws/install/linkattacher_msgs/share/linkattacher_msgs/local_setup.zsh
[33.376s] -- Installing: /home/vboxuser/Ali_ws/install/linkattacher_msgs/share/linkattacher_msgs/local_setup.dsv
[33.376s] -- Installing: /home/vboxuser/Ali_ws/install/linkattacher_msgs/share/linkattacher_msgs/package.dsv
[33.376s] -- Installing: /home/vboxuser/Ali_ws/install/linkattacher_msgs/share/ament_index/resource_index/packages/linkattacher_msgs
[33.376s] -- Installing: /home/vboxuser/Ali_ws/install/linkattacher_msgs/share/linkattacher_msgs/cmake/export_linkattacher_msgs__rosidl_generator_cExport.cmake
[33.376s] -- Installing: /home/vboxuser/Ali_ws/install/linkattacher_msgs/share/linkattacher_msgs/cmake/export_linkattacher_msgs__rosidl_generator_cExport-noconfig.cmake
[33.376s] -- Installing: /home/vboxuser/Ali_ws/install/linkattacher_msgs/share/linkattacher_msgs/cmake/export_linkattacher_msgs__rosidl_typesupport_fastrtps_cExport.cmake
[33.376s] -- Installing: /home/vboxuser/Ali_ws/install/linkattacher_msgs/share/linkattacher_msgs/cmake/export_linkattacher_msgs__rosidl_typesupport_fastrtps_cExport-noconfig.cmake
[33.376s] -- Installing: /home/vboxuser/Ali_ws/install/linkattacher_msgs/share/linkattacher_msgs/cmake/linkattacher_msgs__rosidl_typesupport_introspection_cExport.cmake
[33.376s] -- Installing: /home/vboxuser/Ali_ws/install/linkattacher_msgs/share/linkattacher_msgs/cmake/linkattacher_msgs__rosidl_typesupport_introspection_cExport-noconfig.cmake
[33.376s] -- Installing: /home/vboxuser/Ali_ws/install/linkattacher_msgs/share/linkattacher_msgs/cmake/linkattacher_msgs__rosidl_typesupport_cExport.cmake
[33.376s] -- Installing: /home/vboxuser/Ali_ws/install/linkattacher_msgs/share/linkattacher_msgs/cmake/linkattacher_msgs__rosidl_typesupport_cExport-noconfig.cmake
[33.376s] -- Installing: /home/vboxuser/Ali_ws/install/linkattacher_msgs/share/linkattacher_msgs/cmake/export_linkattacher_msgs__rosidl_generator_cppExport.cmake
[33.376s] -- Installing: /home/vboxuser/Ali_ws/install/linkattacher_msgs/share/linkattacher_msgs/cmake/export_linkattacher_msgs__rosidl_typesupport_fastrtps_cppExport.cmake
[33.376s] -- Installing: /home/vboxuser/Ali_ws/install/linkattacher_msgs/share/linkattacher_msgs/cmake/export_linkattacher_msgs__rosidl_typesupport_fastrtps_cppExport-noconfig.cmake
[33.376s] -- Installing: /home/vboxuser/Ali_ws/install/linkattacher_msgs/share/linkattacher_msgs/cmake/linkattacher_msgs__rosidl_typesupport_introspection_cppExport.cmake
[33.376s] -- Installing: /home/vboxuser/Ali_ws/install/linkattacher_msgs/share/linkattacher_msgs/cmake/linkattacher_msgs__rosidl_typesupport_introspection_cppExport-noconfig.cmake
[33.376s] -- Installing: /home/vboxuser/Ali_ws/install/linkattacher_msgs/share/linkattacher_msgs/cmake/linkattacher_msgs__rosidl_typesupport_cppExport.cmake
[33.376s] -- Installing: /home/vboxuser/Ali_ws/install/linkattacher_msgs/share/linkattacher_msgs/cmake/linkattacher_msgs__rosidl_typesupport_cppExport-noconfig.cmake
[33.376s] -- Installing: /home/vboxuser/Ali_ws/install/linkattacher_msgs/share/linkattacher_msgs/cmake/export_linkattacher_msgs__rosidl_generator_pyExport.cmake
[33.376s] -- Installing: /home/vboxuser/Ali_ws/install/linkattacher_msgs/share/linkattacher_msgs/cmake/export_linkattacher_msgs__rosidl_generator_pyExport-noconfig.cmake
[33.376s] -- Installing: /home/vboxuser/Ali_ws/install/linkattacher_msgs/share/linkattacher_msgs/cmake/rosidl_cmake-extras.cmake
[33.376s] -- Installing: /home/vboxuser/Ali_ws/install/linkattacher_msgs/share/linkattacher_msgs/cmake/ament_cmake_export_include_directories-extras.cmake
[33.381s] -- Installing: /home/vboxuser/Ali_ws/install/linkattacher_msgs/share/linkattacher_msgs/cmake/ament_cmake_export_libraries-extras.cmake
[33.381s] -- Installing: /home/vboxuser/Ali_ws/install/linkattacher_msgs/share/linkattacher_msgs/cmake/ament_cmake_export_targets-extras.cmake
[33.381s] -- Installing: /home/vboxuser/Ali_ws/install/linkattacher_msgs/share/linkattacher_msgs/cmake/rosidl_cmake_export_typesupport_targets-extras.cmake
[33.381s] -- Installing: /home/vboxuser/Ali_ws/install/linkattacher_msgs/share/linkattacher_msgs/cmake/ament_cmake_export_dependencies-extras.cmake
[33.381s] -- Installing: /home/vboxuser/Ali_ws/install/linkattacher_msgs/share/linkattacher_msgs/cmake/rosidl_cmake_export_typesupport_libraries-extras.cmake
[33.382s] -- Installing: /home/vboxuser/Ali_ws/install/linkattacher_msgs/share/linkattacher_msgs/cmake/linkattacher_msgsConfig.cmake
[33.383s] -- Installing: /home/vboxuser/Ali_ws/install/linkattacher_msgs/share/linkattacher_msgs/cmake/linkattacher_msgsConfig-version.cmake
[33.383s] -- Installing: /home/vboxuser/Ali_ws/install/linkattacher_msgs/share/linkattacher_msgs/package.xml
[33.385s] Invoked command in '/home/vboxuser/Ali_ws/build/linkattacher_msgs' returned '0': CMAKE_PREFIX_PATH=${CMAKE_PREFIX_PATH}:/opt/ros/humble:/home/vboxuser/Ali_ws/install/uf_ros_lib /usr/bin/cmake --install /home/vboxuser/Ali_ws/build/linkattacher_msgs
