[0.164s] Invoking command in '/home/vboxuser/Ali_ws/build/xarm_controller': AMENT_PREFIX_PATH=/home/vboxuser/Ali_ws/install/xarm_api:/home/vboxuser/Ali_ws/install/xarm_sdk:/home/vboxuser/Ali_ws/install/xarm_msgs:/home/vboxuser/Ali_ws/install/xarm_description CMAKE_PREFIX_PATH=/home/vboxuser/Ali_ws/install/xarm_api:/home/vboxuser/Ali_ws/install/xarm_sdk:/home/vboxuser/Ali_ws/install/xarm_msgs:/home/vboxuser/Ali_ws/install/xarm_description LD_LIBRARY_PATH=/home/vboxuser/Ali_ws/install/xarm_api/lib:/home/vboxuser/Ali_ws/install/xarm_sdk/lib:/home/vboxuser/Ali_ws/install/xarm_msgs/lib PYTHONPATH=/home/vboxuser/Ali_ws/install/xarm_msgs/local/lib/python3.10/dist-packages /usr/bin/cmake --build /home/vboxuser/Ali_ws/build/xarm_controller -- -j4 -l4
[0.519s] [100%] Built target uf_robot_hardware
[0.562s] Invoked command in '/home/vboxuser/Ali_ws/build/xarm_controller' returned '0': AMENT_PREFIX_PATH=/home/vboxuser/Ali_ws/install/xarm_api:/home/vboxuser/Ali_ws/install/xarm_sdk:/home/vboxuser/Ali_ws/install/xarm_msgs:/home/vboxuser/Ali_ws/install/xarm_description CMAKE_PREFIX_PATH=/home/vboxuser/Ali_ws/install/xarm_api:/home/vboxuser/Ali_ws/install/xarm_sdk:/home/vboxuser/Ali_ws/install/xarm_msgs:/home/vboxuser/Ali_ws/install/xarm_description LD_LIBRARY_PATH=/home/vboxuser/Ali_ws/install/xarm_api/lib:/home/vboxuser/Ali_ws/install/xarm_sdk/lib:/home/vboxuser/Ali_ws/install/xarm_msgs/lib PYTHONPATH=/home/vboxuser/Ali_ws/install/xarm_msgs/local/lib/python3.10/dist-packages /usr/bin/cmake --build /home/vboxuser/Ali_ws/build/xarm_controller -- -j4 -l4
[0.573s] Invoking command in '/home/vboxuser/Ali_ws/build/xarm_controller': AMENT_PREFIX_PATH=/home/vboxuser/Ali_ws/install/xarm_api:/home/vboxuser/Ali_ws/install/xarm_sdk:/home/vboxuser/Ali_ws/install/xarm_msgs:/home/vboxuser/Ali_ws/install/xarm_description CMAKE_PREFIX_PATH=/home/vboxuser/Ali_ws/install/xarm_api:/home/vboxuser/Ali_ws/install/xarm_sdk:/home/vboxuser/Ali_ws/install/xarm_msgs:/home/vboxuser/Ali_ws/install/xarm_description LD_LIBRARY_PATH=/home/vboxuser/Ali_ws/install/xarm_api/lib:/home/vboxuser/Ali_ws/install/xarm_sdk/lib:/home/vboxuser/Ali_ws/install/xarm_msgs/lib PYTHONPATH=/home/vboxuser/Ali_ws/install/xarm_msgs/local/lib/python3.10/dist-packages /usr/bin/cmake --install /home/vboxuser/Ali_ws/build/xarm_controller
[0.614s] -- Install configuration: ""
[0.614s] -- Up-to-date: /home/vboxuser/Ali_ws/install/xarm_controller/share/xarm_controller/uf_hardware_interface_plugins.xml
[0.615s] -- Up-to-date: /home/vboxuser/Ali_ws/install/xarm_controller/include
[0.616s] -- Up-to-date: /home/vboxuser/Ali_ws/install/xarm_controller/include/xarm_controller
[0.616s] -- Up-to-date: /home/vboxuser/Ali_ws/install/xarm_controller/include/xarm_controller/hardware
[0.618s] -- Up-to-date: /home/vboxuser/Ali_ws/install/xarm_controller/include/xarm_controller/hardware/uf_robot_system_hardware.h
[0.619s] -- Up-to-date: /home/vboxuser/Ali_ws/install/xarm_controller/include/xarm_controller/hardware/uf_robot_fake_system_hardware.h
[0.619s] -- Up-to-date: /home/vboxuser/Ali_ws/install/xarm_controller/include/xarm_controller/hardware/bak_uf_robot_fake_system_hardware.h
[0.631s] -- Up-to-date: /home/vboxuser/Ali_ws/install/xarm_controller/lib/libuf_robot_hardware.so
[0.631s] -- Up-to-date: /home/vboxuser/Ali_ws/install/xarm_controller/share/xarm_controller//launch
[0.631s] -- Up-to-date: /home/vboxuser/Ali_ws/install/xarm_controller/share/xarm_controller//launch/xarm7_mirror_control_rviz_display.launch.py
[0.631s] -- Up-to-date: /home/vboxuser/Ali_ws/install/xarm_controller/share/xarm_controller//launch/lite6_control_rviz_display.launch.py
[0.631s] -- Up-to-date: /home/vboxuser/Ali_ws/install/xarm_controller/share/xarm_controller//launch/_dual_ros2_control.launch.py
[0.631s] -- Up-to-date: /home/vboxuser/Ali_ws/install/xarm_controller/share/xarm_controller//launch/uf850_control_rviz_display.launch.py
[0.631s] -- Up-to-date: /home/vboxuser/Ali_ws/install/xarm_controller/share/xarm_controller//launch/_ros2_control.launch.py
[0.632s] -- Up-to-date: /home/vboxuser/Ali_ws/install/xarm_controller/share/xarm_controller//launch/xarm6_control_rviz_display.launch.py
[0.633s] -- Up-to-date: /home/vboxuser/Ali_ws/install/xarm_controller/share/xarm_controller//launch/xarm5_control_rviz_display.launch.py
[0.633s] -- Up-to-date: /home/vboxuser/Ali_ws/install/xarm_controller/share/xarm_controller//launch/xarm7_control_rviz_display.launch.py
[0.633s] -- Up-to-date: /home/vboxuser/Ali_ws/install/xarm_controller/share/xarm_controller//launch/_robot_ros2_control.launch.py
[0.633s] -- Up-to-date: /home/vboxuser/Ali_ws/install/xarm_controller/share/xarm_controller//launch/lib
[0.634s] -- Up-to-date: /home/vboxuser/Ali_ws/install/xarm_controller/share/xarm_controller//launch/lib/robot_controller_lib.py
[0.634s] -- Up-to-date: /home/vboxuser/Ali_ws/install/xarm_controller/share/xarm_controller//config
[0.635s] -- Up-to-date: /home/vboxuser/Ali_ws/install/xarm_controller/share/xarm_controller//config/xarm7_controllers.yaml
[0.635s] -- Up-to-date: /home/vboxuser/Ali_ws/install/xarm_controller/share/xarm_controller//config/xarm6_controllers.yaml
[0.635s] -- Up-to-date: /home/vboxuser/Ali_ws/install/xarm_controller/share/xarm_controller//config/xarm7_mirror_controllers.yaml
[0.635s] -- Up-to-date: /home/vboxuser/Ali_ws/install/xarm_controller/share/xarm_controller//config/lite6_controllers.yaml
[0.635s] -- Up-to-date: /home/vboxuser/Ali_ws/install/xarm_controller/share/xarm_controller//config/xarm_gripper_controllers.yaml
[0.635s] -- Up-to-date: /home/vboxuser/Ali_ws/install/xarm_controller/share/xarm_controller//config/uf850_gripper_controllers.yaml
[0.635s] -- Up-to-date: /home/vboxuser/Ali_ws/install/xarm_controller/share/xarm_controller//config/xarm5_controllers.yaml
[0.636s] -- Up-to-date: /home/vboxuser/Ali_ws/install/xarm_controller/share/xarm_controller//config/xarm7_mirror_gripper_controllers.yaml
[0.636s] -- Up-to-date: /home/vboxuser/Ali_ws/install/xarm_controller/share/xarm_controller//config/uf850_controllers.yaml
[0.636s] -- Up-to-date: /home/vboxuser/Ali_ws/install/xarm_controller/share/xarm_controller//config/bio_gripper_controllers.yaml
[0.636s] -- Up-to-date: /home/vboxuser/Ali_ws/install/xarm_controller/share/xarm_controller/environment/library_path.sh
[0.636s] -- Up-to-date: /home/vboxuser/Ali_ws/install/xarm_controller/share/xarm_controller/environment/library_path.dsv
[0.636s] -- Up-to-date: /home/vboxuser/Ali_ws/install/xarm_controller/share/ament_index/resource_index/package_run_dependencies/xarm_controller
[0.636s] -- Up-to-date: /home/vboxuser/Ali_ws/install/xarm_controller/share/ament_index/resource_index/parent_prefix_path/xarm_controller
[0.636s] -- Up-to-date: /home/vboxuser/Ali_ws/install/xarm_controller/share/xarm_controller/environment/ament_prefix_path.sh
[0.636s] -- Up-to-date: /home/vboxuser/Ali_ws/install/xarm_controller/share/xarm_controller/environment/ament_prefix_path.dsv
[0.636s] -- Up-to-date: /home/vboxuser/Ali_ws/install/xarm_controller/share/xarm_controller/environment/path.sh
[0.636s] -- Up-to-date: /home/vboxuser/Ali_ws/install/xarm_controller/share/xarm_controller/environment/path.dsv
[0.636s] -- Up-to-date: /home/vboxuser/Ali_ws/install/xarm_controller/share/xarm_controller/local_setup.bash
[0.636s] -- Up-to-date: /home/vboxuser/Ali_ws/install/xarm_controller/share/xarm_controller/local_setup.sh
[0.636s] -- Up-to-date: /home/vboxuser/Ali_ws/install/xarm_controller/share/xarm_controller/local_setup.zsh
[0.636s] -- Up-to-date: /home/vboxuser/Ali_ws/install/xarm_controller/share/xarm_controller/local_setup.dsv
[0.636s] -- Installing: /home/vboxuser/Ali_ws/install/xarm_controller/share/xarm_controller/package.dsv
[0.636s] -- Up-to-date: /home/vboxuser/Ali_ws/install/xarm_controller/share/ament_index/resource_index/packages/xarm_controller
[0.636s] -- Up-to-date: /home/vboxuser/Ali_ws/install/xarm_controller/share/ament_index/resource_index/hardware_interface__pluginlib__plugin/xarm_controller
[0.636s] -- Up-to-date: /home/vboxuser/Ali_ws/install/xarm_controller/share/xarm_controller/cmake/ament_cmake_export_include_directories-extras.cmake
[0.636s] -- Up-to-date: /home/vboxuser/Ali_ws/install/xarm_controller/share/xarm_controller/cmake/ament_cmake_export_libraries-extras.cmake
[0.636s] -- Up-to-date: /home/vboxuser/Ali_ws/install/xarm_controller/share/xarm_controller/cmake/ament_cmake_export_dependencies-extras.cmake
[0.636s] -- Up-to-date: /home/vboxuser/Ali_ws/install/xarm_controller/share/xarm_controller/cmake/xarm_controllerConfig.cmake
[0.636s] -- Up-to-date: /home/vboxuser/Ali_ws/install/xarm_controller/share/xarm_controller/cmake/xarm_controllerConfig-version.cmake
[0.636s] -- Up-to-date: /home/vboxuser/Ali_ws/install/xarm_controller/share/xarm_controller/package.xml
[0.671s] Invoked command in '/home/vboxuser/Ali_ws/build/xarm_controller' returned '0': AMENT_PREFIX_PATH=/home/vboxuser/Ali_ws/install/xarm_api:/home/vboxuser/Ali_ws/install/xarm_sdk:/home/vboxuser/Ali_ws/install/xarm_msgs:/home/vboxuser/Ali_ws/install/xarm_description CMAKE_PREFIX_PATH=/home/vboxuser/Ali_ws/install/xarm_api:/home/vboxuser/Ali_ws/install/xarm_sdk:/home/vboxuser/Ali_ws/install/xarm_msgs:/home/vboxuser/Ali_ws/install/xarm_description LD_LIBRARY_PATH=/home/vboxuser/Ali_ws/install/xarm_api/lib:/home/vboxuser/Ali_ws/install/xarm_sdk/lib:/home/vboxuser/Ali_ws/install/xarm_msgs/lib PYTHONPATH=/home/vboxuser/Ali_ws/install/xarm_msgs/local/lib/python3.10/dist-packages /usr/bin/cmake --install /home/vboxuser/Ali_ws/build/xarm_controller
