[0.094s] Invoking command in '/home/vboxuser/Ali_ws/build/xarm_api': AMENT_PREFIX_PATH=/home/vboxuser/Ali_ws/install/xarm_sdk:/home/vboxuser/Ali_ws/install/xarm_msgs:/home/vboxuser/Ali_ws/install/xarm_description:${AMENT_PREFIX_PATH} CMAKE_PREFIX_PATH=/home/vboxuser/Ali_ws/install/xarm_sdk:/home/vboxuser/Ali_ws/install/xarm_msgs:/home/vboxuser/Ali_ws/install/xarm_description:/opt/ros/humble LD_LIBRARY_PATH=/home/vboxuser/Ali_ws/install/xarm_sdk/lib:/home/vboxuser/Ali_ws/install/xarm_msgs/lib:${LD_LIBRARY_PATH} PYTHONPATH=/home/vboxuser/Ali_ws/install/xarm_msgs/local/lib/python3.10/dist-packages:${PYTHONPATH} /usr/bin/cmake --build /home/vboxuser/Ali_ws/build/xarm_api -- -j4 -l4
[0.302s] [35m[1mConsolidate compiler generated dependencies of target xarm_ros_client[0m
[0.302s] [35m[1mConsolidate compiler generated dependencies of target test_robot_states[0m
[0.316s] [35m[1mConsolidate compiler generated dependencies of target xarm_ros_driver[0m
[0.413s] [ 15%] Built target xarm_ros_client
[0.452s] [35m[1mConsolidate compiler generated dependencies of target test_xarm_ros_client[0m
[0.469s] [35m[1mConsolidate compiler generated dependencies of target test_xarm_velo_move[0m
[0.471s] [ 30%] Built target test_robot_states
[0.483s] [ 53%] Built target xarm_ros_driver
[0.494s] [ 69%] Built target test_xarm_ros_client
[0.512s] [ 84%] Built target test_xarm_velo_move
[0.518s] [35m[1mConsolidate compiler generated dependencies of target xarm_driver_node[0m
[0.579s] [100%] Built target xarm_driver_node
[0.615s] Invoked command in '/home/vboxuser/Ali_ws/build/xarm_api' returned '0': AMENT_PREFIX_PATH=/home/vboxuser/Ali_ws/install/xarm_sdk:/home/vboxuser/Ali_ws/install/xarm_msgs:/home/vboxuser/Ali_ws/install/xarm_description:${AMENT_PREFIX_PATH} CMAKE_PREFIX_PATH=/home/vboxuser/Ali_ws/install/xarm_sdk:/home/vboxuser/Ali_ws/install/xarm_msgs:/home/vboxuser/Ali_ws/install/xarm_description:/opt/ros/humble LD_LIBRARY_PATH=/home/vboxuser/Ali_ws/install/xarm_sdk/lib:/home/vboxuser/Ali_ws/install/xarm_msgs/lib:${LD_LIBRARY_PATH} PYTHONPATH=/home/vboxuser/Ali_ws/install/xarm_msgs/local/lib/python3.10/dist-packages:${PYTHONPATH} /usr/bin/cmake --build /home/vboxuser/Ali_ws/build/xarm_api -- -j4 -l4
[0.623s] Invoking command in '/home/vboxuser/Ali_ws/build/xarm_api': AMENT_PREFIX_PATH=/home/vboxuser/Ali_ws/install/xarm_sdk:/home/vboxuser/Ali_ws/install/xarm_msgs:/home/vboxuser/Ali_ws/install/xarm_description:${AMENT_PREFIX_PATH} CMAKE_PREFIX_PATH=/home/vboxuser/Ali_ws/install/xarm_sdk:/home/vboxuser/Ali_ws/install/xarm_msgs:/home/vboxuser/Ali_ws/install/xarm_description:/opt/ros/humble LD_LIBRARY_PATH=/home/vboxuser/Ali_ws/install/xarm_sdk/lib:/home/vboxuser/Ali_ws/install/xarm_msgs/lib:${LD_LIBRARY_PATH} PYTHONPATH=/home/vboxuser/Ali_ws/install/xarm_msgs/local/lib/python3.10/dist-packages:${PYTHONPATH} /usr/bin/cmake --install /home/vboxuser/Ali_ws/build/xarm_api
[0.638s] -- Install configuration: ""
[0.641s] -- Up-to-date: /home/vboxuser/Ali_ws/install/xarm_api/share/xarm_api/environment/library_path.sh
[0.641s] -- Up-to-date: /home/vboxuser/Ali_ws/install/xarm_api/share/xarm_api/environment/library_path.dsv
[0.641s] -- Up-to-date: /home/vboxuser/Ali_ws/install/xarm_api/include
[0.641s] -- Up-to-date: /home/vboxuser/Ali_ws/install/xarm_api/include/xarm_api
[0.641s] -- Up-to-date: /home/vboxuser/Ali_ws/install/xarm_api/include/xarm_api/xarm_msgs.h
[0.641s] -- Up-to-date: /home/vboxuser/Ali_ws/install/xarm_api/include/xarm_api/xarm_driver.h
[0.641s] -- Up-to-date: /home/vboxuser/Ali_ws/install/xarm_api/include/xarm_api/xarm_ros_client.h
[0.641s] -- Up-to-date: /home/vboxuser/Ali_ws/install/xarm_api/include/xarm_api/visibility_control.h
[0.645s] -- Up-to-date: /home/vboxuser/Ali_ws/install/xarm_api/lib/libxarm_ros_driver.so
[0.650s] -- Up-to-date: /home/vboxuser/Ali_ws/install/xarm_api/lib/libxarm_ros_client.so
[0.652s] -- Up-to-date: /home/vboxuser/Ali_ws/install/xarm_api/lib/xarm_api/xarm_driver_node
[0.667s] -- Up-to-date: /home/vboxuser/Ali_ws/install/xarm_api/lib/xarm_api/test_xarm_ros_client
[0.686s] -- Up-to-date: /home/vboxuser/Ali_ws/install/xarm_api/lib/xarm_api/test_xarm_velo_move
[0.696s] -- Up-to-date: /home/vboxuser/Ali_ws/install/xarm_api/lib/xarm_api/test_robot_states
[0.696s] -- Up-to-date: /home/vboxuser/Ali_ws/install/xarm_api/share/xarm_api//launch
[0.701s] -- Up-to-date: /home/vboxuser/Ali_ws/install/xarm_api/share/xarm_api//launch/xarm7_driver.launch.py
[0.701s] -- Up-to-date: /home/vboxuser/Ali_ws/install/xarm_api/share/xarm_api//launch/uf850_driver.launch.py
[0.701s] -- Up-to-date: /home/vboxuser/Ali_ws/install/xarm_api/share/xarm_api//launch/xarm6_driver.launch.py
[0.701s] -- Up-to-date: /home/vboxuser/Ali_ws/install/xarm_api/share/xarm_api//launch/lite6_driver.launch.py
[0.701s] -- Up-to-date: /home/vboxuser/Ali_ws/install/xarm_api/share/xarm_api//launch/lib
[0.701s] -- Up-to-date: /home/vboxuser/Ali_ws/install/xarm_api/share/xarm_api//launch/lib/robot_api_lib.py
[0.701s] -- Up-to-date: /home/vboxuser/Ali_ws/install/xarm_api/share/xarm_api//launch/xarm5_driver.launch.py
[0.701s] -- Up-to-date: /home/vboxuser/Ali_ws/install/xarm_api/share/xarm_api//launch/_robot_driver.launch.py
[0.702s] -- Up-to-date: /home/vboxuser/Ali_ws/install/xarm_api/share/xarm_api//config
[0.702s] -- Up-to-date: /home/vboxuser/Ali_ws/install/xarm_api/share/xarm_api//config/xarm_params.yaml
[0.702s] -- Up-to-date: /home/vboxuser/Ali_ws/install/xarm_api/share/ament_index/resource_index/package_run_dependencies/xarm_api
[0.702s] -- Up-to-date: /home/vboxuser/Ali_ws/install/xarm_api/share/ament_index/resource_index/parent_prefix_path/xarm_api
[0.702s] -- Up-to-date: /home/vboxuser/Ali_ws/install/xarm_api/share/xarm_api/environment/ament_prefix_path.sh
[0.703s] -- Up-to-date: /home/vboxuser/Ali_ws/install/xarm_api/share/xarm_api/environment/ament_prefix_path.dsv
[0.703s] -- Up-to-date: /home/vboxuser/Ali_ws/install/xarm_api/share/xarm_api/environment/path.sh
[0.703s] -- Up-to-date: /home/vboxuser/Ali_ws/install/xarm_api/share/xarm_api/environment/path.dsv
[0.703s] -- Up-to-date: /home/vboxuser/Ali_ws/install/xarm_api/share/xarm_api/local_setup.bash
[0.703s] -- Up-to-date: /home/vboxuser/Ali_ws/install/xarm_api/share/xarm_api/local_setup.sh
[0.703s] -- Up-to-date: /home/vboxuser/Ali_ws/install/xarm_api/share/xarm_api/local_setup.zsh
[0.703s] -- Up-to-date: /home/vboxuser/Ali_ws/install/xarm_api/share/xarm_api/local_setup.dsv
[0.703s] -- Installing: /home/vboxuser/Ali_ws/install/xarm_api/share/xarm_api/package.dsv
[0.703s] -- Up-to-date: /home/vboxuser/Ali_ws/install/xarm_api/share/ament_index/resource_index/packages/xarm_api
[0.703s] -- Up-to-date: /home/vboxuser/Ali_ws/install/xarm_api/share/xarm_api/cmake/ament_cmake_export_libraries-extras.cmake
[0.703s] -- Up-to-date: /home/vboxuser/Ali_ws/install/xarm_api/share/xarm_api/cmake/ament_cmake_export_include_directories-extras.cmake
[0.703s] -- Up-to-date: /home/vboxuser/Ali_ws/install/xarm_api/share/xarm_api/cmake/xarm_apiConfig.cmake
[0.703s] -- Up-to-date: /home/vboxuser/Ali_ws/install/xarm_api/share/xarm_api/cmake/xarm_apiConfig-version.cmake
[0.703s] -- Up-to-date: /home/vboxuser/Ali_ws/install/xarm_api/share/xarm_api/package.xml
[0.708s] Invoked command in '/home/vboxuser/Ali_ws/build/xarm_api' returned '0': AMENT_PREFIX_PATH=/home/vboxuser/Ali_ws/install/xarm_sdk:/home/vboxuser/Ali_ws/install/xarm_msgs:/home/vboxuser/Ali_ws/install/xarm_description:${AMENT_PREFIX_PATH} CMAKE_PREFIX_PATH=/home/vboxuser/Ali_ws/install/xarm_sdk:/home/vboxuser/Ali_ws/install/xarm_msgs:/home/vboxuser/Ali_ws/install/xarm_description:/opt/ros/humble LD_LIBRARY_PATH=/home/vboxuser/Ali_ws/install/xarm_sdk/lib:/home/vboxuser/Ali_ws/install/xarm_msgs/lib:${LD_LIBRARY_PATH} PYTHONPATH=/home/vboxuser/Ali_ws/install/xarm_msgs/local/lib/python3.10/dist-packages:${PYTHONPATH} /usr/bin/cmake --install /home/vboxuser/Ali_ws/build/xarm_api
