[0.063s] Invoking command in '/home/vboxuser/Ali_ws/build/xarm_gazebo': AMENT_PREFIX_PATH=/home/vboxuser/Ali_ws/install/xarm_controller:/home/vboxuser/Ali_ws/install/xarm_api:/home/vboxuser/Ali_ws/install/xarm_sdk:/home/vboxuser/Ali_ws/install/xarm_msgs:/home/vboxuser/Ali_ws/install/xarm_description:/home/vboxuser/Ali_ws/install/uf_ros_lib:${AMENT_PREFIX_PATH} CMAKE_PREFIX_PATH=/home/vboxuser/Ali_ws/install/xarm_controller:/home/vboxuser/Ali_ws/install/xarm_api:/home/vboxuser/Ali_ws/install/xarm_sdk:/home/vboxuser/Ali_ws/install/xarm_msgs:/home/vboxuser/Ali_ws/install/xarm_description:/opt/ros/humble LD_LIBRARY_PATH=/home/vboxuser/Ali_ws/install/xarm_controller/lib:/home/vboxuser/Ali_ws/install/xarm_api/lib:/home/vboxuser/Ali_ws/install/xarm_sdk/lib:/home/vboxuser/Ali_ws/install/xarm_msgs/lib:${LD_LIBRARY_PATH} PYTHONPATH=/home/vboxuser/Ali_ws/install/xarm_msgs/local/lib/python3.10/dist-packages:/home/vboxuser/Ali_ws/install/uf_ros_lib/lib/python3.10/site-packages:${PYTHONPATH} /usr/bin/cmake --build /home/vboxuser/Ali_ws/build/xarm_gazebo -- -j4 -l4
[0.300s] [100%] Built target gazebo_mimic_joint_plugin
[0.342s] Invoked command in '/home/vboxuser/Ali_ws/build/xarm_gazebo' returned '0': AMENT_PREFIX_PATH=/home/vboxuser/Ali_ws/install/xarm_controller:/home/vboxuser/Ali_ws/install/xarm_api:/home/vboxuser/Ali_ws/install/xarm_sdk:/home/vboxuser/Ali_ws/install/xarm_msgs:/home/vboxuser/Ali_ws/install/xarm_description:/home/vboxuser/Ali_ws/install/uf_ros_lib:${AMENT_PREFIX_PATH} CMAKE_PREFIX_PATH=/home/vboxuser/Ali_ws/install/xarm_controller:/home/vboxuser/Ali_ws/install/xarm_api:/home/vboxuser/Ali_ws/install/xarm_sdk:/home/vboxuser/Ali_ws/install/xarm_msgs:/home/vboxuser/Ali_ws/install/xarm_description:/opt/ros/humble LD_LIBRARY_PATH=/home/vboxuser/Ali_ws/install/xarm_controller/lib:/home/vboxuser/Ali_ws/install/xarm_api/lib:/home/vboxuser/Ali_ws/install/xarm_sdk/lib:/home/vboxuser/Ali_ws/install/xarm_msgs/lib:${LD_LIBRARY_PATH} PYTHONPATH=/home/vboxuser/Ali_ws/install/xarm_msgs/local/lib/python3.10/dist-packages:/home/vboxuser/Ali_ws/install/uf_ros_lib/lib/python3.10/site-packages:${PYTHONPATH} /usr/bin/cmake --build /home/vboxuser/Ali_ws/build/xarm_gazebo -- -j4 -l4
[0.342s] Invoking command in '/home/vboxuser/Ali_ws/build/xarm_gazebo': AMENT_PREFIX_PATH=/home/vboxuser/Ali_ws/install/xarm_controller:/home/vboxuser/Ali_ws/install/xarm_api:/home/vboxuser/Ali_ws/install/xarm_sdk:/home/vboxuser/Ali_ws/install/xarm_msgs:/home/vboxuser/Ali_ws/install/xarm_description:/home/vboxuser/Ali_ws/install/uf_ros_lib:${AMENT_PREFIX_PATH} CMAKE_PREFIX_PATH=/home/vboxuser/Ali_ws/install/xarm_controller:/home/vboxuser/Ali_ws/install/xarm_api:/home/vboxuser/Ali_ws/install/xarm_sdk:/home/vboxuser/Ali_ws/install/xarm_msgs:/home/vboxuser/Ali_ws/install/xarm_description:/opt/ros/humble LD_LIBRARY_PATH=/home/vboxuser/Ali_ws/install/xarm_controller/lib:/home/vboxuser/Ali_ws/install/xarm_api/lib:/home/vboxuser/Ali_ws/install/xarm_sdk/lib:/home/vboxuser/Ali_ws/install/xarm_msgs/lib:${LD_LIBRARY_PATH} PYTHONPATH=/home/vboxuser/Ali_ws/install/xarm_msgs/local/lib/python3.10/dist-packages:/home/vboxuser/Ali_ws/install/uf_ros_lib/lib/python3.10/site-packages:${PYTHONPATH} /usr/bin/cmake --install /home/vboxuser/Ali_ws/build/xarm_gazebo
[0.367s] -- Install configuration: ""
[0.367s] -- Up-to-date: /home/vboxuser/Ali_ws/install/xarm_gazebo/include
[0.367s] -- Up-to-date: /home/vboxuser/Ali_ws/install/xarm_gazebo/include/xarm_gazebo
[0.367s] -- Up-to-date: /home/vboxuser/Ali_ws/install/xarm_gazebo/include/xarm_gazebo/mimic_joint_plugin.h
[0.371s] -- Up-to-date: /home/vboxuser/Ali_ws/install/xarm_gazebo/lib/libgazebo_mimic_joint_plugin.so
[0.371s] -- Up-to-date: /home/vboxuser/Ali_ws/install/xarm_gazebo/share/xarm_gazebo//worlds
[0.371s] -- Up-to-date: /home/vboxuser/Ali_ws/install/xarm_gazebo/share/xarm_gazebo//worlds/table.world
[0.371s] -- Up-to-date: /home/vboxuser/Ali_ws/install/xarm_gazebo/share/xarm_gazebo//launch
[0.371s] -- Up-to-date: /home/vboxuser/Ali_ws/install/xarm_gazebo/share/xarm_gazebo//launch/xarm7_beside_table_gazebo.launch.py
[0.371s] -- Up-to-date: /home/vboxuser/Ali_ws/install/xarm_gazebo/share/xarm_gazebo//launch/xarm5_beside_table_gazebo.launch.py
[0.371s] -- Up-to-date: /home/vboxuser/Ali_ws/install/xarm_gazebo/share/xarm_gazebo//launch/_dual_robot_beside_table_gazebo.launch.py
[0.371s] -- Up-to-date: /home/vboxuser/Ali_ws/install/xarm_gazebo/share/xarm_gazebo//launch/_robot_beside_table_ignition.launch.py
[0.371s] -- Up-to-date: /home/vboxuser/Ali_ws/install/xarm_gazebo/share/xarm_gazebo//launch/xarm7_mirror_beside_table_gazebo.launch.py
[0.371s] -- Up-to-date: /home/vboxuser/Ali_ws/install/xarm_gazebo/share/xarm_gazebo//launch/_robot_beside_table_gazebo.launch.py
[0.371s] -- Up-to-date: /home/vboxuser/Ali_ws/install/xarm_gazebo/share/xarm_gazebo//launch/uf850_beside_table_gazebo.launch.py
[0.371s] -- Up-to-date: /home/vboxuser/Ali_ws/install/xarm_gazebo/share/xarm_gazebo//launch/xarm6_beside_table_gazebo.launch.py
[0.371s] -- Up-to-date: /home/vboxuser/Ali_ws/install/xarm_gazebo/share/xarm_gazebo//launch/lite6_beside_table_gazebo.launch.py
[0.372s] -- Up-to-date: /home/vboxuser/Ali_ws/install/xarm_gazebo/share/ament_index/resource_index/package_run_dependencies/xarm_gazebo
[0.372s] -- Up-to-date: /home/vboxuser/Ali_ws/install/xarm_gazebo/share/ament_index/resource_index/parent_prefix_path/xarm_gazebo
[0.372s] -- Up-to-date: /home/vboxuser/Ali_ws/install/xarm_gazebo/share/xarm_gazebo/environment/ament_prefix_path.sh
[0.372s] -- Up-to-date: /home/vboxuser/Ali_ws/install/xarm_gazebo/share/xarm_gazebo/environment/ament_prefix_path.dsv
[0.372s] -- Up-to-date: /home/vboxuser/Ali_ws/install/xarm_gazebo/share/xarm_gazebo/environment/path.sh
[0.373s] -- Up-to-date: /home/vboxuser/Ali_ws/install/xarm_gazebo/share/xarm_gazebo/environment/path.dsv
[0.373s] -- Up-to-date: /home/vboxuser/Ali_ws/install/xarm_gazebo/share/xarm_gazebo/local_setup.bash
[0.373s] -- Up-to-date: /home/vboxuser/Ali_ws/install/xarm_gazebo/share/xarm_gazebo/local_setup.sh
[0.379s] -- Up-to-date: /home/vboxuser/Ali_ws/install/xarm_gazebo/share/xarm_gazebo/local_setup.zsh
[0.380s] -- Up-to-date: /home/vboxuser/Ali_ws/install/xarm_gazebo/share/xarm_gazebo/local_setup.dsv
[0.380s] -- Installing: /home/vboxuser/Ali_ws/install/xarm_gazebo/share/xarm_gazebo/package.dsv
[0.380s] -- Up-to-date: /home/vboxuser/Ali_ws/install/xarm_gazebo/share/ament_index/resource_index/packages/xarm_gazebo
[0.380s] -- Up-to-date: /home/vboxuser/Ali_ws/install/xarm_gazebo/share/xarm_gazebo/cmake/xarm_gazeboConfig.cmake
[0.380s] -- Up-to-date: /home/vboxuser/Ali_ws/install/xarm_gazebo/share/xarm_gazebo/cmake/xarm_gazeboConfig-version.cmake
[0.380s] -- Up-to-date: /home/vboxuser/Ali_ws/install/xarm_gazebo/share/xarm_gazebo/package.xml
[0.380s] Invoked command in '/home/vboxuser/Ali_ws/build/xarm_gazebo' returned '0': AMENT_PREFIX_PATH=/home/vboxuser/Ali_ws/install/xarm_controller:/home/vboxuser/Ali_ws/install/xarm_api:/home/vboxuser/Ali_ws/install/xarm_sdk:/home/vboxuser/Ali_ws/install/xarm_msgs:/home/vboxuser/Ali_ws/install/xarm_description:/home/vboxuser/Ali_ws/install/uf_ros_lib:${AMENT_PREFIX_PATH} CMAKE_PREFIX_PATH=/home/vboxuser/Ali_ws/install/xarm_controller:/home/vboxuser/Ali_ws/install/xarm_api:/home/vboxuser/Ali_ws/install/xarm_sdk:/home/vboxuser/Ali_ws/install/xarm_msgs:/home/vboxuser/Ali_ws/install/xarm_description:/opt/ros/humble LD_LIBRARY_PATH=/home/vboxuser/Ali_ws/install/xarm_controller/lib:/home/vboxuser/Ali_ws/install/xarm_api/lib:/home/vboxuser/Ali_ws/install/xarm_sdk/lib:/home/vboxuser/Ali_ws/install/xarm_msgs/lib:${LD_LIBRARY_PATH} PYTHONPATH=/home/vboxuser/Ali_ws/install/xarm_msgs/local/lib/python3.10/dist-packages:/home/vboxuser/Ali_ws/install/uf_ros_lib/lib/python3.10/site-packages:${PYTHONPATH} /usr/bin/cmake --install /home/vboxuser/Ali_ws/build/xarm_gazebo
