[0.107s] Invoking command in '/home/vboxuser/Ali_ws/build/xarm_gazebo': AMENT_PREFIX_PATH=/home/vboxuser/Ali_ws/install/uf_ros_lib:/home/vboxuser/Ali_ws/install/orbbec_description:/home/vboxuser/Ali_ws/install/orbbec_camera:/home/vboxuser/Ali_ws/install/orbbec_camera_msgs:/home/vboxuser/Ali_ws/install/ros2_linkattacher:/home/vboxuser/Ali_ws/install/linkattacher_msgs:/opt/ros/humble:/home/vboxuser/Ali_ws/install/xarm_planner:/home/vboxuser/Ali_ws/install/xarm_moveit_servo:/home/vboxuser/Ali_ws/install/xarm_moveit_config:/home/vboxuser/Ali_ws/install/xarm_gazebo:/home/vboxuser/Ali_ws/install/xarm_controller:/home/vboxuser/Ali_ws/install/d435i_xarm_setup:/home/vboxuser/Ali_ws/install/xarm_api:/home/vboxuser/Ali_ws/install/xarm_sdk:/home/vboxuser/Ali_ws/install/xarm_msgs:/home/vboxuser/Ali_ws/install/xarm_description:/home/vboxuser/Ali_ws/install/realsense_gazebo_plugin:/home/vboxuser/Ali_ws/install/mbot_demo CMAKE_PREFIX_PATH=/home/vboxuser/Ali_ws/install/xarm_controller:/home/vboxuser/Ali_ws/install/xarm_api:/home/vboxuser/Ali_ws/install/xarm_sdk:/home/vboxuser/Ali_ws/install/xarm_msgs:/home/vboxuser/Ali_ws/install/xarm_description:/home/vboxuser/Ali_ws/install/orbbec_description:/home/vboxuser/Ali_ws/install/orbbec_camera:/home/vboxuser/Ali_ws/install/orbbec_camera_msgs:/home/vboxuser/Ali_ws/install/ros2_linkattacher:/home/vboxuser/Ali_ws/install/linkattacher_msgs:/home/vboxuser/Ali_ws/install/xarm_planner:/home/vboxuser/Ali_ws/install/xarm_moveit_servo:/home/vboxuser/Ali_ws/install/xarm_moveit_config:/home/vboxuser/Ali_ws/install/xarm_gazebo:/home/vboxuser/Ali_ws/install/d435i_xarm_setup:/home/vboxuser/Ali_ws/install/realsense_gazebo_plugin:/home/vboxuser/Ali_ws/install/mbot_demo:/opt/ros/humble:/home/vboxuser/Ali_ws/install/uf_ros_lib LD_LIBRARY_PATH=/home/vboxuser/Ali_ws/install/xarm_controller/lib:/home/vboxuser/Ali_ws/install/xarm_api/lib:/home/vboxuser/Ali_ws/install/xarm_sdk/lib:/home/vboxuser/Ali_ws/install/xarm_msgs/lib:/home/vboxuser/Ali_ws/install/orbbec_camera/lib:/home/vboxuser/Ali_ws/install/orbbec_camera_msgs/lib:/home/vboxuser/Ali_ws/install/ros2_linkattacher/lib:/home/vboxuser/Ali_ws/install/linkattacher_msgs/lib:/usr/lib/x86_64-linux-gnu/gazebo-11/plugins:/opt/ros/humble/opt/rviz_ogre_vendor/lib:/opt/ros/humble/lib/x86_64-linux-gnu:/opt/ros/humble/lib:/home/vboxuser/Ali_ws/install/xarm_planner/lib:/home/vboxuser/Ali_ws/install/xarm_moveit_servo/lib:/home/vboxuser/Ali_ws/install/xarm_gazebo/lib:/home/vboxuser/Ali_ws/install/realsense_gazebo_plugin/lib PYTHONPATH=/home/vboxuser/Ali_ws/install/uf_ros_lib/lib/python3.10/site-packages:/home/vboxuser/Ali_ws/install/orbbec_camera_msgs/local/lib/python3.10/dist-packages:/home/vboxuser/Ali_ws/install/linkattacher_msgs/local/lib/python3.10/dist-packages:/opt/ros/humble/lib/python3.10/site-packages:/opt/ros/humble/local/lib/python3.10/dist-packages:/home/vboxuser/Ali_ws/install/xarm_msgs/local/lib/python3.10/dist-packages:/home/vboxuser/Ali_ws/build/uf_ros_lib /usr/bin/cmake /home/vboxuser/Ali_ws/src/xarm_ros2/xarm_gazebo -DCMAKE_INSTALL_PREFIX=/home/vboxuser/Ali_ws/install/xarm_gazebo
[0.204s] -- The C compiler identification is GNU 11.4.0
[0.307s] -- The CXX compiler identification is GNU 11.4.0
[0.330s] -- Detecting C compiler ABI info
[0.506s] -- Detecting C compiler ABI info - done
[0.529s] -- Check for working C compiler: /usr/bin/cc - skipped
[0.529s] -- Detecting C compile features
[0.532s] -- Detecting C compile features - done
[0.545s] -- Detecting CXX compiler ABI info
[0.925s] -- Detecting CXX compiler ABI info - done
[0.971s] -- Check for working CXX compiler: /usr/bin/c++ - skipped
[0.971s] -- Detecting CXX compile features
[0.971s] -- Detecting CXX compile features - done
[0.977s] -- Found ament_cmake: 1.3.12 (/opt/ros/humble/share/ament_cmake/cmake)
[1.591s] -- Found Python3: /usr/bin/python3 (found version "3.10.12") found components: Interpreter 
[1.821s] -- Found rclcpp: 16.0.15 (/opt/ros/humble/share/rclcpp/cmake)
[1.861s] -- Found rosidl_generator_c: 3.1.7 (/opt/ros/humble/share/rosidl_generator_c/cmake)
[1.871s] -- Found rosidl_adapter: 3.1.7 (/opt/ros/humble/share/rosidl_adapter/cmake)
[1.888s] -- Found rosidl_generator_cpp: 3.1.7 (/opt/ros/humble/share/rosidl_generator_cpp/cmake)
[1.912s] -- Using all available rosidl_typesupport_c: rosidl_typesupport_fastrtps_c;rosidl_typesupport_introspection_c
[1.942s] -- Using all available rosidl_typesupport_cpp: rosidl_typesupport_fastrtps_cpp;rosidl_typesupport_introspection_cpp
[2.029s] -- Found rmw_implementation_cmake: 6.1.2 (/opt/ros/humble/share/rmw_implementation_cmake/cmake)
[2.050s] -- Found rmw_fastrtps_cpp: 6.2.9 (/opt/ros/humble/share/rmw_fastrtps_cpp/cmake)
[2.227s] -- Found OpenSSL: /usr/lib/x86_64-linux-gnu/libcrypto.so (found version "3.0.2")  
[2.263s] -- Found FastRTPS: /opt/ros/humble/include  
[2.337s] -- Using RMW implementation 'rmw_fastrtps_cpp' as default
[2.356s] -- Looking for pthread.h
[2.509s] -- Looking for pthread.h - found
[2.509s] -- Performing Test CMAKE_HAVE_LIBC_PTHREAD
[2.658s] -- Performing Test CMAKE_HAVE_LIBC_PTHREAD - Success
[2.660s] -- Found Threads: TRUE  
[2.730s] -- Found control_toolbox: 3.6.2 (/opt/ros/humble/share/control_toolbox/cmake)
[2.995s] -- Found controller_manager: 2.52.0 (/opt/ros/humble/share/controller_manager/cmake)
[3.060s] -- Found gazebo_ros: 3.9.0 (/opt/ros/humble/share/gazebo_ros/cmake)
[3.062s] -- Found PkgConfig: /usr/bin/pkg-config (found version "0.29.2") 
[3.069s] -- Checking for module 'bullet>=2.82'
[3.091s] --   Found bullet, version 3.05
[3.341s] -- Found fcl: /usr/include (found suitable version "0.7.0", minimum required is "0.5.0") 
[3.436s] -- Found assimp: /usr/include (found version "5.2.0") 
[3.461s] -- Found DART: /usr/include (Required is at least version "6.6") found components: dart 
[3.495s] -- Found Boost: /usr/lib/x86_64-linux-gnu/cmake/Boost-1.74.0/BoostConfig.cmake (found suitable version "1.74.0", minimum required is "1.40.0") found components: thread system filesystem program_options regex iostreams date_time 
[3.521s] -- Found Protobuf: /usr/lib/x86_64-linux-gnu/libprotobuf.so (found version "3.12.4") 
[3.535s] -- Looking for ignition-math6 -- found version 6.15.1
[3.542s] -- Searching for dependencies of ignition-math6
[3.549s] -- Looking for OGRE...
[3.549s] -- OGRE_PREFIX_WATCH changed.
[3.562s] -- Checking for module 'OGRE'
[3.639s] --   Found OGRE, version 1.9.0
[3.736s] -- Found Ogre Ghadamon (1.9.0)
[3.751s] -- Found OGRE: optimized;/usr/lib/x86_64-linux-gnu/libOgreMain.so;debug;/usr/lib/x86_64-linux-gnu/libOgreMain.so
[3.751s] -- Looking for OGRE_Paging...
[3.757s] -- Found OGRE_Paging: optimized;/usr/lib/x86_64-linux-gnu/libOgrePaging.so;debug;/usr/lib/x86_64-linux-gnu/libOgrePaging.so
[3.758s] -- Looking for OGRE_Terrain...
[3.763s] -- Found OGRE_Terrain: optimized;/usr/lib/x86_64-linux-gnu/libOgreTerrain.so;debug;/usr/lib/x86_64-linux-gnu/libOgreTerrain.so
[3.763s] -- Looking for OGRE_Property...
[3.769s] -- Found OGRE_Property: optimized;/usr/lib/x86_64-linux-gnu/libOgreProperty.so;debug;/usr/lib/x86_64-linux-gnu/libOgreProperty.so
[3.769s] -- Looking for OGRE_RTShaderSystem...
[3.777s] -- Found OGRE_RTShaderSystem: optimized;/usr/lib/x86_64-linux-gnu/libOgreRTShaderSystem.so;debug;/usr/lib/x86_64-linux-gnu/libOgreRTShaderSystem.so
[3.777s] -- Looking for OGRE_Volume...
[3.788s] -- Found OGRE_Volume: optimized;/usr/lib/x86_64-linux-gnu/libOgreVolume.so;debug;/usr/lib/x86_64-linux-gnu/libOgreVolume.so
[3.788s] -- Looking for OGRE_Overlay...
[3.834s] -- Found OGRE_Overlay: optimized;/usr/lib/x86_64-linux-gnu/libOgreOverlay.so;debug;/usr/lib/x86_64-linux-gnu/libOgreOverlay.so
[4.152s] -- Looking for ignition-math6 -- found version 6.15.1
[4.155s] -- Looking for ignition-transport8 -- found version 8.2.1
[4.155s] -- Searching for dependencies of ignition-transport8
[4.174s] -- Found Protobuf: /usr/lib/x86_64-linux-gnu/libprotobuf.so (found suitable version "3.12.4", minimum required is "3") 
[4.183s] -- Config-file not installed for ZeroMQ -- checking for pkg-config
[4.190s] -- Checking for module 'libzmq >= 4'
[4.245s] --   Found libzmq , version 4.3.4
[4.348s] -- Found ZeroMQ: TRUE (Required is at least version "4") 
[4.354s] -- Checking for module 'uuid'
[4.375s] --   Found uuid, version 2.37.2
[4.459s] -- Found UUID: TRUE  
[4.462s] -- Looking for ignition-msgs5 -- found version 5.8.1
[4.463s] -- Searching for dependencies of ignition-msgs5
[4.484s] -- Looking for ignition-math6 -- found version 6.15.1
[4.489s] -- Checking for module 'tinyxml2'
[4.537s] --   Found tinyxml2, version 9.0.0
[4.668s] -- Looking for ignition-msgs5 -- found version 5.8.1
[4.671s] -- Looking for ignition-common3 -- found version 3.14.0
[4.672s] -- Searching for dependencies of ignition-common3
[4.672s] -- Looking for dlfcn.h - found
[4.673s] -- Looking for libdl - found
[4.675s] -- Found DL: TRUE  
[4.688s] -- Found tinyobjloader: /usr/lib/x86_64-linux-gnu/cmake/tinyobjloader/tinyobjloader-config.cmake (found version "2.0.0") 
[4.691s] -- Searching for <ignition-common3> component [graphics]
[4.691s] -- Looking for ignition-common3-graphics -- found version 3.14.0
[4.692s] -- Searching for dependencies of ignition-common3-graphics
[4.693s] -- Looking for ignition-math6 -- found version 6.15.1
[4.696s] -- Looking for ignition-fuel_tools4 -- found version 4.4.0
[4.698s] -- Searching for dependencies of ignition-fuel_tools4
[4.952s] -- Found CURL: /usr/lib/x86_64-linux-gnu/libcurl.so (found version "7.81.0")  
[4.960s] -- Checking for module 'jsoncpp'
[4.987s] --   Found jsoncpp, version 1.9.5
[5.117s] -- Found JSONCPP: TRUE  
[5.133s] -- Checking for module 'libzip'
[5.193s] --   Found libzip, version 1.7.3
[5.365s] -- Found ZIP: TRUE  
[5.365s] -- Looking for ignition-common3 -- found version 3.14.0
[5.366s] -- Looking for ignition-math6 -- found version 6.15.1
[5.367s] -- Looking for ignition-msgs5 -- found version 5.8.1
[5.371s] -- Gazebo version: 11.10
[5.372s] -- Checking for module 'tbb'
[5.437s] --   Found tbb, version 2021.5.0
[5.615s] -- Found ament_lint_auto: 0.12.14 (/opt/ros/humble/share/ament_lint_auto/cmake)
[5.839s] -- Added test 'copyright' to check source files copyright and LICENSE
[5.839s] -- Added test 'cppcheck' to perform static code analysis on C / C++ code
[5.839s] -- Configured cppcheck include dirs: /home/vboxuser/Ali_ws/src/xarm_ros2/xarm_gazebo/include
[5.839s] -- Configured cppcheck exclude dirs and/or files: 
[5.839s] -- Added test 'cpplint' to check C / C++ code against the Google style
[5.839s] -- Configured cpplint exclude dirs and/or files: 
[5.839s] -- Added test 'flake8' to check Python code syntax and style conventions
[5.839s] -- Added test 'lint_cmake' to check CMake code style
[5.839s] -- Added test 'pep257' to check Python code against some of the docstring style conventions in PEP 257
[5.839s] -- Added test 'uncrustify' to check C / C++ code style
[5.839s] -- Configured uncrustify additional arguments: 
[5.839s] -- Added test 'xmllint' to check XML markup files
[5.839s] -- Configuring done
[5.839s] -- Generating done
[5.839s] -- Build files have been written to: /home/vboxuser/Ali_ws/build/xarm_gazebo
[5.843s] Invoked command in '/home/vboxuser/Ali_ws/build/xarm_gazebo' returned '0': AMENT_PREFIX_PATH=/home/vboxuser/Ali_ws/install/uf_ros_lib:/home/vboxuser/Ali_ws/install/orbbec_description:/home/vboxuser/Ali_ws/install/orbbec_camera:/home/vboxuser/Ali_ws/install/orbbec_camera_msgs:/home/vboxuser/Ali_ws/install/ros2_linkattacher:/home/vboxuser/Ali_ws/install/linkattacher_msgs:/opt/ros/humble:/home/vboxuser/Ali_ws/install/xarm_planner:/home/vboxuser/Ali_ws/install/xarm_moveit_servo:/home/vboxuser/Ali_ws/install/xarm_moveit_config:/home/vboxuser/Ali_ws/install/xarm_gazebo:/home/vboxuser/Ali_ws/install/xarm_controller:/home/vboxuser/Ali_ws/install/d435i_xarm_setup:/home/vboxuser/Ali_ws/install/xarm_api:/home/vboxuser/Ali_ws/install/xarm_sdk:/home/vboxuser/Ali_ws/install/xarm_msgs:/home/vboxuser/Ali_ws/install/xarm_description:/home/vboxuser/Ali_ws/install/realsense_gazebo_plugin:/home/vboxuser/Ali_ws/install/mbot_demo CMAKE_PREFIX_PATH=/home/vboxuser/Ali_ws/install/xarm_controller:/home/vboxuser/Ali_ws/install/xarm_api:/home/vboxuser/Ali_ws/install/xarm_sdk:/home/vboxuser/Ali_ws/install/xarm_msgs:/home/vboxuser/Ali_ws/install/xarm_description:/home/vboxuser/Ali_ws/install/orbbec_description:/home/vboxuser/Ali_ws/install/orbbec_camera:/home/vboxuser/Ali_ws/install/orbbec_camera_msgs:/home/vboxuser/Ali_ws/install/ros2_linkattacher:/home/vboxuser/Ali_ws/install/linkattacher_msgs:/home/vboxuser/Ali_ws/install/xarm_planner:/home/vboxuser/Ali_ws/install/xarm_moveit_servo:/home/vboxuser/Ali_ws/install/xarm_moveit_config:/home/vboxuser/Ali_ws/install/xarm_gazebo:/home/vboxuser/Ali_ws/install/d435i_xarm_setup:/home/vboxuser/Ali_ws/install/realsense_gazebo_plugin:/home/vboxuser/Ali_ws/install/mbot_demo:/opt/ros/humble:/home/vboxuser/Ali_ws/install/uf_ros_lib LD_LIBRARY_PATH=/home/vboxuser/Ali_ws/install/xarm_controller/lib:/home/vboxuser/Ali_ws/install/xarm_api/lib:/home/vboxuser/Ali_ws/install/xarm_sdk/lib:/home/vboxuser/Ali_ws/install/xarm_msgs/lib:/home/vboxuser/Ali_ws/install/orbbec_camera/lib:/home/vboxuser/Ali_ws/install/orbbec_camera_msgs/lib:/home/vboxuser/Ali_ws/install/ros2_linkattacher/lib:/home/vboxuser/Ali_ws/install/linkattacher_msgs/lib:/usr/lib/x86_64-linux-gnu/gazebo-11/plugins:/opt/ros/humble/opt/rviz_ogre_vendor/lib:/opt/ros/humble/lib/x86_64-linux-gnu:/opt/ros/humble/lib:/home/vboxuser/Ali_ws/install/xarm_planner/lib:/home/vboxuser/Ali_ws/install/xarm_moveit_servo/lib:/home/vboxuser/Ali_ws/install/xarm_gazebo/lib:/home/vboxuser/Ali_ws/install/realsense_gazebo_plugin/lib PYTHONPATH=/home/vboxuser/Ali_ws/install/uf_ros_lib/lib/python3.10/site-packages:/home/vboxuser/Ali_ws/install/orbbec_camera_msgs/local/lib/python3.10/dist-packages:/home/vboxuser/Ali_ws/install/linkattacher_msgs/local/lib/python3.10/dist-packages:/opt/ros/humble/lib/python3.10/site-packages:/opt/ros/humble/local/lib/python3.10/dist-packages:/home/vboxuser/Ali_ws/install/xarm_msgs/local/lib/python3.10/dist-packages:/home/vboxuser/Ali_ws/build/uf_ros_lib /usr/bin/cmake /home/vboxuser/Ali_ws/src/xarm_ros2/xarm_gazebo -DCMAKE_INSTALL_PREFIX=/home/vboxuser/Ali_ws/install/xarm_gazebo
[5.843s] Invoking command in '/home/vboxuser/Ali_ws/build/xarm_gazebo': AMENT_PREFIX_PATH=/home/vboxuser/Ali_ws/install/uf_ros_lib:/home/vboxuser/Ali_ws/install/orbbec_description:/home/vboxuser/Ali_ws/install/orbbec_camera:/home/vboxuser/Ali_ws/install/orbbec_camera_msgs:/home/vboxuser/Ali_ws/install/ros2_linkattacher:/home/vboxuser/Ali_ws/install/linkattacher_msgs:/opt/ros/humble:/home/vboxuser/Ali_ws/install/xarm_planner:/home/vboxuser/Ali_ws/install/xarm_moveit_servo:/home/vboxuser/Ali_ws/install/xarm_moveit_config:/home/vboxuser/Ali_ws/install/xarm_gazebo:/home/vboxuser/Ali_ws/install/xarm_controller:/home/vboxuser/Ali_ws/install/d435i_xarm_setup:/home/vboxuser/Ali_ws/install/xarm_api:/home/vboxuser/Ali_ws/install/xarm_sdk:/home/vboxuser/Ali_ws/install/xarm_msgs:/home/vboxuser/Ali_ws/install/xarm_description:/home/vboxuser/Ali_ws/install/realsense_gazebo_plugin:/home/vboxuser/Ali_ws/install/mbot_demo CMAKE_PREFIX_PATH=/home/vboxuser/Ali_ws/install/xarm_controller:/home/vboxuser/Ali_ws/install/xarm_api:/home/vboxuser/Ali_ws/install/xarm_sdk:/home/vboxuser/Ali_ws/install/xarm_msgs:/home/vboxuser/Ali_ws/install/xarm_description:/home/vboxuser/Ali_ws/install/orbbec_description:/home/vboxuser/Ali_ws/install/orbbec_camera:/home/vboxuser/Ali_ws/install/orbbec_camera_msgs:/home/vboxuser/Ali_ws/install/ros2_linkattacher:/home/vboxuser/Ali_ws/install/linkattacher_msgs:/home/vboxuser/Ali_ws/install/xarm_planner:/home/vboxuser/Ali_ws/install/xarm_moveit_servo:/home/vboxuser/Ali_ws/install/xarm_moveit_config:/home/vboxuser/Ali_ws/install/xarm_gazebo:/home/vboxuser/Ali_ws/install/d435i_xarm_setup:/home/vboxuser/Ali_ws/install/realsense_gazebo_plugin:/home/vboxuser/Ali_ws/install/mbot_demo:/opt/ros/humble:/home/vboxuser/Ali_ws/install/uf_ros_lib LD_LIBRARY_PATH=/home/vboxuser/Ali_ws/install/xarm_controller/lib:/home/vboxuser/Ali_ws/install/xarm_api/lib:/home/vboxuser/Ali_ws/install/xarm_sdk/lib:/home/vboxuser/Ali_ws/install/xarm_msgs/lib:/home/vboxuser/Ali_ws/install/orbbec_camera/lib:/home/vboxuser/Ali_ws/install/orbbec_camera_msgs/lib:/home/vboxuser/Ali_ws/install/ros2_linkattacher/lib:/home/vboxuser/Ali_ws/install/linkattacher_msgs/lib:/usr/lib/x86_64-linux-gnu/gazebo-11/plugins:/opt/ros/humble/opt/rviz_ogre_vendor/lib:/opt/ros/humble/lib/x86_64-linux-gnu:/opt/ros/humble/lib:/home/vboxuser/Ali_ws/install/xarm_planner/lib:/home/vboxuser/Ali_ws/install/xarm_moveit_servo/lib:/home/vboxuser/Ali_ws/install/xarm_gazebo/lib:/home/vboxuser/Ali_ws/install/realsense_gazebo_plugin/lib PYTHONPATH=/home/vboxuser/Ali_ws/install/uf_ros_lib/lib/python3.10/site-packages:/home/vboxuser/Ali_ws/install/orbbec_camera_msgs/local/lib/python3.10/dist-packages:/home/vboxuser/Ali_ws/install/linkattacher_msgs/local/lib/python3.10/dist-packages:/opt/ros/humble/lib/python3.10/site-packages:/opt/ros/humble/local/lib/python3.10/dist-packages:/home/vboxuser/Ali_ws/install/xarm_msgs/local/lib/python3.10/dist-packages:/home/vboxuser/Ali_ws/build/uf_ros_lib /usr/bin/cmake --build /home/vboxuser/Ali_ws/build/xarm_gazebo -- -j4 -l4
[6.042s] [ 50%] [32mBuilding CXX object CMakeFiles/gazebo_mimic_joint_plugin.dir/src/mimic_joint_plugin.cpp.o[0m
[22.722s] [100%] [32m[1mLinking CXX shared library libgazebo_mimic_joint_plugin.so[0m
[23.824s] [100%] Built target gazebo_mimic_joint_plugin
[23.853s] Invoked command in '/home/vboxuser/Ali_ws/build/xarm_gazebo' returned '0': AMENT_PREFIX_PATH=/home/vboxuser/Ali_ws/install/uf_ros_lib:/home/vboxuser/Ali_ws/install/orbbec_description:/home/vboxuser/Ali_ws/install/orbbec_camera:/home/vboxuser/Ali_ws/install/orbbec_camera_msgs:/home/vboxuser/Ali_ws/install/ros2_linkattacher:/home/vboxuser/Ali_ws/install/linkattacher_msgs:/opt/ros/humble:/home/vboxuser/Ali_ws/install/xarm_planner:/home/vboxuser/Ali_ws/install/xarm_moveit_servo:/home/vboxuser/Ali_ws/install/xarm_moveit_config:/home/vboxuser/Ali_ws/install/xarm_gazebo:/home/vboxuser/Ali_ws/install/xarm_controller:/home/vboxuser/Ali_ws/install/d435i_xarm_setup:/home/vboxuser/Ali_ws/install/xarm_api:/home/vboxuser/Ali_ws/install/xarm_sdk:/home/vboxuser/Ali_ws/install/xarm_msgs:/home/vboxuser/Ali_ws/install/xarm_description:/home/vboxuser/Ali_ws/install/realsense_gazebo_plugin:/home/vboxuser/Ali_ws/install/mbot_demo CMAKE_PREFIX_PATH=/home/vboxuser/Ali_ws/install/xarm_controller:/home/vboxuser/Ali_ws/install/xarm_api:/home/vboxuser/Ali_ws/install/xarm_sdk:/home/vboxuser/Ali_ws/install/xarm_msgs:/home/vboxuser/Ali_ws/install/xarm_description:/home/vboxuser/Ali_ws/install/orbbec_description:/home/vboxuser/Ali_ws/install/orbbec_camera:/home/vboxuser/Ali_ws/install/orbbec_camera_msgs:/home/vboxuser/Ali_ws/install/ros2_linkattacher:/home/vboxuser/Ali_ws/install/linkattacher_msgs:/home/vboxuser/Ali_ws/install/xarm_planner:/home/vboxuser/Ali_ws/install/xarm_moveit_servo:/home/vboxuser/Ali_ws/install/xarm_moveit_config:/home/vboxuser/Ali_ws/install/xarm_gazebo:/home/vboxuser/Ali_ws/install/d435i_xarm_setup:/home/vboxuser/Ali_ws/install/realsense_gazebo_plugin:/home/vboxuser/Ali_ws/install/mbot_demo:/opt/ros/humble:/home/vboxuser/Ali_ws/install/uf_ros_lib LD_LIBRARY_PATH=/home/vboxuser/Ali_ws/install/xarm_controller/lib:/home/vboxuser/Ali_ws/install/xarm_api/lib:/home/vboxuser/Ali_ws/install/xarm_sdk/lib:/home/vboxuser/Ali_ws/install/xarm_msgs/lib:/home/vboxuser/Ali_ws/install/orbbec_camera/lib:/home/vboxuser/Ali_ws/install/orbbec_camera_msgs/lib:/home/vboxuser/Ali_ws/install/ros2_linkattacher/lib:/home/vboxuser/Ali_ws/install/linkattacher_msgs/lib:/usr/lib/x86_64-linux-gnu/gazebo-11/plugins:/opt/ros/humble/opt/rviz_ogre_vendor/lib:/opt/ros/humble/lib/x86_64-linux-gnu:/opt/ros/humble/lib:/home/vboxuser/Ali_ws/install/xarm_planner/lib:/home/vboxuser/Ali_ws/install/xarm_moveit_servo/lib:/home/vboxuser/Ali_ws/install/xarm_gazebo/lib:/home/vboxuser/Ali_ws/install/realsense_gazebo_plugin/lib PYTHONPATH=/home/vboxuser/Ali_ws/install/uf_ros_lib/lib/python3.10/site-packages:/home/vboxuser/Ali_ws/install/orbbec_camera_msgs/local/lib/python3.10/dist-packages:/home/vboxuser/Ali_ws/install/linkattacher_msgs/local/lib/python3.10/dist-packages:/opt/ros/humble/lib/python3.10/site-packages:/opt/ros/humble/local/lib/python3.10/dist-packages:/home/vboxuser/Ali_ws/install/xarm_msgs/local/lib/python3.10/dist-packages:/home/vboxuser/Ali_ws/build/uf_ros_lib /usr/bin/cmake --build /home/vboxuser/Ali_ws/build/xarm_gazebo -- -j4 -l4
[23.854s] Invoking command in '/home/vboxuser/Ali_ws/build/xarm_gazebo': AMENT_PREFIX_PATH=/home/vboxuser/Ali_ws/install/uf_ros_lib:/home/vboxuser/Ali_ws/install/orbbec_description:/home/vboxuser/Ali_ws/install/orbbec_camera:/home/vboxuser/Ali_ws/install/orbbec_camera_msgs:/home/vboxuser/Ali_ws/install/ros2_linkattacher:/home/vboxuser/Ali_ws/install/linkattacher_msgs:/opt/ros/humble:/home/vboxuser/Ali_ws/install/xarm_planner:/home/vboxuser/Ali_ws/install/xarm_moveit_servo:/home/vboxuser/Ali_ws/install/xarm_moveit_config:/home/vboxuser/Ali_ws/install/xarm_gazebo:/home/vboxuser/Ali_ws/install/xarm_controller:/home/vboxuser/Ali_ws/install/d435i_xarm_setup:/home/vboxuser/Ali_ws/install/xarm_api:/home/vboxuser/Ali_ws/install/xarm_sdk:/home/vboxuser/Ali_ws/install/xarm_msgs:/home/vboxuser/Ali_ws/install/xarm_description:/home/vboxuser/Ali_ws/install/realsense_gazebo_plugin:/home/vboxuser/Ali_ws/install/mbot_demo CMAKE_PREFIX_PATH=/home/vboxuser/Ali_ws/install/xarm_controller:/home/vboxuser/Ali_ws/install/xarm_api:/home/vboxuser/Ali_ws/install/xarm_sdk:/home/vboxuser/Ali_ws/install/xarm_msgs:/home/vboxuser/Ali_ws/install/xarm_description:/home/vboxuser/Ali_ws/install/orbbec_description:/home/vboxuser/Ali_ws/install/orbbec_camera:/home/vboxuser/Ali_ws/install/orbbec_camera_msgs:/home/vboxuser/Ali_ws/install/ros2_linkattacher:/home/vboxuser/Ali_ws/install/linkattacher_msgs:/home/vboxuser/Ali_ws/install/xarm_planner:/home/vboxuser/Ali_ws/install/xarm_moveit_servo:/home/vboxuser/Ali_ws/install/xarm_moveit_config:/home/vboxuser/Ali_ws/install/xarm_gazebo:/home/vboxuser/Ali_ws/install/d435i_xarm_setup:/home/vboxuser/Ali_ws/install/realsense_gazebo_plugin:/home/vboxuser/Ali_ws/install/mbot_demo:/opt/ros/humble:/home/vboxuser/Ali_ws/install/uf_ros_lib LD_LIBRARY_PATH=/home/vboxuser/Ali_ws/install/xarm_controller/lib:/home/vboxuser/Ali_ws/install/xarm_api/lib:/home/vboxuser/Ali_ws/install/xarm_sdk/lib:/home/vboxuser/Ali_ws/install/xarm_msgs/lib:/home/vboxuser/Ali_ws/install/orbbec_camera/lib:/home/vboxuser/Ali_ws/install/orbbec_camera_msgs/lib:/home/vboxuser/Ali_ws/install/ros2_linkattacher/lib:/home/vboxuser/Ali_ws/install/linkattacher_msgs/lib:/usr/lib/x86_64-linux-gnu/gazebo-11/plugins:/opt/ros/humble/opt/rviz_ogre_vendor/lib:/opt/ros/humble/lib/x86_64-linux-gnu:/opt/ros/humble/lib:/home/vboxuser/Ali_ws/install/xarm_planner/lib:/home/vboxuser/Ali_ws/install/xarm_moveit_servo/lib:/home/vboxuser/Ali_ws/install/xarm_gazebo/lib:/home/vboxuser/Ali_ws/install/realsense_gazebo_plugin/lib PYTHONPATH=/home/vboxuser/Ali_ws/install/uf_ros_lib/lib/python3.10/site-packages:/home/vboxuser/Ali_ws/install/orbbec_camera_msgs/local/lib/python3.10/dist-packages:/home/vboxuser/Ali_ws/install/linkattacher_msgs/local/lib/python3.10/dist-packages:/opt/ros/humble/lib/python3.10/site-packages:/opt/ros/humble/local/lib/python3.10/dist-packages:/home/vboxuser/Ali_ws/install/xarm_msgs/local/lib/python3.10/dist-packages:/home/vboxuser/Ali_ws/build/uf_ros_lib /usr/bin/cmake --install /home/vboxuser/Ali_ws/build/xarm_gazebo
[23.890s] -- Install configuration: ""
[23.890s] -- Installing: /home/vboxuser/Ali_ws/install/xarm_gazebo/include
[23.890s] -- Installing: /home/vboxuser/Ali_ws/install/xarm_gazebo/include/xarm_gazebo
[23.890s] -- Installing: /home/vboxuser/Ali_ws/install/xarm_gazebo/include/xarm_gazebo/mimic_joint_plugin.h
[23.890s] -- Installing: /home/vboxuser/Ali_ws/install/xarm_gazebo/lib/libgazebo_mimic_joint_plugin.so
[23.901s] -- Set runtime path of "/home/vboxuser/Ali_ws/install/xarm_gazebo/lib/libgazebo_mimic_joint_plugin.so" to ""
[23.901s] -- Installing: /home/vboxuser/Ali_ws/install/xarm_gazebo/share/xarm_gazebo//worlds
[23.902s] -- Installing: /home/vboxuser/Ali_ws/install/xarm_gazebo/share/xarm_gazebo//worlds/table.world
[23.902s] -- Installing: /home/vboxuser/Ali_ws/install/xarm_gazebo/share/xarm_gazebo//launch
[23.902s] -- Installing: /home/vboxuser/Ali_ws/install/xarm_gazebo/share/xarm_gazebo//launch/xarm7_beside_table_gazebo.launch.py
[23.902s] -- Installing: /home/vboxuser/Ali_ws/install/xarm_gazebo/share/xarm_gazebo//launch/xarm5_beside_table_gazebo.launch.py
[23.902s] -- Installing: /home/vboxuser/Ali_ws/install/xarm_gazebo/share/xarm_gazebo//launch/_dual_robot_beside_table_gazebo.launch.py
[23.903s] -- Installing: /home/vboxuser/Ali_ws/install/xarm_gazebo/share/xarm_gazebo//launch/_robot_beside_table_ignition.launch.py
[23.903s] -- Installing: /home/vboxuser/Ali_ws/install/xarm_gazebo/share/xarm_gazebo//launch/xarm7_mirror_beside_table_gazebo.launch.py
[23.903s] -- Installing: /home/vboxuser/Ali_ws/install/xarm_gazebo/share/xarm_gazebo//launch/_robot_beside_table_gazebo.launch.py
[23.904s] -- Installing: /home/vboxuser/Ali_ws/install/xarm_gazebo/share/xarm_gazebo//launch/uf850_beside_table_gazebo.launch.py
[23.904s] -- Installing: /home/vboxuser/Ali_ws/install/xarm_gazebo/share/xarm_gazebo//launch/xarm6_beside_table_gazebo.launch.py
[23.905s] -- Installing: /home/vboxuser/Ali_ws/install/xarm_gazebo/share/xarm_gazebo//launch/lite6_beside_table_gazebo.launch.py
[23.906s] -- Installing: /home/vboxuser/Ali_ws/install/xarm_gazebo/share/ament_index/resource_index/package_run_dependencies/xarm_gazebo
[23.912s] -- Installing: /home/vboxuser/Ali_ws/install/xarm_gazebo/share/ament_index/resource_index/parent_prefix_path/xarm_gazebo
[23.912s] -- Installing: /home/vboxuser/Ali_ws/install/xarm_gazebo/share/xarm_gazebo/environment/ament_prefix_path.sh
[23.913s] -- Installing: /home/vboxuser/Ali_ws/install/xarm_gazebo/share/xarm_gazebo/environment/ament_prefix_path.dsv
[23.913s] -- Installing: /home/vboxuser/Ali_ws/install/xarm_gazebo/share/xarm_gazebo/environment/path.sh
[23.913s] -- Installing: /home/vboxuser/Ali_ws/install/xarm_gazebo/share/xarm_gazebo/environment/path.dsv
[23.913s] -- Installing: /home/vboxuser/Ali_ws/install/xarm_gazebo/share/xarm_gazebo/local_setup.bash
[23.913s] -- Installing: /home/vboxuser/Ali_ws/install/xarm_gazebo/share/xarm_gazebo/local_setup.sh
[23.913s] -- Installing: /home/vboxuser/Ali_ws/install/xarm_gazebo/share/xarm_gazebo/local_setup.zsh
[23.913s] -- Installing: /home/vboxuser/Ali_ws/install/xarm_gazebo/share/xarm_gazebo/local_setup.dsv
[23.913s] -- Installing: /home/vboxuser/Ali_ws/install/xarm_gazebo/share/xarm_gazebo/package.dsv
[23.913s] -- Installing: /home/vboxuser/Ali_ws/install/xarm_gazebo/share/ament_index/resource_index/packages/xarm_gazebo
[23.913s] -- Installing: /home/vboxuser/Ali_ws/install/xarm_gazebo/share/xarm_gazebo/cmake/xarm_gazeboConfig.cmake
[23.913s] -- Installing: /home/vboxuser/Ali_ws/install/xarm_gazebo/share/xarm_gazebo/cmake/xarm_gazeboConfig-version.cmake
[23.913s] -- Installing: /home/vboxuser/Ali_ws/install/xarm_gazebo/share/xarm_gazebo/package.xml
[23.922s] Invoked command in '/home/vboxuser/Ali_ws/build/xarm_gazebo' returned '0': AMENT_PREFIX_PATH=/home/vboxuser/Ali_ws/install/uf_ros_lib:/home/vboxuser/Ali_ws/install/orbbec_description:/home/vboxuser/Ali_ws/install/orbbec_camera:/home/vboxuser/Ali_ws/install/orbbec_camera_msgs:/home/vboxuser/Ali_ws/install/ros2_linkattacher:/home/vboxuser/Ali_ws/install/linkattacher_msgs:/opt/ros/humble:/home/vboxuser/Ali_ws/install/xarm_planner:/home/vboxuser/Ali_ws/install/xarm_moveit_servo:/home/vboxuser/Ali_ws/install/xarm_moveit_config:/home/vboxuser/Ali_ws/install/xarm_gazebo:/home/vboxuser/Ali_ws/install/xarm_controller:/home/vboxuser/Ali_ws/install/d435i_xarm_setup:/home/vboxuser/Ali_ws/install/xarm_api:/home/vboxuser/Ali_ws/install/xarm_sdk:/home/vboxuser/Ali_ws/install/xarm_msgs:/home/vboxuser/Ali_ws/install/xarm_description:/home/vboxuser/Ali_ws/install/realsense_gazebo_plugin:/home/vboxuser/Ali_ws/install/mbot_demo CMAKE_PREFIX_PATH=/home/vboxuser/Ali_ws/install/xarm_controller:/home/vboxuser/Ali_ws/install/xarm_api:/home/vboxuser/Ali_ws/install/xarm_sdk:/home/vboxuser/Ali_ws/install/xarm_msgs:/home/vboxuser/Ali_ws/install/xarm_description:/home/vboxuser/Ali_ws/install/orbbec_description:/home/vboxuser/Ali_ws/install/orbbec_camera:/home/vboxuser/Ali_ws/install/orbbec_camera_msgs:/home/vboxuser/Ali_ws/install/ros2_linkattacher:/home/vboxuser/Ali_ws/install/linkattacher_msgs:/home/vboxuser/Ali_ws/install/xarm_planner:/home/vboxuser/Ali_ws/install/xarm_moveit_servo:/home/vboxuser/Ali_ws/install/xarm_moveit_config:/home/vboxuser/Ali_ws/install/xarm_gazebo:/home/vboxuser/Ali_ws/install/d435i_xarm_setup:/home/vboxuser/Ali_ws/install/realsense_gazebo_plugin:/home/vboxuser/Ali_ws/install/mbot_demo:/opt/ros/humble:/home/vboxuser/Ali_ws/install/uf_ros_lib LD_LIBRARY_PATH=/home/vboxuser/Ali_ws/install/xarm_controller/lib:/home/vboxuser/Ali_ws/install/xarm_api/lib:/home/vboxuser/Ali_ws/install/xarm_sdk/lib:/home/vboxuser/Ali_ws/install/xarm_msgs/lib:/home/vboxuser/Ali_ws/install/orbbec_camera/lib:/home/vboxuser/Ali_ws/install/orbbec_camera_msgs/lib:/home/vboxuser/Ali_ws/install/ros2_linkattacher/lib:/home/vboxuser/Ali_ws/install/linkattacher_msgs/lib:/usr/lib/x86_64-linux-gnu/gazebo-11/plugins:/opt/ros/humble/opt/rviz_ogre_vendor/lib:/opt/ros/humble/lib/x86_64-linux-gnu:/opt/ros/humble/lib:/home/vboxuser/Ali_ws/install/xarm_planner/lib:/home/vboxuser/Ali_ws/install/xarm_moveit_servo/lib:/home/vboxuser/Ali_ws/install/xarm_gazebo/lib:/home/vboxuser/Ali_ws/install/realsense_gazebo_plugin/lib PYTHONPATH=/home/vboxuser/Ali_ws/install/uf_ros_lib/lib/python3.10/site-packages:/home/vboxuser/Ali_ws/install/orbbec_camera_msgs/local/lib/python3.10/dist-packages:/home/vboxuser/Ali_ws/install/linkattacher_msgs/local/lib/python3.10/dist-packages:/opt/ros/humble/lib/python3.10/site-packages:/opt/ros/humble/local/lib/python3.10/dist-packages:/home/vboxuser/Ali_ws/install/xarm_msgs/local/lib/python3.10/dist-packages:/home/vboxuser/Ali_ws/build/uf_ros_lib /usr/bin/cmake --install /home/vboxuser/Ali_ws/build/xarm_gazebo
