[0.135s] Invoking command in '/home/vboxuser/Ali_ws/build/linkattacher_msgs': /usr/bin/cmake --build /home/vboxuser/Ali_ws/build/linkattacher_msgs -- -j4 -l4
[0.614s] [  2%] Built target linkattacher_msgs__cpp
[0.769s] [  2%] Built target ament_cmake_python_copy_linkattacher_msgs
[0.769s] [ 12%] Built target linkattacher_msgs__rosidl_generator_c
[0.842s] [ 23%] Built target linkattacher_msgs__rosidl_typesupport_introspection_cpp
[0.927s] [ 33%] Built target linkattacher_msgs__rosidl_typesupport_cpp
[1.041s] [ 43%] Built target linkattacher_msgs__rosidl_typesupport_fastrtps_cpp
[1.144s] [ 53%] Built target linkattacher_msgs__rosidl_typesupport_fastrtps_c
[1.156s] [ 64%] Built target linkattacher_msgs__rosidl_typesupport_introspection_c
[1.214s] [ 74%] Built target linkattacher_msgs__rosidl_typesupport_c
[1.443s] [ 74%] Built target linkattacher_msgs
[1.616s] [ 76%] Built target linkattacher_msgs__py
[1.856s] running egg_info
[1.872s] writing linkattacher_msgs.egg-info/PKG-INFO
[1.920s] writing dependency_links to linkattacher_msgs.egg-info/dependency_links.txt
[1.978s] writing top-level names to linkattacher_msgs.egg-info/top_level.txt
[2.096s] [ 84%] Built target linkattacher_msgs__rosidl_generator_py
[2.429s] reading manifest file 'linkattacher_msgs.egg-info/SOURCES.txt'
[2.430s] writing manifest file 'linkattacher_msgs.egg-info/SOURCES.txt'
[2.498s] [ 89%] Built target linkattacher_msgs__rosidl_typesupport_c__pyext
[2.589s] [ 94%] Built target linkattacher_msgs__rosidl_typesupport_introspection_c__pyext
[2.603s] [100%] Built target linkattacher_msgs__rosidl_typesupport_fastrtps_c__pyext
[2.615s] [100%] Built target ament_cmake_python_build_linkattacher_msgs_egg
[2.750s] Invoked command in '/home/vboxuser/Ali_ws/build/linkattacher_msgs' returned '0': /usr/bin/cmake --build /home/vboxuser/Ali_ws/build/linkattacher_msgs -- -j4 -l4
[2.754s] Invoking command in '/home/vboxuser/Ali_ws/build/linkattacher_msgs': /usr/bin/cmake --install /home/vboxuser/Ali_ws/build/linkattacher_msgs
[2.771s] -- Install configuration: ""
[2.772s] -- Up-to-date: /home/vboxuser/Ali_ws/install/linkattacher_msgs/share/linkattacher_msgs/srv
[2.772s] -- Up-to-date: /home/vboxuser/Ali_ws/install/linkattacher_msgs/share/linkattacher_msgs/srv/DetachLink.srv
[2.776s] -- Up-to-date: /home/vboxuser/Ali_ws/install/linkattacher_msgs/share/linkattacher_msgs/srv/AttachLink.srv
[2.776s] -- Up-to-date: /home/vboxuser/Ali_ws/install/linkattacher_msgs/share/ament_index/resource_index/rosidl_interfaces/linkattacher_msgs
[2.777s] -- Up-to-date: /home/vboxuser/Ali_ws/install/linkattacher_msgs/include/linkattacher_msgs/linkattacher_msgs
[2.777s] -- Up-to-date: /home/vboxuser/Ali_ws/install/linkattacher_msgs/include/linkattacher_msgs/linkattacher_msgs/srv
[2.777s] -- Up-to-date: /home/vboxuser/Ali_ws/install/linkattacher_msgs/include/linkattacher_msgs/linkattacher_msgs/srv/detach_link.h
[2.777s] -- Up-to-date: /home/vboxuser/Ali_ws/install/linkattacher_msgs/include/linkattacher_msgs/linkattacher_msgs/srv/detail
[2.777s] -- Up-to-date: /home/vboxuser/Ali_ws/install/linkattacher_msgs/include/linkattacher_msgs/linkattacher_msgs/srv/detail/attach_link__struct.h
[2.777s] -- Up-to-date: /home/vboxuser/Ali_ws/install/linkattacher_msgs/include/linkattacher_msgs/linkattacher_msgs/srv/detail/attach_link__functions.c
[2.777s] -- Up-to-date: /home/vboxuser/Ali_ws/install/linkattacher_msgs/include/linkattacher_msgs/linkattacher_msgs/srv/detail/attach_link__type_support.h
[2.778s] -- Up-to-date: /home/vboxuser/Ali_ws/install/linkattacher_msgs/include/linkattacher_msgs/linkattacher_msgs/srv/detail/detach_link__functions.h
[2.778s] -- Up-to-date: /home/vboxuser/Ali_ws/install/linkattacher_msgs/include/linkattacher_msgs/linkattacher_msgs/srv/detail/detach_link__type_support.h
[2.778s] -- Up-to-date: /home/vboxuser/Ali_ws/install/linkattacher_msgs/include/linkattacher_msgs/linkattacher_msgs/srv/detail/detach_link__struct.h
[2.778s] -- Up-to-date: /home/vboxuser/Ali_ws/install/linkattacher_msgs/include/linkattacher_msgs/linkattacher_msgs/srv/detail/detach_link__functions.c
[2.778s] -- Up-to-date: /home/vboxuser/Ali_ws/install/linkattacher_msgs/include/linkattacher_msgs/linkattacher_msgs/srv/detail/attach_link__functions.h
[2.778s] -- Up-to-date: /home/vboxuser/Ali_ws/install/linkattacher_msgs/include/linkattacher_msgs/linkattacher_msgs/srv/attach_link.h
[2.778s] -- Up-to-date: /home/vboxuser/Ali_ws/install/linkattacher_msgs/include/linkattacher_msgs/linkattacher_msgs/msg
[2.778s] -- Up-to-date: /home/vboxuser/Ali_ws/install/linkattacher_msgs/include/linkattacher_msgs/linkattacher_msgs/msg/rosidl_generator_c__visibility_control.h
[2.778s] -- Up-to-date: /home/vboxuser/Ali_ws/install/linkattacher_msgs/share/linkattacher_msgs/environment/library_path.sh
[2.778s] -- Up-to-date: /home/vboxuser/Ali_ws/install/linkattacher_msgs/share/linkattacher_msgs/environment/library_path.dsv
[2.783s] -- Up-to-date: /home/vboxuser/Ali_ws/install/linkattacher_msgs/lib/liblinkattacher_msgs__rosidl_generator_c.so
[2.783s] -- Up-to-date: /home/vboxuser/Ali_ws/install/linkattacher_msgs/include/linkattacher_msgs/linkattacher_msgs
[2.784s] -- Up-to-date: /home/vboxuser/Ali_ws/install/linkattacher_msgs/include/linkattacher_msgs/linkattacher_msgs/srv
[2.787s] -- Up-to-date: /home/vboxuser/Ali_ws/install/linkattacher_msgs/include/linkattacher_msgs/linkattacher_msgs/srv/detail
[2.788s] -- Up-to-date: /home/vboxuser/Ali_ws/install/linkattacher_msgs/include/linkattacher_msgs/linkattacher_msgs/srv/detail/attach_link__rosidl_typesupport_fastrtps_c.h
[2.789s] -- Up-to-date: /home/vboxuser/Ali_ws/install/linkattacher_msgs/include/linkattacher_msgs/linkattacher_msgs/srv/detail/detach_link__rosidl_typesupport_fastrtps_c.h
[2.792s] -- Up-to-date: /home/vboxuser/Ali_ws/install/linkattacher_msgs/include/linkattacher_msgs/linkattacher_msgs/msg
[2.792s] -- Up-to-date: /home/vboxuser/Ali_ws/install/linkattacher_msgs/include/linkattacher_msgs/linkattacher_msgs/msg/rosidl_typesupport_fastrtps_c__visibility_control.h
[2.798s] -- Up-to-date: /home/vboxuser/Ali_ws/install/linkattacher_msgs/lib/liblinkattacher_msgs__rosidl_typesupport_fastrtps_c.so
[2.798s] -- Up-to-date: /home/vboxuser/Ali_ws/install/linkattacher_msgs/include/linkattacher_msgs/linkattacher_msgs
[2.798s] -- Up-to-date: /home/vboxuser/Ali_ws/install/linkattacher_msgs/include/linkattacher_msgs/linkattacher_msgs/srv
[2.798s] -- Up-to-date: /home/vboxuser/Ali_ws/install/linkattacher_msgs/include/linkattacher_msgs/linkattacher_msgs/srv/detail
[2.798s] -- Up-to-date: /home/vboxuser/Ali_ws/install/linkattacher_msgs/include/linkattacher_msgs/linkattacher_msgs/srv/detail/attach_link__type_support.c
[2.798s] -- Up-to-date: /home/vboxuser/Ali_ws/install/linkattacher_msgs/include/linkattacher_msgs/linkattacher_msgs/srv/detail/detach_link__type_support.c
[2.798s] -- Up-to-date: /home/vboxuser/Ali_ws/install/linkattacher_msgs/include/linkattacher_msgs/linkattacher_msgs/srv/detail/attach_link__rosidl_typesupport_introspection_c.h
[2.798s] -- Up-to-date: /home/vboxuser/Ali_ws/install/linkattacher_msgs/include/linkattacher_msgs/linkattacher_msgs/srv/detail/detach_link__rosidl_typesupport_introspection_c.h
[2.798s] -- Up-to-date: /home/vboxuser/Ali_ws/install/linkattacher_msgs/include/linkattacher_msgs/linkattacher_msgs/msg
[2.806s] -- Up-to-date: /home/vboxuser/Ali_ws/install/linkattacher_msgs/include/linkattacher_msgs/linkattacher_msgs/msg/rosidl_typesupport_introspection_c__visibility_control.h
[2.806s] -- Up-to-date: /home/vboxuser/Ali_ws/install/linkattacher_msgs/lib/liblinkattacher_msgs__rosidl_typesupport_introspection_c.so
[2.806s] -- Up-to-date: /home/vboxuser/Ali_ws/install/linkattacher_msgs/lib/liblinkattacher_msgs__rosidl_typesupport_c.so
[2.808s] -- Up-to-date: /home/vboxuser/Ali_ws/install/linkattacher_msgs/include/linkattacher_msgs/linkattacher_msgs
[2.808s] -- Up-to-date: /home/vboxuser/Ali_ws/install/linkattacher_msgs/include/linkattacher_msgs/linkattacher_msgs/srv
[2.809s] -- Up-to-date: /home/vboxuser/Ali_ws/install/linkattacher_msgs/include/linkattacher_msgs/linkattacher_msgs/srv/detail
[2.809s] -- Up-to-date: /home/vboxuser/Ali_ws/install/linkattacher_msgs/include/linkattacher_msgs/linkattacher_msgs/srv/detail/detach_link__type_support.hpp
[2.809s] -- Up-to-date: /home/vboxuser/Ali_ws/install/linkattacher_msgs/include/linkattacher_msgs/linkattacher_msgs/srv/detail/attach_link__type_support.hpp
[2.809s] -- Up-to-date: /home/vboxuser/Ali_ws/install/linkattacher_msgs/include/linkattacher_msgs/linkattacher_msgs/srv/detail/attach_link__traits.hpp
[2.809s] -- Up-to-date: /home/vboxuser/Ali_ws/install/linkattacher_msgs/include/linkattacher_msgs/linkattacher_msgs/srv/detail/detach_link__traits.hpp
[2.809s] -- Up-to-date: /home/vboxuser/Ali_ws/install/linkattacher_msgs/include/linkattacher_msgs/linkattacher_msgs/srv/detail/attach_link__struct.hpp
[2.809s] -- Up-to-date: /home/vboxuser/Ali_ws/install/linkattacher_msgs/include/linkattacher_msgs/linkattacher_msgs/srv/detail/detach_link__builder.hpp
[2.809s] -- Up-to-date: /home/vboxuser/Ali_ws/install/linkattacher_msgs/include/linkattacher_msgs/linkattacher_msgs/srv/detail/detach_link__struct.hpp
[2.809s] -- Up-to-date: /home/vboxuser/Ali_ws/install/linkattacher_msgs/include/linkattacher_msgs/linkattacher_msgs/srv/detail/attach_link__builder.hpp
[2.809s] -- Up-to-date: /home/vboxuser/Ali_ws/install/linkattacher_msgs/include/linkattacher_msgs/linkattacher_msgs/srv/detach_link.hpp
[2.809s] -- Up-to-date: /home/vboxuser/Ali_ws/install/linkattacher_msgs/include/linkattacher_msgs/linkattacher_msgs/srv/attach_link.hpp
[2.809s] -- Up-to-date: /home/vboxuser/Ali_ws/install/linkattacher_msgs/include/linkattacher_msgs/linkattacher_msgs/msg
[2.809s] -- Up-to-date: /home/vboxuser/Ali_ws/install/linkattacher_msgs/include/linkattacher_msgs/linkattacher_msgs/msg/rosidl_generator_cpp__visibility_control.hpp
[2.811s] -- Up-to-date: /home/vboxuser/Ali_ws/install/linkattacher_msgs/include/linkattacher_msgs/linkattacher_msgs
[2.811s] -- Up-to-date: /home/vboxuser/Ali_ws/install/linkattacher_msgs/include/linkattacher_msgs/linkattacher_msgs/srv
[2.811s] -- Up-to-date: /home/vboxuser/Ali_ws/install/linkattacher_msgs/include/linkattacher_msgs/linkattacher_msgs/srv/detail
[2.811s] -- Up-to-date: /home/vboxuser/Ali_ws/install/linkattacher_msgs/include/linkattacher_msgs/linkattacher_msgs/srv/detail/dds_fastrtps
[2.811s] -- Up-to-date: /home/vboxuser/Ali_ws/install/linkattacher_msgs/include/linkattacher_msgs/linkattacher_msgs/srv/detail/attach_link__rosidl_typesupport_fastrtps_cpp.hpp
[2.811s] -- Up-to-date: /home/vboxuser/Ali_ws/install/linkattacher_msgs/include/linkattacher_msgs/linkattacher_msgs/srv/detail/detach_link__rosidl_typesupport_fastrtps_cpp.hpp
[2.811s] -- Up-to-date: /home/vboxuser/Ali_ws/install/linkattacher_msgs/include/linkattacher_msgs/linkattacher_msgs/msg
[2.811s] -- Up-to-date: /home/vboxuser/Ali_ws/install/linkattacher_msgs/include/linkattacher_msgs/linkattacher_msgs/msg/rosidl_typesupport_fastrtps_cpp__visibility_control.h
[2.815s] -- Up-to-date: /home/vboxuser/Ali_ws/install/linkattacher_msgs/lib/liblinkattacher_msgs__rosidl_typesupport_fastrtps_cpp.so
[2.815s] -- Up-to-date: /home/vboxuser/Ali_ws/install/linkattacher_msgs/include/linkattacher_msgs/linkattacher_msgs
[2.816s] -- Up-to-date: /home/vboxuser/Ali_ws/install/linkattacher_msgs/include/linkattacher_msgs/linkattacher_msgs/srv
[2.816s] -- Up-to-date: /home/vboxuser/Ali_ws/install/linkattacher_msgs/include/linkattacher_msgs/linkattacher_msgs/srv/detail
[2.816s] -- Up-to-date: /home/vboxuser/Ali_ws/install/linkattacher_msgs/include/linkattacher_msgs/linkattacher_msgs/srv/detail/detach_link__rosidl_typesupport_introspection_cpp.hpp
[2.816s] -- Up-to-date: /home/vboxuser/Ali_ws/install/linkattacher_msgs/include/linkattacher_msgs/linkattacher_msgs/srv/detail/detach_link__type_support.cpp
[2.816s] -- Up-to-date: /home/vboxuser/Ali_ws/install/linkattacher_msgs/include/linkattacher_msgs/linkattacher_msgs/srv/detail/attach_link__rosidl_typesupport_introspection_cpp.hpp
[2.816s] -- Up-to-date: /home/vboxuser/Ali_ws/install/linkattacher_msgs/include/linkattacher_msgs/linkattacher_msgs/srv/detail/attach_link__type_support.cpp
[2.819s] -- Up-to-date: /home/vboxuser/Ali_ws/install/linkattacher_msgs/lib/liblinkattacher_msgs__rosidl_typesupport_introspection_cpp.so
[2.825s] -- Up-to-date: /home/vboxuser/Ali_ws/install/linkattacher_msgs/lib/liblinkattacher_msgs__rosidl_typesupport_cpp.so
[2.836s] -- Up-to-date: /home/vboxuser/Ali_ws/install/linkattacher_msgs/share/linkattacher_msgs/environment/pythonpath.sh
[2.836s] -- Up-to-date: /home/vboxuser/Ali_ws/install/linkattacher_msgs/share/linkattacher_msgs/environment/pythonpath.dsv
[2.837s] -- Up-to-date: /home/vboxuser/Ali_ws/install/linkattacher_msgs/local/lib/python3.10/dist-packages/linkattacher_msgs-0.0.0-py3.10.egg-info
[2.837s] -- Installing: /home/vboxuser/Ali_ws/install/linkattacher_msgs/local/lib/python3.10/dist-packages/linkattacher_msgs-0.0.0-py3.10.egg-info/SOURCES.txt
[2.837s] -- Installing: /home/vboxuser/Ali_ws/install/linkattacher_msgs/local/lib/python3.10/dist-packages/linkattacher_msgs-0.0.0-py3.10.egg-info/top_level.txt
[2.837s] -- Installing: /home/vboxuser/Ali_ws/install/linkattacher_msgs/local/lib/python3.10/dist-packages/linkattacher_msgs-0.0.0-py3.10.egg-info/PKG-INFO
[2.837s] -- Installing: /home/vboxuser/Ali_ws/install/linkattacher_msgs/local/lib/python3.10/dist-packages/linkattacher_msgs-0.0.0-py3.10.egg-info/dependency_links.txt
[2.837s] -- Up-to-date: /home/vboxuser/Ali_ws/install/linkattacher_msgs/local/lib/python3.10/dist-packages/linkattacher_msgs
[2.837s] -- Up-to-date: /home/vboxuser/Ali_ws/install/linkattacher_msgs/local/lib/python3.10/dist-packages/linkattacher_msgs/_linkattacher_msgs_s.ep.rosidl_typesupport_introspection_c.c
[2.837s] -- Up-to-date: /home/vboxuser/Ali_ws/install/linkattacher_msgs/local/lib/python3.10/dist-packages/linkattacher_msgs/linkattacher_msgs_s__rosidl_typesupport_fastrtps_c.cpython-310-x86_64-linux-gnu.so
[2.837s] -- Up-to-date: /home/vboxuser/Ali_ws/install/linkattacher_msgs/local/lib/python3.10/dist-packages/linkattacher_msgs/liblinkattacher_msgs__rosidl_generator_py.so
[2.837s] -- Up-to-date: /home/vboxuser/Ali_ws/install/linkattacher_msgs/local/lib/python3.10/dist-packages/linkattacher_msgs/srv
[2.839s] -- Up-to-date: /home/vboxuser/Ali_ws/install/linkattacher_msgs/local/lib/python3.10/dist-packages/linkattacher_msgs/srv/_attach_link_s.c
[2.839s] -- Up-to-date: /home/vboxuser/Ali_ws/install/linkattacher_msgs/local/lib/python3.10/dist-packages/linkattacher_msgs/srv/_detach_link.py
[2.839s] -- Up-to-date: /home/vboxuser/Ali_ws/install/linkattacher_msgs/local/lib/python3.10/dist-packages/linkattacher_msgs/srv/_detach_link_s.c
[2.839s] -- Up-to-date: /home/vboxuser/Ali_ws/install/linkattacher_msgs/local/lib/python3.10/dist-packages/linkattacher_msgs/srv/_attach_link.py
[2.839s] -- Up-to-date: /home/vboxuser/Ali_ws/install/linkattacher_msgs/local/lib/python3.10/dist-packages/linkattacher_msgs/srv/__init__.py
[2.839s] -- Up-to-date: /home/vboxuser/Ali_ws/install/linkattacher_msgs/local/lib/python3.10/dist-packages/linkattacher_msgs/_linkattacher_msgs_s.ep.rosidl_typesupport_fastrtps_c.c
[2.839s] -- Up-to-date: /home/vboxuser/Ali_ws/install/linkattacher_msgs/local/lib/python3.10/dist-packages/linkattacher_msgs/_linkattacher_msgs_s.ep.rosidl_typesupport_c.c
[2.839s] -- Up-to-date: /home/vboxuser/Ali_ws/install/linkattacher_msgs/local/lib/python3.10/dist-packages/linkattacher_msgs/linkattacher_msgs_s__rosidl_typesupport_c.cpython-310-x86_64-linux-gnu.so
[2.839s] -- Up-to-date: /home/vboxuser/Ali_ws/install/linkattacher_msgs/local/lib/python3.10/dist-packages/linkattacher_msgs/linkattacher_msgs_s__rosidl_typesupport_introspection_c.cpython-310-x86_64-linux-gnu.so
[2.839s] -- Up-to-date: /home/vboxuser/Ali_ws/install/linkattacher_msgs/local/lib/python3.10/dist-packages/linkattacher_msgs/__init__.py
[3.024s] Listing '/home/vboxuser/Ali_ws/install/linkattacher_msgs/local/lib/python3.10/dist-packages/linkattacher_msgs'...
[3.024s] Listing '/home/vboxuser/Ali_ws/install/linkattacher_msgs/local/lib/python3.10/dist-packages/linkattacher_msgs/srv'...
[3.061s] -- Up-to-date: /home/vboxuser/Ali_ws/install/linkattacher_msgs/local/lib/python3.10/dist-packages/linkattacher_msgs/linkattacher_msgs_s__rosidl_typesupport_fastrtps_c.cpython-310-x86_64-linux-gnu.so
[3.067s] -- Up-to-date: /home/vboxuser/Ali_ws/install/linkattacher_msgs/local/lib/python3.10/dist-packages/linkattacher_msgs/linkattacher_msgs_s__rosidl_typesupport_introspection_c.cpython-310-x86_64-linux-gnu.so
[3.068s] -- Up-to-date: /home/vboxuser/Ali_ws/install/linkattacher_msgs/local/lib/python3.10/dist-packages/linkattacher_msgs/linkattacher_msgs_s__rosidl_typesupport_c.cpython-310-x86_64-linux-gnu.so
[3.073s] -- Up-to-date: /home/vboxuser/Ali_ws/install/linkattacher_msgs/lib/liblinkattacher_msgs__rosidl_generator_py.so
[3.073s] -- Up-to-date: /home/vboxuser/Ali_ws/install/linkattacher_msgs/share/linkattacher_msgs/srv/AttachLink.idl
[3.073s] -- Up-to-date: /home/vboxuser/Ali_ws/install/linkattacher_msgs/share/linkattacher_msgs/srv/DetachLink.idl
[3.073s] -- Up-to-date: /home/vboxuser/Ali_ws/install/linkattacher_msgs/share/linkattacher_msgs/srv/AttachLink.srv
[3.074s] -- Up-to-date: /home/vboxuser/Ali_ws/install/linkattacher_msgs/share/linkattacher_msgs/srv/AttachLink_Request.msg
[3.074s] -- Up-to-date: /home/vboxuser/Ali_ws/install/linkattacher_msgs/share/linkattacher_msgs/srv/AttachLink_Response.msg
[3.074s] -- Up-to-date: /home/vboxuser/Ali_ws/install/linkattacher_msgs/share/linkattacher_msgs/srv/DetachLink.srv
[3.074s] -- Up-to-date: /home/vboxuser/Ali_ws/install/linkattacher_msgs/share/linkattacher_msgs/srv/DetachLink_Request.msg
[3.074s] -- Up-to-date: /home/vboxuser/Ali_ws/install/linkattacher_msgs/share/linkattacher_msgs/srv/DetachLink_Response.msg
[3.074s] -- Up-to-date: /home/vboxuser/Ali_ws/install/linkattacher_msgs/share/ament_index/resource_index/package_run_dependencies/linkattacher_msgs
[3.074s] -- Up-to-date: /home/vboxuser/Ali_ws/install/linkattacher_msgs/share/ament_index/resource_index/parent_prefix_path/linkattacher_msgs
[3.074s] -- Up-to-date: /home/vboxuser/Ali_ws/install/linkattacher_msgs/share/linkattacher_msgs/environment/ament_prefix_path.sh
[3.074s] -- Up-to-date: /home/vboxuser/Ali_ws/install/linkattacher_msgs/share/linkattacher_msgs/environment/ament_prefix_path.dsv
[3.074s] -- Up-to-date: /home/vboxuser/Ali_ws/install/linkattacher_msgs/share/linkattacher_msgs/environment/path.sh
[3.074s] -- Up-to-date: /home/vboxuser/Ali_ws/install/linkattacher_msgs/share/linkattacher_msgs/environment/path.dsv
[3.074s] -- Up-to-date: /home/vboxuser/Ali_ws/install/linkattacher_msgs/share/linkattacher_msgs/local_setup.bash
[3.074s] -- Up-to-date: /home/vboxuser/Ali_ws/install/linkattacher_msgs/share/linkattacher_msgs/local_setup.sh
[3.074s] -- Up-to-date: /home/vboxuser/Ali_ws/install/linkattacher_msgs/share/linkattacher_msgs/local_setup.zsh
[3.074s] -- Up-to-date: /home/vboxuser/Ali_ws/install/linkattacher_msgs/share/linkattacher_msgs/local_setup.dsv
[3.074s] -- Installing: /home/vboxuser/Ali_ws/install/linkattacher_msgs/share/linkattacher_msgs/package.dsv
[3.074s] -- Up-to-date: /home/vboxuser/Ali_ws/install/linkattacher_msgs/share/ament_index/resource_index/packages/linkattacher_msgs
[3.075s] -- Up-to-date: /home/vboxuser/Ali_ws/install/linkattacher_msgs/share/linkattacher_msgs/cmake/export_linkattacher_msgs__rosidl_generator_cExport.cmake
[3.075s] -- Up-to-date: /home/vboxuser/Ali_ws/install/linkattacher_msgs/share/linkattacher_msgs/cmake/export_linkattacher_msgs__rosidl_generator_cExport-noconfig.cmake
[3.075s] -- Up-to-date: /home/vboxuser/Ali_ws/install/linkattacher_msgs/share/linkattacher_msgs/cmake/export_linkattacher_msgs__rosidl_typesupport_fastrtps_cExport.cmake
[3.075s] -- Up-to-date: /home/vboxuser/Ali_ws/install/linkattacher_msgs/share/linkattacher_msgs/cmake/export_linkattacher_msgs__rosidl_typesupport_fastrtps_cExport-noconfig.cmake
[3.075s] -- Up-to-date: /home/vboxuser/Ali_ws/install/linkattacher_msgs/share/linkattacher_msgs/cmake/linkattacher_msgs__rosidl_typesupport_introspection_cExport.cmake
[3.075s] -- Up-to-date: /home/vboxuser/Ali_ws/install/linkattacher_msgs/share/linkattacher_msgs/cmake/linkattacher_msgs__rosidl_typesupport_introspection_cExport-noconfig.cmake
[3.075s] -- Up-to-date: /home/vboxuser/Ali_ws/install/linkattacher_msgs/share/linkattacher_msgs/cmake/linkattacher_msgs__rosidl_typesupport_cExport.cmake
[3.075s] -- Up-to-date: /home/vboxuser/Ali_ws/install/linkattacher_msgs/share/linkattacher_msgs/cmake/linkattacher_msgs__rosidl_typesupport_cExport-noconfig.cmake
[3.075s] -- Up-to-date: /home/vboxuser/Ali_ws/install/linkattacher_msgs/share/linkattacher_msgs/cmake/export_linkattacher_msgs__rosidl_generator_cppExport.cmake
[3.077s] -- Up-to-date: /home/vboxuser/Ali_ws/install/linkattacher_msgs/share/linkattacher_msgs/cmake/export_linkattacher_msgs__rosidl_typesupport_fastrtps_cppExport.cmake
[3.077s] -- Up-to-date: /home/vboxuser/Ali_ws/install/linkattacher_msgs/share/linkattacher_msgs/cmake/export_linkattacher_msgs__rosidl_typesupport_fastrtps_cppExport-noconfig.cmake
[3.080s] -- Up-to-date: /home/vboxuser/Ali_ws/install/linkattacher_msgs/share/linkattacher_msgs/cmake/linkattacher_msgs__rosidl_typesupport_introspection_cppExport.cmake
[3.080s] -- Up-to-date: /home/vboxuser/Ali_ws/install/linkattacher_msgs/share/linkattacher_msgs/cmake/linkattacher_msgs__rosidl_typesupport_introspection_cppExport-noconfig.cmake
[3.080s] -- Up-to-date: /home/vboxuser/Ali_ws/install/linkattacher_msgs/share/linkattacher_msgs/cmake/linkattacher_msgs__rosidl_typesupport_cppExport.cmake
[3.080s] -- Up-to-date: /home/vboxuser/Ali_ws/install/linkattacher_msgs/share/linkattacher_msgs/cmake/linkattacher_msgs__rosidl_typesupport_cppExport-noconfig.cmake
[3.083s] -- Up-to-date: /home/vboxuser/Ali_ws/install/linkattacher_msgs/share/linkattacher_msgs/cmake/export_linkattacher_msgs__rosidl_generator_pyExport.cmake
[3.083s] -- Up-to-date: /home/vboxuser/Ali_ws/install/linkattacher_msgs/share/linkattacher_msgs/cmake/export_linkattacher_msgs__rosidl_generator_pyExport-noconfig.cmake
[3.083s] -- Up-to-date: /home/vboxuser/Ali_ws/install/linkattacher_msgs/share/linkattacher_msgs/cmake/rosidl_cmake-extras.cmake
[3.083s] -- Up-to-date: /home/vboxuser/Ali_ws/install/linkattacher_msgs/share/linkattacher_msgs/cmake/ament_cmake_export_include_directories-extras.cmake
[3.083s] -- Up-to-date: /home/vboxuser/Ali_ws/install/linkattacher_msgs/share/linkattacher_msgs/cmake/ament_cmake_export_libraries-extras.cmake
[3.083s] -- Up-to-date: /home/vboxuser/Ali_ws/install/linkattacher_msgs/share/linkattacher_msgs/cmake/ament_cmake_export_targets-extras.cmake
[3.083s] -- Up-to-date: /home/vboxuser/Ali_ws/install/linkattacher_msgs/share/linkattacher_msgs/cmake/rosidl_cmake_export_typesupport_targets-extras.cmake
[3.083s] -- Up-to-date: /home/vboxuser/Ali_ws/install/linkattacher_msgs/share/linkattacher_msgs/cmake/ament_cmake_export_dependencies-extras.cmake
[3.083s] -- Up-to-date: /home/vboxuser/Ali_ws/install/linkattacher_msgs/share/linkattacher_msgs/cmake/rosidl_cmake_export_typesupport_libraries-extras.cmake
[3.083s] -- Up-to-date: /home/vboxuser/Ali_ws/install/linkattacher_msgs/share/linkattacher_msgs/cmake/linkattacher_msgsConfig.cmake
[3.083s] -- Up-to-date: /home/vboxuser/Ali_ws/install/linkattacher_msgs/share/linkattacher_msgs/cmake/linkattacher_msgsConfig-version.cmake
[3.083s] -- Up-to-date: /home/vboxuser/Ali_ws/install/linkattacher_msgs/share/linkattacher_msgs/package.xml
[3.106s] Invoked command in '/home/vboxuser/Ali_ws/build/linkattacher_msgs' returned '0': /usr/bin/cmake --install /home/vboxuser/Ali_ws/build/linkattacher_msgs
