[0.090s] Invoking command in '/home/vboxuser/Ali_ws/build/linkattacher_msgs': CMAKE_PREFIX_PATH=/opt/ros/humble /usr/bin/cmake --build /home/vboxuser/Ali_ws/build/linkattacher_msgs -- -j4 -l4
[0.295s] [ 10%] Built target linkattacher_msgs__rosidl_generator_c
[0.296s] [ 12%] Built target linkattacher_msgs__cpp
[0.318s] [ 12%] Built target ament_cmake_python_copy_linkattacher_msgs
[0.495s] [ 23%] Built target linkattacher_msgs__rosidl_typesupport_introspection_c
[0.507s] [ 33%] Built target linkattacher_msgs__rosidl_typesupport_introspection_cpp
[0.507s] [ 43%] Built target linkattacher_msgs__rosidl_typesupport_cpp
[0.535s] [ 53%] Built target linkattacher_msgs__rosidl_typesupport_fastrtps_c
[0.535s] [ 64%] Built target linkattacher_msgs__rosidl_typesupport_c
[0.535s] [ 74%] Built target linkattacher_msgs__rosidl_typesupport_fastrtps_cpp
[0.640s] [ 74%] Built target linkattacher_msgs
[0.783s] [ 76%] Built target linkattacher_msgs__py
[0.827s] [ 84%] Built target linkattacher_msgs__rosidl_generator_py
[0.912s] running egg_info
[0.912s] [ 89%] Built target linkattacher_msgs__rosidl_typesupport_introspection_c__pyext
[0.937s] [ 94%] Built target linkattacher_msgs__rosidl_typesupport_fastrtps_c__pyext
[0.963s] writing linkattacher_msgs.egg-info/PKG-INFO
[0.977s] writing dependency_links to linkattacher_msgs.egg-info/dependency_links.txt
[0.977s] writing top-level names to linkattacher_msgs.egg-info/top_level.txt
[0.988s] [100%] Built target linkattacher_msgs__rosidl_typesupport_c__pyext
[1.046s] reading manifest file 'linkattacher_msgs.egg-info/SOURCES.txt'
[1.046s] writing manifest file 'linkattacher_msgs.egg-info/SOURCES.txt'
[1.109s] [100%] Built target ament_cmake_python_build_linkattacher_msgs_egg
[1.197s] Invoked command in '/home/vboxuser/Ali_ws/build/linkattacher_msgs' returned '0': CMAKE_PREFIX_PATH=/opt/ros/humble /usr/bin/cmake --build /home/vboxuser/Ali_ws/build/linkattacher_msgs -- -j4 -l4
[1.197s] Invoking command in '/home/vboxuser/Ali_ws/build/linkattacher_msgs': CMAKE_PREFIX_PATH=/opt/ros/humble /usr/bin/cmake --install /home/vboxuser/Ali_ws/build/linkattacher_msgs
[1.243s] -- Install configuration: ""
[1.243s] -- Up-to-date: /home/vboxuser/Ali_ws/install/linkattacher_msgs/share/linkattacher_msgs/srv
[1.244s] -- Up-to-date: /home/vboxuser/Ali_ws/install/linkattacher_msgs/share/linkattacher_msgs/srv/DetachLink.srv
[1.244s] -- Up-to-date: /home/vboxuser/Ali_ws/install/linkattacher_msgs/share/linkattacher_msgs/srv/AttachLink.srv
[1.245s] -- Up-to-date: /home/vboxuser/Ali_ws/install/linkattacher_msgs/share/ament_index/resource_index/rosidl_interfaces/linkattacher_msgs
[1.245s] -- Up-to-date: /home/vboxuser/Ali_ws/install/linkattacher_msgs/include/linkattacher_msgs/linkattacher_msgs
[1.245s] -- Up-to-date: /home/vboxuser/Ali_ws/install/linkattacher_msgs/include/linkattacher_msgs/linkattacher_msgs/srv
[1.245s] -- Up-to-date: /home/vboxuser/Ali_ws/install/linkattacher_msgs/include/linkattacher_msgs/linkattacher_msgs/srv/detach_link.h
[1.245s] -- Up-to-date: /home/vboxuser/Ali_ws/install/linkattacher_msgs/include/linkattacher_msgs/linkattacher_msgs/srv/detail
[1.245s] -- Up-to-date: /home/vboxuser/Ali_ws/install/linkattacher_msgs/include/linkattacher_msgs/linkattacher_msgs/srv/detail/attach_link__struct.h
[1.245s] -- Up-to-date: /home/vboxuser/Ali_ws/install/linkattacher_msgs/include/linkattacher_msgs/linkattacher_msgs/srv/detail/attach_link__functions.c
[1.245s] -- Up-to-date: /home/vboxuser/Ali_ws/install/linkattacher_msgs/include/linkattacher_msgs/linkattacher_msgs/srv/detail/attach_link__type_support.h
[1.245s] -- Up-to-date: /home/vboxuser/Ali_ws/install/linkattacher_msgs/include/linkattacher_msgs/linkattacher_msgs/srv/detail/detach_link__functions.h
[1.245s] -- Up-to-date: /home/vboxuser/Ali_ws/install/linkattacher_msgs/include/linkattacher_msgs/linkattacher_msgs/srv/detail/detach_link__type_support.h
[1.245s] -- Up-to-date: /home/vboxuser/Ali_ws/install/linkattacher_msgs/include/linkattacher_msgs/linkattacher_msgs/srv/detail/detach_link__struct.h
[1.245s] -- Up-to-date: /home/vboxuser/Ali_ws/install/linkattacher_msgs/include/linkattacher_msgs/linkattacher_msgs/srv/detail/detach_link__functions.c
[1.247s] -- Up-to-date: /home/vboxuser/Ali_ws/install/linkattacher_msgs/include/linkattacher_msgs/linkattacher_msgs/srv/detail/attach_link__functions.h
[1.247s] -- Up-to-date: /home/vboxuser/Ali_ws/install/linkattacher_msgs/include/linkattacher_msgs/linkattacher_msgs/srv/attach_link.h
[1.248s] -- Up-to-date: /home/vboxuser/Ali_ws/install/linkattacher_msgs/include/linkattacher_msgs/linkattacher_msgs/msg
[1.248s] -- Up-to-date: /home/vboxuser/Ali_ws/install/linkattacher_msgs/include/linkattacher_msgs/linkattacher_msgs/msg/rosidl_generator_c__visibility_control.h
[1.249s] -- Up-to-date: /home/vboxuser/Ali_ws/install/linkattacher_msgs/share/linkattacher_msgs/environment/library_path.sh
[1.249s] -- Up-to-date: /home/vboxuser/Ali_ws/install/linkattacher_msgs/share/linkattacher_msgs/environment/library_path.dsv
[1.252s] -- Up-to-date: /home/vboxuser/Ali_ws/install/linkattacher_msgs/lib/liblinkattacher_msgs__rosidl_generator_c.so
[1.252s] -- Up-to-date: /home/vboxuser/Ali_ws/install/linkattacher_msgs/include/linkattacher_msgs/linkattacher_msgs
[1.252s] -- Up-to-date: /home/vboxuser/Ali_ws/install/linkattacher_msgs/include/linkattacher_msgs/linkattacher_msgs/srv
[1.252s] -- Up-to-date: /home/vboxuser/Ali_ws/install/linkattacher_msgs/include/linkattacher_msgs/linkattacher_msgs/srv/detail
[1.252s] -- Up-to-date: /home/vboxuser/Ali_ws/install/linkattacher_msgs/include/linkattacher_msgs/linkattacher_msgs/srv/detail/attach_link__rosidl_typesupport_fastrtps_c.h
[1.252s] -- Up-to-date: /home/vboxuser/Ali_ws/install/linkattacher_msgs/include/linkattacher_msgs/linkattacher_msgs/srv/detail/detach_link__rosidl_typesupport_fastrtps_c.h
[1.252s] -- Up-to-date: /home/vboxuser/Ali_ws/install/linkattacher_msgs/include/linkattacher_msgs/linkattacher_msgs/msg
[1.252s] -- Up-to-date: /home/vboxuser/Ali_ws/install/linkattacher_msgs/include/linkattacher_msgs/linkattacher_msgs/msg/rosidl_typesupport_fastrtps_c__visibility_control.h
[1.252s] -- Up-to-date: /home/vboxuser/Ali_ws/install/linkattacher_msgs/lib/liblinkattacher_msgs__rosidl_typesupport_fastrtps_c.so
[1.253s] -- Up-to-date: /home/vboxuser/Ali_ws/install/linkattacher_msgs/include/linkattacher_msgs/linkattacher_msgs
[1.253s] -- Up-to-date: /home/vboxuser/Ali_ws/install/linkattacher_msgs/include/linkattacher_msgs/linkattacher_msgs/srv
[1.254s] -- Up-to-date: /home/vboxuser/Ali_ws/install/linkattacher_msgs/include/linkattacher_msgs/linkattacher_msgs/srv/detail
[1.254s] -- Up-to-date: /home/vboxuser/Ali_ws/install/linkattacher_msgs/include/linkattacher_msgs/linkattacher_msgs/srv/detail/attach_link__type_support.c
[1.254s] -- Up-to-date: /home/vboxuser/Ali_ws/install/linkattacher_msgs/include/linkattacher_msgs/linkattacher_msgs/srv/detail/detach_link__type_support.c
[1.254s] -- Up-to-date: /home/vboxuser/Ali_ws/install/linkattacher_msgs/include/linkattacher_msgs/linkattacher_msgs/srv/detail/attach_link__rosidl_typesupport_introspection_c.h
[1.254s] -- Up-to-date: /home/vboxuser/Ali_ws/install/linkattacher_msgs/include/linkattacher_msgs/linkattacher_msgs/srv/detail/detach_link__rosidl_typesupport_introspection_c.h
[1.254s] -- Up-to-date: /home/vboxuser/Ali_ws/install/linkattacher_msgs/include/linkattacher_msgs/linkattacher_msgs/msg
[1.254s] -- Up-to-date: /home/vboxuser/Ali_ws/install/linkattacher_msgs/include/linkattacher_msgs/linkattacher_msgs/msg/rosidl_typesupport_introspection_c__visibility_control.h
[1.255s] -- Up-to-date: /home/vboxuser/Ali_ws/install/linkattacher_msgs/lib/liblinkattacher_msgs__rosidl_typesupport_introspection_c.so
[1.255s] -- Up-to-date: /home/vboxuser/Ali_ws/install/linkattacher_msgs/lib/liblinkattacher_msgs__rosidl_typesupport_c.so
[1.255s] -- Up-to-date: /home/vboxuser/Ali_ws/install/linkattacher_msgs/include/linkattacher_msgs/linkattacher_msgs
[1.256s] -- Up-to-date: /home/vboxuser/Ali_ws/install/linkattacher_msgs/include/linkattacher_msgs/linkattacher_msgs/srv
[1.256s] -- Up-to-date: /home/vboxuser/Ali_ws/install/linkattacher_msgs/include/linkattacher_msgs/linkattacher_msgs/srv/detail
[1.256s] -- Up-to-date: /home/vboxuser/Ali_ws/install/linkattacher_msgs/include/linkattacher_msgs/linkattacher_msgs/srv/detail/detach_link__type_support.hpp
[1.256s] -- Up-to-date: /home/vboxuser/Ali_ws/install/linkattacher_msgs/include/linkattacher_msgs/linkattacher_msgs/srv/detail/attach_link__type_support.hpp
[1.256s] -- Up-to-date: /home/vboxuser/Ali_ws/install/linkattacher_msgs/include/linkattacher_msgs/linkattacher_msgs/srv/detail/attach_link__traits.hpp
[1.257s] -- Up-to-date: /home/vboxuser/Ali_ws/install/linkattacher_msgs/include/linkattacher_msgs/linkattacher_msgs/srv/detail/detach_link__traits.hpp
[1.257s] -- Up-to-date: /home/vboxuser/Ali_ws/install/linkattacher_msgs/include/linkattacher_msgs/linkattacher_msgs/srv/detail/attach_link__struct.hpp
[1.258s] -- Up-to-date: /home/vboxuser/Ali_ws/install/linkattacher_msgs/include/linkattacher_msgs/linkattacher_msgs/srv/detail/detach_link__builder.hpp
[1.258s] -- Up-to-date: /home/vboxuser/Ali_ws/install/linkattacher_msgs/include/linkattacher_msgs/linkattacher_msgs/srv/detail/detach_link__struct.hpp
[1.258s] -- Up-to-date: /home/vboxuser/Ali_ws/install/linkattacher_msgs/include/linkattacher_msgs/linkattacher_msgs/srv/detail/attach_link__builder.hpp
[1.258s] -- Up-to-date: /home/vboxuser/Ali_ws/install/linkattacher_msgs/include/linkattacher_msgs/linkattacher_msgs/srv/detach_link.hpp
[1.258s] -- Up-to-date: /home/vboxuser/Ali_ws/install/linkattacher_msgs/include/linkattacher_msgs/linkattacher_msgs/srv/attach_link.hpp
[1.258s] -- Up-to-date: /home/vboxuser/Ali_ws/install/linkattacher_msgs/include/linkattacher_msgs/linkattacher_msgs/msg
[1.258s] -- Up-to-date: /home/vboxuser/Ali_ws/install/linkattacher_msgs/include/linkattacher_msgs/linkattacher_msgs/msg/rosidl_generator_cpp__visibility_control.hpp
[1.258s] -- Up-to-date: /home/vboxuser/Ali_ws/install/linkattacher_msgs/include/linkattacher_msgs/linkattacher_msgs
[1.259s] -- Up-to-date: /home/vboxuser/Ali_ws/install/linkattacher_msgs/include/linkattacher_msgs/linkattacher_msgs/srv
[1.259s] -- Up-to-date: /home/vboxuser/Ali_ws/install/linkattacher_msgs/include/linkattacher_msgs/linkattacher_msgs/srv/detail
[1.259s] -- Up-to-date: /home/vboxuser/Ali_ws/install/linkattacher_msgs/include/linkattacher_msgs/linkattacher_msgs/srv/detail/dds_fastrtps
[1.259s] -- Up-to-date: /home/vboxuser/Ali_ws/install/linkattacher_msgs/include/linkattacher_msgs/linkattacher_msgs/srv/detail/attach_link__rosidl_typesupport_fastrtps_cpp.hpp
[1.260s] -- Up-to-date: /home/vboxuser/Ali_ws/install/linkattacher_msgs/include/linkattacher_msgs/linkattacher_msgs/srv/detail/detach_link__rosidl_typesupport_fastrtps_cpp.hpp
[1.260s] -- Up-to-date: /home/vboxuser/Ali_ws/install/linkattacher_msgs/include/linkattacher_msgs/linkattacher_msgs/msg
[1.260s] -- Up-to-date: /home/vboxuser/Ali_ws/install/linkattacher_msgs/include/linkattacher_msgs/linkattacher_msgs/msg/rosidl_typesupport_fastrtps_cpp__visibility_control.h
[1.260s] -- Up-to-date: /home/vboxuser/Ali_ws/install/linkattacher_msgs/lib/liblinkattacher_msgs__rosidl_typesupport_fastrtps_cpp.so
[1.260s] -- Up-to-date: /home/vboxuser/Ali_ws/install/linkattacher_msgs/include/linkattacher_msgs/linkattacher_msgs
[1.260s] -- Up-to-date: /home/vboxuser/Ali_ws/install/linkattacher_msgs/include/linkattacher_msgs/linkattacher_msgs/srv
[1.261s] -- Up-to-date: /home/vboxuser/Ali_ws/install/linkattacher_msgs/include/linkattacher_msgs/linkattacher_msgs/srv/detail
[1.261s] -- Up-to-date: /home/vboxuser/Ali_ws/install/linkattacher_msgs/include/linkattacher_msgs/linkattacher_msgs/srv/detail/detach_link__rosidl_typesupport_introspection_cpp.hpp
[1.261s] -- Up-to-date: /home/vboxuser/Ali_ws/install/linkattacher_msgs/include/linkattacher_msgs/linkattacher_msgs/srv/detail/detach_link__type_support.cpp
[1.262s] -- Up-to-date: /home/vboxuser/Ali_ws/install/linkattacher_msgs/include/linkattacher_msgs/linkattacher_msgs/srv/detail/attach_link__rosidl_typesupport_introspection_cpp.hpp
[1.262s] -- Up-to-date: /home/vboxuser/Ali_ws/install/linkattacher_msgs/include/linkattacher_msgs/linkattacher_msgs/srv/detail/attach_link__type_support.cpp
[1.262s] -- Up-to-date: /home/vboxuser/Ali_ws/install/linkattacher_msgs/lib/liblinkattacher_msgs__rosidl_typesupport_introspection_cpp.so
[1.262s] -- Up-to-date: /home/vboxuser/Ali_ws/install/linkattacher_msgs/lib/liblinkattacher_msgs__rosidl_typesupport_cpp.so
[1.262s] -- Up-to-date: /home/vboxuser/Ali_ws/install/linkattacher_msgs/share/linkattacher_msgs/environment/pythonpath.sh
[1.262s] -- Up-to-date: /home/vboxuser/Ali_ws/install/linkattacher_msgs/share/linkattacher_msgs/environment/pythonpath.dsv
[1.262s] -- Up-to-date: /home/vboxuser/Ali_ws/install/linkattacher_msgs/local/lib/python3.10/dist-packages/linkattacher_msgs-0.0.0-py3.10.egg-info
[1.265s] -- Installing: /home/vboxuser/Ali_ws/install/linkattacher_msgs/local/lib/python3.10/dist-packages/linkattacher_msgs-0.0.0-py3.10.egg-info/SOURCES.txt
[1.265s] -- Installing: /home/vboxuser/Ali_ws/install/linkattacher_msgs/local/lib/python3.10/dist-packages/linkattacher_msgs-0.0.0-py3.10.egg-info/top_level.txt
[1.265s] -- Installing: /home/vboxuser/Ali_ws/install/linkattacher_msgs/local/lib/python3.10/dist-packages/linkattacher_msgs-0.0.0-py3.10.egg-info/PKG-INFO
[1.265s] -- Installing: /home/vboxuser/Ali_ws/install/linkattacher_msgs/local/lib/python3.10/dist-packages/linkattacher_msgs-0.0.0-py3.10.egg-info/dependency_links.txt
[1.265s] -- Up-to-date: /home/vboxuser/Ali_ws/install/linkattacher_msgs/local/lib/python3.10/dist-packages/linkattacher_msgs
[1.265s] -- Up-to-date: /home/vboxuser/Ali_ws/install/linkattacher_msgs/local/lib/python3.10/dist-packages/linkattacher_msgs/_linkattacher_msgs_s.ep.rosidl_typesupport_introspection_c.c
[1.265s] -- Up-to-date: /home/vboxuser/Ali_ws/install/linkattacher_msgs/local/lib/python3.10/dist-packages/linkattacher_msgs/linkattacher_msgs_s__rosidl_typesupport_fastrtps_c.cpython-310-x86_64-linux-gnu.so
[1.265s] -- Up-to-date: /home/vboxuser/Ali_ws/install/linkattacher_msgs/local/lib/python3.10/dist-packages/linkattacher_msgs/liblinkattacher_msgs__rosidl_generator_py.so
[1.266s] -- Up-to-date: /home/vboxuser/Ali_ws/install/linkattacher_msgs/local/lib/python3.10/dist-packages/linkattacher_msgs/srv
[1.266s] -- Up-to-date: /home/vboxuser/Ali_ws/install/linkattacher_msgs/local/lib/python3.10/dist-packages/linkattacher_msgs/srv/_attach_link_s.c
[1.266s] -- Up-to-date: /home/vboxuser/Ali_ws/install/linkattacher_msgs/local/lib/python3.10/dist-packages/linkattacher_msgs/srv/_detach_link.py
[1.266s] -- Up-to-date: /home/vboxuser/Ali_ws/install/linkattacher_msgs/local/lib/python3.10/dist-packages/linkattacher_msgs/srv/_detach_link_s.c
[1.266s] -- Up-to-date: /home/vboxuser/Ali_ws/install/linkattacher_msgs/local/lib/python3.10/dist-packages/linkattacher_msgs/srv/_attach_link.py
[1.266s] -- Up-to-date: /home/vboxuser/Ali_ws/install/linkattacher_msgs/local/lib/python3.10/dist-packages/linkattacher_msgs/srv/__init__.py
[1.266s] -- Up-to-date: /home/vboxuser/Ali_ws/install/linkattacher_msgs/local/lib/python3.10/dist-packages/linkattacher_msgs/_linkattacher_msgs_s.ep.rosidl_typesupport_fastrtps_c.c
[1.266s] -- Up-to-date: /home/vboxuser/Ali_ws/install/linkattacher_msgs/local/lib/python3.10/dist-packages/linkattacher_msgs/_linkattacher_msgs_s.ep.rosidl_typesupport_c.c
[1.266s] -- Up-to-date: /home/vboxuser/Ali_ws/install/linkattacher_msgs/local/lib/python3.10/dist-packages/linkattacher_msgs/linkattacher_msgs_s__rosidl_typesupport_c.cpython-310-x86_64-linux-gnu.so
[1.266s] -- Up-to-date: /home/vboxuser/Ali_ws/install/linkattacher_msgs/local/lib/python3.10/dist-packages/linkattacher_msgs/linkattacher_msgs_s__rosidl_typesupport_introspection_c.cpython-310-x86_64-linux-gnu.so
[1.266s] -- Up-to-date: /home/vboxuser/Ali_ws/install/linkattacher_msgs/local/lib/python3.10/dist-packages/linkattacher_msgs/__init__.py
[1.266s] Listing '/home/vboxuser/Ali_ws/install/linkattacher_msgs/local/lib/python3.10/dist-packages/linkattacher_msgs'...
[1.266s] Listing '/home/vboxuser/Ali_ws/install/linkattacher_msgs/local/lib/python3.10/dist-packages/linkattacher_msgs/srv'...
[1.266s] -- Up-to-date: /home/vboxuser/Ali_ws/install/linkattacher_msgs/local/lib/python3.10/dist-packages/linkattacher_msgs/linkattacher_msgs_s__rosidl_typesupport_fastrtps_c.cpython-310-x86_64-linux-gnu.so
[1.266s] -- Up-to-date: /home/vboxuser/Ali_ws/install/linkattacher_msgs/local/lib/python3.10/dist-packages/linkattacher_msgs/linkattacher_msgs_s__rosidl_typesupport_introspection_c.cpython-310-x86_64-linux-gnu.so
[1.267s] -- Up-to-date: /home/vboxuser/Ali_ws/install/linkattacher_msgs/local/lib/python3.10/dist-packages/linkattacher_msgs/linkattacher_msgs_s__rosidl_typesupport_c.cpython-310-x86_64-linux-gnu.so
[1.267s] -- Up-to-date: /home/vboxuser/Ali_ws/install/linkattacher_msgs/lib/liblinkattacher_msgs__rosidl_generator_py.so
[1.267s] -- Up-to-date: /home/vboxuser/Ali_ws/install/linkattacher_msgs/share/linkattacher_msgs/srv/AttachLink.idl
[1.273s] -- Up-to-date: /home/vboxuser/Ali_ws/install/linkattacher_msgs/share/linkattacher_msgs/srv/DetachLink.idl
[1.274s] -- Up-to-date: /home/vboxuser/Ali_ws/install/linkattacher_msgs/share/linkattacher_msgs/srv/AttachLink.srv
[1.274s] -- Up-to-date: /home/vboxuser/Ali_ws/install/linkattacher_msgs/share/linkattacher_msgs/srv/AttachLink_Request.msg
[1.274s] -- Up-to-date: /home/vboxuser/Ali_ws/install/linkattacher_msgs/share/linkattacher_msgs/srv/AttachLink_Response.msg
[1.274s] -- Up-to-date: /home/vboxuser/Ali_ws/install/linkattacher_msgs/share/linkattacher_msgs/srv/DetachLink.srv
[1.274s] -- Up-to-date: /home/vboxuser/Ali_ws/install/linkattacher_msgs/share/linkattacher_msgs/srv/DetachLink_Request.msg
[1.274s] -- Up-to-date: /home/vboxuser/Ali_ws/install/linkattacher_msgs/share/linkattacher_msgs/srv/DetachLink_Response.msg
[1.275s] -- Up-to-date: /home/vboxuser/Ali_ws/install/linkattacher_msgs/share/ament_index/resource_index/package_run_dependencies/linkattacher_msgs
[1.275s] -- Up-to-date: /home/vboxuser/Ali_ws/install/linkattacher_msgs/share/ament_index/resource_index/parent_prefix_path/linkattacher_msgs
[1.275s] -- Up-to-date: /home/vboxuser/Ali_ws/install/linkattacher_msgs/share/linkattacher_msgs/environment/ament_prefix_path.sh
[1.275s] -- Up-to-date: /home/vboxuser/Ali_ws/install/linkattacher_msgs/share/linkattacher_msgs/environment/ament_prefix_path.dsv
[1.276s] -- Up-to-date: /home/vboxuser/Ali_ws/install/linkattacher_msgs/share/linkattacher_msgs/environment/path.sh
[1.276s] -- Up-to-date: /home/vboxuser/Ali_ws/install/linkattacher_msgs/share/linkattacher_msgs/environment/path.dsv
[1.276s] -- Up-to-date: /home/vboxuser/Ali_ws/install/linkattacher_msgs/share/linkattacher_msgs/local_setup.bash
[1.276s] -- Up-to-date: /home/vboxuser/Ali_ws/install/linkattacher_msgs/share/linkattacher_msgs/local_setup.sh
[1.276s] -- Up-to-date: /home/vboxuser/Ali_ws/install/linkattacher_msgs/share/linkattacher_msgs/local_setup.zsh
[1.276s] -- Up-to-date: /home/vboxuser/Ali_ws/install/linkattacher_msgs/share/linkattacher_msgs/local_setup.dsv
[1.276s] -- Installing: /home/vboxuser/Ali_ws/install/linkattacher_msgs/share/linkattacher_msgs/package.dsv
[1.276s] -- Up-to-date: /home/vboxuser/Ali_ws/install/linkattacher_msgs/share/ament_index/resource_index/packages/linkattacher_msgs
[1.276s] -- Up-to-date: /home/vboxuser/Ali_ws/install/linkattacher_msgs/share/linkattacher_msgs/cmake/export_linkattacher_msgs__rosidl_generator_cExport.cmake
[1.276s] -- Up-to-date: /home/vboxuser/Ali_ws/install/linkattacher_msgs/share/linkattacher_msgs/cmake/export_linkattacher_msgs__rosidl_generator_cExport-noconfig.cmake
[1.276s] -- Up-to-date: /home/vboxuser/Ali_ws/install/linkattacher_msgs/share/linkattacher_msgs/cmake/export_linkattacher_msgs__rosidl_typesupport_fastrtps_cExport.cmake
[1.276s] -- Up-to-date: /home/vboxuser/Ali_ws/install/linkattacher_msgs/share/linkattacher_msgs/cmake/export_linkattacher_msgs__rosidl_typesupport_fastrtps_cExport-noconfig.cmake
[1.276s] -- Up-to-date: /home/vboxuser/Ali_ws/install/linkattacher_msgs/share/linkattacher_msgs/cmake/linkattacher_msgs__rosidl_typesupport_introspection_cExport.cmake
[1.276s] -- Up-to-date: /home/vboxuser/Ali_ws/install/linkattacher_msgs/share/linkattacher_msgs/cmake/linkattacher_msgs__rosidl_typesupport_introspection_cExport-noconfig.cmake
[1.277s] -- Up-to-date: /home/vboxuser/Ali_ws/install/linkattacher_msgs/share/linkattacher_msgs/cmake/linkattacher_msgs__rosidl_typesupport_cExport.cmake
[1.277s] -- Up-to-date: /home/vboxuser/Ali_ws/install/linkattacher_msgs/share/linkattacher_msgs/cmake/linkattacher_msgs__rosidl_typesupport_cExport-noconfig.cmake
[1.277s] -- Up-to-date: /home/vboxuser/Ali_ws/install/linkattacher_msgs/share/linkattacher_msgs/cmake/export_linkattacher_msgs__rosidl_generator_cppExport.cmake
[1.277s] -- Up-to-date: /home/vboxuser/Ali_ws/install/linkattacher_msgs/share/linkattacher_msgs/cmake/export_linkattacher_msgs__rosidl_typesupport_fastrtps_cppExport.cmake
[1.277s] -- Up-to-date: /home/vboxuser/Ali_ws/install/linkattacher_msgs/share/linkattacher_msgs/cmake/export_linkattacher_msgs__rosidl_typesupport_fastrtps_cppExport-noconfig.cmake
[1.278s] -- Up-to-date: /home/vboxuser/Ali_ws/install/linkattacher_msgs/share/linkattacher_msgs/cmake/linkattacher_msgs__rosidl_typesupport_introspection_cppExport.cmake
[1.278s] -- Up-to-date: /home/vboxuser/Ali_ws/install/linkattacher_msgs/share/linkattacher_msgs/cmake/linkattacher_msgs__rosidl_typesupport_introspection_cppExport-noconfig.cmake
[1.279s] -- Up-to-date: /home/vboxuser/Ali_ws/install/linkattacher_msgs/share/linkattacher_msgs/cmake/linkattacher_msgs__rosidl_typesupport_cppExport.cmake
[1.279s] -- Up-to-date: /home/vboxuser/Ali_ws/install/linkattacher_msgs/share/linkattacher_msgs/cmake/linkattacher_msgs__rosidl_typesupport_cppExport-noconfig.cmake
[1.279s] -- Up-to-date: /home/vboxuser/Ali_ws/install/linkattacher_msgs/share/linkattacher_msgs/cmake/export_linkattacher_msgs__rosidl_generator_pyExport.cmake
[1.280s] -- Up-to-date: /home/vboxuser/Ali_ws/install/linkattacher_msgs/share/linkattacher_msgs/cmake/export_linkattacher_msgs__rosidl_generator_pyExport-noconfig.cmake
[1.280s] -- Up-to-date: /home/vboxuser/Ali_ws/install/linkattacher_msgs/share/linkattacher_msgs/cmake/rosidl_cmake-extras.cmake
[1.281s] -- Up-to-date: /home/vboxuser/Ali_ws/install/linkattacher_msgs/share/linkattacher_msgs/cmake/ament_cmake_export_include_directories-extras.cmake
[1.281s] -- Up-to-date: /home/vboxuser/Ali_ws/install/linkattacher_msgs/share/linkattacher_msgs/cmake/ament_cmake_export_libraries-extras.cmake
[1.282s] -- Up-to-date: /home/vboxuser/Ali_ws/install/linkattacher_msgs/share/linkattacher_msgs/cmake/ament_cmake_export_targets-extras.cmake
[1.282s] -- Up-to-date: /home/vboxuser/Ali_ws/install/linkattacher_msgs/share/linkattacher_msgs/cmake/rosidl_cmake_export_typesupport_targets-extras.cmake
[1.282s] -- Up-to-date: /home/vboxuser/Ali_ws/install/linkattacher_msgs/share/linkattacher_msgs/cmake/ament_cmake_export_dependencies-extras.cmake
[1.282s] -- Up-to-date: /home/vboxuser/Ali_ws/install/linkattacher_msgs/share/linkattacher_msgs/cmake/rosidl_cmake_export_typesupport_libraries-extras.cmake
[1.282s] -- Up-to-date: /home/vboxuser/Ali_ws/install/linkattacher_msgs/share/linkattacher_msgs/cmake/linkattacher_msgsConfig.cmake
[1.282s] -- Up-to-date: /home/vboxuser/Ali_ws/install/linkattacher_msgs/share/linkattacher_msgs/cmake/linkattacher_msgsConfig-version.cmake
[1.282s] -- Up-to-date: /home/vboxuser/Ali_ws/install/linkattacher_msgs/share/linkattacher_msgs/package.xml
[1.326s] Invoked command in '/home/vboxuser/Ali_ws/build/linkattacher_msgs' returned '0': CMAKE_PREFIX_PATH=/opt/ros/humble /usr/bin/cmake --install /home/vboxuser/Ali_ws/build/linkattacher_msgs
