[0.044s] Invoking command in '/home/vboxuser/Ali_ws/build/orbbec_camera_msgs': CMAKE_PREFIX_PATH=/opt/ros/humble /usr/bin/cmake --build /home/vboxuser/Ali_ws/build/orbbec_camera_msgs -- -j4 -l4
[0.249s] [  0%] Built target orbbec_camera_msgs__cpp
[0.288s] [35m[1mConsolidate compiler generated dependencies of target orbbec_camera_msgs__rosidl_generator_c[0m
[0.344s] [35m[1mConsolidate compiler generated dependencies of target orbbec_camera_msgs__rosidl_typesupport_cpp[0m
[0.426s] [ 15%] Built target orbbec_camera_msgs__rosidl_generator_c
[0.426s] [ 24%] Built target orbbec_camera_msgs__rosidl_typesupport_cpp
[0.426s] [35m[1mConsolidate compiler generated dependencies of target orbbec_camera_msgs__rosidl_typesupport_fastrtps_cpp[0m
[0.432s] [ 24%] Built target ament_cmake_python_copy_orbbec_camera_msgs
[0.498s] [35m[1mConsolidate compiler generated dependencies of target orbbec_camera_msgs__rosidl_typesupport_introspection_cpp[0m
[0.515s] [ 36%] Built target orbbec_camera_msgs__rosidl_typesupport_fastrtps_cpp
[0.536s] [35m[1mConsolidate compiler generated dependencies of target orbbec_camera_msgs__rosidl_typesupport_fastrtps_c[0m
[0.571s] [ 48%] Built target orbbec_camera_msgs__rosidl_typesupport_introspection_cpp
[0.582s] [35m[1mConsolidate compiler generated dependencies of target orbbec_camera_msgs__rosidl_typesupport_introspection_c[0m
[0.607s] [ 60%] Built target orbbec_camera_msgs__rosidl_typesupport_fastrtps_c
[0.646s] [35m[1mConsolidate compiler generated dependencies of target orbbec_camera_msgs__rosidl_typesupport_c[0m
[0.686s] [ 72%] Built target orbbec_camera_msgs__rosidl_typesupport_introspection_c
[0.737s] [ 84%] Built target orbbec_camera_msgs__rosidl_typesupport_c
[0.853s] [ 84%] Built target orbbec_camera_msgs
[0.951s] [ 85%] Built target orbbec_camera_msgs__py
[1.069s] [35m[1mConsolidate compiler generated dependencies of target orbbec_camera_msgs__rosidl_generator_py[0m
[1.166s] [ 96%] Built target orbbec_camera_msgs__rosidl_generator_py
[1.206s] [35m[1mConsolidate compiler generated dependencies of target orbbec_camera_msgs__rosidl_typesupport_fastrtps_c__pyext[0m
[1.206s] [35m[1mConsolidate compiler generated dependencies of target orbbec_camera_msgs__rosidl_typesupport_c__pyext[0m
[1.206s] [35m[1mConsolidate compiler generated dependencies of target orbbec_camera_msgs__rosidl_typesupport_introspection_c__pyext[0m
[1.206s] [ 97%] Built target orbbec_camera_msgs__rosidl_typesupport_fastrtps_c__pyext
[1.207s] [ 98%] Built target orbbec_camera_msgs__rosidl_typesupport_c__pyext
[1.207s] [100%] Built target orbbec_camera_msgs__rosidl_typesupport_introspection_c__pyext
[1.467s] running egg_info
[1.501s] writing orbbec_camera_msgs.egg-info/PKG-INFO
[1.501s] writing dependency_links to orbbec_camera_msgs.egg-info/dependency_links.txt
[1.501s] writing top-level names to orbbec_camera_msgs.egg-info/top_level.txt
[1.601s] reading manifest file 'orbbec_camera_msgs.egg-info/SOURCES.txt'
[1.603s] writing manifest file 'orbbec_camera_msgs.egg-info/SOURCES.txt'
[1.658s] [100%] Built target ament_cmake_python_build_orbbec_camera_msgs_egg
[1.720s] Invoked command in '/home/vboxuser/Ali_ws/build/orbbec_camera_msgs' returned '0': CMAKE_PREFIX_PATH=/opt/ros/humble /usr/bin/cmake --build /home/vboxuser/Ali_ws/build/orbbec_camera_msgs -- -j4 -l4
[1.727s] Invoking command in '/home/vboxuser/Ali_ws/build/orbbec_camera_msgs': CMAKE_PREFIX_PATH=/opt/ros/humble /usr/bin/cmake --install /home/vboxuser/Ali_ws/build/orbbec_camera_msgs
[1.750s] -- Install configuration: ""
[1.750s] -- Up-to-date: /home/vboxuser/Ali_ws/install/orbbec_camera_msgs/share/ament_index/resource_index/rosidl_interfaces/orbbec_camera_msgs
[1.750s] -- Up-to-date: /home/vboxuser/Ali_ws/install/orbbec_camera_msgs/include/orbbec_camera_msgs/orbbec_camera_msgs
[1.750s] -- Up-to-date: /home/vboxuser/Ali_ws/install/orbbec_camera_msgs/include/orbbec_camera_msgs/orbbec_camera_msgs/srv
[1.751s] -- Up-to-date: /home/vboxuser/Ali_ws/install/orbbec_camera_msgs/include/orbbec_camera_msgs/orbbec_camera_msgs/srv/get_int32.h
[1.751s] -- Up-to-date: /home/vboxuser/Ali_ws/install/orbbec_camera_msgs/include/orbbec_camera_msgs/orbbec_camera_msgs/srv/set_arrays.h
[1.753s] -- Up-to-date: /home/vboxuser/Ali_ws/install/orbbec_camera_msgs/include/orbbec_camera_msgs/orbbec_camera_msgs/srv/get_user_calib_params.h
[1.753s] -- Up-to-date: /home/vboxuser/Ali_ws/install/orbbec_camera_msgs/include/orbbec_camera_msgs/orbbec_camera_msgs/srv/detail
[1.753s] -- Up-to-date: /home/vboxuser/Ali_ws/install/orbbec_camera_msgs/include/orbbec_camera_msgs/orbbec_camera_msgs/srv/detail/get_bool__functions.h
[1.753s] -- Up-to-date: /home/vboxuser/Ali_ws/install/orbbec_camera_msgs/include/orbbec_camera_msgs/orbbec_camera_msgs/srv/detail/set_filter__type_support.h
[1.753s] -- Up-to-date: /home/vboxuser/Ali_ws/install/orbbec_camera_msgs/include/orbbec_camera_msgs/orbbec_camera_msgs/srv/detail/set_string__type_support.h
[1.753s] -- Up-to-date: /home/vboxuser/Ali_ws/install/orbbec_camera_msgs/include/orbbec_camera_msgs/orbbec_camera_msgs/srv/detail/get_int32__functions.h
[1.753s] -- Up-to-date: /home/vboxuser/Ali_ws/install/orbbec_camera_msgs/include/orbbec_camera_msgs/orbbec_camera_msgs/srv/detail/get_user_calib_params__type_support.h
[1.753s] -- Up-to-date: /home/vboxuser/Ali_ws/install/orbbec_camera_msgs/include/orbbec_camera_msgs/orbbec_camera_msgs/srv/detail/get_int32__struct.h
[1.753s] -- Up-to-date: /home/vboxuser/Ali_ws/install/orbbec_camera_msgs/include/orbbec_camera_msgs/orbbec_camera_msgs/srv/detail/set_filter__struct.h
[1.753s] -- Up-to-date: /home/vboxuser/Ali_ws/install/orbbec_camera_msgs/include/orbbec_camera_msgs/orbbec_camera_msgs/srv/detail/set_user_calib_params__type_support.h
[1.753s] -- Up-to-date: /home/vboxuser/Ali_ws/install/orbbec_camera_msgs/include/orbbec_camera_msgs/orbbec_camera_msgs/srv/detail/get_camera_info__type_support.h
[1.753s] -- Up-to-date: /home/vboxuser/Ali_ws/install/orbbec_camera_msgs/include/orbbec_camera_msgs/orbbec_camera_msgs/srv/detail/set_int32__struct.h
[1.753s] -- Up-to-date: /home/vboxuser/Ali_ws/install/orbbec_camera_msgs/include/orbbec_camera_msgs/orbbec_camera_msgs/srv/detail/set_user_calib_params__functions.c
[1.753s] -- Up-to-date: /home/vboxuser/Ali_ws/install/orbbec_camera_msgs/include/orbbec_camera_msgs/orbbec_camera_msgs/srv/detail/set_string__functions.c
[1.753s] -- Up-to-date: /home/vboxuser/Ali_ws/install/orbbec_camera_msgs/include/orbbec_camera_msgs/orbbec_camera_msgs/srv/detail/get_string__struct.h
[1.753s] -- Up-to-date: /home/vboxuser/Ali_ws/install/orbbec_camera_msgs/include/orbbec_camera_msgs/orbbec_camera_msgs/srv/detail/set_arrays__functions.h
[1.753s] -- Up-to-date: /home/vboxuser/Ali_ws/install/orbbec_camera_msgs/include/orbbec_camera_msgs/orbbec_camera_msgs/srv/detail/set_int32__functions.h
[1.753s] -- Up-to-date: /home/vboxuser/Ali_ws/install/orbbec_camera_msgs/include/orbbec_camera_msgs/orbbec_camera_msgs/srv/detail/get_device_info__type_support.h
[1.753s] -- Up-to-date: /home/vboxuser/Ali_ws/install/orbbec_camera_msgs/include/orbbec_camera_msgs/orbbec_camera_msgs/srv/detail/get_device_info__struct.h
[1.753s] -- Up-to-date: /home/vboxuser/Ali_ws/install/orbbec_camera_msgs/include/orbbec_camera_msgs/orbbec_camera_msgs/srv/detail/set_string__struct.h
[1.753s] -- Up-to-date: /home/vboxuser/Ali_ws/install/orbbec_camera_msgs/include/orbbec_camera_msgs/orbbec_camera_msgs/srv/detail/set_user_calib_params__struct.h
[1.753s] -- Up-to-date: /home/vboxuser/Ali_ws/install/orbbec_camera_msgs/include/orbbec_camera_msgs/orbbec_camera_msgs/srv/detail/set_filter__functions.h
[1.753s] -- Up-to-date: /home/vboxuser/Ali_ws/install/orbbec_camera_msgs/include/orbbec_camera_msgs/orbbec_camera_msgs/srv/detail/set_arrays__struct.h
[1.753s] -- Up-to-date: /home/vboxuser/Ali_ws/install/orbbec_camera_msgs/include/orbbec_camera_msgs/orbbec_camera_msgs/srv/detail/get_user_calib_params__struct.h
[1.753s] -- Up-to-date: /home/vboxuser/Ali_ws/install/orbbec_camera_msgs/include/orbbec_camera_msgs/orbbec_camera_msgs/srv/detail/get_device_info__functions.h
[1.753s] -- Up-to-date: /home/vboxuser/Ali_ws/install/orbbec_camera_msgs/include/orbbec_camera_msgs/orbbec_camera_msgs/srv/detail/get_camera_info__functions.c
[1.753s] -- Up-to-date: /home/vboxuser/Ali_ws/install/orbbec_camera_msgs/include/orbbec_camera_msgs/orbbec_camera_msgs/srv/detail/get_camera_info__struct.h
[1.753s] -- Up-to-date: /home/vboxuser/Ali_ws/install/orbbec_camera_msgs/include/orbbec_camera_msgs/orbbec_camera_msgs/srv/detail/get_bool__struct.h
[1.753s] -- Up-to-date: /home/vboxuser/Ali_ws/install/orbbec_camera_msgs/include/orbbec_camera_msgs/orbbec_camera_msgs/srv/detail/get_bool__functions.c
[1.753s] -- Up-to-date: /home/vboxuser/Ali_ws/install/orbbec_camera_msgs/include/orbbec_camera_msgs/orbbec_camera_msgs/srv/detail/set_int32__type_support.h
[1.753s] -- Up-to-date: /home/vboxuser/Ali_ws/install/orbbec_camera_msgs/include/orbbec_camera_msgs/orbbec_camera_msgs/srv/detail/get_user_calib_params__functions.c
[1.753s] -- Up-to-date: /home/vboxuser/Ali_ws/install/orbbec_camera_msgs/include/orbbec_camera_msgs/orbbec_camera_msgs/srv/detail/get_string__type_support.h
[1.754s] -- Up-to-date: /home/vboxuser/Ali_ws/install/orbbec_camera_msgs/include/orbbec_camera_msgs/orbbec_camera_msgs/srv/detail/get_int32__functions.c
[1.754s] -- Up-to-date: /home/vboxuser/Ali_ws/install/orbbec_camera_msgs/include/orbbec_camera_msgs/orbbec_camera_msgs/srv/detail/set_string__functions.h
[1.754s] -- Up-to-date: /home/vboxuser/Ali_ws/install/orbbec_camera_msgs/include/orbbec_camera_msgs/orbbec_camera_msgs/srv/detail/get_device_info__functions.c
[1.754s] -- Up-to-date: /home/vboxuser/Ali_ws/install/orbbec_camera_msgs/include/orbbec_camera_msgs/orbbec_camera_msgs/srv/detail/get_int32__type_support.h
[1.754s] -- Up-to-date: /home/vboxuser/Ali_ws/install/orbbec_camera_msgs/include/orbbec_camera_msgs/orbbec_camera_msgs/srv/detail/set_arrays__type_support.h
[1.754s] -- Up-to-date: /home/vboxuser/Ali_ws/install/orbbec_camera_msgs/include/orbbec_camera_msgs/orbbec_camera_msgs/srv/detail/get_bool__type_support.h
[1.754s] -- Up-to-date: /home/vboxuser/Ali_ws/install/orbbec_camera_msgs/include/orbbec_camera_msgs/orbbec_camera_msgs/srv/detail/get_string__functions.c
[1.754s] -- Up-to-date: /home/vboxuser/Ali_ws/install/orbbec_camera_msgs/include/orbbec_camera_msgs/orbbec_camera_msgs/srv/detail/get_user_calib_params__functions.h
[1.754s] -- Up-to-date: /home/vboxuser/Ali_ws/install/orbbec_camera_msgs/include/orbbec_camera_msgs/orbbec_camera_msgs/srv/detail/set_int32__functions.c
[1.754s] -- Up-to-date: /home/vboxuser/Ali_ws/install/orbbec_camera_msgs/include/orbbec_camera_msgs/orbbec_camera_msgs/srv/detail/set_arrays__functions.c
[1.754s] -- Up-to-date: /home/vboxuser/Ali_ws/install/orbbec_camera_msgs/include/orbbec_camera_msgs/orbbec_camera_msgs/srv/detail/set_user_calib_params__functions.h
[1.754s] -- Up-to-date: /home/vboxuser/Ali_ws/install/orbbec_camera_msgs/include/orbbec_camera_msgs/orbbec_camera_msgs/srv/detail/get_string__functions.h
[1.754s] -- Up-to-date: /home/vboxuser/Ali_ws/install/orbbec_camera_msgs/include/orbbec_camera_msgs/orbbec_camera_msgs/srv/detail/get_camera_info__functions.h
[1.754s] -- Up-to-date: /home/vboxuser/Ali_ws/install/orbbec_camera_msgs/include/orbbec_camera_msgs/orbbec_camera_msgs/srv/detail/set_filter__functions.c
[1.754s] -- Up-to-date: /home/vboxuser/Ali_ws/install/orbbec_camera_msgs/include/orbbec_camera_msgs/orbbec_camera_msgs/srv/get_string.h
[1.755s] -- Up-to-date: /home/vboxuser/Ali_ws/install/orbbec_camera_msgs/include/orbbec_camera_msgs/orbbec_camera_msgs/srv/set_user_calib_params.h
[1.755s] -- Up-to-date: /home/vboxuser/Ali_ws/install/orbbec_camera_msgs/include/orbbec_camera_msgs/orbbec_camera_msgs/srv/get_camera_info.h
[1.755s] -- Up-to-date: /home/vboxuser/Ali_ws/install/orbbec_camera_msgs/include/orbbec_camera_msgs/orbbec_camera_msgs/srv/get_bool.h
[1.755s] -- Up-to-date: /home/vboxuser/Ali_ws/install/orbbec_camera_msgs/include/orbbec_camera_msgs/orbbec_camera_msgs/srv/get_device_info.h
[1.755s] -- Up-to-date: /home/vboxuser/Ali_ws/install/orbbec_camera_msgs/include/orbbec_camera_msgs/orbbec_camera_msgs/srv/set_filter.h
[1.755s] -- Up-to-date: /home/vboxuser/Ali_ws/install/orbbec_camera_msgs/include/orbbec_camera_msgs/orbbec_camera_msgs/srv/set_string.h
[1.755s] -- Up-to-date: /home/vboxuser/Ali_ws/install/orbbec_camera_msgs/include/orbbec_camera_msgs/orbbec_camera_msgs/srv/set_int32.h
[1.755s] -- Up-to-date: /home/vboxuser/Ali_ws/install/orbbec_camera_msgs/include/orbbec_camera_msgs/orbbec_camera_msgs/msg
[1.755s] -- Up-to-date: /home/vboxuser/Ali_ws/install/orbbec_camera_msgs/include/orbbec_camera_msgs/orbbec_camera_msgs/msg/device_info.h
[1.755s] -- Up-to-date: /home/vboxuser/Ali_ws/install/orbbec_camera_msgs/include/orbbec_camera_msgs/orbbec_camera_msgs/msg/extrinsics.h
[1.755s] -- Up-to-date: /home/vboxuser/Ali_ws/install/orbbec_camera_msgs/include/orbbec_camera_msgs/orbbec_camera_msgs/msg/detail
[1.755s] -- Up-to-date: /home/vboxuser/Ali_ws/install/orbbec_camera_msgs/include/orbbec_camera_msgs/orbbec_camera_msgs/msg/detail/device_info__type_support.h
[1.755s] -- Up-to-date: /home/vboxuser/Ali_ws/install/orbbec_camera_msgs/include/orbbec_camera_msgs/orbbec_camera_msgs/msg/detail/device_status__type_support.h
[1.755s] -- Up-to-date: /home/vboxuser/Ali_ws/install/orbbec_camera_msgs/include/orbbec_camera_msgs/orbbec_camera_msgs/msg/detail/extrinsics__struct.h
[1.755s] -- Up-to-date: /home/vboxuser/Ali_ws/install/orbbec_camera_msgs/include/orbbec_camera_msgs/orbbec_camera_msgs/msg/detail/imu_info__struct.h
[1.755s] -- Up-to-date: /home/vboxuser/Ali_ws/install/orbbec_camera_msgs/include/orbbec_camera_msgs/orbbec_camera_msgs/msg/detail/device_status__functions.c
[1.755s] -- Up-to-date: /home/vboxuser/Ali_ws/install/orbbec_camera_msgs/include/orbbec_camera_msgs/orbbec_camera_msgs/msg/detail/metadata__functions.c
[1.755s] -- Up-to-date: /home/vboxuser/Ali_ws/install/orbbec_camera_msgs/include/orbbec_camera_msgs/orbbec_camera_msgs/msg/detail/device_status__struct.h
[1.755s] -- Up-to-date: /home/vboxuser/Ali_ws/install/orbbec_camera_msgs/include/orbbec_camera_msgs/orbbec_camera_msgs/msg/detail/rgbd__struct.h
[1.755s] -- Up-to-date: /home/vboxuser/Ali_ws/install/orbbec_camera_msgs/include/orbbec_camera_msgs/orbbec_camera_msgs/msg/detail/device_info__functions.h
[1.755s] -- Up-to-date: /home/vboxuser/Ali_ws/install/orbbec_camera_msgs/include/orbbec_camera_msgs/orbbec_camera_msgs/msg/detail/device_info__struct.h
[1.756s] -- Up-to-date: /home/vboxuser/Ali_ws/install/orbbec_camera_msgs/include/orbbec_camera_msgs/orbbec_camera_msgs/msg/detail/extrinsics__type_support.h
[1.756s] -- Up-to-date: /home/vboxuser/Ali_ws/install/orbbec_camera_msgs/include/orbbec_camera_msgs/orbbec_camera_msgs/msg/detail/imu_info__functions.h
[1.756s] -- Up-to-date: /home/vboxuser/Ali_ws/install/orbbec_camera_msgs/include/orbbec_camera_msgs/orbbec_camera_msgs/msg/detail/rgbd__functions.h
[1.756s] -- Up-to-date: /home/vboxuser/Ali_ws/install/orbbec_camera_msgs/include/orbbec_camera_msgs/orbbec_camera_msgs/msg/detail/metadata__struct.h
[1.756s] -- Up-to-date: /home/vboxuser/Ali_ws/install/orbbec_camera_msgs/include/orbbec_camera_msgs/orbbec_camera_msgs/msg/detail/extrinsics__functions.h
[1.756s] -- Up-to-date: /home/vboxuser/Ali_ws/install/orbbec_camera_msgs/include/orbbec_camera_msgs/orbbec_camera_msgs/msg/detail/imu_info__functions.c
[1.756s] -- Up-to-date: /home/vboxuser/Ali_ws/install/orbbec_camera_msgs/include/orbbec_camera_msgs/orbbec_camera_msgs/msg/detail/device_info__functions.c
[1.756s] -- Up-to-date: /home/vboxuser/Ali_ws/install/orbbec_camera_msgs/include/orbbec_camera_msgs/orbbec_camera_msgs/msg/detail/imu_info__type_support.h
[1.756s] -- Up-to-date: /home/vboxuser/Ali_ws/install/orbbec_camera_msgs/include/orbbec_camera_msgs/orbbec_camera_msgs/msg/detail/extrinsics__functions.c
[1.756s] -- Up-to-date: /home/vboxuser/Ali_ws/install/orbbec_camera_msgs/include/orbbec_camera_msgs/orbbec_camera_msgs/msg/detail/metadata__functions.h
[1.756s] -- Up-to-date: /home/vboxuser/Ali_ws/install/orbbec_camera_msgs/include/orbbec_camera_msgs/orbbec_camera_msgs/msg/detail/device_status__functions.h
[1.756s] -- Up-to-date: /home/vboxuser/Ali_ws/install/orbbec_camera_msgs/include/orbbec_camera_msgs/orbbec_camera_msgs/msg/detail/rgbd__type_support.h
[1.757s] -- Up-to-date: /home/vboxuser/Ali_ws/install/orbbec_camera_msgs/include/orbbec_camera_msgs/orbbec_camera_msgs/msg/detail/rgbd__functions.c
[1.757s] -- Up-to-date: /home/vboxuser/Ali_ws/install/orbbec_camera_msgs/include/orbbec_camera_msgs/orbbec_camera_msgs/msg/detail/metadata__type_support.h
[1.759s] -- Up-to-date: /home/vboxuser/Ali_ws/install/orbbec_camera_msgs/include/orbbec_camera_msgs/orbbec_camera_msgs/msg/device_status.h
[1.759s] -- Up-to-date: /home/vboxuser/Ali_ws/install/orbbec_camera_msgs/include/orbbec_camera_msgs/orbbec_camera_msgs/msg/metadata.h
[1.759s] -- Up-to-date: /home/vboxuser/Ali_ws/install/orbbec_camera_msgs/include/orbbec_camera_msgs/orbbec_camera_msgs/msg/imu_info.h
[1.759s] -- Up-to-date: /home/vboxuser/Ali_ws/install/orbbec_camera_msgs/include/orbbec_camera_msgs/orbbec_camera_msgs/msg/rosidl_generator_c__visibility_control.h
[1.759s] -- Up-to-date: /home/vboxuser/Ali_ws/install/orbbec_camera_msgs/include/orbbec_camera_msgs/orbbec_camera_msgs/msg/rgbd.h
[1.759s] -- Up-to-date: /home/vboxuser/Ali_ws/install/orbbec_camera_msgs/share/orbbec_camera_msgs/environment/library_path.sh
[1.760s] -- Up-to-date: /home/vboxuser/Ali_ws/install/orbbec_camera_msgs/share/orbbec_camera_msgs/environment/library_path.dsv
[1.760s] -- Up-to-date: /home/vboxuser/Ali_ws/install/orbbec_camera_msgs/lib/liborbbec_camera_msgs__rosidl_generator_c.so
[1.760s] -- Up-to-date: /home/vboxuser/Ali_ws/install/orbbec_camera_msgs/include/orbbec_camera_msgs/orbbec_camera_msgs
[1.760s] -- Up-to-date: /home/vboxuser/Ali_ws/install/orbbec_camera_msgs/include/orbbec_camera_msgs/orbbec_camera_msgs/srv
[1.761s] -- Up-to-date: /home/vboxuser/Ali_ws/install/orbbec_camera_msgs/include/orbbec_camera_msgs/orbbec_camera_msgs/srv/detail
[1.761s] -- Up-to-date: /home/vboxuser/Ali_ws/install/orbbec_camera_msgs/include/orbbec_camera_msgs/orbbec_camera_msgs/srv/detail/get_int32__rosidl_typesupport_fastrtps_c.h
[1.761s] -- Up-to-date: /home/vboxuser/Ali_ws/install/orbbec_camera_msgs/include/orbbec_camera_msgs/orbbec_camera_msgs/srv/detail/get_user_calib_params__rosidl_typesupport_fastrtps_c.h
[1.761s] -- Up-to-date: /home/vboxuser/Ali_ws/install/orbbec_camera_msgs/include/orbbec_camera_msgs/orbbec_camera_msgs/srv/detail/set_string__rosidl_typesupport_fastrtps_c.h
[1.762s] -- Up-to-date: /home/vboxuser/Ali_ws/install/orbbec_camera_msgs/include/orbbec_camera_msgs/orbbec_camera_msgs/srv/detail/get_camera_info__rosidl_typesupport_fastrtps_c.h
[1.762s] -- Up-to-date: /home/vboxuser/Ali_ws/install/orbbec_camera_msgs/include/orbbec_camera_msgs/orbbec_camera_msgs/srv/detail/set_arrays__rosidl_typesupport_fastrtps_c.h
[1.762s] -- Up-to-date: /home/vboxuser/Ali_ws/install/orbbec_camera_msgs/include/orbbec_camera_msgs/orbbec_camera_msgs/srv/detail/set_int32__rosidl_typesupport_fastrtps_c.h
[1.762s] -- Up-to-date: /home/vboxuser/Ali_ws/install/orbbec_camera_msgs/include/orbbec_camera_msgs/orbbec_camera_msgs/srv/detail/set_filter__rosidl_typesupport_fastrtps_c.h
[1.762s] -- Up-to-date: /home/vboxuser/Ali_ws/install/orbbec_camera_msgs/include/orbbec_camera_msgs/orbbec_camera_msgs/srv/detail/get_device_info__rosidl_typesupport_fastrtps_c.h
[1.762s] -- Up-to-date: /home/vboxuser/Ali_ws/install/orbbec_camera_msgs/include/orbbec_camera_msgs/orbbec_camera_msgs/srv/detail/get_string__rosidl_typesupport_fastrtps_c.h
[1.762s] -- Up-to-date: /home/vboxuser/Ali_ws/install/orbbec_camera_msgs/include/orbbec_camera_msgs/orbbec_camera_msgs/srv/detail/get_bool__rosidl_typesupport_fastrtps_c.h
[1.762s] -- Up-to-date: /home/vboxuser/Ali_ws/install/orbbec_camera_msgs/include/orbbec_camera_msgs/orbbec_camera_msgs/srv/detail/set_user_calib_params__rosidl_typesupport_fastrtps_c.h
[1.762s] -- Up-to-date: /home/vboxuser/Ali_ws/install/orbbec_camera_msgs/include/orbbec_camera_msgs/orbbec_camera_msgs/msg
[1.762s] -- Up-to-date: /home/vboxuser/Ali_ws/install/orbbec_camera_msgs/include/orbbec_camera_msgs/orbbec_camera_msgs/msg/detail
[1.762s] -- Up-to-date: /home/vboxuser/Ali_ws/install/orbbec_camera_msgs/include/orbbec_camera_msgs/orbbec_camera_msgs/msg/detail/imu_info__rosidl_typesupport_fastrtps_c.h
[1.762s] -- Up-to-date: /home/vboxuser/Ali_ws/install/orbbec_camera_msgs/include/orbbec_camera_msgs/orbbec_camera_msgs/msg/detail/rgbd__rosidl_typesupport_fastrtps_c.h
[1.762s] -- Up-to-date: /home/vboxuser/Ali_ws/install/orbbec_camera_msgs/include/orbbec_camera_msgs/orbbec_camera_msgs/msg/detail/extrinsics__rosidl_typesupport_fastrtps_c.h
[1.762s] -- Up-to-date: /home/vboxuser/Ali_ws/install/orbbec_camera_msgs/include/orbbec_camera_msgs/orbbec_camera_msgs/msg/detail/device_status__rosidl_typesupport_fastrtps_c.h
[1.763s] -- Up-to-date: /home/vboxuser/Ali_ws/install/orbbec_camera_msgs/include/orbbec_camera_msgs/orbbec_camera_msgs/msg/detail/metadata__rosidl_typesupport_fastrtps_c.h
[1.763s] -- Up-to-date: /home/vboxuser/Ali_ws/install/orbbec_camera_msgs/include/orbbec_camera_msgs/orbbec_camera_msgs/msg/detail/device_info__rosidl_typesupport_fastrtps_c.h
[1.763s] -- Up-to-date: /home/vboxuser/Ali_ws/install/orbbec_camera_msgs/include/orbbec_camera_msgs/orbbec_camera_msgs/msg/rosidl_typesupport_fastrtps_c__visibility_control.h
[1.763s] -- Up-to-date: /home/vboxuser/Ali_ws/install/orbbec_camera_msgs/lib/liborbbec_camera_msgs__rosidl_typesupport_fastrtps_c.so
[1.763s] -- Up-to-date: /home/vboxuser/Ali_ws/install/orbbec_camera_msgs/include/orbbec_camera_msgs/orbbec_camera_msgs
[1.763s] -- Up-to-date: /home/vboxuser/Ali_ws/install/orbbec_camera_msgs/include/orbbec_camera_msgs/orbbec_camera_msgs/srv
[1.763s] -- Up-to-date: /home/vboxuser/Ali_ws/install/orbbec_camera_msgs/include/orbbec_camera_msgs/orbbec_camera_msgs/srv/detail
[1.763s] -- Up-to-date: /home/vboxuser/Ali_ws/install/orbbec_camera_msgs/include/orbbec_camera_msgs/orbbec_camera_msgs/srv/detail/get_int32__rosidl_typesupport_introspection_c.h
[1.764s] -- Up-to-date: /home/vboxuser/Ali_ws/install/orbbec_camera_msgs/include/orbbec_camera_msgs/orbbec_camera_msgs/srv/detail/set_int32__type_support.c
[1.764s] -- Up-to-date: /home/vboxuser/Ali_ws/install/orbbec_camera_msgs/include/orbbec_camera_msgs/orbbec_camera_msgs/srv/detail/set_filter__rosidl_typesupport_introspection_c.h
[1.764s] -- Up-to-date: /home/vboxuser/Ali_ws/install/orbbec_camera_msgs/include/orbbec_camera_msgs/orbbec_camera_msgs/srv/detail/set_int32__rosidl_typesupport_introspection_c.h
[1.764s] -- Up-to-date: /home/vboxuser/Ali_ws/install/orbbec_camera_msgs/include/orbbec_camera_msgs/orbbec_camera_msgs/srv/detail/get_bool__type_support.c
[1.764s] -- Up-to-date: /home/vboxuser/Ali_ws/install/orbbec_camera_msgs/include/orbbec_camera_msgs/orbbec_camera_msgs/srv/detail/set_string__rosidl_typesupport_introspection_c.h
[1.764s] -- Up-to-date: /home/vboxuser/Ali_ws/install/orbbec_camera_msgs/include/orbbec_camera_msgs/orbbec_camera_msgs/srv/detail/set_string__type_support.c
[1.764s] -- Up-to-date: /home/vboxuser/Ali_ws/install/orbbec_camera_msgs/include/orbbec_camera_msgs/orbbec_camera_msgs/srv/detail/get_int32__type_support.c
[1.764s] -- Up-to-date: /home/vboxuser/Ali_ws/install/orbbec_camera_msgs/include/orbbec_camera_msgs/orbbec_camera_msgs/srv/detail/get_camera_info__type_support.c
[1.764s] -- Up-to-date: /home/vboxuser/Ali_ws/install/orbbec_camera_msgs/include/orbbec_camera_msgs/orbbec_camera_msgs/srv/detail/set_arrays__rosidl_typesupport_introspection_c.h
[1.764s] -- Up-to-date: /home/vboxuser/Ali_ws/install/orbbec_camera_msgs/include/orbbec_camera_msgs/orbbec_camera_msgs/srv/detail/get_user_calib_params__rosidl_typesupport_introspection_c.h
[1.764s] -- Up-to-date: /home/vboxuser/Ali_ws/install/orbbec_camera_msgs/include/orbbec_camera_msgs/orbbec_camera_msgs/srv/detail/get_bool__rosidl_typesupport_introspection_c.h
[1.765s] -- Up-to-date: /home/vboxuser/Ali_ws/install/orbbec_camera_msgs/include/orbbec_camera_msgs/orbbec_camera_msgs/srv/detail/set_filter__type_support.c
[1.765s] -- Up-to-date: /home/vboxuser/Ali_ws/install/orbbec_camera_msgs/include/orbbec_camera_msgs/orbbec_camera_msgs/srv/detail/set_arrays__type_support.c
[1.765s] -- Up-to-date: /home/vboxuser/Ali_ws/install/orbbec_camera_msgs/include/orbbec_camera_msgs/orbbec_camera_msgs/srv/detail/get_device_info__type_support.c
[1.765s] -- Up-to-date: /home/vboxuser/Ali_ws/install/orbbec_camera_msgs/include/orbbec_camera_msgs/orbbec_camera_msgs/srv/detail/set_user_calib_params__rosidl_typesupport_introspection_c.h
[1.765s] -- Up-to-date: /home/vboxuser/Ali_ws/install/orbbec_camera_msgs/include/orbbec_camera_msgs/orbbec_camera_msgs/srv/detail/get_string__rosidl_typesupport_introspection_c.h
[1.765s] -- Up-to-date: /home/vboxuser/Ali_ws/install/orbbec_camera_msgs/include/orbbec_camera_msgs/orbbec_camera_msgs/srv/detail/get_user_calib_params__type_support.c
[1.765s] -- Up-to-date: /home/vboxuser/Ali_ws/install/orbbec_camera_msgs/include/orbbec_camera_msgs/orbbec_camera_msgs/srv/detail/get_camera_info__rosidl_typesupport_introspection_c.h
[1.765s] -- Up-to-date: /home/vboxuser/Ali_ws/install/orbbec_camera_msgs/include/orbbec_camera_msgs/orbbec_camera_msgs/srv/detail/set_user_calib_params__type_support.c
[1.765s] -- Up-to-date: /home/vboxuser/Ali_ws/install/orbbec_camera_msgs/include/orbbec_camera_msgs/orbbec_camera_msgs/srv/detail/get_string__type_support.c
[1.765s] -- Up-to-date: /home/vboxuser/Ali_ws/install/orbbec_camera_msgs/include/orbbec_camera_msgs/orbbec_camera_msgs/srv/detail/get_device_info__rosidl_typesupport_introspection_c.h
[1.765s] -- Up-to-date: /home/vboxuser/Ali_ws/install/orbbec_camera_msgs/include/orbbec_camera_msgs/orbbec_camera_msgs/msg
[1.765s] -- Up-to-date: /home/vboxuser/Ali_ws/install/orbbec_camera_msgs/include/orbbec_camera_msgs/orbbec_camera_msgs/msg/rosidl_typesupport_introspection_c__visibility_control.h
[1.765s] -- Up-to-date: /home/vboxuser/Ali_ws/install/orbbec_camera_msgs/include/orbbec_camera_msgs/orbbec_camera_msgs/msg/detail
[1.766s] -- Up-to-date: /home/vboxuser/Ali_ws/install/orbbec_camera_msgs/include/orbbec_camera_msgs/orbbec_camera_msgs/msg/detail/device_info__rosidl_typesupport_introspection_c.h
[1.766s] -- Up-to-date: /home/vboxuser/Ali_ws/install/orbbec_camera_msgs/include/orbbec_camera_msgs/orbbec_camera_msgs/msg/detail/device_info__type_support.c
[1.766s] -- Up-to-date: /home/vboxuser/Ali_ws/install/orbbec_camera_msgs/include/orbbec_camera_msgs/orbbec_camera_msgs/msg/detail/extrinsics__type_support.c
[1.766s] -- Up-to-date: /home/vboxuser/Ali_ws/install/orbbec_camera_msgs/include/orbbec_camera_msgs/orbbec_camera_msgs/msg/detail/imu_info__type_support.c
[1.782s] -- Up-to-date: /home/vboxuser/Ali_ws/install/orbbec_camera_msgs/include/orbbec_camera_msgs/orbbec_camera_msgs/msg/detail/rgbd__type_support.c
[1.782s] -- Up-to-date: /home/vboxuser/Ali_ws/install/orbbec_camera_msgs/include/orbbec_camera_msgs/orbbec_camera_msgs/msg/detail/metadata__type_support.c
[1.782s] -- Up-to-date: /home/vboxuser/Ali_ws/install/orbbec_camera_msgs/include/orbbec_camera_msgs/orbbec_camera_msgs/msg/detail/imu_info__rosidl_typesupport_introspection_c.h
[1.782s] -- Up-to-date: /home/vboxuser/Ali_ws/install/orbbec_camera_msgs/include/orbbec_camera_msgs/orbbec_camera_msgs/msg/detail/device_status__type_support.c
[1.782s] -- Up-to-date: /home/vboxuser/Ali_ws/install/orbbec_camera_msgs/include/orbbec_camera_msgs/orbbec_camera_msgs/msg/detail/extrinsics__rosidl_typesupport_introspection_c.h
[1.782s] -- Up-to-date: /home/vboxuser/Ali_ws/install/orbbec_camera_msgs/include/orbbec_camera_msgs/orbbec_camera_msgs/msg/detail/rgbd__rosidl_typesupport_introspection_c.h
[1.782s] -- Up-to-date: /home/vboxuser/Ali_ws/install/orbbec_camera_msgs/include/orbbec_camera_msgs/orbbec_camera_msgs/msg/detail/metadata__rosidl_typesupport_introspection_c.h
[1.782s] -- Up-to-date: /home/vboxuser/Ali_ws/install/orbbec_camera_msgs/include/orbbec_camera_msgs/orbbec_camera_msgs/msg/detail/device_status__rosidl_typesupport_introspection_c.h
[1.782s] -- Up-to-date: /home/vboxuser/Ali_ws/install/orbbec_camera_msgs/lib/liborbbec_camera_msgs__rosidl_typesupport_introspection_c.so
[1.782s] -- Up-to-date: /home/vboxuser/Ali_ws/install/orbbec_camera_msgs/lib/liborbbec_camera_msgs__rosidl_typesupport_c.so
[1.782s] -- Up-to-date: /home/vboxuser/Ali_ws/install/orbbec_camera_msgs/include/orbbec_camera_msgs/orbbec_camera_msgs
[1.782s] -- Up-to-date: /home/vboxuser/Ali_ws/install/orbbec_camera_msgs/include/orbbec_camera_msgs/orbbec_camera_msgs/srv
[1.782s] -- Up-to-date: /home/vboxuser/Ali_ws/install/orbbec_camera_msgs/include/orbbec_camera_msgs/orbbec_camera_msgs/srv/get_user_calib_params.hpp
[1.782s] -- Up-to-date: /home/vboxuser/Ali_ws/install/orbbec_camera_msgs/include/orbbec_camera_msgs/orbbec_camera_msgs/srv/get_bool.hpp
[1.782s] -- Up-to-date: /home/vboxuser/Ali_ws/install/orbbec_camera_msgs/include/orbbec_camera_msgs/orbbec_camera_msgs/srv/set_int32.hpp
[1.782s] -- Up-to-date: /home/vboxuser/Ali_ws/install/orbbec_camera_msgs/include/orbbec_camera_msgs/orbbec_camera_msgs/srv/get_int32.hpp
[1.782s] -- Up-to-date: /home/vboxuser/Ali_ws/install/orbbec_camera_msgs/include/orbbec_camera_msgs/orbbec_camera_msgs/srv/detail
[1.783s] -- Up-to-date: /home/vboxuser/Ali_ws/install/orbbec_camera_msgs/include/orbbec_camera_msgs/orbbec_camera_msgs/srv/detail/get_string__type_support.hpp
[1.783s] -- Up-to-date: /home/vboxuser/Ali_ws/install/orbbec_camera_msgs/include/orbbec_camera_msgs/orbbec_camera_msgs/srv/detail/set_filter__traits.hpp
[1.783s] -- Up-to-date: /home/vboxuser/Ali_ws/install/orbbec_camera_msgs/include/orbbec_camera_msgs/orbbec_camera_msgs/srv/detail/set_user_calib_params__type_support.hpp
[1.783s] -- Up-to-date: /home/vboxuser/Ali_ws/install/orbbec_camera_msgs/include/orbbec_camera_msgs/orbbec_camera_msgs/srv/detail/set_string__builder.hpp
[1.783s] -- Up-to-date: /home/vboxuser/Ali_ws/install/orbbec_camera_msgs/include/orbbec_camera_msgs/orbbec_camera_msgs/srv/detail/set_int32__struct.hpp
[1.783s] -- Up-to-date: /home/vboxuser/Ali_ws/install/orbbec_camera_msgs/include/orbbec_camera_msgs/orbbec_camera_msgs/srv/detail/get_camera_info__traits.hpp
[1.783s] -- Up-to-date: /home/vboxuser/Ali_ws/install/orbbec_camera_msgs/include/orbbec_camera_msgs/orbbec_camera_msgs/srv/detail/get_device_info__traits.hpp
[1.783s] -- Up-to-date: /home/vboxuser/Ali_ws/install/orbbec_camera_msgs/include/orbbec_camera_msgs/orbbec_camera_msgs/srv/detail/set_user_calib_params__builder.hpp
[1.783s] -- Up-to-date: /home/vboxuser/Ali_ws/install/orbbec_camera_msgs/include/orbbec_camera_msgs/orbbec_camera_msgs/srv/detail/set_arrays__builder.hpp
[1.783s] -- Up-to-date: /home/vboxuser/Ali_ws/install/orbbec_camera_msgs/include/orbbec_camera_msgs/orbbec_camera_msgs/srv/detail/set_string__type_support.hpp
[1.783s] -- Up-to-date: /home/vboxuser/Ali_ws/install/orbbec_camera_msgs/include/orbbec_camera_msgs/orbbec_camera_msgs/srv/detail/set_int32__type_support.hpp
[1.783s] -- Up-to-date: /home/vboxuser/Ali_ws/install/orbbec_camera_msgs/include/orbbec_camera_msgs/orbbec_camera_msgs/srv/detail/get_device_info__struct.hpp
[1.783s] -- Up-to-date: /home/vboxuser/Ali_ws/install/orbbec_camera_msgs/include/orbbec_camera_msgs/orbbec_camera_msgs/srv/detail/get_string__builder.hpp
[1.783s] -- Up-to-date: /home/vboxuser/Ali_ws/install/orbbec_camera_msgs/include/orbbec_camera_msgs/orbbec_camera_msgs/srv/detail/get_int32__traits.hpp
[1.783s] -- Up-to-date: /home/vboxuser/Ali_ws/install/orbbec_camera_msgs/include/orbbec_camera_msgs/orbbec_camera_msgs/srv/detail/set_user_calib_params__traits.hpp
[1.783s] -- Up-to-date: /home/vboxuser/Ali_ws/install/orbbec_camera_msgs/include/orbbec_camera_msgs/orbbec_camera_msgs/srv/detail/get_string__traits.hpp
[1.783s] -- Up-to-date: /home/vboxuser/Ali_ws/install/orbbec_camera_msgs/include/orbbec_camera_msgs/orbbec_camera_msgs/srv/detail/get_device_info__builder.hpp
[1.783s] -- Up-to-date: /home/vboxuser/Ali_ws/install/orbbec_camera_msgs/include/orbbec_camera_msgs/orbbec_camera_msgs/srv/detail/set_int32__builder.hpp
[1.783s] -- Up-to-date: /home/vboxuser/Ali_ws/install/orbbec_camera_msgs/include/orbbec_camera_msgs/orbbec_camera_msgs/srv/detail/set_filter__type_support.hpp
[1.783s] -- Up-to-date: /home/vboxuser/Ali_ws/install/orbbec_camera_msgs/include/orbbec_camera_msgs/orbbec_camera_msgs/srv/detail/set_filter__builder.hpp
[1.783s] -- Up-to-date: /home/vboxuser/Ali_ws/install/orbbec_camera_msgs/include/orbbec_camera_msgs/orbbec_camera_msgs/srv/detail/get_int32__type_support.hpp
[1.784s] -- Up-to-date: /home/vboxuser/Ali_ws/install/orbbec_camera_msgs/include/orbbec_camera_msgs/orbbec_camera_msgs/srv/detail/get_bool__traits.hpp
[1.785s] -- Up-to-date: /home/vboxuser/Ali_ws/install/orbbec_camera_msgs/include/orbbec_camera_msgs/orbbec_camera_msgs/srv/detail/get_bool__builder.hpp
[1.785s] -- Up-to-date: /home/vboxuser/Ali_ws/install/orbbec_camera_msgs/include/orbbec_camera_msgs/orbbec_camera_msgs/srv/detail/get_int32__struct.hpp
[1.785s] -- Up-to-date: /home/vboxuser/Ali_ws/install/orbbec_camera_msgs/include/orbbec_camera_msgs/orbbec_camera_msgs/srv/detail/get_string__struct.hpp
[1.785s] -- Up-to-date: /home/vboxuser/Ali_ws/install/orbbec_camera_msgs/include/orbbec_camera_msgs/orbbec_camera_msgs/srv/detail/set_string__traits.hpp
[1.785s] -- Up-to-date: /home/vboxuser/Ali_ws/install/orbbec_camera_msgs/include/orbbec_camera_msgs/orbbec_camera_msgs/srv/detail/get_camera_info__struct.hpp
[1.785s] -- Up-to-date: /home/vboxuser/Ali_ws/install/orbbec_camera_msgs/include/orbbec_camera_msgs/orbbec_camera_msgs/srv/detail/get_user_calib_params__type_support.hpp
[1.785s] -- Up-to-date: /home/vboxuser/Ali_ws/install/orbbec_camera_msgs/include/orbbec_camera_msgs/orbbec_camera_msgs/srv/detail/get_user_calib_params__struct.hpp
[1.785s] -- Up-to-date: /home/vboxuser/Ali_ws/install/orbbec_camera_msgs/include/orbbec_camera_msgs/orbbec_camera_msgs/srv/detail/set_int32__traits.hpp
[1.785s] -- Up-to-date: /home/vboxuser/Ali_ws/install/orbbec_camera_msgs/include/orbbec_camera_msgs/orbbec_camera_msgs/srv/detail/get_device_info__type_support.hpp
[1.785s] -- Up-to-date: /home/vboxuser/Ali_ws/install/orbbec_camera_msgs/include/orbbec_camera_msgs/orbbec_camera_msgs/srv/detail/set_user_calib_params__struct.hpp
[1.785s] -- Up-to-date: /home/vboxuser/Ali_ws/install/orbbec_camera_msgs/include/orbbec_camera_msgs/orbbec_camera_msgs/srv/detail/get_bool__type_support.hpp
[1.785s] -- Up-to-date: /home/vboxuser/Ali_ws/install/orbbec_camera_msgs/include/orbbec_camera_msgs/orbbec_camera_msgs/srv/detail/get_int32__builder.hpp
[1.785s] -- Up-to-date: /home/vboxuser/Ali_ws/install/orbbec_camera_msgs/include/orbbec_camera_msgs/orbbec_camera_msgs/srv/detail/get_camera_info__type_support.hpp
[1.785s] -- Up-to-date: /home/vboxuser/Ali_ws/install/orbbec_camera_msgs/include/orbbec_camera_msgs/orbbec_camera_msgs/srv/detail/set_arrays__traits.hpp
[1.785s] -- Up-to-date: /home/vboxuser/Ali_ws/install/orbbec_camera_msgs/include/orbbec_camera_msgs/orbbec_camera_msgs/srv/detail/get_bool__struct.hpp
[1.785s] -- Up-to-date: /home/vboxuser/Ali_ws/install/orbbec_camera_msgs/include/orbbec_camera_msgs/orbbec_camera_msgs/srv/detail/get_camera_info__builder.hpp
[1.785s] -- Up-to-date: /home/vboxuser/Ali_ws/install/orbbec_camera_msgs/include/orbbec_camera_msgs/orbbec_camera_msgs/srv/detail/set_filter__struct.hpp
[1.785s] -- Up-to-date: /home/vboxuser/Ali_ws/install/orbbec_camera_msgs/include/orbbec_camera_msgs/orbbec_camera_msgs/srv/detail/set_string__struct.hpp
[1.785s] -- Up-to-date: /home/vboxuser/Ali_ws/install/orbbec_camera_msgs/include/orbbec_camera_msgs/orbbec_camera_msgs/srv/detail/get_user_calib_params__traits.hpp
[1.785s] -- Up-to-date: /home/vboxuser/Ali_ws/install/orbbec_camera_msgs/include/orbbec_camera_msgs/orbbec_camera_msgs/srv/detail/set_arrays__type_support.hpp
[1.785s] -- Up-to-date: /home/vboxuser/Ali_ws/install/orbbec_camera_msgs/include/orbbec_camera_msgs/orbbec_camera_msgs/srv/detail/get_user_calib_params__builder.hpp
[1.785s] -- Up-to-date: /home/vboxuser/Ali_ws/install/orbbec_camera_msgs/include/orbbec_camera_msgs/orbbec_camera_msgs/srv/detail/set_arrays__struct.hpp
[1.786s] -- Up-to-date: /home/vboxuser/Ali_ws/install/orbbec_camera_msgs/include/orbbec_camera_msgs/orbbec_camera_msgs/srv/get_camera_info.hpp
[1.786s] -- Up-to-date: /home/vboxuser/Ali_ws/install/orbbec_camera_msgs/include/orbbec_camera_msgs/orbbec_camera_msgs/srv/set_arrays.hpp
[1.786s] -- Up-to-date: /home/vboxuser/Ali_ws/install/orbbec_camera_msgs/include/orbbec_camera_msgs/orbbec_camera_msgs/srv/get_string.hpp
[1.786s] -- Up-to-date: /home/vboxuser/Ali_ws/install/orbbec_camera_msgs/include/orbbec_camera_msgs/orbbec_camera_msgs/srv/set_string.hpp
[1.786s] -- Up-to-date: /home/vboxuser/Ali_ws/install/orbbec_camera_msgs/include/orbbec_camera_msgs/orbbec_camera_msgs/srv/set_user_calib_params.hpp
[1.786s] -- Up-to-date: /home/vboxuser/Ali_ws/install/orbbec_camera_msgs/include/orbbec_camera_msgs/orbbec_camera_msgs/srv/get_device_info.hpp
[1.786s] -- Up-to-date: /home/vboxuser/Ali_ws/install/orbbec_camera_msgs/include/orbbec_camera_msgs/orbbec_camera_msgs/srv/set_filter.hpp
[1.786s] -- Up-to-date: /home/vboxuser/Ali_ws/install/orbbec_camera_msgs/include/orbbec_camera_msgs/orbbec_camera_msgs/msg
[1.786s] -- Up-to-date: /home/vboxuser/Ali_ws/install/orbbec_camera_msgs/include/orbbec_camera_msgs/orbbec_camera_msgs/msg/imu_info.hpp
[1.786s] -- Up-to-date: /home/vboxuser/Ali_ws/install/orbbec_camera_msgs/include/orbbec_camera_msgs/orbbec_camera_msgs/msg/metadata.hpp
[1.786s] -- Up-to-date: /home/vboxuser/Ali_ws/install/orbbec_camera_msgs/include/orbbec_camera_msgs/orbbec_camera_msgs/msg/device_status.hpp
[1.786s] -- Up-to-date: /home/vboxuser/Ali_ws/install/orbbec_camera_msgs/include/orbbec_camera_msgs/orbbec_camera_msgs/msg/rgbd.hpp
[1.786s] -- Up-to-date: /home/vboxuser/Ali_ws/install/orbbec_camera_msgs/include/orbbec_camera_msgs/orbbec_camera_msgs/msg/detail
[1.786s] -- Up-to-date: /home/vboxuser/Ali_ws/install/orbbec_camera_msgs/include/orbbec_camera_msgs/orbbec_camera_msgs/msg/detail/extrinsics__struct.hpp
[1.786s] -- Up-to-date: /home/vboxuser/Ali_ws/install/orbbec_camera_msgs/include/orbbec_camera_msgs/orbbec_camera_msgs/msg/detail/device_status__traits.hpp
[1.786s] -- Up-to-date: /home/vboxuser/Ali_ws/install/orbbec_camera_msgs/include/orbbec_camera_msgs/orbbec_camera_msgs/msg/detail/device_info__traits.hpp
[1.786s] -- Up-to-date: /home/vboxuser/Ali_ws/install/orbbec_camera_msgs/include/orbbec_camera_msgs/orbbec_camera_msgs/msg/detail/metadata__traits.hpp
[1.786s] -- Up-to-date: /home/vboxuser/Ali_ws/install/orbbec_camera_msgs/include/orbbec_camera_msgs/orbbec_camera_msgs/msg/detail/rgbd__type_support.hpp
[1.786s] -- Up-to-date: /home/vboxuser/Ali_ws/install/orbbec_camera_msgs/include/orbbec_camera_msgs/orbbec_camera_msgs/msg/detail/imu_info__struct.hpp
[1.786s] -- Up-to-date: /home/vboxuser/Ali_ws/install/orbbec_camera_msgs/include/orbbec_camera_msgs/orbbec_camera_msgs/msg/detail/extrinsics__type_support.hpp
[1.786s] -- Up-to-date: /home/vboxuser/Ali_ws/install/orbbec_camera_msgs/include/orbbec_camera_msgs/orbbec_camera_msgs/msg/detail/rgbd__struct.hpp
[1.786s] -- Up-to-date: /home/vboxuser/Ali_ws/install/orbbec_camera_msgs/include/orbbec_camera_msgs/orbbec_camera_msgs/msg/detail/metadata__type_support.hpp
[1.786s] -- Up-to-date: /home/vboxuser/Ali_ws/install/orbbec_camera_msgs/include/orbbec_camera_msgs/orbbec_camera_msgs/msg/detail/imu_info__traits.hpp
[1.786s] -- Up-to-date: /home/vboxuser/Ali_ws/install/orbbec_camera_msgs/include/orbbec_camera_msgs/orbbec_camera_msgs/msg/detail/device_status__type_support.hpp
[1.787s] -- Up-to-date: /home/vboxuser/Ali_ws/install/orbbec_camera_msgs/include/orbbec_camera_msgs/orbbec_camera_msgs/msg/detail/extrinsics__builder.hpp
[1.787s] -- Up-to-date: /home/vboxuser/Ali_ws/install/orbbec_camera_msgs/include/orbbec_camera_msgs/orbbec_camera_msgs/msg/detail/device_info__struct.hpp
[1.787s] -- Up-to-date: /home/vboxuser/Ali_ws/install/orbbec_camera_msgs/include/orbbec_camera_msgs/orbbec_camera_msgs/msg/detail/metadata__builder.hpp
[1.787s] -- Up-to-date: /home/vboxuser/Ali_ws/install/orbbec_camera_msgs/include/orbbec_camera_msgs/orbbec_camera_msgs/msg/detail/device_info__type_support.hpp
[1.787s] -- Up-to-date: /home/vboxuser/Ali_ws/install/orbbec_camera_msgs/include/orbbec_camera_msgs/orbbec_camera_msgs/msg/detail/device_status__builder.hpp
[1.787s] -- Up-to-date: /home/vboxuser/Ali_ws/install/orbbec_camera_msgs/include/orbbec_camera_msgs/orbbec_camera_msgs/msg/detail/rgbd__builder.hpp
[1.787s] -- Up-to-date: /home/vboxuser/Ali_ws/install/orbbec_camera_msgs/include/orbbec_camera_msgs/orbbec_camera_msgs/msg/detail/imu_info__type_support.hpp
[1.787s] -- Up-to-date: /home/vboxuser/Ali_ws/install/orbbec_camera_msgs/include/orbbec_camera_msgs/orbbec_camera_msgs/msg/detail/metadata__struct.hpp
[1.787s] -- Up-to-date: /home/vboxuser/Ali_ws/install/orbbec_camera_msgs/include/orbbec_camera_msgs/orbbec_camera_msgs/msg/detail/extrinsics__traits.hpp
[1.787s] -- Up-to-date: /home/vboxuser/Ali_ws/install/orbbec_camera_msgs/include/orbbec_camera_msgs/orbbec_camera_msgs/msg/detail/device_info__builder.hpp
[1.787s] -- Up-to-date: /home/vboxuser/Ali_ws/install/orbbec_camera_msgs/include/orbbec_camera_msgs/orbbec_camera_msgs/msg/detail/imu_info__builder.hpp
[1.787s] -- Up-to-date: /home/vboxuser/Ali_ws/install/orbbec_camera_msgs/include/orbbec_camera_msgs/orbbec_camera_msgs/msg/detail/rgbd__traits.hpp
[1.787s] -- Up-to-date: /home/vboxuser/Ali_ws/install/orbbec_camera_msgs/include/orbbec_camera_msgs/orbbec_camera_msgs/msg/detail/device_status__struct.hpp
[1.787s] -- Up-to-date: /home/vboxuser/Ali_ws/install/orbbec_camera_msgs/include/orbbec_camera_msgs/orbbec_camera_msgs/msg/device_info.hpp
[1.787s] -- Up-to-date: /home/vboxuser/Ali_ws/install/orbbec_camera_msgs/include/orbbec_camera_msgs/orbbec_camera_msgs/msg/extrinsics.hpp
[1.787s] -- Up-to-date: /home/vboxuser/Ali_ws/install/orbbec_camera_msgs/include/orbbec_camera_msgs/orbbec_camera_msgs/msg/rosidl_generator_cpp__visibility_control.hpp
[1.787s] -- Up-to-date: /home/vboxuser/Ali_ws/install/orbbec_camera_msgs/include/orbbec_camera_msgs/orbbec_camera_msgs
[1.787s] -- Up-to-date: /home/vboxuser/Ali_ws/install/orbbec_camera_msgs/include/orbbec_camera_msgs/orbbec_camera_msgs/srv
[1.788s] -- Up-to-date: /home/vboxuser/Ali_ws/install/orbbec_camera_msgs/include/orbbec_camera_msgs/orbbec_camera_msgs/srv/detail
[1.788s] -- Up-to-date: /home/vboxuser/Ali_ws/install/orbbec_camera_msgs/include/orbbec_camera_msgs/orbbec_camera_msgs/srv/detail/set_arrays__rosidl_typesupport_fastrtps_cpp.hpp
[1.788s] -- Up-to-date: /home/vboxuser/Ali_ws/install/orbbec_camera_msgs/include/orbbec_camera_msgs/orbbec_camera_msgs/srv/detail/get_device_info__rosidl_typesupport_fastrtps_cpp.hpp
[1.788s] -- Up-to-date: /home/vboxuser/Ali_ws/install/orbbec_camera_msgs/include/orbbec_camera_msgs/orbbec_camera_msgs/srv/detail/get_camera_info__rosidl_typesupport_fastrtps_cpp.hpp
[1.788s] -- Up-to-date: /home/vboxuser/Ali_ws/install/orbbec_camera_msgs/include/orbbec_camera_msgs/orbbec_camera_msgs/srv/detail/dds_fastrtps
[1.788s] -- Up-to-date: /home/vboxuser/Ali_ws/install/orbbec_camera_msgs/include/orbbec_camera_msgs/orbbec_camera_msgs/srv/detail/get_string__rosidl_typesupport_fastrtps_cpp.hpp
[1.788s] -- Up-to-date: /home/vboxuser/Ali_ws/install/orbbec_camera_msgs/include/orbbec_camera_msgs/orbbec_camera_msgs/srv/detail/set_user_calib_params__rosidl_typesupport_fastrtps_cpp.hpp
[1.788s] -- Up-to-date: /home/vboxuser/Ali_ws/install/orbbec_camera_msgs/include/orbbec_camera_msgs/orbbec_camera_msgs/srv/detail/get_int32__rosidl_typesupport_fastrtps_cpp.hpp
[1.788s] -- Up-to-date: /home/vboxuser/Ali_ws/install/orbbec_camera_msgs/include/orbbec_camera_msgs/orbbec_camera_msgs/srv/detail/get_user_calib_params__rosidl_typesupport_fastrtps_cpp.hpp
[1.788s] -- Up-to-date: /home/vboxuser/Ali_ws/install/orbbec_camera_msgs/include/orbbec_camera_msgs/orbbec_camera_msgs/srv/detail/set_filter__rosidl_typesupport_fastrtps_cpp.hpp
[1.788s] -- Up-to-date: /home/vboxuser/Ali_ws/install/orbbec_camera_msgs/include/orbbec_camera_msgs/orbbec_camera_msgs/srv/detail/set_string__rosidl_typesupport_fastrtps_cpp.hpp
[1.788s] -- Up-to-date: /home/vboxuser/Ali_ws/install/orbbec_camera_msgs/include/orbbec_camera_msgs/orbbec_camera_msgs/srv/detail/set_int32__rosidl_typesupport_fastrtps_cpp.hpp
[1.788s] -- Up-to-date: /home/vboxuser/Ali_ws/install/orbbec_camera_msgs/include/orbbec_camera_msgs/orbbec_camera_msgs/srv/detail/get_bool__rosidl_typesupport_fastrtps_cpp.hpp
[1.788s] -- Up-to-date: /home/vboxuser/Ali_ws/install/orbbec_camera_msgs/include/orbbec_camera_msgs/orbbec_camera_msgs/msg
[1.788s] -- Up-to-date: /home/vboxuser/Ali_ws/install/orbbec_camera_msgs/include/orbbec_camera_msgs/orbbec_camera_msgs/msg/rosidl_typesupport_fastrtps_cpp__visibility_control.h
[1.788s] -- Up-to-date: /home/vboxuser/Ali_ws/install/orbbec_camera_msgs/include/orbbec_camera_msgs/orbbec_camera_msgs/msg/detail
[1.788s] -- Up-to-date: /home/vboxuser/Ali_ws/install/orbbec_camera_msgs/include/orbbec_camera_msgs/orbbec_camera_msgs/msg/detail/dds_fastrtps
[1.788s] -- Up-to-date: /home/vboxuser/Ali_ws/install/orbbec_camera_msgs/include/orbbec_camera_msgs/orbbec_camera_msgs/msg/detail/rgbd__rosidl_typesupport_fastrtps_cpp.hpp
[1.788s] -- Up-to-date: /home/vboxuser/Ali_ws/install/orbbec_camera_msgs/include/orbbec_camera_msgs/orbbec_camera_msgs/msg/detail/imu_info__rosidl_typesupport_fastrtps_cpp.hpp
[1.788s] -- Up-to-date: /home/vboxuser/Ali_ws/install/orbbec_camera_msgs/include/orbbec_camera_msgs/orbbec_camera_msgs/msg/detail/device_info__rosidl_typesupport_fastrtps_cpp.hpp
[1.788s] -- Up-to-date: /home/vboxuser/Ali_ws/install/orbbec_camera_msgs/include/orbbec_camera_msgs/orbbec_camera_msgs/msg/detail/metadata__rosidl_typesupport_fastrtps_cpp.hpp
[1.788s] -- Up-to-date: /home/vboxuser/Ali_ws/install/orbbec_camera_msgs/include/orbbec_camera_msgs/orbbec_camera_msgs/msg/detail/device_status__rosidl_typesupport_fastrtps_cpp.hpp
[1.788s] -- Up-to-date: /home/vboxuser/Ali_ws/install/orbbec_camera_msgs/include/orbbec_camera_msgs/orbbec_camera_msgs/msg/detail/extrinsics__rosidl_typesupport_fastrtps_cpp.hpp
[1.788s] -- Up-to-date: /home/vboxuser/Ali_ws/install/orbbec_camera_msgs/lib/liborbbec_camera_msgs__rosidl_typesupport_fastrtps_cpp.so
[1.788s] -- Up-to-date: /home/vboxuser/Ali_ws/install/orbbec_camera_msgs/include/orbbec_camera_msgs/orbbec_camera_msgs
[1.788s] -- Up-to-date: /home/vboxuser/Ali_ws/install/orbbec_camera_msgs/include/orbbec_camera_msgs/orbbec_camera_msgs/srv
[1.788s] -- Up-to-date: /home/vboxuser/Ali_ws/install/orbbec_camera_msgs/include/orbbec_camera_msgs/orbbec_camera_msgs/srv/detail
[1.788s] -- Up-to-date: /home/vboxuser/Ali_ws/install/orbbec_camera_msgs/include/orbbec_camera_msgs/orbbec_camera_msgs/srv/detail/get_int32__rosidl_typesupport_introspection_cpp.hpp
[1.788s] -- Up-to-date: /home/vboxuser/Ali_ws/install/orbbec_camera_msgs/include/orbbec_camera_msgs/orbbec_camera_msgs/srv/detail/set_user_calib_params__rosidl_typesupport_introspection_cpp.hpp
[1.788s] -- Up-to-date: /home/vboxuser/Ali_ws/install/orbbec_camera_msgs/include/orbbec_camera_msgs/orbbec_camera_msgs/srv/detail/get_device_info__type_support.cpp
[1.788s] -- Up-to-date: /home/vboxuser/Ali_ws/install/orbbec_camera_msgs/include/orbbec_camera_msgs/orbbec_camera_msgs/srv/detail/get_user_calib_params__type_support.cpp
[1.788s] -- Up-to-date: /home/vboxuser/Ali_ws/install/orbbec_camera_msgs/include/orbbec_camera_msgs/orbbec_camera_msgs/srv/detail/get_user_calib_params__rosidl_typesupport_introspection_cpp.hpp
[1.788s] -- Up-to-date: /home/vboxuser/Ali_ws/install/orbbec_camera_msgs/include/orbbec_camera_msgs/orbbec_camera_msgs/srv/detail/get_camera_info__rosidl_typesupport_introspection_cpp.hpp
[1.788s] -- Up-to-date: /home/vboxuser/Ali_ws/install/orbbec_camera_msgs/include/orbbec_camera_msgs/orbbec_camera_msgs/srv/detail/get_camera_info__type_support.cpp
[1.788s] -- Up-to-date: /home/vboxuser/Ali_ws/install/orbbec_camera_msgs/include/orbbec_camera_msgs/orbbec_camera_msgs/srv/detail/set_user_calib_params__type_support.cpp
[1.788s] -- Up-to-date: /home/vboxuser/Ali_ws/install/orbbec_camera_msgs/include/orbbec_camera_msgs/orbbec_camera_msgs/srv/detail/set_int32__rosidl_typesupport_introspection_cpp.hpp
[1.788s] -- Up-to-date: /home/vboxuser/Ali_ws/install/orbbec_camera_msgs/include/orbbec_camera_msgs/orbbec_camera_msgs/srv/detail/set_string__rosidl_typesupport_introspection_cpp.hpp
[1.788s] -- Up-to-date: /home/vboxuser/Ali_ws/install/orbbec_camera_msgs/include/orbbec_camera_msgs/orbbec_camera_msgs/srv/detail/set_arrays__rosidl_typesupport_introspection_cpp.hpp
[1.789s] -- Up-to-date: /home/vboxuser/Ali_ws/install/orbbec_camera_msgs/include/orbbec_camera_msgs/orbbec_camera_msgs/srv/detail/get_string__rosidl_typesupport_introspection_cpp.hpp
[1.789s] -- Up-to-date: /home/vboxuser/Ali_ws/install/orbbec_camera_msgs/include/orbbec_camera_msgs/orbbec_camera_msgs/srv/detail/get_bool__rosidl_typesupport_introspection_cpp.hpp
[1.789s] -- Up-to-date: /home/vboxuser/Ali_ws/install/orbbec_camera_msgs/include/orbbec_camera_msgs/orbbec_camera_msgs/srv/detail/get_string__type_support.cpp
[1.789s] -- Up-to-date: /home/vboxuser/Ali_ws/install/orbbec_camera_msgs/include/orbbec_camera_msgs/orbbec_camera_msgs/srv/detail/set_filter__type_support.cpp
[1.789s] -- Up-to-date: /home/vboxuser/Ali_ws/install/orbbec_camera_msgs/include/orbbec_camera_msgs/orbbec_camera_msgs/srv/detail/set_filter__rosidl_typesupport_introspection_cpp.hpp
[1.789s] -- Up-to-date: /home/vboxuser/Ali_ws/install/orbbec_camera_msgs/include/orbbec_camera_msgs/orbbec_camera_msgs/srv/detail/set_arrays__type_support.cpp
[1.789s] -- Up-to-date: /home/vboxuser/Ali_ws/install/orbbec_camera_msgs/include/orbbec_camera_msgs/orbbec_camera_msgs/srv/detail/get_device_info__rosidl_typesupport_introspection_cpp.hpp
[1.789s] -- Up-to-date: /home/vboxuser/Ali_ws/install/orbbec_camera_msgs/include/orbbec_camera_msgs/orbbec_camera_msgs/srv/detail/set_int32__type_support.cpp
[1.789s] -- Up-to-date: /home/vboxuser/Ali_ws/install/orbbec_camera_msgs/include/orbbec_camera_msgs/orbbec_camera_msgs/srv/detail/get_int32__type_support.cpp
[1.789s] -- Up-to-date: /home/vboxuser/Ali_ws/install/orbbec_camera_msgs/include/orbbec_camera_msgs/orbbec_camera_msgs/srv/detail/get_bool__type_support.cpp
[1.789s] -- Up-to-date: /home/vboxuser/Ali_ws/install/orbbec_camera_msgs/include/orbbec_camera_msgs/orbbec_camera_msgs/srv/detail/set_string__type_support.cpp
[1.789s] -- Up-to-date: /home/vboxuser/Ali_ws/install/orbbec_camera_msgs/include/orbbec_camera_msgs/orbbec_camera_msgs/msg
[1.789s] -- Up-to-date: /home/vboxuser/Ali_ws/install/orbbec_camera_msgs/include/orbbec_camera_msgs/orbbec_camera_msgs/msg/detail
[1.789s] -- Up-to-date: /home/vboxuser/Ali_ws/install/orbbec_camera_msgs/include/orbbec_camera_msgs/orbbec_camera_msgs/msg/detail/imu_info__rosidl_typesupport_introspection_cpp.hpp
[1.789s] -- Up-to-date: /home/vboxuser/Ali_ws/install/orbbec_camera_msgs/include/orbbec_camera_msgs/orbbec_camera_msgs/msg/detail/device_status__type_support.cpp
[1.789s] -- Up-to-date: /home/vboxuser/Ali_ws/install/orbbec_camera_msgs/include/orbbec_camera_msgs/orbbec_camera_msgs/msg/detail/extrinsics__type_support.cpp
[1.789s] -- Up-to-date: /home/vboxuser/Ali_ws/install/orbbec_camera_msgs/include/orbbec_camera_msgs/orbbec_camera_msgs/msg/detail/device_info__rosidl_typesupport_introspection_cpp.hpp
[1.789s] -- Up-to-date: /home/vboxuser/Ali_ws/install/orbbec_camera_msgs/include/orbbec_camera_msgs/orbbec_camera_msgs/msg/detail/device_info__type_support.cpp
[1.789s] -- Up-to-date: /home/vboxuser/Ali_ws/install/orbbec_camera_msgs/include/orbbec_camera_msgs/orbbec_camera_msgs/msg/detail/extrinsics__rosidl_typesupport_introspection_cpp.hpp
[1.789s] -- Up-to-date: /home/vboxuser/Ali_ws/install/orbbec_camera_msgs/include/orbbec_camera_msgs/orbbec_camera_msgs/msg/detail/imu_info__type_support.cpp
[1.789s] -- Up-to-date: /home/vboxuser/Ali_ws/install/orbbec_camera_msgs/include/orbbec_camera_msgs/orbbec_camera_msgs/msg/detail/metadata__rosidl_typesupport_introspection_cpp.hpp
[1.789s] -- Up-to-date: /home/vboxuser/Ali_ws/install/orbbec_camera_msgs/include/orbbec_camera_msgs/orbbec_camera_msgs/msg/detail/rgbd__rosidl_typesupport_introspection_cpp.hpp
[1.789s] -- Up-to-date: /home/vboxuser/Ali_ws/install/orbbec_camera_msgs/include/orbbec_camera_msgs/orbbec_camera_msgs/msg/detail/rgbd__type_support.cpp
[1.789s] -- Up-to-date: /home/vboxuser/Ali_ws/install/orbbec_camera_msgs/include/orbbec_camera_msgs/orbbec_camera_msgs/msg/detail/metadata__type_support.cpp
[1.789s] -- Up-to-date: /home/vboxuser/Ali_ws/install/orbbec_camera_msgs/include/orbbec_camera_msgs/orbbec_camera_msgs/msg/detail/device_status__rosidl_typesupport_introspection_cpp.hpp
[1.793s] -- Up-to-date: /home/vboxuser/Ali_ws/install/orbbec_camera_msgs/lib/liborbbec_camera_msgs__rosidl_typesupport_introspection_cpp.so
[1.796s] -- Up-to-date: /home/vboxuser/Ali_ws/install/orbbec_camera_msgs/lib/liborbbec_camera_msgs__rosidl_typesupport_cpp.so
[1.796s] -- Up-to-date: /home/vboxuser/Ali_ws/install/orbbec_camera_msgs/share/orbbec_camera_msgs/environment/pythonpath.sh
[1.796s] -- Up-to-date: /home/vboxuser/Ali_ws/install/orbbec_camera_msgs/share/orbbec_camera_msgs/environment/pythonpath.dsv
[1.796s] -- Up-to-date: /home/vboxuser/Ali_ws/install/orbbec_camera_msgs/local/lib/python3.10/dist-packages/orbbec_camera_msgs-2.5.4-py3.10.egg-info
[1.796s] -- Installing: /home/vboxuser/Ali_ws/install/orbbec_camera_msgs/local/lib/python3.10/dist-packages/orbbec_camera_msgs-2.5.4-py3.10.egg-info/SOURCES.txt
[1.797s] -- Installing: /home/vboxuser/Ali_ws/install/orbbec_camera_msgs/local/lib/python3.10/dist-packages/orbbec_camera_msgs-2.5.4-py3.10.egg-info/top_level.txt
[1.797s] -- Installing: /home/vboxuser/Ali_ws/install/orbbec_camera_msgs/local/lib/python3.10/dist-packages/orbbec_camera_msgs-2.5.4-py3.10.egg-info/PKG-INFO
[1.797s] -- Installing: /home/vboxuser/Ali_ws/install/orbbec_camera_msgs/local/lib/python3.10/dist-packages/orbbec_camera_msgs-2.5.4-py3.10.egg-info/dependency_links.txt
[1.797s] -- Up-to-date: /home/vboxuser/Ali_ws/install/orbbec_camera_msgs/local/lib/python3.10/dist-packages/orbbec_camera_msgs
[1.797s] -- Up-to-date: /home/vboxuser/Ali_ws/install/orbbec_camera_msgs/local/lib/python3.10/dist-packages/orbbec_camera_msgs/_orbbec_camera_msgs_s.ep.rosidl_typesupport_introspection_c.c
[1.797s] -- Up-to-date: /home/vboxuser/Ali_ws/install/orbbec_camera_msgs/local/lib/python3.10/dist-packages/orbbec_camera_msgs/orbbec_camera_msgs_s__rosidl_typesupport_fastrtps_c.cpython-310-x86_64-linux-gnu.so
[1.797s] -- Up-to-date: /home/vboxuser/Ali_ws/install/orbbec_camera_msgs/local/lib/python3.10/dist-packages/orbbec_camera_msgs/orbbec_camera_msgs_s__rosidl_typesupport_introspection_c.cpython-310-x86_64-linux-gnu.so
[1.797s] -- Up-to-date: /home/vboxuser/Ali_ws/install/orbbec_camera_msgs/local/lib/python3.10/dist-packages/orbbec_camera_msgs/liborbbec_camera_msgs__rosidl_generator_py.so
[1.797s] -- Up-to-date: /home/vboxuser/Ali_ws/install/orbbec_camera_msgs/local/lib/python3.10/dist-packages/orbbec_camera_msgs/srv
[1.797s] -- Up-to-date: /home/vboxuser/Ali_ws/install/orbbec_camera_msgs/local/lib/python3.10/dist-packages/orbbec_camera_msgs/srv/_get_user_calib_params.py
[1.797s] -- Up-to-date: /home/vboxuser/Ali_ws/install/orbbec_camera_msgs/local/lib/python3.10/dist-packages/orbbec_camera_msgs/srv/_set_int32.py
[1.797s] -- Up-to-date: /home/vboxuser/Ali_ws/install/orbbec_camera_msgs/local/lib/python3.10/dist-packages/orbbec_camera_msgs/srv/_get_device_info.py
[1.797s] -- Up-to-date: /home/vboxuser/Ali_ws/install/orbbec_camera_msgs/local/lib/python3.10/dist-packages/orbbec_camera_msgs/srv/_get_device_info_s.c
[1.798s] -- Up-to-date: /home/vboxuser/Ali_ws/install/orbbec_camera_msgs/local/lib/python3.10/dist-packages/orbbec_camera_msgs/srv/_set_user_calib_params_s.c
[1.798s] -- Up-to-date: /home/vboxuser/Ali_ws/install/orbbec_camera_msgs/local/lib/python3.10/dist-packages/orbbec_camera_msgs/srv/_set_filter_s.c
[1.798s] -- Up-to-date: /home/vboxuser/Ali_ws/install/orbbec_camera_msgs/local/lib/python3.10/dist-packages/orbbec_camera_msgs/srv/_get_int32_s.c
[1.798s] -- Up-to-date: /home/vboxuser/Ali_ws/install/orbbec_camera_msgs/local/lib/python3.10/dist-packages/orbbec_camera_msgs/srv/_get_bool.py
[1.798s] -- Up-to-date: /home/vboxuser/Ali_ws/install/orbbec_camera_msgs/local/lib/python3.10/dist-packages/orbbec_camera_msgs/srv/_get_bool_s.c
[1.798s] -- Up-to-date: /home/vboxuser/Ali_ws/install/orbbec_camera_msgs/local/lib/python3.10/dist-packages/orbbec_camera_msgs/srv/_set_string.py
[1.798s] -- Up-to-date: /home/vboxuser/Ali_ws/install/orbbec_camera_msgs/local/lib/python3.10/dist-packages/orbbec_camera_msgs/srv/_get_user_calib_params_s.c
[1.798s] -- Up-to-date: /home/vboxuser/Ali_ws/install/orbbec_camera_msgs/local/lib/python3.10/dist-packages/orbbec_camera_msgs/srv/_get_camera_info_s.c
[1.798s] -- Up-to-date: /home/vboxuser/Ali_ws/install/orbbec_camera_msgs/local/lib/python3.10/dist-packages/orbbec_camera_msgs/srv/_set_arrays_s.c
[1.798s] -- Up-to-date: /home/vboxuser/Ali_ws/install/orbbec_camera_msgs/local/lib/python3.10/dist-packages/orbbec_camera_msgs/srv/_set_string_s.c
[1.798s] -- Up-to-date: /home/vboxuser/Ali_ws/install/orbbec_camera_msgs/local/lib/python3.10/dist-packages/orbbec_camera_msgs/srv/_get_camera_info.py
[1.798s] -- Up-to-date: /home/vboxuser/Ali_ws/install/orbbec_camera_msgs/local/lib/python3.10/dist-packages/orbbec_camera_msgs/srv/_set_user_calib_params.py
[1.798s] -- Up-to-date: /home/vboxuser/Ali_ws/install/orbbec_camera_msgs/local/lib/python3.10/dist-packages/orbbec_camera_msgs/srv/_set_arrays.py
[1.798s] -- Up-to-date: /home/vboxuser/Ali_ws/install/orbbec_camera_msgs/local/lib/python3.10/dist-packages/orbbec_camera_msgs/srv/_set_filter.py
[1.798s] -- Up-to-date: /home/vboxuser/Ali_ws/install/orbbec_camera_msgs/local/lib/python3.10/dist-packages/orbbec_camera_msgs/srv/_get_string.py
[1.798s] -- Up-to-date: /home/vboxuser/Ali_ws/install/orbbec_camera_msgs/local/lib/python3.10/dist-packages/orbbec_camera_msgs/srv/_set_int32_s.c
[1.798s] -- Up-to-date: /home/vboxuser/Ali_ws/install/orbbec_camera_msgs/local/lib/python3.10/dist-packages/orbbec_camera_msgs/srv/_get_string_s.c
[1.798s] -- Up-to-date: /home/vboxuser/Ali_ws/install/orbbec_camera_msgs/local/lib/python3.10/dist-packages/orbbec_camera_msgs/srv/__init__.py
[1.798s] -- Up-to-date: /home/vboxuser/Ali_ws/install/orbbec_camera_msgs/local/lib/python3.10/dist-packages/orbbec_camera_msgs/srv/_get_int32.py
[1.798s] -- Up-to-date: /home/vboxuser/Ali_ws/install/orbbec_camera_msgs/local/lib/python3.10/dist-packages/orbbec_camera_msgs/orbbec_camera_msgs_s__rosidl_typesupport_c.cpython-310-x86_64-linux-gnu.so
[1.798s] -- Up-to-date: /home/vboxuser/Ali_ws/install/orbbec_camera_msgs/local/lib/python3.10/dist-packages/orbbec_camera_msgs/_orbbec_camera_msgs_s.ep.rosidl_typesupport_c.c
[1.798s] -- Up-to-date: /home/vboxuser/Ali_ws/install/orbbec_camera_msgs/local/lib/python3.10/dist-packages/orbbec_camera_msgs/_orbbec_camera_msgs_s.ep.rosidl_typesupport_fastrtps_c.c
[1.798s] -- Up-to-date: /home/vboxuser/Ali_ws/install/orbbec_camera_msgs/local/lib/python3.10/dist-packages/orbbec_camera_msgs/msg
[1.798s] -- Up-to-date: /home/vboxuser/Ali_ws/install/orbbec_camera_msgs/local/lib/python3.10/dist-packages/orbbec_camera_msgs/msg/_metadata_s.c
[1.798s] -- Up-to-date: /home/vboxuser/Ali_ws/install/orbbec_camera_msgs/local/lib/python3.10/dist-packages/orbbec_camera_msgs/msg/_rgbd_s.c
[1.798s] -- Up-to-date: /home/vboxuser/Ali_ws/install/orbbec_camera_msgs/local/lib/python3.10/dist-packages/orbbec_camera_msgs/msg/_rgbd.py
[1.798s] -- Up-to-date: /home/vboxuser/Ali_ws/install/orbbec_camera_msgs/local/lib/python3.10/dist-packages/orbbec_camera_msgs/msg/_extrinsics.py
[1.798s] -- Up-to-date: /home/vboxuser/Ali_ws/install/orbbec_camera_msgs/local/lib/python3.10/dist-packages/orbbec_camera_msgs/msg/_device_status.py
[1.798s] -- Up-to-date: /home/vboxuser/Ali_ws/install/orbbec_camera_msgs/local/lib/python3.10/dist-packages/orbbec_camera_msgs/msg/_imu_info_s.c
[1.799s] -- Up-to-date: /home/vboxuser/Ali_ws/install/orbbec_camera_msgs/local/lib/python3.10/dist-packages/orbbec_camera_msgs/msg/_device_info.py
[1.799s] -- Up-to-date: /home/vboxuser/Ali_ws/install/orbbec_camera_msgs/local/lib/python3.10/dist-packages/orbbec_camera_msgs/msg/_extrinsics_s.c
[1.799s] -- Up-to-date: /home/vboxuser/Ali_ws/install/orbbec_camera_msgs/local/lib/python3.10/dist-packages/orbbec_camera_msgs/msg/_imu_info.py
[1.799s] -- Up-to-date: /home/vboxuser/Ali_ws/install/orbbec_camera_msgs/local/lib/python3.10/dist-packages/orbbec_camera_msgs/msg/_metadata.py
[1.799s] -- Up-to-date: /home/vboxuser/Ali_ws/install/orbbec_camera_msgs/local/lib/python3.10/dist-packages/orbbec_camera_msgs/msg/_device_info_s.c
[1.799s] -- Up-to-date: /home/vboxuser/Ali_ws/install/orbbec_camera_msgs/local/lib/python3.10/dist-packages/orbbec_camera_msgs/msg/_device_status_s.c
[1.799s] -- Up-to-date: /home/vboxuser/Ali_ws/install/orbbec_camera_msgs/local/lib/python3.10/dist-packages/orbbec_camera_msgs/msg/__init__.py
[1.799s] -- Up-to-date: /home/vboxuser/Ali_ws/install/orbbec_camera_msgs/local/lib/python3.10/dist-packages/orbbec_camera_msgs/__init__.py
[1.885s] Listing '/home/vboxuser/Ali_ws/install/orbbec_camera_msgs/local/lib/python3.10/dist-packages/orbbec_camera_msgs'...
[1.885s] Listing '/home/vboxuser/Ali_ws/install/orbbec_camera_msgs/local/lib/python3.10/dist-packages/orbbec_camera_msgs/msg'...
[1.885s] Listing '/home/vboxuser/Ali_ws/install/orbbec_camera_msgs/local/lib/python3.10/dist-packages/orbbec_camera_msgs/srv'...
[1.898s] -- Up-to-date: /home/vboxuser/Ali_ws/install/orbbec_camera_msgs/local/lib/python3.10/dist-packages/orbbec_camera_msgs/orbbec_camera_msgs_s__rosidl_typesupport_fastrtps_c.cpython-310-x86_64-linux-gnu.so
[1.906s] -- Up-to-date: /home/vboxuser/Ali_ws/install/orbbec_camera_msgs/local/lib/python3.10/dist-packages/orbbec_camera_msgs/orbbec_camera_msgs_s__rosidl_typesupport_introspection_c.cpython-310-x86_64-linux-gnu.so
[1.910s] -- Up-to-date: /home/vboxuser/Ali_ws/install/orbbec_camera_msgs/local/lib/python3.10/dist-packages/orbbec_camera_msgs/orbbec_camera_msgs_s__rosidl_typesupport_c.cpython-310-x86_64-linux-gnu.so
[1.914s] -- Up-to-date: /home/vboxuser/Ali_ws/install/orbbec_camera_msgs/lib/liborbbec_camera_msgs__rosidl_generator_py.so
[1.914s] -- Up-to-date: /home/vboxuser/Ali_ws/install/orbbec_camera_msgs/share/orbbec_camera_msgs/msg/DeviceInfo.idl
[1.914s] -- Up-to-date: /home/vboxuser/Ali_ws/install/orbbec_camera_msgs/share/orbbec_camera_msgs/msg/DeviceStatus.idl
[1.914s] -- Up-to-date: /home/vboxuser/Ali_ws/install/orbbec_camera_msgs/share/orbbec_camera_msgs/msg/Extrinsics.idl
[1.914s] -- Up-to-date: /home/vboxuser/Ali_ws/install/orbbec_camera_msgs/share/orbbec_camera_msgs/msg/Metadata.idl
[1.914s] -- Up-to-date: /home/vboxuser/Ali_ws/install/orbbec_camera_msgs/share/orbbec_camera_msgs/msg/IMUInfo.idl
[1.914s] -- Up-to-date: /home/vboxuser/Ali_ws/install/orbbec_camera_msgs/share/orbbec_camera_msgs/msg/RGBD.idl
[1.914s] -- Up-to-date: /home/vboxuser/Ali_ws/install/orbbec_camera_msgs/share/orbbec_camera_msgs/srv/GetBool.idl
[1.915s] -- Up-to-date: /home/vboxuser/Ali_ws/install/orbbec_camera_msgs/share/orbbec_camera_msgs/srv/GetDeviceInfo.idl
[1.915s] -- Up-to-date: /home/vboxuser/Ali_ws/install/orbbec_camera_msgs/share/orbbec_camera_msgs/srv/GetCameraInfo.idl
[1.915s] -- Up-to-date: /home/vboxuser/Ali_ws/install/orbbec_camera_msgs/share/orbbec_camera_msgs/srv/GetInt32.idl
[1.915s] -- Up-to-date: /home/vboxuser/Ali_ws/install/orbbec_camera_msgs/share/orbbec_camera_msgs/srv/GetString.idl
[1.915s] -- Up-to-date: /home/vboxuser/Ali_ws/install/orbbec_camera_msgs/share/orbbec_camera_msgs/srv/SetFilter.idl
[1.915s] -- Up-to-date: /home/vboxuser/Ali_ws/install/orbbec_camera_msgs/share/orbbec_camera_msgs/srv/SetInt32.idl
[1.915s] -- Up-to-date: /home/vboxuser/Ali_ws/install/orbbec_camera_msgs/share/orbbec_camera_msgs/srv/SetString.idl
[1.915s] -- Up-to-date: /home/vboxuser/Ali_ws/install/orbbec_camera_msgs/share/orbbec_camera_msgs/srv/SetArrays.idl
[1.915s] -- Up-to-date: /home/vboxuser/Ali_ws/install/orbbec_camera_msgs/share/orbbec_camera_msgs/srv/GetUserCalibParams.idl
[1.915s] -- Up-to-date: /home/vboxuser/Ali_ws/install/orbbec_camera_msgs/share/orbbec_camera_msgs/srv/SetUserCalibParams.idl
[1.915s] -- Up-to-date: /home/vboxuser/Ali_ws/install/orbbec_camera_msgs/share/orbbec_camera_msgs/msg/DeviceInfo.msg
[1.915s] -- Up-to-date: /home/vboxuser/Ali_ws/install/orbbec_camera_msgs/share/orbbec_camera_msgs/msg/DeviceStatus.msg
[1.915s] -- Up-to-date: /home/vboxuser/Ali_ws/install/orbbec_camera_msgs/share/orbbec_camera_msgs/msg/Extrinsics.msg
[1.915s] -- Up-to-date: /home/vboxuser/Ali_ws/install/orbbec_camera_msgs/share/orbbec_camera_msgs/msg/Metadata.msg
[1.915s] -- Up-to-date: /home/vboxuser/Ali_ws/install/orbbec_camera_msgs/share/orbbec_camera_msgs/msg/IMUInfo.msg
[1.915s] -- Up-to-date: /home/vboxuser/Ali_ws/install/orbbec_camera_msgs/share/orbbec_camera_msgs/msg/RGBD.msg
[1.915s] -- Up-to-date: /home/vboxuser/Ali_ws/install/orbbec_camera_msgs/share/orbbec_camera_msgs/srv/GetBool.srv
[1.915s] -- Up-to-date: /home/vboxuser/Ali_ws/install/orbbec_camera_msgs/share/orbbec_camera_msgs/srv/GetBool_Request.msg
[1.915s] -- Up-to-date: /home/vboxuser/Ali_ws/install/orbbec_camera_msgs/share/orbbec_camera_msgs/srv/GetBool_Response.msg
[1.915s] -- Up-to-date: /home/vboxuser/Ali_ws/install/orbbec_camera_msgs/share/orbbec_camera_msgs/srv/GetDeviceInfo.srv
[1.915s] -- Up-to-date: /home/vboxuser/Ali_ws/install/orbbec_camera_msgs/share/orbbec_camera_msgs/srv/GetDeviceInfo_Request.msg
[1.915s] -- Up-to-date: /home/vboxuser/Ali_ws/install/orbbec_camera_msgs/share/orbbec_camera_msgs/srv/GetDeviceInfo_Response.msg
[1.917s] -- Up-to-date: /home/vboxuser/Ali_ws/install/orbbec_camera_msgs/share/orbbec_camera_msgs/srv/GetCameraInfo.srv
[1.917s] -- Up-to-date: /home/vboxuser/Ali_ws/install/orbbec_camera_msgs/share/orbbec_camera_msgs/srv/GetCameraInfo_Request.msg
[1.917s] -- Up-to-date: /home/vboxuser/Ali_ws/install/orbbec_camera_msgs/share/orbbec_camera_msgs/srv/GetCameraInfo_Response.msg
[1.917s] -- Up-to-date: /home/vboxuser/Ali_ws/install/orbbec_camera_msgs/share/orbbec_camera_msgs/srv/GetInt32.srv
[1.918s] -- Up-to-date: /home/vboxuser/Ali_ws/install/orbbec_camera_msgs/share/orbbec_camera_msgs/srv/GetInt32_Request.msg
[1.918s] -- Up-to-date: /home/vboxuser/Ali_ws/install/orbbec_camera_msgs/share/orbbec_camera_msgs/srv/GetInt32_Response.msg
[1.918s] -- Up-to-date: /home/vboxuser/Ali_ws/install/orbbec_camera_msgs/share/orbbec_camera_msgs/srv/GetString.srv
[1.918s] -- Up-to-date: /home/vboxuser/Ali_ws/install/orbbec_camera_msgs/share/orbbec_camera_msgs/srv/GetString_Request.msg
[1.920s] -- Up-to-date: /home/vboxuser/Ali_ws/install/orbbec_camera_msgs/share/orbbec_camera_msgs/srv/GetString_Response.msg
[1.920s] -- Up-to-date: /home/vboxuser/Ali_ws/install/orbbec_camera_msgs/share/orbbec_camera_msgs/srv/SetFilter.srv
[1.920s] -- Up-to-date: /home/vboxuser/Ali_ws/install/orbbec_camera_msgs/share/orbbec_camera_msgs/srv/SetFilter_Request.msg
[1.920s] -- Up-to-date: /home/vboxuser/Ali_ws/install/orbbec_camera_msgs/share/orbbec_camera_msgs/srv/SetFilter_Response.msg
[1.920s] -- Up-to-date: /home/vboxuser/Ali_ws/install/orbbec_camera_msgs/share/orbbec_camera_msgs/srv/SetInt32.srv
[1.921s] -- Up-to-date: /home/vboxuser/Ali_ws/install/orbbec_camera_msgs/share/orbbec_camera_msgs/srv/SetInt32_Request.msg
[1.921s] -- Up-to-date: /home/vboxuser/Ali_ws/install/orbbec_camera_msgs/share/orbbec_camera_msgs/srv/SetInt32_Response.msg
[1.921s] -- Up-to-date: /home/vboxuser/Ali_ws/install/orbbec_camera_msgs/share/orbbec_camera_msgs/srv/SetString.srv
[1.921s] -- Up-to-date: /home/vboxuser/Ali_ws/install/orbbec_camera_msgs/share/orbbec_camera_msgs/srv/SetString_Request.msg
[1.921s] -- Up-to-date: /home/vboxuser/Ali_ws/install/orbbec_camera_msgs/share/orbbec_camera_msgs/srv/SetString_Response.msg
[1.921s] -- Up-to-date: /home/vboxuser/Ali_ws/install/orbbec_camera_msgs/share/orbbec_camera_msgs/srv/SetArrays.srv
[1.921s] -- Up-to-date: /home/vboxuser/Ali_ws/install/orbbec_camera_msgs/share/orbbec_camera_msgs/srv/SetArrays_Request.msg
[1.921s] -- Up-to-date: /home/vboxuser/Ali_ws/install/orbbec_camera_msgs/share/orbbec_camera_msgs/srv/SetArrays_Response.msg
[1.921s] -- Up-to-date: /home/vboxuser/Ali_ws/install/orbbec_camera_msgs/share/orbbec_camera_msgs/srv/GetUserCalibParams.srv
[1.921s] -- Up-to-date: /home/vboxuser/Ali_ws/install/orbbec_camera_msgs/share/orbbec_camera_msgs/srv/GetUserCalibParams_Request.msg
[1.921s] -- Up-to-date: /home/vboxuser/Ali_ws/install/orbbec_camera_msgs/share/orbbec_camera_msgs/srv/GetUserCalibParams_Response.msg
[1.921s] -- Up-to-date: /home/vboxuser/Ali_ws/install/orbbec_camera_msgs/share/orbbec_camera_msgs/srv/SetUserCalibParams.srv
[1.921s] -- Up-to-date: /home/vboxuser/Ali_ws/install/orbbec_camera_msgs/share/orbbec_camera_msgs/srv/SetUserCalibParams_Request.msg
[1.921s] -- Up-to-date: /home/vboxuser/Ali_ws/install/orbbec_camera_msgs/share/orbbec_camera_msgs/srv/SetUserCalibParams_Response.msg
[1.921s] -- Up-to-date: /home/vboxuser/Ali_ws/install/orbbec_camera_msgs/share/ament_index/resource_index/package_run_dependencies/orbbec_camera_msgs
[1.921s] -- Up-to-date: /home/vboxuser/Ali_ws/install/orbbec_camera_msgs/share/ament_index/resource_index/parent_prefix_path/orbbec_camera_msgs
[1.921s] -- Up-to-date: /home/vboxuser/Ali_ws/install/orbbec_camera_msgs/share/orbbec_camera_msgs/environment/ament_prefix_path.sh
[1.921s] -- Up-to-date: /home/vboxuser/Ali_ws/install/orbbec_camera_msgs/share/orbbec_camera_msgs/environment/ament_prefix_path.dsv
[1.921s] -- Up-to-date: /home/vboxuser/Ali_ws/install/orbbec_camera_msgs/share/orbbec_camera_msgs/environment/path.sh
[1.921s] -- Up-to-date: /home/vboxuser/Ali_ws/install/orbbec_camera_msgs/share/orbbec_camera_msgs/environment/path.dsv
[1.921s] -- Up-to-date: /home/vboxuser/Ali_ws/install/orbbec_camera_msgs/share/orbbec_camera_msgs/local_setup.bash
[1.921s] -- Up-to-date: /home/vboxuser/Ali_ws/install/orbbec_camera_msgs/share/orbbec_camera_msgs/local_setup.sh
[1.922s] -- Up-to-date: /home/vboxuser/Ali_ws/install/orbbec_camera_msgs/share/orbbec_camera_msgs/local_setup.zsh
[1.922s] -- Up-to-date: /home/vboxuser/Ali_ws/install/orbbec_camera_msgs/share/orbbec_camera_msgs/local_setup.dsv
[1.922s] -- Installing: /home/vboxuser/Ali_ws/install/orbbec_camera_msgs/share/orbbec_camera_msgs/package.dsv
[1.923s] -- Up-to-date: /home/vboxuser/Ali_ws/install/orbbec_camera_msgs/share/ament_index/resource_index/packages/orbbec_camera_msgs
[1.925s] -- Up-to-date: /home/vboxuser/Ali_ws/install/orbbec_camera_msgs/share/orbbec_camera_msgs/cmake/export_orbbec_camera_msgs__rosidl_generator_cExport.cmake
[1.929s] -- Up-to-date: /home/vboxuser/Ali_ws/install/orbbec_camera_msgs/share/orbbec_camera_msgs/cmake/export_orbbec_camera_msgs__rosidl_generator_cExport-noconfig.cmake
[1.930s] -- Up-to-date: /home/vboxuser/Ali_ws/install/orbbec_camera_msgs/share/orbbec_camera_msgs/cmake/export_orbbec_camera_msgs__rosidl_typesupport_fastrtps_cExport.cmake
[1.930s] -- Up-to-date: /home/vboxuser/Ali_ws/install/orbbec_camera_msgs/share/orbbec_camera_msgs/cmake/export_orbbec_camera_msgs__rosidl_typesupport_fastrtps_cExport-noconfig.cmake
[1.932s] -- Up-to-date: /home/vboxuser/Ali_ws/install/orbbec_camera_msgs/share/orbbec_camera_msgs/cmake/orbbec_camera_msgs__rosidl_typesupport_introspection_cExport.cmake
[1.932s] -- Up-to-date: /home/vboxuser/Ali_ws/install/orbbec_camera_msgs/share/orbbec_camera_msgs/cmake/orbbec_camera_msgs__rosidl_typesupport_introspection_cExport-noconfig.cmake
[1.933s] -- Up-to-date: /home/vboxuser/Ali_ws/install/orbbec_camera_msgs/share/orbbec_camera_msgs/cmake/orbbec_camera_msgs__rosidl_typesupport_cExport.cmake
[1.933s] -- Up-to-date: /home/vboxuser/Ali_ws/install/orbbec_camera_msgs/share/orbbec_camera_msgs/cmake/orbbec_camera_msgs__rosidl_typesupport_cExport-noconfig.cmake
[1.935s] -- Up-to-date: /home/vboxuser/Ali_ws/install/orbbec_camera_msgs/share/orbbec_camera_msgs/cmake/export_orbbec_camera_msgs__rosidl_generator_cppExport.cmake
[1.936s] -- Up-to-date: /home/vboxuser/Ali_ws/install/orbbec_camera_msgs/share/orbbec_camera_msgs/cmake/export_orbbec_camera_msgs__rosidl_typesupport_fastrtps_cppExport.cmake
[1.936s] -- Up-to-date: /home/vboxuser/Ali_ws/install/orbbec_camera_msgs/share/orbbec_camera_msgs/cmake/export_orbbec_camera_msgs__rosidl_typesupport_fastrtps_cppExport-noconfig.cmake
[1.938s] -- Up-to-date: /home/vboxuser/Ali_ws/install/orbbec_camera_msgs/share/orbbec_camera_msgs/cmake/orbbec_camera_msgs__rosidl_typesupport_introspection_cppExport.cmake
[1.938s] -- Up-to-date: /home/vboxuser/Ali_ws/install/orbbec_camera_msgs/share/orbbec_camera_msgs/cmake/orbbec_camera_msgs__rosidl_typesupport_introspection_cppExport-noconfig.cmake
[1.939s] -- Up-to-date: /home/vboxuser/Ali_ws/install/orbbec_camera_msgs/share/orbbec_camera_msgs/cmake/orbbec_camera_msgs__rosidl_typesupport_cppExport.cmake
[1.939s] -- Up-to-date: /home/vboxuser/Ali_ws/install/orbbec_camera_msgs/share/orbbec_camera_msgs/cmake/orbbec_camera_msgs__rosidl_typesupport_cppExport-noconfig.cmake
[1.941s] -- Up-to-date: /home/vboxuser/Ali_ws/install/orbbec_camera_msgs/share/orbbec_camera_msgs/cmake/export_orbbec_camera_msgs__rosidl_generator_pyExport.cmake
[1.941s] -- Up-to-date: /home/vboxuser/Ali_ws/install/orbbec_camera_msgs/share/orbbec_camera_msgs/cmake/export_orbbec_camera_msgs__rosidl_generator_pyExport-noconfig.cmake
[1.941s] -- Up-to-date: /home/vboxuser/Ali_ws/install/orbbec_camera_msgs/share/orbbec_camera_msgs/cmake/rosidl_cmake-extras.cmake
[1.942s] -- Up-to-date: /home/vboxuser/Ali_ws/install/orbbec_camera_msgs/share/orbbec_camera_msgs/cmake/ament_cmake_export_dependencies-extras.cmake
[1.942s] -- Up-to-date: /home/vboxuser/Ali_ws/install/orbbec_camera_msgs/share/orbbec_camera_msgs/cmake/ament_cmake_export_include_directories-extras.cmake
[1.942s] -- Up-to-date: /home/vboxuser/Ali_ws/install/orbbec_camera_msgs/share/orbbec_camera_msgs/cmake/ament_cmake_export_libraries-extras.cmake
[1.942s] -- Up-to-date: /home/vboxuser/Ali_ws/install/orbbec_camera_msgs/share/orbbec_camera_msgs/cmake/ament_cmake_export_targets-extras.cmake
[1.943s] -- Up-to-date: /home/vboxuser/Ali_ws/install/orbbec_camera_msgs/share/orbbec_camera_msgs/cmake/rosidl_cmake_export_typesupport_targets-extras.cmake
[1.943s] -- Up-to-date: /home/vboxuser/Ali_ws/install/orbbec_camera_msgs/share/orbbec_camera_msgs/cmake/rosidl_cmake_export_typesupport_libraries-extras.cmake
[1.943s] -- Up-to-date: /home/vboxuser/Ali_ws/install/orbbec_camera_msgs/share/orbbec_camera_msgs/cmake/orbbec_camera_msgsConfig.cmake
[1.943s] -- Up-to-date: /home/vboxuser/Ali_ws/install/orbbec_camera_msgs/share/orbbec_camera_msgs/cmake/orbbec_camera_msgsConfig-version.cmake
[1.943s] -- Up-to-date: /home/vboxuser/Ali_ws/install/orbbec_camera_msgs/share/orbbec_camera_msgs/package.xml
[1.953s] Invoked command in '/home/vboxuser/Ali_ws/build/orbbec_camera_msgs' returned '0': CMAKE_PREFIX_PATH=/opt/ros/humble /usr/bin/cmake --install /home/vboxuser/Ali_ws/build/orbbec_camera_msgs
