[0.018s] Invoking command in '/home/vboxuser/Ali_ws/src/build/xarm_sdk': CMAKE_PREFIX_PATH=/opt/ros/humble /usr/bin/cmake /home/vboxuser/Ali_ws/src/xarm_ros2/xarm_sdk -DCMAKE_INSTALL_PREFIX=/home/vboxuser/Ali_ws/src/install/xarm_sdk
[0.112s] -- The C compiler identification is GNU 11.4.0
[0.191s] -- The CXX compiler identification is GNU 11.4.0
[0.202s] -- Detecting C compiler ABI info
[0.295s] -- Detecting C compiler ABI info - done
[0.305s] -- Check for working C compiler: /usr/bin/cc - skipped
[0.305s] -- Detecting C compile features
[0.306s] -- Detecting C compile features - done
[0.315s] -- Detecting CXX compiler ABI info
[0.428s] -- Detecting CXX compiler ABI info - done
[0.437s] -- Check for working CXX compiler: /usr/bin/c++ - skipped
[0.438s] -- Detecting CXX compile features
[0.438s] -- Detecting CXX compile features - done
[0.441s] -- Found ament_cmake: 1.3.12 (/opt/ros/humble/share/ament_cmake/cmake)
[0.627s] -- Found Python3: /usr/bin/python3 (found version "3.10.12") found components: Interpreter 
[0.721s] -- Found ament_lint_auto: 0.12.14 (/opt/ros/humble/share/ament_lint_auto/cmake)
[0.804s] -- Added test 'copyright' to check source files copyright and LICENSE
[0.812s] -- Added test 'cppcheck' to perform static code analysis on C / C++ code
[0.812s] -- Configured cppcheck include dirs: /home/vboxuser/Ali_ws/src/xarm_ros2/xarm_sdk/cxx/include
[0.812s] -- Configured cppcheck exclude dirs and/or files: 
[0.822s] -- Added test 'cpplint' to check C / C++ code against the Google style
[0.822s] -- Configured cpplint exclude dirs and/or files: 
[0.828s] -- Added test 'lint_cmake' to check CMake code style
[0.840s] -- Added test 'uncrustify' to check C / C++ code style
[0.840s] -- Configured uncrustify additional arguments: 
[0.842s] -- Added test 'xmllint' to check XML markup files
[0.845s] -- Configuring done
[0.859s] -- Generating done
[0.861s] -- Build files have been written to: /home/vboxuser/Ali_ws/src/build/xarm_sdk
[0.867s] Invoked command in '/home/vboxuser/Ali_ws/src/build/xarm_sdk' returned '0': CMAKE_PREFIX_PATH=/opt/ros/humble /usr/bin/cmake /home/vboxuser/Ali_ws/src/xarm_ros2/xarm_sdk -DCMAKE_INSTALL_PREFIX=/home/vboxuser/Ali_ws/src/install/xarm_sdk
[0.868s] Invoking command in '/home/vboxuser/Ali_ws/src/build/xarm_sdk': CMAKE_PREFIX_PATH=/opt/ros/humble /usr/bin/cmake --build /home/vboxuser/Ali_ws/src/build/xarm_sdk -- -j1 -l1
[0.939s] [  3%] [32mBuilding CXX object CMakeFiles/xarm_cxx_sdk.dir/cxx/src/serial/impl/list_ports/list_ports_linux.cc.o[0m
[1.359s] [  6%] [32mBuilding CXX object CMakeFiles/xarm_cxx_sdk.dir/cxx/src/serial/impl/list_ports/list_ports_osx.cc.o[0m
[1.393s] [  9%] [32mBuilding CXX object CMakeFiles/xarm_cxx_sdk.dir/cxx/src/serial/impl/list_ports/list_ports_win.cc.o[0m
[1.419s] [ 12%] [32mBuilding CXX object CMakeFiles/xarm_cxx_sdk.dir/cxx/src/serial/impl/unix.cc.o[0m
[1.813s] [ 15%] [32mBuilding CXX object CMakeFiles/xarm_cxx_sdk.dir/cxx/src/serial/impl/win.cc.o[0m
[1.837s] [ 18%] [32mBuilding CXX object CMakeFiles/xarm_cxx_sdk.dir/cxx/src/serial/serial.cc.o[0m
[2.231s] [ 21%] [32mBuilding CXX object CMakeFiles/xarm_cxx_sdk.dir/cxx/src/xarm/core/common/crc16.cc.o[0m
[2.275s] [ 25%] [32mBuilding CXX object CMakeFiles/xarm_cxx_sdk.dir/cxx/src/xarm/core/common/queue_memcpy.cc.o[0m
[2.510s] [ 28%] [32mBuilding CXX object CMakeFiles/xarm_cxx_sdk.dir/cxx/src/xarm/core/connect.cc.o[0m
[2.907s] [ 31%] [32mBuilding CXX object CMakeFiles/xarm_cxx_sdk.dir/cxx/src/xarm/core/debug/debug_print.cc.o[0m
[2.946s] [ 34%] [32mBuilding CXX object CMakeFiles/xarm_cxx_sdk.dir/cxx/src/xarm/core/instruction/uxbus_cmd.cc.o[0m
[3.717s] [ 37%] [32mBuilding CXX object CMakeFiles/xarm_cxx_sdk.dir/cxx/src/xarm/core/instruction/uxbus_cmd_ser.cc.o[0m
[4.094s] [ 40%] [32mBuilding CXX object CMakeFiles/xarm_cxx_sdk.dir/cxx/src/xarm/core/instruction/uxbus_cmd_tcp.cc.o[0m
[4.489s] [ 43%] [32mBuilding CXX object CMakeFiles/xarm_cxx_sdk.dir/cxx/src/xarm/core/os/network.cc.o[0m
[4.715s] [ 46%] [32mBuilding CXX object CMakeFiles/xarm_cxx_sdk.dir/cxx/src/xarm/core/port/ser.cc.o[0m
[5.105s] [ 50%] [32mBuilding CXX object CMakeFiles/xarm_cxx_sdk.dir/cxx/src/xarm/core/port/socket.cc.o[0m
[5.453s] [ 53%] [32mBuilding CXX object CMakeFiles/xarm_cxx_sdk.dir/cxx/src/xarm/core/report_data.cc.o[0m
[5.661s] [ 56%] [32mBuilding CXX object CMakeFiles/xarm_cxx_sdk.dir/cxx/src/xarm/wrapper/xarm_api.cc.o[0m
[8.828s] [ 59%] [32mBuilding CXX object CMakeFiles/xarm_cxx_sdk.dir/cxx/src/xarm/wrapper/xarm_bio.cc.o[0m
[9.558s] [ 62%] [32mBuilding CXX object CMakeFiles/xarm_cxx_sdk.dir/cxx/src/xarm/wrapper/xarm_events.cc.o[0m
[11.737s] [ 65%] [32mBuilding CXX object CMakeFiles/xarm_cxx_sdk.dir/cxx/src/xarm/wrapper/xarm_ft_sensor.cc.o[0m
[12.469s] [ 68%] [32mBuilding CXX object CMakeFiles/xarm_cxx_sdk.dir/cxx/src/xarm/wrapper/xarm_gpio.cc.o[0m
[13.373s] [ 71%] [32mBuilding CXX object CMakeFiles/xarm_cxx_sdk.dir/cxx/src/xarm/wrapper/xarm_gripper.cc.o[0m
[14.126s] [ 75%] [32mBuilding CXX object CMakeFiles/xarm_cxx_sdk.dir/cxx/src/xarm/wrapper/xarm_linear_motor.cc.o[0m
[14.921s] [ 78%] [32mBuilding CXX object CMakeFiles/xarm_cxx_sdk.dir/cxx/src/xarm/wrapper/xarm_modbus_tcp.cc.o[0m
[15.692s] [ 81%] [32mBuilding CXX object CMakeFiles/xarm_cxx_sdk.dir/cxx/src/xarm/wrapper/xarm_motion.cc.o[0m
[16.447s] [ 84%] [32mBuilding CXX object CMakeFiles/xarm_cxx_sdk.dir/cxx/src/xarm/wrapper/xarm_params.cc.o[0m
[17.245s] [ 87%] [32mBuilding CXX object CMakeFiles/xarm_cxx_sdk.dir/cxx/src/xarm/wrapper/xarm_record.cc.o[0m
[17.957s] [ 90%] [32mBuilding CXX object CMakeFiles/xarm_cxx_sdk.dir/cxx/src/xarm/wrapper/xarm_report.cc.o[0m
[18.727s] [ 93%] [32mBuilding CXX object CMakeFiles/xarm_cxx_sdk.dir/cxx/src/xarm/wrapper/xarm_robotiq.cc.o[0m
[19.507s] [ 96%] [32mBuilding CXX object CMakeFiles/xarm_cxx_sdk.dir/cxx/src/xarm/wrapper/xarm_servo.cc.o[0m
[20.245s] [100%] [32m[1mLinking CXX shared library libxarm_cxx_sdk.so[0m
[20.539s] [100%] Built target xarm_cxx_sdk
[20.551s] Invoked command in '/home/vboxuser/Ali_ws/src/build/xarm_sdk' returned '0': CMAKE_PREFIX_PATH=/opt/ros/humble /usr/bin/cmake --build /home/vboxuser/Ali_ws/src/build/xarm_sdk -- -j1 -l1
[20.552s] Invoking command in '/home/vboxuser/Ali_ws/src/build/xarm_sdk': CMAKE_PREFIX_PATH=/opt/ros/humble /usr/bin/cmake --install /home/vboxuser/Ali_ws/src/build/xarm_sdk
[20.563s] -- Install configuration: ""
[20.563s] -- Installing: /home/vboxuser/Ali_ws/src/install/xarm_sdk/share/xarm_sdk/environment/library_path.sh
[20.564s] -- Installing: /home/vboxuser/Ali_ws/src/install/xarm_sdk/share/xarm_sdk/environment/library_path.dsv
[20.564s] -- Installing: /home/vboxuser/Ali_ws/src/install/xarm_sdk/cxx/include
[20.564s] -- Installing: /home/vboxuser/Ali_ws/src/install/xarm_sdk/cxx/include/serial
[20.564s] -- Installing: /home/vboxuser/Ali_ws/src/install/xarm_sdk/cxx/include/serial/v8stdint.h
[20.564s] -- Installing: /home/vboxuser/Ali_ws/src/install/xarm_sdk/cxx/include/serial/impl
[20.564s] -- Installing: /home/vboxuser/Ali_ws/src/install/xarm_sdk/cxx/include/serial/impl/win.h
[20.564s] -- Installing: /home/vboxuser/Ali_ws/src/install/xarm_sdk/cxx/include/serial/impl/unix.h
[20.565s] -- Installing: /home/vboxuser/Ali_ws/src/install/xarm_sdk/cxx/include/serial/serial.h
[20.565s] -- Installing: /home/vboxuser/Ali_ws/src/install/xarm_sdk/cxx/include/xarm
[20.565s] -- Installing: /home/vboxuser/Ali_ws/src/install/xarm_sdk/cxx/include/xarm/wrapper
[20.565s] -- Installing: /home/vboxuser/Ali_ws/src/install/xarm_sdk/cxx/include/xarm/wrapper/xarm_api.h
[20.565s] -- Installing: /home/vboxuser/Ali_ws/src/install/xarm_sdk/cxx/include/xarm/wrapper/common
[20.565s] -- Installing: /home/vboxuser/Ali_ws/src/install/xarm_sdk/cxx/include/xarm/wrapper/common/utils.h
[20.566s] -- Installing: /home/vboxuser/Ali_ws/src/install/xarm_sdk/cxx/include/xarm/wrapper/common/timer.h
[20.566s] -- Installing: /home/vboxuser/Ali_ws/src/install/xarm_sdk/cxx/include/xarm/core
[20.566s] -- Installing: /home/vboxuser/Ali_ws/src/install/xarm_sdk/cxx/include/xarm/core/connect.h
[20.566s] -- Installing: /home/vboxuser/Ali_ws/src/install/xarm_sdk/cxx/include/xarm/core/port
[20.566s] -- Installing: /home/vboxuser/Ali_ws/src/install/xarm_sdk/cxx/include/xarm/core/port/ser.h
[20.567s] -- Installing: /home/vboxuser/Ali_ws/src/install/xarm_sdk/cxx/include/xarm/core/port/socket.h
[20.567s] -- Installing: /home/vboxuser/Ali_ws/src/install/xarm_sdk/cxx/include/xarm/core/os
[20.567s] -- Installing: /home/vboxuser/Ali_ws/src/install/xarm_sdk/cxx/include/xarm/core/os/network.h
[20.567s] -- Installing: /home/vboxuser/Ali_ws/src/install/xarm_sdk/cxx/include/xarm/core/os/bak
[20.567s] -- Installing: /home/vboxuser/Ali_ws/src/install/xarm_sdk/cxx/include/xarm/core/os/bak/thread.h
[20.567s] -- Installing: /home/vboxuser/Ali_ws/src/install/xarm_sdk/cxx/include/xarm/core/report_data.h
[20.567s] -- Installing: /home/vboxuser/Ali_ws/src/install/xarm_sdk/cxx/include/xarm/core/common
[20.567s] -- Installing: /home/vboxuser/Ali_ws/src/install/xarm_sdk/cxx/include/xarm/core/common/crc16.h
[20.567s] -- Installing: /home/vboxuser/Ali_ws/src/install/xarm_sdk/cxx/include/xarm/core/common/queue_memcpy.h
[20.568s] -- Installing: /home/vboxuser/Ali_ws/src/install/xarm_sdk/cxx/include/xarm/core/common/data_type.h
[20.568s] -- Installing: /home/vboxuser/Ali_ws/src/install/xarm_sdk/cxx/include/xarm/core/instruction
[20.568s] -- Installing: /home/vboxuser/Ali_ws/src/install/xarm_sdk/cxx/include/xarm/core/instruction/uxbus_cmd.h
[20.568s] -- Installing: /home/vboxuser/Ali_ws/src/install/xarm_sdk/cxx/include/xarm/core/instruction/uxbus_cmd_ser.h
[20.568s] -- Installing: /home/vboxuser/Ali_ws/src/install/xarm_sdk/cxx/include/xarm/core/instruction/uxbus_cmd_tcp.h
[20.568s] -- Installing: /home/vboxuser/Ali_ws/src/install/xarm_sdk/cxx/include/xarm/core/instruction/servo3_config.h
[20.568s] -- Installing: /home/vboxuser/Ali_ws/src/install/xarm_sdk/cxx/include/xarm/core/instruction/uxbus_cmd_config.h
[20.568s] -- Installing: /home/vboxuser/Ali_ws/src/install/xarm_sdk/cxx/include/xarm/core/xarm_config.h
[20.569s] -- Installing: /home/vboxuser/Ali_ws/src/install/xarm_sdk/cxx/include/xarm/core/debug
[20.569s] -- Installing: /home/vboxuser/Ali_ws/src/install/xarm_sdk/cxx/include/xarm/core/debug/debug_print.h
[20.569s] -- Installing: /home/vboxuser/Ali_ws/src/install/xarm_sdk/lib/libxarm_cxx_sdk.so
[20.571s] -- Installing: /home/vboxuser/Ali_ws/src/install/xarm_sdk/share/ament_index/resource_index/package_run_dependencies/xarm_sdk
[20.572s] -- Installing: /home/vboxuser/Ali_ws/src/install/xarm_sdk/share/ament_index/resource_index/parent_prefix_path/xarm_sdk
[20.572s] -- Installing: /home/vboxuser/Ali_ws/src/install/xarm_sdk/share/xarm_sdk/environment/ament_prefix_path.sh
[20.572s] -- Installing: /home/vboxuser/Ali_ws/src/install/xarm_sdk/share/xarm_sdk/environment/ament_prefix_path.dsv
[20.572s] -- Installing: /home/vboxuser/Ali_ws/src/install/xarm_sdk/share/xarm_sdk/environment/path.sh
[20.572s] -- Installing: /home/vboxuser/Ali_ws/src/install/xarm_sdk/share/xarm_sdk/environment/path.dsv
[20.573s] -- Installing: /home/vboxuser/Ali_ws/src/install/xarm_sdk/share/xarm_sdk/local_setup.bash
[20.573s] -- Installing: /home/vboxuser/Ali_ws/src/install/xarm_sdk/share/xarm_sdk/local_setup.sh
[20.573s] -- Installing: /home/vboxuser/Ali_ws/src/install/xarm_sdk/share/xarm_sdk/local_setup.zsh
[20.574s] -- Installing: /home/vboxuser/Ali_ws/src/install/xarm_sdk/share/xarm_sdk/local_setup.dsv
[20.574s] -- Installing: /home/vboxuser/Ali_ws/src/install/xarm_sdk/share/xarm_sdk/package.dsv
[20.574s] -- Installing: /home/vboxuser/Ali_ws/src/install/xarm_sdk/share/ament_index/resource_index/packages/xarm_sdk
[20.574s] -- Installing: /home/vboxuser/Ali_ws/src/install/xarm_sdk/share/xarm_sdk/cmake/ament_cmake_export_libraries-extras.cmake
[20.575s] -- Installing: /home/vboxuser/Ali_ws/src/install/xarm_sdk/share/xarm_sdk/cmake/ament_cmake_export_include_directories-extras.cmake
[20.575s] -- Installing: /home/vboxuser/Ali_ws/src/install/xarm_sdk/share/xarm_sdk/cmake/xarm_sdkConfig.cmake
[20.576s] -- Installing: /home/vboxuser/Ali_ws/src/install/xarm_sdk/share/xarm_sdk/cmake/xarm_sdkConfig-version.cmake
[20.576s] -- Installing: /home/vboxuser/Ali_ws/src/install/xarm_sdk/share/xarm_sdk/package.xml
[20.585s] Invoked command in '/home/vboxuser/Ali_ws/src/build/xarm_sdk' returned '0': CMAKE_PREFIX_PATH=/opt/ros/humble /usr/bin/cmake --install /home/vboxuser/Ali_ws/src/build/xarm_sdk
