[0.025s] Invoking command in '/home/vboxuser/Ali_ws/build/my_xarm6_interfaces': CMAKE_PREFIX_PATH=/opt/ros/humble /usr/bin/cmake /home/vboxuser/Ali_ws/src/my_xarm6_interfaces -DCMAKE_INSTALL_PREFIX=/home/vboxuser/Ali_ws/install/my_xarm6_interfaces
[0.553s] -- The C compiler identification is GNU 11.4.0
[0.929s] -- The CXX compiler identification is GNU 11.4.0
[0.960s] -- Detecting C compiler ABI info
[1.246s] -- Detecting C compiler ABI info - done
[1.289s] -- Check for working C compiler: /usr/bin/cc - skipped
[1.300s] -- Detecting C compile features
[1.316s] -- Detecting C compile features - done
[1.341s] -- Detecting CXX compiler ABI info
[1.636s] -- Detecting CXX compiler ABI info - done
[1.656s] -- Check for working CXX compiler: /usr/bin/c++ - skipped
[1.656s] -- Detecting CXX compile features
[1.656s] -- Detecting CXX compile features - done
[1.662s] -- Found ament_cmake: 1.3.12 (/opt/ros/humble/share/ament_cmake/cmake)
[2.212s] -- Found Python3: /usr/bin/python3 (found version "3.10.12") found components: Interpreter 
[2.462s] -- Found rosidl_default_generators: 1.2.0 (/opt/ros/humble/share/rosidl_default_generators/cmake)
[2.473s] -- Using all available rosidl_typesupport_c: rosidl_typesupport_fastrtps_c;rosidl_typesupport_introspection_c
[2.493s] -- Found rosidl_adapter: 3.1.7 (/opt/ros/humble/share/rosidl_adapter/cmake)
[2.766s] -- Using all available rosidl_typesupport_cpp: rosidl_typesupport_fastrtps_cpp;rosidl_typesupport_introspection_cpp
[3.026s] [31mCMake Error at /opt/ros/humble/share/rosidl_cmake/cmake/rosidl_generate_interfaces.cmake:162 (message):
[3.026s]   rosidl_generate_interfaces() the passed dependency 'builtin_interfaces' has
[3.026s]   not been found before using find_package()
[3.026s] Call Stack (most recent call first):
[3.026s]   CMakeLists.txt:8 (rosidl_generate_interfaces)
[3.026s] 
[3.026s] [0m
[3.027s] -- Configuring incomplete, errors occurred!
[3.027s] See also "/home/vboxuser/Ali_ws/build/my_xarm6_interfaces/CMakeFiles/CMakeOutput.log".
[3.033s] Invoked command in '/home/vboxuser/Ali_ws/build/my_xarm6_interfaces' returned '1': CMAKE_PREFIX_PATH=/opt/ros/humble /usr/bin/cmake /home/vboxuser/Ali_ws/src/my_xarm6_interfaces -DCMAKE_INSTALL_PREFIX=/home/vboxuser/Ali_ws/install/my_xarm6_interfaces
