[0.100s] Invoking command in '/home/vboxuser/Ali_ws/build/xarm_planner': AMENT_PREFIX_PATH=/home/vboxuser/Ali_ws/install/uf_ros_lib:/home/vboxuser/Ali_ws/install/orbbec_description:/home/vboxuser/Ali_ws/install/orbbec_camera:/home/vboxuser/Ali_ws/install/orbbec_camera_msgs:/home/vboxuser/Ali_ws/install/ros2_linkattacher:/home/vboxuser/Ali_ws/install/linkattacher_msgs:/opt/ros/humble:/home/vboxuser/Ali_ws/install/xarm_planner:/home/vboxuser/Ali_ws/install/xarm_moveit_servo:/home/vboxuser/Ali_ws/install/xarm_moveit_config:/home/vboxuser/Ali_ws/install/xarm_gazebo:/home/vboxuser/Ali_ws/install/xarm_controller:/home/vboxuser/Ali_ws/install/d435i_xarm_setup:/home/vboxuser/Ali_ws/install/xarm_api:/home/vboxuser/Ali_ws/install/xarm_sdk:/home/vboxuser/Ali_ws/install/xarm_msgs:/home/vboxuser/Ali_ws/install/xarm_description:/home/vboxuser/Ali_ws/install/realsense_gazebo_plugin:/home/vboxuser/Ali_ws/install/mbot_demo CMAKE_PREFIX_PATH=/home/vboxuser/Ali_ws/install/xarm_moveit_config:/home/vboxuser/Ali_ws/install/xarm_gazebo:/home/vboxuser/Ali_ws/install/xarm_controller:/home/vboxuser/Ali_ws/install/xarm_api:/home/vboxuser/Ali_ws/install/xarm_sdk:/home/vboxuser/Ali_ws/install/xarm_msgs:/home/vboxuser/Ali_ws/install/xarm_description:/home/vboxuser/Ali_ws/install/orbbec_description:/home/vboxuser/Ali_ws/install/orbbec_camera:/home/vboxuser/Ali_ws/install/orbbec_camera_msgs:/home/vboxuser/Ali_ws/install/ros2_linkattacher:/home/vboxuser/Ali_ws/install/linkattacher_msgs:/home/vboxuser/Ali_ws/install/xarm_planner:/home/vboxuser/Ali_ws/install/xarm_moveit_servo:/home/vboxuser/Ali_ws/install/d435i_xarm_setup:/home/vboxuser/Ali_ws/install/realsense_gazebo_plugin:/home/vboxuser/Ali_ws/install/mbot_demo:/opt/ros/humble:/home/vboxuser/Ali_ws/install/uf_ros_lib LD_LIBRARY_PATH=/home/vboxuser/Ali_ws/install/xarm_gazebo/lib:/home/vboxuser/Ali_ws/install/xarm_controller/lib:/home/vboxuser/Ali_ws/install/xarm_api/lib:/home/vboxuser/Ali_ws/install/xarm_sdk/lib:/home/vboxuser/Ali_ws/install/xarm_msgs/lib:/home/vboxuser/Ali_ws/install/orbbec_camera/lib:/home/vboxuser/Ali_ws/install/orbbec_camera_msgs/lib:/home/vboxuser/Ali_ws/install/ros2_linkattacher/lib:/home/vboxuser/Ali_ws/install/linkattacher_msgs/lib:/usr/lib/x86_64-linux-gnu/gazebo-11/plugins:/opt/ros/humble/opt/rviz_ogre_vendor/lib:/opt/ros/humble/lib/x86_64-linux-gnu:/opt/ros/humble/lib:/home/vboxuser/Ali_ws/install/xarm_planner/lib:/home/vboxuser/Ali_ws/install/xarm_moveit_servo/lib:/home/vboxuser/Ali_ws/install/realsense_gazebo_plugin/lib PYTHONPATH=/home/vboxuser/Ali_ws/install/uf_ros_lib/lib/python3.10/site-packages:/home/vboxuser/Ali_ws/install/orbbec_camera_msgs/local/lib/python3.10/dist-packages:/home/vboxuser/Ali_ws/install/linkattacher_msgs/local/lib/python3.10/dist-packages:/opt/ros/humble/lib/python3.10/site-packages:/opt/ros/humble/local/lib/python3.10/dist-packages:/home/vboxuser/Ali_ws/install/xarm_msgs/local/lib/python3.10/dist-packages:/home/vboxuser/Ali_ws/build/uf_ros_lib /usr/bin/cmake /home/vboxuser/Ali_ws/src/xarm_ros2/xarm_planner -DCMAKE_INSTALL_PREFIX=/home/vboxuser/Ali_ws/install/xarm_planner
[0.226s] -- The C compiler identification is GNU 11.4.0
[0.345s] -- The CXX compiler identification is GNU 11.4.0
[0.403s] -- Detecting C compiler ABI info
[0.825s] -- Detecting C compiler ABI info - done
[0.845s] -- Check for working C compiler: /usr/bin/cc - skipped
[0.845s] -- Detecting C compile features
[0.846s] -- Detecting C compile features - done
[0.851s] -- Detecting CXX compiler ABI info
[1.114s] -- Detecting CXX compiler ABI info - done
[1.126s] -- Check for working CXX compiler: /usr/bin/c++ - skipped
[1.126s] -- Detecting CXX compile features
[1.135s] -- Detecting CXX compile features - done
[1.146s] -- Found ament_cmake: 1.3.12 (/opt/ros/humble/share/ament_cmake/cmake)
[1.691s] -- Found Python3: /usr/bin/python3 (found version "3.10.12") found components: Interpreter 
[1.872s] -- Found moveit: 2.5.9 (/opt/ros/humble/share/moveit/cmake)
[1.879s] -- Found moveit_ros_planning_interface: 2.5.9 (/opt/ros/humble/share/moveit_ros_planning_interface/cmake)
[2.320s] -- Found Boost: /usr/lib/x86_64-linux-gnu/cmake/Boost-1.74.0/BoostConfig.cmake (found version "1.74.0") found components: date_time filesystem program_options system thread 
[2.405s] -- Found rosidl_generator_c: 3.1.7 (/opt/ros/humble/share/rosidl_generator_c/cmake)
[2.405s] -- Found rosidl_adapter: 3.1.7 (/opt/ros/humble/share/rosidl_adapter/cmake)
[2.413s] -- Found rosidl_generator_cpp: 3.1.7 (/opt/ros/humble/share/rosidl_generator_cpp/cmake)
[2.435s] -- Using all available rosidl_typesupport_c: rosidl_typesupport_fastrtps_c;rosidl_typesupport_introspection_c
[2.454s] -- Using all available rosidl_typesupport_cpp: rosidl_typesupport_fastrtps_cpp;rosidl_typesupport_introspection_cpp
[2.773s] -- Found Boost: /usr/lib/x86_64-linux-gnu/cmake/Boost-1.74.0/BoostConfig.cmake (found version "1.74.0") found components: chrono date_time filesystem iostreams program_options regex serialization system thread 
[2.870s] -- Found parameter_traits: 0.5.0 (/opt/ros/humble/share/parameter_traits/cmake)
[2.915s] -- Found rmw_implementation_cmake: 6.1.2 (/opt/ros/humble/share/rmw_implementation_cmake/cmake)
[2.921s] -- Found rmw_fastrtps_cpp: 6.2.9 (/opt/ros/humble/share/rmw_fastrtps_cpp/cmake)
[3.717s] -- Found OpenSSL: /usr/lib/x86_64-linux-gnu/libcrypto.so (found version "3.0.2")  
[3.719s] -- Found FastRTPS: /opt/ros/humble/include  
[3.719s] -- Using RMW implementation 'rmw_fastrtps_cpp' as default
[3.719s] -- Found Threads: TRUE  
[3.728s] -- Found rclcpp_lifecycle: 16.0.15 (/opt/ros/humble/share/rclcpp_lifecycle/cmake)
[3.728s] -- Found Boost: /usr/lib/x86_64-linux-gnu/cmake/Boost-1.74.0/BoostConfig.cmake (found version "1.74.0") found components: filesystem 
[3.945s] -- library: /usr/lib/x86_64-linux-gnu/libcurl.so
[4.274s] -- Found Eigen3: TRUE (found version "3.4.0") 
[4.274s] -- Ensuring Eigen3 include directory is part of orocos-kdl CMake target
[4.274s] -- Found Boost: /usr/lib/x86_64-linux-gnu/cmake/Boost-1.74.0/BoostConfig.cmake (found version "1.74.0") found components: system filesystem date_time program_options thread chrono 
[4.274s] -- Found Boost: /usr/lib/x86_64-linux-gnu/cmake/Boost-1.74.0/BoostConfig.cmake (found version "1.74.0") found components: thread system filesystem regex date_time program_options 
[4.274s] -- Found Boost: /usr/lib/x86_64-linux-gnu/cmake/Boost-1.74.0/BoostConfig.cmake (found version "1.74.0") found components: system filesystem date_time program_options thread 
[4.334s] -- Found xarm_msgs: 0.0.0 (/home/vboxuser/Ali_ws/install/xarm_msgs/share/xarm_msgs/cmake)
[4.408s] -- Found ament_lint_auto: 0.12.14 (/opt/ros/humble/share/ament_lint_auto/cmake)
[4.514s] -- Added test 'copyright' to check source files copyright and LICENSE
[4.517s] -- Added test 'cppcheck' to perform static code analysis on C / C++ code
[4.520s] -- Configured cppcheck include dirs: /home/vboxuser/Ali_ws/src/xarm_ros2/xarm_planner/include
[4.520s] -- Configured cppcheck exclude dirs and/or files: 
[4.520s] -- Added test 'cpplint' to check C / C++ code against the Google style
[4.520s] -- Configured cpplint exclude dirs and/or files: 
[4.523s] -- Added test 'flake8' to check Python code syntax and style conventions
[4.629s] -- Added test 'lint_cmake' to check CMake code style
[4.629s] -- Added test 'pep257' to check Python code against some of the docstring style conventions in PEP 257
[4.629s] -- Added test 'uncrustify' to check C / C++ code style
[4.629s] -- Configured uncrustify additional arguments: 
[4.629s] -- Added test 'xmllint' to check XML markup files
[4.629s] -- Configuring done
[4.652s] -- Generating done
[4.756s] -- Build files have been written to: /home/vboxuser/Ali_ws/build/xarm_planner
[4.803s] Invoked command in '/home/vboxuser/Ali_ws/build/xarm_planner' returned '0': AMENT_PREFIX_PATH=/home/vboxuser/Ali_ws/install/uf_ros_lib:/home/vboxuser/Ali_ws/install/orbbec_description:/home/vboxuser/Ali_ws/install/orbbec_camera:/home/vboxuser/Ali_ws/install/orbbec_camera_msgs:/home/vboxuser/Ali_ws/install/ros2_linkattacher:/home/vboxuser/Ali_ws/install/linkattacher_msgs:/opt/ros/humble:/home/vboxuser/Ali_ws/install/xarm_planner:/home/vboxuser/Ali_ws/install/xarm_moveit_servo:/home/vboxuser/Ali_ws/install/xarm_moveit_config:/home/vboxuser/Ali_ws/install/xarm_gazebo:/home/vboxuser/Ali_ws/install/xarm_controller:/home/vboxuser/Ali_ws/install/d435i_xarm_setup:/home/vboxuser/Ali_ws/install/xarm_api:/home/vboxuser/Ali_ws/install/xarm_sdk:/home/vboxuser/Ali_ws/install/xarm_msgs:/home/vboxuser/Ali_ws/install/xarm_description:/home/vboxuser/Ali_ws/install/realsense_gazebo_plugin:/home/vboxuser/Ali_ws/install/mbot_demo CMAKE_PREFIX_PATH=/home/vboxuser/Ali_ws/install/xarm_moveit_config:/home/vboxuser/Ali_ws/install/xarm_gazebo:/home/vboxuser/Ali_ws/install/xarm_controller:/home/vboxuser/Ali_ws/install/xarm_api:/home/vboxuser/Ali_ws/install/xarm_sdk:/home/vboxuser/Ali_ws/install/xarm_msgs:/home/vboxuser/Ali_ws/install/xarm_description:/home/vboxuser/Ali_ws/install/orbbec_description:/home/vboxuser/Ali_ws/install/orbbec_camera:/home/vboxuser/Ali_ws/install/orbbec_camera_msgs:/home/vboxuser/Ali_ws/install/ros2_linkattacher:/home/vboxuser/Ali_ws/install/linkattacher_msgs:/home/vboxuser/Ali_ws/install/xarm_planner:/home/vboxuser/Ali_ws/install/xarm_moveit_servo:/home/vboxuser/Ali_ws/install/d435i_xarm_setup:/home/vboxuser/Ali_ws/install/realsense_gazebo_plugin:/home/vboxuser/Ali_ws/install/mbot_demo:/opt/ros/humble:/home/vboxuser/Ali_ws/install/uf_ros_lib LD_LIBRARY_PATH=/home/vboxuser/Ali_ws/install/xarm_gazebo/lib:/home/vboxuser/Ali_ws/install/xarm_controller/lib:/home/vboxuser/Ali_ws/install/xarm_api/lib:/home/vboxuser/Ali_ws/install/xarm_sdk/lib:/home/vboxuser/Ali_ws/install/xarm_msgs/lib:/home/vboxuser/Ali_ws/install/orbbec_camera/lib:/home/vboxuser/Ali_ws/install/orbbec_camera_msgs/lib:/home/vboxuser/Ali_ws/install/ros2_linkattacher/lib:/home/vboxuser/Ali_ws/install/linkattacher_msgs/lib:/usr/lib/x86_64-linux-gnu/gazebo-11/plugins:/opt/ros/humble/opt/rviz_ogre_vendor/lib:/opt/ros/humble/lib/x86_64-linux-gnu:/opt/ros/humble/lib:/home/vboxuser/Ali_ws/install/xarm_planner/lib:/home/vboxuser/Ali_ws/install/xarm_moveit_servo/lib:/home/vboxuser/Ali_ws/install/realsense_gazebo_plugin/lib PYTHONPATH=/home/vboxuser/Ali_ws/install/uf_ros_lib/lib/python3.10/site-packages:/home/vboxuser/Ali_ws/install/orbbec_camera_msgs/local/lib/python3.10/dist-packages:/home/vboxuser/Ali_ws/install/linkattacher_msgs/local/lib/python3.10/dist-packages:/opt/ros/humble/lib/python3.10/site-packages:/opt/ros/humble/local/lib/python3.10/dist-packages:/home/vboxuser/Ali_ws/install/xarm_msgs/local/lib/python3.10/dist-packages:/home/vboxuser/Ali_ws/build/uf_ros_lib /usr/bin/cmake /home/vboxuser/Ali_ws/src/xarm_ros2/xarm_planner -DCMAKE_INSTALL_PREFIX=/home/vboxuser/Ali_ws/install/xarm_planner
[4.804s] Invoking command in '/home/vboxuser/Ali_ws/build/xarm_planner': AMENT_PREFIX_PATH=/home/vboxuser/Ali_ws/install/uf_ros_lib:/home/vboxuser/Ali_ws/install/orbbec_description:/home/vboxuser/Ali_ws/install/orbbec_camera:/home/vboxuser/Ali_ws/install/orbbec_camera_msgs:/home/vboxuser/Ali_ws/install/ros2_linkattacher:/home/vboxuser/Ali_ws/install/linkattacher_msgs:/opt/ros/humble:/home/vboxuser/Ali_ws/install/xarm_planner:/home/vboxuser/Ali_ws/install/xarm_moveit_servo:/home/vboxuser/Ali_ws/install/xarm_moveit_config:/home/vboxuser/Ali_ws/install/xarm_gazebo:/home/vboxuser/Ali_ws/install/xarm_controller:/home/vboxuser/Ali_ws/install/d435i_xarm_setup:/home/vboxuser/Ali_ws/install/xarm_api:/home/vboxuser/Ali_ws/install/xarm_sdk:/home/vboxuser/Ali_ws/install/xarm_msgs:/home/vboxuser/Ali_ws/install/xarm_description:/home/vboxuser/Ali_ws/install/realsense_gazebo_plugin:/home/vboxuser/Ali_ws/install/mbot_demo CMAKE_PREFIX_PATH=/home/vboxuser/Ali_ws/install/xarm_moveit_config:/home/vboxuser/Ali_ws/install/xarm_gazebo:/home/vboxuser/Ali_ws/install/xarm_controller:/home/vboxuser/Ali_ws/install/xarm_api:/home/vboxuser/Ali_ws/install/xarm_sdk:/home/vboxuser/Ali_ws/install/xarm_msgs:/home/vboxuser/Ali_ws/install/xarm_description:/home/vboxuser/Ali_ws/install/orbbec_description:/home/vboxuser/Ali_ws/install/orbbec_camera:/home/vboxuser/Ali_ws/install/orbbec_camera_msgs:/home/vboxuser/Ali_ws/install/ros2_linkattacher:/home/vboxuser/Ali_ws/install/linkattacher_msgs:/home/vboxuser/Ali_ws/install/xarm_planner:/home/vboxuser/Ali_ws/install/xarm_moveit_servo:/home/vboxuser/Ali_ws/install/d435i_xarm_setup:/home/vboxuser/Ali_ws/install/realsense_gazebo_plugin:/home/vboxuser/Ali_ws/install/mbot_demo:/opt/ros/humble:/home/vboxuser/Ali_ws/install/uf_ros_lib LD_LIBRARY_PATH=/home/vboxuser/Ali_ws/install/xarm_gazebo/lib:/home/vboxuser/Ali_ws/install/xarm_controller/lib:/home/vboxuser/Ali_ws/install/xarm_api/lib:/home/vboxuser/Ali_ws/install/xarm_sdk/lib:/home/vboxuser/Ali_ws/install/xarm_msgs/lib:/home/vboxuser/Ali_ws/install/orbbec_camera/lib:/home/vboxuser/Ali_ws/install/orbbec_camera_msgs/lib:/home/vboxuser/Ali_ws/install/ros2_linkattacher/lib:/home/vboxuser/Ali_ws/install/linkattacher_msgs/lib:/usr/lib/x86_64-linux-gnu/gazebo-11/plugins:/opt/ros/humble/opt/rviz_ogre_vendor/lib:/opt/ros/humble/lib/x86_64-linux-gnu:/opt/ros/humble/lib:/home/vboxuser/Ali_ws/install/xarm_planner/lib:/home/vboxuser/Ali_ws/install/xarm_moveit_servo/lib:/home/vboxuser/Ali_ws/install/realsense_gazebo_plugin/lib PYTHONPATH=/home/vboxuser/Ali_ws/install/uf_ros_lib/lib/python3.10/site-packages:/home/vboxuser/Ali_ws/install/orbbec_camera_msgs/local/lib/python3.10/dist-packages:/home/vboxuser/Ali_ws/install/linkattacher_msgs/local/lib/python3.10/dist-packages:/opt/ros/humble/lib/python3.10/site-packages:/opt/ros/humble/local/lib/python3.10/dist-packages:/home/vboxuser/Ali_ws/install/xarm_msgs/local/lib/python3.10/dist-packages:/home/vboxuser/Ali_ws/build/uf_ros_lib /usr/bin/cmake --build /home/vboxuser/Ali_ws/build/xarm_planner -- -j4 -l4
[5.773s] [  4%] [32mBuilding CXX object CMakeFiles/xarm_planner.dir/src/xarm_planner.cpp.o[0m
[15.799s] [  9%] [32m[1mLinking CXX shared library libxarm_planner.so[0m
[16.320s] [  9%] Built target xarm_planner
[16.388s] [ 13%] [32mBuilding CXX object CMakeFiles/test_xarm_gripper_planner_client_joint.dir/test/test_xarm_gripper_planner_client_joint.cpp.o[0m
[20.267s] [ 18%] [32m[1mLinking CXX executable test_xarm_gripper_planner_client_joint[0m
[20.531s] [ 18%] Built target test_xarm_gripper_planner_client_joint
[20.586s] [ 22%] [32mBuilding CXX object CMakeFiles/test_lite_gripper_realmove.dir/test/test_lite_gripper_realmove.cpp.o[0m
[25.059s] [ 27%] [32m[1mLinking CXX executable test_lite_gripper_realmove[0m
[25.385s] [ 27%] Built target test_lite_gripper_realmove
[25.447s] [ 31%] [32mBuilding CXX object CMakeFiles/xarm_planner_node.dir/src/xarm_planner_node.cpp.o[0m
[40.540s] [ 36%] [32m[1mLinking CXX executable xarm_planner_node[0m
[41.062s] [ 36%] Built target xarm_planner_node
[41.120s] [ 40%] [32mBuilding CXX object CMakeFiles/xarm_gripper_planner_node.dir/src/xarm_gripper_planner_node.cpp.o[0m
[46.170s] [ 45%] [32mBuilding CXX object CMakeFiles/test_xarm_planner_api_joint.dir/test/test_xarm_planner_api_joint.cpp.o[0m
[47.840s] [ 50%] [32mBuilding CXX object CMakeFiles/test_xarm_planner_client_pose.dir/test/test_xarm_planner_client_pose.cpp.o[0m
[48.937s] [ 54%] [32mBuilding CXX object CMakeFiles/test_xarm_planner_client_joint.dir/test/test_xarm_planner_client_joint.cpp.o[0m
[53.854s] [ 59%] [32m[1mLinking CXX executable xarm_gripper_planner_node[0m
[54.145s] [ 63%] [32m[1mLinking CXX executable test_xarm_planner_client_pose[0m
[54.426s] [ 63%] Built target xarm_gripper_planner_node
[54.507s] [ 68%] [32mBuilding CXX object CMakeFiles/test_dual_xarm_planner_api_joint.dir/test/test_dual_xarm_planner_api_joint.cpp.o[0m
[54.562s] [ 68%] Built target test_xarm_planner_client_pose
[54.621s] [ 72%] [32mBuilding CXX object CMakeFiles/test_xarm_planner_api_pose.dir/test/test_xarm_planner_api_pose.cpp.o[0m
[55.778s] [ 77%] [32m[1mLinking CXX executable test_xarm_planner_client_joint[0m
[56.110s] [ 77%] Built target test_xarm_planner_client_joint
[56.197s] [ 81%] [32mBuilding CXX object CMakeFiles/test_xarm_gripper_planner_api_joint.dir/test/test_xarm_gripper_planner_api_joint.cpp.o[0m
[57.876s] [ 86%] [32m[1mLinking CXX executable test_xarm_planner_api_joint[0m
[58.291s] [ 86%] Built target test_xarm_planner_api_joint
[64.587s] [ 90%] [32m[1mLinking CXX executable test_xarm_planner_api_pose[0m
[64.692s] [ 95%] [32m[1mLinking CXX executable test_dual_xarm_planner_api_joint[0m
[64.956s] [ 95%] Built target test_xarm_planner_api_pose
[65.087s] [ 95%] Built target test_dual_xarm_planner_api_joint
[65.870s] [100%] [32m[1mLinking CXX executable test_xarm_gripper_planner_api_joint[0m
[66.287s] [100%] Built target test_xarm_gripper_planner_api_joint
[66.313s] Invoked command in '/home/vboxuser/Ali_ws/build/xarm_planner' returned '0': AMENT_PREFIX_PATH=/home/vboxuser/Ali_ws/install/uf_ros_lib:/home/vboxuser/Ali_ws/install/orbbec_description:/home/vboxuser/Ali_ws/install/orbbec_camera:/home/vboxuser/Ali_ws/install/orbbec_camera_msgs:/home/vboxuser/Ali_ws/install/ros2_linkattacher:/home/vboxuser/Ali_ws/install/linkattacher_msgs:/opt/ros/humble:/home/vboxuser/Ali_ws/install/xarm_planner:/home/vboxuser/Ali_ws/install/xarm_moveit_servo:/home/vboxuser/Ali_ws/install/xarm_moveit_config:/home/vboxuser/Ali_ws/install/xarm_gazebo:/home/vboxuser/Ali_ws/install/xarm_controller:/home/vboxuser/Ali_ws/install/d435i_xarm_setup:/home/vboxuser/Ali_ws/install/xarm_api:/home/vboxuser/Ali_ws/install/xarm_sdk:/home/vboxuser/Ali_ws/install/xarm_msgs:/home/vboxuser/Ali_ws/install/xarm_description:/home/vboxuser/Ali_ws/install/realsense_gazebo_plugin:/home/vboxuser/Ali_ws/install/mbot_demo CMAKE_PREFIX_PATH=/home/vboxuser/Ali_ws/install/xarm_moveit_config:/home/vboxuser/Ali_ws/install/xarm_gazebo:/home/vboxuser/Ali_ws/install/xarm_controller:/home/vboxuser/Ali_ws/install/xarm_api:/home/vboxuser/Ali_ws/install/xarm_sdk:/home/vboxuser/Ali_ws/install/xarm_msgs:/home/vboxuser/Ali_ws/install/xarm_description:/home/vboxuser/Ali_ws/install/orbbec_description:/home/vboxuser/Ali_ws/install/orbbec_camera:/home/vboxuser/Ali_ws/install/orbbec_camera_msgs:/home/vboxuser/Ali_ws/install/ros2_linkattacher:/home/vboxuser/Ali_ws/install/linkattacher_msgs:/home/vboxuser/Ali_ws/install/xarm_planner:/home/vboxuser/Ali_ws/install/xarm_moveit_servo:/home/vboxuser/Ali_ws/install/d435i_xarm_setup:/home/vboxuser/Ali_ws/install/realsense_gazebo_plugin:/home/vboxuser/Ali_ws/install/mbot_demo:/opt/ros/humble:/home/vboxuser/Ali_ws/install/uf_ros_lib LD_LIBRARY_PATH=/home/vboxuser/Ali_ws/install/xarm_gazebo/lib:/home/vboxuser/Ali_ws/install/xarm_controller/lib:/home/vboxuser/Ali_ws/install/xarm_api/lib:/home/vboxuser/Ali_ws/install/xarm_sdk/lib:/home/vboxuser/Ali_ws/install/xarm_msgs/lib:/home/vboxuser/Ali_ws/install/orbbec_camera/lib:/home/vboxuser/Ali_ws/install/orbbec_camera_msgs/lib:/home/vboxuser/Ali_ws/install/ros2_linkattacher/lib:/home/vboxuser/Ali_ws/install/linkattacher_msgs/lib:/usr/lib/x86_64-linux-gnu/gazebo-11/plugins:/opt/ros/humble/opt/rviz_ogre_vendor/lib:/opt/ros/humble/lib/x86_64-linux-gnu:/opt/ros/humble/lib:/home/vboxuser/Ali_ws/install/xarm_planner/lib:/home/vboxuser/Ali_ws/install/xarm_moveit_servo/lib:/home/vboxuser/Ali_ws/install/realsense_gazebo_plugin/lib PYTHONPATH=/home/vboxuser/Ali_ws/install/uf_ros_lib/lib/python3.10/site-packages:/home/vboxuser/Ali_ws/install/orbbec_camera_msgs/local/lib/python3.10/dist-packages:/home/vboxuser/Ali_ws/install/linkattacher_msgs/local/lib/python3.10/dist-packages:/opt/ros/humble/lib/python3.10/site-packages:/opt/ros/humble/local/lib/python3.10/dist-packages:/home/vboxuser/Ali_ws/install/xarm_msgs/local/lib/python3.10/dist-packages:/home/vboxuser/Ali_ws/build/uf_ros_lib /usr/bin/cmake --build /home/vboxuser/Ali_ws/build/xarm_planner -- -j4 -l4
[66.318s] Invoking command in '/home/vboxuser/Ali_ws/build/xarm_planner': AMENT_PREFIX_PATH=/home/vboxuser/Ali_ws/install/uf_ros_lib:/home/vboxuser/Ali_ws/install/orbbec_description:/home/vboxuser/Ali_ws/install/orbbec_camera:/home/vboxuser/Ali_ws/install/orbbec_camera_msgs:/home/vboxuser/Ali_ws/install/ros2_linkattacher:/home/vboxuser/Ali_ws/install/linkattacher_msgs:/opt/ros/humble:/home/vboxuser/Ali_ws/install/xarm_planner:/home/vboxuser/Ali_ws/install/xarm_moveit_servo:/home/vboxuser/Ali_ws/install/xarm_moveit_config:/home/vboxuser/Ali_ws/install/xarm_gazebo:/home/vboxuser/Ali_ws/install/xarm_controller:/home/vboxuser/Ali_ws/install/d435i_xarm_setup:/home/vboxuser/Ali_ws/install/xarm_api:/home/vboxuser/Ali_ws/install/xarm_sdk:/home/vboxuser/Ali_ws/install/xarm_msgs:/home/vboxuser/Ali_ws/install/xarm_description:/home/vboxuser/Ali_ws/install/realsense_gazebo_plugin:/home/vboxuser/Ali_ws/install/mbot_demo CMAKE_PREFIX_PATH=/home/vboxuser/Ali_ws/install/xarm_moveit_config:/home/vboxuser/Ali_ws/install/xarm_gazebo:/home/vboxuser/Ali_ws/install/xarm_controller:/home/vboxuser/Ali_ws/install/xarm_api:/home/vboxuser/Ali_ws/install/xarm_sdk:/home/vboxuser/Ali_ws/install/xarm_msgs:/home/vboxuser/Ali_ws/install/xarm_description:/home/vboxuser/Ali_ws/install/orbbec_description:/home/vboxuser/Ali_ws/install/orbbec_camera:/home/vboxuser/Ali_ws/install/orbbec_camera_msgs:/home/vboxuser/Ali_ws/install/ros2_linkattacher:/home/vboxuser/Ali_ws/install/linkattacher_msgs:/home/vboxuser/Ali_ws/install/xarm_planner:/home/vboxuser/Ali_ws/install/xarm_moveit_servo:/home/vboxuser/Ali_ws/install/d435i_xarm_setup:/home/vboxuser/Ali_ws/install/realsense_gazebo_plugin:/home/vboxuser/Ali_ws/install/mbot_demo:/opt/ros/humble:/home/vboxuser/Ali_ws/install/uf_ros_lib LD_LIBRARY_PATH=/home/vboxuser/Ali_ws/install/xarm_gazebo/lib:/home/vboxuser/Ali_ws/install/xarm_controller/lib:/home/vboxuser/Ali_ws/install/xarm_api/lib:/home/vboxuser/Ali_ws/install/xarm_sdk/lib:/home/vboxuser/Ali_ws/install/xarm_msgs/lib:/home/vboxuser/Ali_ws/install/orbbec_camera/lib:/home/vboxuser/Ali_ws/install/orbbec_camera_msgs/lib:/home/vboxuser/Ali_ws/install/ros2_linkattacher/lib:/home/vboxuser/Ali_ws/install/linkattacher_msgs/lib:/usr/lib/x86_64-linux-gnu/gazebo-11/plugins:/opt/ros/humble/opt/rviz_ogre_vendor/lib:/opt/ros/humble/lib/x86_64-linux-gnu:/opt/ros/humble/lib:/home/vboxuser/Ali_ws/install/xarm_planner/lib:/home/vboxuser/Ali_ws/install/xarm_moveit_servo/lib:/home/vboxuser/Ali_ws/install/realsense_gazebo_plugin/lib PYTHONPATH=/home/vboxuser/Ali_ws/install/uf_ros_lib/lib/python3.10/site-packages:/home/vboxuser/Ali_ws/install/orbbec_camera_msgs/local/lib/python3.10/dist-packages:/home/vboxuser/Ali_ws/install/linkattacher_msgs/local/lib/python3.10/dist-packages:/opt/ros/humble/lib/python3.10/site-packages:/opt/ros/humble/local/lib/python3.10/dist-packages:/home/vboxuser/Ali_ws/install/xarm_msgs/local/lib/python3.10/dist-packages:/home/vboxuser/Ali_ws/build/uf_ros_lib /usr/bin/cmake --install /home/vboxuser/Ali_ws/build/xarm_planner
[66.329s] -- Install configuration: ""
[66.330s] -- Installing: /home/vboxuser/Ali_ws/install/xarm_planner/include
[66.330s] -- Installing: /home/vboxuser/Ali_ws/install/xarm_planner/include/xarm_planner
[66.330s] -- Installing: /home/vboxuser/Ali_ws/install/xarm_planner/include/xarm_planner/xarm_planner.h
[66.331s] -- Installing: /home/vboxuser/Ali_ws/install/xarm_planner/lib/libxarm_planner.so
[66.332s] -- Set runtime path of "/home/vboxuser/Ali_ws/install/xarm_planner/lib/libxarm_planner.so" to ""
[66.332s] -- Installing: /home/vboxuser/Ali_ws/install/xarm_planner/lib/xarm_planner/xarm_planner_node
[66.333s] -- Set runtime path of "/home/vboxuser/Ali_ws/install/xarm_planner/lib/xarm_planner/xarm_planner_node" to ""
[66.334s] -- Installing: /home/vboxuser/Ali_ws/install/xarm_planner/lib/xarm_planner/xarm_gripper_planner_node
[66.334s] -- Set runtime path of "/home/vboxuser/Ali_ws/install/xarm_planner/lib/xarm_planner/xarm_gripper_planner_node" to ""
[66.334s] -- Installing: /home/vboxuser/Ali_ws/install/xarm_planner/lib/xarm_planner/test_xarm_planner_api_joint
[66.334s] -- Set runtime path of "/home/vboxuser/Ali_ws/install/xarm_planner/lib/xarm_planner/test_xarm_planner_api_joint" to ""
[66.335s] -- Installing: /home/vboxuser/Ali_ws/install/xarm_planner/lib/xarm_planner/test_dual_xarm_planner_api_joint
[66.335s] -- Set runtime path of "/home/vboxuser/Ali_ws/install/xarm_planner/lib/xarm_planner/test_dual_xarm_planner_api_joint" to ""
[66.335s] -- Installing: /home/vboxuser/Ali_ws/install/xarm_planner/lib/xarm_planner/test_xarm_planner_api_pose
[66.335s] -- Set runtime path of "/home/vboxuser/Ali_ws/install/xarm_planner/lib/xarm_planner/test_xarm_planner_api_pose" to ""
[66.335s] -- Installing: /home/vboxuser/Ali_ws/install/xarm_planner/lib/xarm_planner/test_xarm_gripper_planner_api_joint
[66.336s] -- Set runtime path of "/home/vboxuser/Ali_ws/install/xarm_planner/lib/xarm_planner/test_xarm_gripper_planner_api_joint" to ""
[66.337s] -- Installing: /home/vboxuser/Ali_ws/install/xarm_planner/lib/xarm_planner/test_xarm_planner_client_joint
[66.339s] -- Set runtime path of "/home/vboxuser/Ali_ws/install/xarm_planner/lib/xarm_planner/test_xarm_planner_client_joint" to ""
[66.340s] -- Installing: /home/vboxuser/Ali_ws/install/xarm_planner/lib/xarm_planner/test_xarm_planner_client_pose
[66.343s] -- Set runtime path of "/home/vboxuser/Ali_ws/install/xarm_planner/lib/xarm_planner/test_xarm_planner_client_pose" to ""
[66.343s] -- Installing: /home/vboxuser/Ali_ws/install/xarm_planner/lib/xarm_planner/test_xarm_gripper_planner_client_joint
[66.345s] -- Set runtime path of "/home/vboxuser/Ali_ws/install/xarm_planner/lib/xarm_planner/test_xarm_gripper_planner_client_joint" to ""
[66.345s] -- Installing: /home/vboxuser/Ali_ws/install/xarm_planner/lib/xarm_planner/test_lite_gripper_realmove
[66.347s] -- Set runtime path of "/home/vboxuser/Ali_ws/install/xarm_planner/lib/xarm_planner/test_lite_gripper_realmove" to ""
[66.347s] -- Installing: /home/vboxuser/Ali_ws/install/xarm_planner/share/xarm_planner//launch
[66.347s] -- Installing: /home/vboxuser/Ali_ws/install/xarm_planner/share/xarm_planner//launch/xarm6_planner_realmove.launch.py
[66.351s] -- Installing: /home/vboxuser/Ali_ws/install/xarm_planner/share/xarm_planner//launch/lite6_planner_gazebo.launch.py
[66.352s] -- Installing: /home/vboxuser/Ali_ws/install/xarm_planner/share/xarm_planner//launch/xarm7_mirror_planner_gazebo.launch.py
[66.356s] -- Installing: /home/vboxuser/Ali_ws/install/xarm_planner/share/xarm_planner//launch/xarm7_mirror_planner_realmove.launch.py
[66.358s] -- Installing: /home/vboxuser/Ali_ws/install/xarm_planner/share/xarm_planner//launch/xarm7_planner_realmove.launch.py
[66.359s] -- Installing: /home/vboxuser/Ali_ws/install/xarm_planner/share/xarm_planner//launch/_dual_robot_planner.launch.py
[66.359s] -- Installing: /home/vboxuser/Ali_ws/install/xarm_planner/share/xarm_planner//launch/xarm5_planner_fake.launch.py
[66.360s] -- Installing: /home/vboxuser/Ali_ws/install/xarm_planner/share/xarm_planner//launch/xarm7_mirror_planner_fake.launch.py
[66.362s] -- Installing: /home/vboxuser/Ali_ws/install/xarm_planner/share/xarm_planner//launch/test_xarm_planner_client_pose.launch.py
[66.362s] -- Installing: /home/vboxuser/Ali_ws/install/xarm_planner/share/xarm_planner//launch/test_move_group.launch.py
[66.363s] -- Installing: /home/vboxuser/Ali_ws/install/xarm_planner/share/xarm_planner//launch/test_xarm_planner_api_pose.launch.py
[66.364s] -- Installing: /home/vboxuser/Ali_ws/install/xarm_planner/share/xarm_planner//launch/xarm5_planner_realmove.launch.py
[66.364s] -- Installing: /home/vboxuser/Ali_ws/install/xarm_planner/share/xarm_planner//launch/xarm5_planner_gazebo.launch.py
[66.364s] -- Installing: /home/vboxuser/Ali_ws/install/xarm_planner/share/xarm_planner//launch/test_dual_xarm_planner_api_joint.launch.py
[66.365s] -- Installing: /home/vboxuser/Ali_ws/install/xarm_planner/share/xarm_planner//launch/test_xarm_planner_api_joint.launch.py
[66.366s] -- Installing: /home/vboxuser/Ali_ws/install/xarm_planner/share/xarm_planner//launch/xarm7_planner_fake.launch.py
[66.367s] -- Installing: /home/vboxuser/Ali_ws/install/xarm_planner/share/xarm_planner//launch/uf850_planner_fake.launch.py
[66.367s] -- Installing: /home/vboxuser/Ali_ws/install/xarm_planner/share/xarm_planner//launch/lite6_planner_fake.launch.py
[66.368s] -- Installing: /home/vboxuser/Ali_ws/install/xarm_planner/share/xarm_planner//launch/xarm7_planner_gazebo.launch.py
[66.369s] -- Installing: /home/vboxuser/Ali_ws/install/xarm_planner/share/xarm_planner//launch/_robot_planner.launch.py
[66.369s] -- Installing: /home/vboxuser/Ali_ws/install/xarm_planner/share/xarm_planner//launch/test_xarm_gripper_planner_api_joint.launch.py
[66.370s] -- Installing: /home/vboxuser/Ali_ws/install/xarm_planner/share/xarm_planner//launch/test_xarm_planner_client_joint.launch.py
[66.371s] -- Installing: /home/vboxuser/Ali_ws/install/xarm_planner/share/xarm_planner//launch/test_xarm_gripper_planner_client_joint.launch.py
[66.372s] -- Installing: /home/vboxuser/Ali_ws/install/xarm_planner/share/xarm_planner//launch/uf850_planner_realmove.launch.py
[66.373s] -- Installing: /home/vboxuser/Ali_ws/install/xarm_planner/share/xarm_planner//launch/xarm6_planner_fake.launch.py
[66.373s] -- Installing: /home/vboxuser/Ali_ws/install/xarm_planner/share/xarm_planner//launch/uf850_planner_gazebo.launch.py
[66.374s] -- Installing: /home/vboxuser/Ali_ws/install/xarm_planner/share/xarm_planner//launch/xarm6_planner_gazebo.launch.py
[66.375s] -- Installing: /home/vboxuser/Ali_ws/install/xarm_planner/share/xarm_planner//launch/test_lite_gripper_realmove.launch.py
[66.375s] -- Installing: /home/vboxuser/Ali_ws/install/xarm_planner/share/xarm_planner//launch/lite6_planner_realmove.launch.py
[66.376s] -- Installing: /home/vboxuser/Ali_ws/install/xarm_planner/share/ament_index/resource_index/package_run_dependencies/xarm_planner
[66.377s] -- Installing: /home/vboxuser/Ali_ws/install/xarm_planner/share/ament_index/resource_index/parent_prefix_path/xarm_planner
[66.378s] -- Installing: /home/vboxuser/Ali_ws/install/xarm_planner/share/xarm_planner/environment/ament_prefix_path.sh
[66.379s] -- Installing: /home/vboxuser/Ali_ws/install/xarm_planner/share/xarm_planner/environment/ament_prefix_path.dsv
[66.380s] -- Installing: /home/vboxuser/Ali_ws/install/xarm_planner/share/xarm_planner/environment/path.sh
[66.380s] -- Installing: /home/vboxuser/Ali_ws/install/xarm_planner/share/xarm_planner/environment/path.dsv
[66.380s] -- Installing: /home/vboxuser/Ali_ws/install/xarm_planner/share/xarm_planner/local_setup.bash
[66.380s] -- Installing: /home/vboxuser/Ali_ws/install/xarm_planner/share/xarm_planner/local_setup.sh
[66.380s] -- Installing: /home/vboxuser/Ali_ws/install/xarm_planner/share/xarm_planner/local_setup.zsh
[66.380s] -- Installing: /home/vboxuser/Ali_ws/install/xarm_planner/share/xarm_planner/local_setup.dsv
[66.380s] -- Installing: /home/vboxuser/Ali_ws/install/xarm_planner/share/xarm_planner/package.dsv
[66.381s] -- Installing: /home/vboxuser/Ali_ws/install/xarm_planner/share/ament_index/resource_index/packages/xarm_planner
[66.381s] -- Installing: /home/vboxuser/Ali_ws/install/xarm_planner/share/xarm_planner/cmake/xarm_plannerConfig.cmake
[66.381s] -- Installing: /home/vboxuser/Ali_ws/install/xarm_planner/share/xarm_planner/cmake/xarm_plannerConfig-version.cmake
[66.381s] -- Installing: /home/vboxuser/Ali_ws/install/xarm_planner/share/xarm_planner/package.xml
[66.386s] Invoked command in '/home/vboxuser/Ali_ws/build/xarm_planner' returned '0': AMENT_PREFIX_PATH=/home/vboxuser/Ali_ws/install/uf_ros_lib:/home/vboxuser/Ali_ws/install/orbbec_description:/home/vboxuser/Ali_ws/install/orbbec_camera:/home/vboxuser/Ali_ws/install/orbbec_camera_msgs:/home/vboxuser/Ali_ws/install/ros2_linkattacher:/home/vboxuser/Ali_ws/install/linkattacher_msgs:/opt/ros/humble:/home/vboxuser/Ali_ws/install/xarm_planner:/home/vboxuser/Ali_ws/install/xarm_moveit_servo:/home/vboxuser/Ali_ws/install/xarm_moveit_config:/home/vboxuser/Ali_ws/install/xarm_gazebo:/home/vboxuser/Ali_ws/install/xarm_controller:/home/vboxuser/Ali_ws/install/d435i_xarm_setup:/home/vboxuser/Ali_ws/install/xarm_api:/home/vboxuser/Ali_ws/install/xarm_sdk:/home/vboxuser/Ali_ws/install/xarm_msgs:/home/vboxuser/Ali_ws/install/xarm_description:/home/vboxuser/Ali_ws/install/realsense_gazebo_plugin:/home/vboxuser/Ali_ws/install/mbot_demo CMAKE_PREFIX_PATH=/home/vboxuser/Ali_ws/install/xarm_moveit_config:/home/vboxuser/Ali_ws/install/xarm_gazebo:/home/vboxuser/Ali_ws/install/xarm_controller:/home/vboxuser/Ali_ws/install/xarm_api:/home/vboxuser/Ali_ws/install/xarm_sdk:/home/vboxuser/Ali_ws/install/xarm_msgs:/home/vboxuser/Ali_ws/install/xarm_description:/home/vboxuser/Ali_ws/install/orbbec_description:/home/vboxuser/Ali_ws/install/orbbec_camera:/home/vboxuser/Ali_ws/install/orbbec_camera_msgs:/home/vboxuser/Ali_ws/install/ros2_linkattacher:/home/vboxuser/Ali_ws/install/linkattacher_msgs:/home/vboxuser/Ali_ws/install/xarm_planner:/home/vboxuser/Ali_ws/install/xarm_moveit_servo:/home/vboxuser/Ali_ws/install/d435i_xarm_setup:/home/vboxuser/Ali_ws/install/realsense_gazebo_plugin:/home/vboxuser/Ali_ws/install/mbot_demo:/opt/ros/humble:/home/vboxuser/Ali_ws/install/uf_ros_lib LD_LIBRARY_PATH=/home/vboxuser/Ali_ws/install/xarm_gazebo/lib:/home/vboxuser/Ali_ws/install/xarm_controller/lib:/home/vboxuser/Ali_ws/install/xarm_api/lib:/home/vboxuser/Ali_ws/install/xarm_sdk/lib:/home/vboxuser/Ali_ws/install/xarm_msgs/lib:/home/vboxuser/Ali_ws/install/orbbec_camera/lib:/home/vboxuser/Ali_ws/install/orbbec_camera_msgs/lib:/home/vboxuser/Ali_ws/install/ros2_linkattacher/lib:/home/vboxuser/Ali_ws/install/linkattacher_msgs/lib:/usr/lib/x86_64-linux-gnu/gazebo-11/plugins:/opt/ros/humble/opt/rviz_ogre_vendor/lib:/opt/ros/humble/lib/x86_64-linux-gnu:/opt/ros/humble/lib:/home/vboxuser/Ali_ws/install/xarm_planner/lib:/home/vboxuser/Ali_ws/install/xarm_moveit_servo/lib:/home/vboxuser/Ali_ws/install/realsense_gazebo_plugin/lib PYTHONPATH=/home/vboxuser/Ali_ws/install/uf_ros_lib/lib/python3.10/site-packages:/home/vboxuser/Ali_ws/install/orbbec_camera_msgs/local/lib/python3.10/dist-packages:/home/vboxuser/Ali_ws/install/linkattacher_msgs/local/lib/python3.10/dist-packages:/opt/ros/humble/lib/python3.10/site-packages:/opt/ros/humble/local/lib/python3.10/dist-packages:/home/vboxuser/Ali_ws/install/xarm_msgs/local/lib/python3.10/dist-packages:/home/vboxuser/Ali_ws/build/uf_ros_lib /usr/bin/cmake --install /home/vboxuser/Ali_ws/build/xarm_planner
