[0.060s] Invoking command in '/home/vboxuser/Ali_ws/build/orbbec_camera_msgs': /usr/bin/cmake --build /home/vboxuser/Ali_ws/build/orbbec_camera_msgs -- -j4 -l4
[0.239s] [  0%] Built target orbbec_camera_msgs__cpp
[0.333s] [ 12%] Built target orbbec_camera_msgs__rosidl_generator_c
[0.398s] [ 12%] Built target ament_cmake_python_copy_orbbec_camera_msgs
[0.472s] [ 24%] Built target orbbec_camera_msgs__rosidl_typesupport_cpp
[0.510s] [ 36%] Built target orbbec_camera_msgs__rosidl_typesupport_introspection_cpp
[0.522s] [ 48%] Built target orbbec_camera_msgs__rosidl_typesupport_fastrtps_cpp
[0.639s] [ 60%] Built target orbbec_camera_msgs__rosidl_typesupport_introspection_c
[0.640s] [ 72%] Built target orbbec_camera_msgs__rosidl_typesupport_fastrtps_c
[0.747s] [ 84%] Built target orbbec_camera_msgs__rosidl_typesupport_c
[0.768s] [ 84%] Built target orbbec_camera_msgs
[0.876s] [ 85%] Built target orbbec_camera_msgs__py
[0.964s] [ 96%] Built target orbbec_camera_msgs__rosidl_generator_py
[1.100s] [ 98%] Built target orbbec_camera_msgs__rosidl_typesupport_introspection_c__pyext
[1.117s] [ 99%] Built target orbbec_camera_msgs__rosidl_typesupport_fastrtps_c__pyext
[1.118s] [100%] Built target orbbec_camera_msgs__rosidl_typesupport_c__pyext
[1.362s] running egg_info
[1.445s] writing orbbec_camera_msgs.egg-info/PKG-INFO
[1.445s] writing dependency_links to orbbec_camera_msgs.egg-info/dependency_links.txt
[1.445s] writing top-level names to orbbec_camera_msgs.egg-info/top_level.txt
[1.502s] reading manifest file 'orbbec_camera_msgs.egg-info/SOURCES.txt'
[1.502s] writing manifest file 'orbbec_camera_msgs.egg-info/SOURCES.txt'
[1.595s] [100%] Built target ament_cmake_python_build_orbbec_camera_msgs_egg
[1.705s] Invoked command in '/home/vboxuser/Ali_ws/build/orbbec_camera_msgs' returned '0': /usr/bin/cmake --build /home/vboxuser/Ali_ws/build/orbbec_camera_msgs -- -j4 -l4
[1.706s] Invoking command in '/home/vboxuser/Ali_ws/build/orbbec_camera_msgs': /usr/bin/cmake --install /home/vboxuser/Ali_ws/build/orbbec_camera_msgs
[1.903s] -- Install configuration: ""
[1.903s] -- Up-to-date: /home/vboxuser/Ali_ws/install/orbbec_camera_msgs/share/ament_index/resource_index/rosidl_interfaces/orbbec_camera_msgs
[1.904s] -- Up-to-date: /home/vboxuser/Ali_ws/install/orbbec_camera_msgs/include/orbbec_camera_msgs/orbbec_camera_msgs
[1.904s] -- Up-to-date: /home/vboxuser/Ali_ws/install/orbbec_camera_msgs/include/orbbec_camera_msgs/orbbec_camera_msgs/srv
[1.904s] -- Up-to-date: /home/vboxuser/Ali_ws/install/orbbec_camera_msgs/include/orbbec_camera_msgs/orbbec_camera_msgs/srv/get_int32.h
[1.904s] -- Up-to-date: /home/vboxuser/Ali_ws/install/orbbec_camera_msgs/include/orbbec_camera_msgs/orbbec_camera_msgs/srv/set_arrays.h
[1.904s] -- Up-to-date: /home/vboxuser/Ali_ws/install/orbbec_camera_msgs/include/orbbec_camera_msgs/orbbec_camera_msgs/srv/get_user_calib_params.h
[1.904s] -- Up-to-date: /home/vboxuser/Ali_ws/install/orbbec_camera_msgs/include/orbbec_camera_msgs/orbbec_camera_msgs/srv/detail
[1.904s] -- Up-to-date: /home/vboxuser/Ali_ws/install/orbbec_camera_msgs/include/orbbec_camera_msgs/orbbec_camera_msgs/srv/detail/get_bool__functions.h
[1.904s] -- Up-to-date: /home/vboxuser/Ali_ws/install/orbbec_camera_msgs/include/orbbec_camera_msgs/orbbec_camera_msgs/srv/detail/set_filter__type_support.h
[1.904s] -- Up-to-date: /home/vboxuser/Ali_ws/install/orbbec_camera_msgs/include/orbbec_camera_msgs/orbbec_camera_msgs/srv/detail/set_string__type_support.h
[1.904s] -- Up-to-date: /home/vboxuser/Ali_ws/install/orbbec_camera_msgs/include/orbbec_camera_msgs/orbbec_camera_msgs/srv/detail/get_int32__functions.h
[1.904s] -- Up-to-date: /home/vboxuser/Ali_ws/install/orbbec_camera_msgs/include/orbbec_camera_msgs/orbbec_camera_msgs/srv/detail/get_user_calib_params__type_support.h
[1.963s] -- Up-to-date: /home/vboxuser/Ali_ws/install/orbbec_camera_msgs/include/orbbec_camera_msgs/orbbec_camera_msgs/srv/detail/get_int32__struct.h
[1.963s] -- Up-to-date: /home/vboxuser/Ali_ws/install/orbbec_camera_msgs/include/orbbec_camera_msgs/orbbec_camera_msgs/srv/detail/set_filter__struct.h
[1.963s] -- Up-to-date: /home/vboxuser/Ali_ws/install/orbbec_camera_msgs/include/orbbec_camera_msgs/orbbec_camera_msgs/srv/detail/set_user_calib_params__type_support.h
[1.963s] -- Up-to-date: /home/vboxuser/Ali_ws/install/orbbec_camera_msgs/include/orbbec_camera_msgs/orbbec_camera_msgs/srv/detail/get_camera_info__type_support.h
[1.963s] -- Up-to-date: /home/vboxuser/Ali_ws/install/orbbec_camera_msgs/include/orbbec_camera_msgs/orbbec_camera_msgs/srv/detail/set_int32__struct.h
[1.963s] -- Up-to-date: /home/vboxuser/Ali_ws/install/orbbec_camera_msgs/include/orbbec_camera_msgs/orbbec_camera_msgs/srv/detail/set_user_calib_params__functions.c
[1.964s] -- Up-to-date: /home/vboxuser/Ali_ws/install/orbbec_camera_msgs/include/orbbec_camera_msgs/orbbec_camera_msgs/srv/detail/set_string__functions.c
[1.964s] -- Up-to-date: /home/vboxuser/Ali_ws/install/orbbec_camera_msgs/include/orbbec_camera_msgs/orbbec_camera_msgs/srv/detail/get_string__struct.h
[1.964s] -- Up-to-date: /home/vboxuser/Ali_ws/install/orbbec_camera_msgs/include/orbbec_camera_msgs/orbbec_camera_msgs/srv/detail/set_arrays__functions.h
[1.964s] -- Up-to-date: /home/vboxuser/Ali_ws/install/orbbec_camera_msgs/include/orbbec_camera_msgs/orbbec_camera_msgs/srv/detail/set_int32__functions.h
[1.964s] -- Up-to-date: /home/vboxuser/Ali_ws/install/orbbec_camera_msgs/include/orbbec_camera_msgs/orbbec_camera_msgs/srv/detail/get_device_info__type_support.h
[1.964s] -- Up-to-date: /home/vboxuser/Ali_ws/install/orbbec_camera_msgs/include/orbbec_camera_msgs/orbbec_camera_msgs/srv/detail/get_device_info__struct.h
[1.964s] -- Up-to-date: /home/vboxuser/Ali_ws/install/orbbec_camera_msgs/include/orbbec_camera_msgs/orbbec_camera_msgs/srv/detail/set_string__struct.h
[1.964s] -- Up-to-date: /home/vboxuser/Ali_ws/install/orbbec_camera_msgs/include/orbbec_camera_msgs/orbbec_camera_msgs/srv/detail/set_user_calib_params__struct.h
[1.965s] -- Up-to-date: /home/vboxuser/Ali_ws/install/orbbec_camera_msgs/include/orbbec_camera_msgs/orbbec_camera_msgs/srv/detail/set_filter__functions.h
[1.965s] -- Up-to-date: /home/vboxuser/Ali_ws/install/orbbec_camera_msgs/include/orbbec_camera_msgs/orbbec_camera_msgs/srv/detail/set_arrays__struct.h
[1.965s] -- Up-to-date: /home/vboxuser/Ali_ws/install/orbbec_camera_msgs/include/orbbec_camera_msgs/orbbec_camera_msgs/srv/detail/get_user_calib_params__struct.h
[1.965s] -- Up-to-date: /home/vboxuser/Ali_ws/install/orbbec_camera_msgs/include/orbbec_camera_msgs/orbbec_camera_msgs/srv/detail/get_device_info__functions.h
[1.965s] -- Up-to-date: /home/vboxuser/Ali_ws/install/orbbec_camera_msgs/include/orbbec_camera_msgs/orbbec_camera_msgs/srv/detail/get_camera_info__functions.c
[1.965s] -- Up-to-date: /home/vboxuser/Ali_ws/install/orbbec_camera_msgs/include/orbbec_camera_msgs/orbbec_camera_msgs/srv/detail/get_camera_info__struct.h
[1.965s] -- Up-to-date: /home/vboxuser/Ali_ws/install/orbbec_camera_msgs/include/orbbec_camera_msgs/orbbec_camera_msgs/srv/detail/get_bool__struct.h
[1.965s] -- Up-to-date: /home/vboxuser/Ali_ws/install/orbbec_camera_msgs/include/orbbec_camera_msgs/orbbec_camera_msgs/srv/detail/get_bool__functions.c
[1.965s] -- Up-to-date: /home/vboxuser/Ali_ws/install/orbbec_camera_msgs/include/orbbec_camera_msgs/orbbec_camera_msgs/srv/detail/set_int32__type_support.h
[1.965s] -- Up-to-date: /home/vboxuser/Ali_ws/install/orbbec_camera_msgs/include/orbbec_camera_msgs/orbbec_camera_msgs/srv/detail/get_user_calib_params__functions.c
[1.965s] -- Up-to-date: /home/vboxuser/Ali_ws/install/orbbec_camera_msgs/include/orbbec_camera_msgs/orbbec_camera_msgs/srv/detail/get_string__type_support.h
[1.966s] -- Up-to-date: /home/vboxuser/Ali_ws/install/orbbec_camera_msgs/include/orbbec_camera_msgs/orbbec_camera_msgs/srv/detail/get_int32__functions.c
[1.966s] -- Up-to-date: /home/vboxuser/Ali_ws/install/orbbec_camera_msgs/include/orbbec_camera_msgs/orbbec_camera_msgs/srv/detail/set_string__functions.h
[1.966s] -- Up-to-date: /home/vboxuser/Ali_ws/install/orbbec_camera_msgs/include/orbbec_camera_msgs/orbbec_camera_msgs/srv/detail/get_device_info__functions.c
[1.966s] -- Up-to-date: /home/vboxuser/Ali_ws/install/orbbec_camera_msgs/include/orbbec_camera_msgs/orbbec_camera_msgs/srv/detail/get_int32__type_support.h
[1.966s] -- Up-to-date: /home/vboxuser/Ali_ws/install/orbbec_camera_msgs/include/orbbec_camera_msgs/orbbec_camera_msgs/srv/detail/set_arrays__type_support.h
[1.966s] -- Up-to-date: /home/vboxuser/Ali_ws/install/orbbec_camera_msgs/include/orbbec_camera_msgs/orbbec_camera_msgs/srv/detail/get_bool__type_support.h
[1.966s] -- Up-to-date: /home/vboxuser/Ali_ws/install/orbbec_camera_msgs/include/orbbec_camera_msgs/orbbec_camera_msgs/srv/detail/get_string__functions.c
[1.966s] -- Up-to-date: /home/vboxuser/Ali_ws/install/orbbec_camera_msgs/include/orbbec_camera_msgs/orbbec_camera_msgs/srv/detail/get_user_calib_params__functions.h
[1.966s] -- Up-to-date: /home/vboxuser/Ali_ws/install/orbbec_camera_msgs/include/orbbec_camera_msgs/orbbec_camera_msgs/srv/detail/set_int32__functions.c
[1.967s] -- Up-to-date: /home/vboxuser/Ali_ws/install/orbbec_camera_msgs/include/orbbec_camera_msgs/orbbec_camera_msgs/srv/detail/set_arrays__functions.c
[1.967s] -- Up-to-date: /home/vboxuser/Ali_ws/install/orbbec_camera_msgs/include/orbbec_camera_msgs/orbbec_camera_msgs/srv/detail/set_user_calib_params__functions.h
[1.967s] -- Up-to-date: /home/vboxuser/Ali_ws/install/orbbec_camera_msgs/include/orbbec_camera_msgs/orbbec_camera_msgs/srv/detail/get_string__functions.h
[1.967s] -- Up-to-date: /home/vboxuser/Ali_ws/install/orbbec_camera_msgs/include/orbbec_camera_msgs/orbbec_camera_msgs/srv/detail/get_camera_info__functions.h
[1.967s] -- Up-to-date: /home/vboxuser/Ali_ws/install/orbbec_camera_msgs/include/orbbec_camera_msgs/orbbec_camera_msgs/srv/detail/set_filter__functions.c
[1.967s] -- Up-to-date: /home/vboxuser/Ali_ws/install/orbbec_camera_msgs/include/orbbec_camera_msgs/orbbec_camera_msgs/srv/get_string.h
[1.967s] -- Up-to-date: /home/vboxuser/Ali_ws/install/orbbec_camera_msgs/include/orbbec_camera_msgs/orbbec_camera_msgs/srv/set_user_calib_params.h
[1.967s] -- Up-to-date: /home/vboxuser/Ali_ws/install/orbbec_camera_msgs/include/orbbec_camera_msgs/orbbec_camera_msgs/srv/get_camera_info.h
[1.967s] -- Up-to-date: /home/vboxuser/Ali_ws/install/orbbec_camera_msgs/include/orbbec_camera_msgs/orbbec_camera_msgs/srv/get_bool.h
[1.967s] -- Up-to-date: /home/vboxuser/Ali_ws/install/orbbec_camera_msgs/include/orbbec_camera_msgs/orbbec_camera_msgs/srv/get_device_info.h
[1.967s] -- Up-to-date: /home/vboxuser/Ali_ws/install/orbbec_camera_msgs/include/orbbec_camera_msgs/orbbec_camera_msgs/srv/set_filter.h
[1.968s] -- Up-to-date: /home/vboxuser/Ali_ws/install/orbbec_camera_msgs/include/orbbec_camera_msgs/orbbec_camera_msgs/srv/set_string.h
[1.968s] -- Up-to-date: /home/vboxuser/Ali_ws/install/orbbec_camera_msgs/include/orbbec_camera_msgs/orbbec_camera_msgs/srv/set_int32.h
[1.968s] -- Up-to-date: /home/vboxuser/Ali_ws/install/orbbec_camera_msgs/include/orbbec_camera_msgs/orbbec_camera_msgs/msg
[1.968s] -- Up-to-date: /home/vboxuser/Ali_ws/install/orbbec_camera_msgs/include/orbbec_camera_msgs/orbbec_camera_msgs/msg/device_info.h
[1.968s] -- Up-to-date: /home/vboxuser/Ali_ws/install/orbbec_camera_msgs/include/orbbec_camera_msgs/orbbec_camera_msgs/msg/extrinsics.h
[1.968s] -- Up-to-date: /home/vboxuser/Ali_ws/install/orbbec_camera_msgs/include/orbbec_camera_msgs/orbbec_camera_msgs/msg/detail
[1.968s] -- Up-to-date: /home/vboxuser/Ali_ws/install/orbbec_camera_msgs/include/orbbec_camera_msgs/orbbec_camera_msgs/msg/detail/device_info__type_support.h
[1.968s] -- Up-to-date: /home/vboxuser/Ali_ws/install/orbbec_camera_msgs/include/orbbec_camera_msgs/orbbec_camera_msgs/msg/detail/device_status__type_support.h
[1.968s] -- Up-to-date: /home/vboxuser/Ali_ws/install/orbbec_camera_msgs/include/orbbec_camera_msgs/orbbec_camera_msgs/msg/detail/extrinsics__struct.h
[1.968s] -- Up-to-date: /home/vboxuser/Ali_ws/install/orbbec_camera_msgs/include/orbbec_camera_msgs/orbbec_camera_msgs/msg/detail/imu_info__struct.h
[1.969s] -- Up-to-date: /home/vboxuser/Ali_ws/install/orbbec_camera_msgs/include/orbbec_camera_msgs/orbbec_camera_msgs/msg/detail/device_status__functions.c
[1.969s] -- Up-to-date: /home/vboxuser/Ali_ws/install/orbbec_camera_msgs/include/orbbec_camera_msgs/orbbec_camera_msgs/msg/detail/metadata__functions.c
[1.969s] -- Up-to-date: /home/vboxuser/Ali_ws/install/orbbec_camera_msgs/include/orbbec_camera_msgs/orbbec_camera_msgs/msg/detail/device_status__struct.h
[1.969s] -- Up-to-date: /home/vboxuser/Ali_ws/install/orbbec_camera_msgs/include/orbbec_camera_msgs/orbbec_camera_msgs/msg/detail/rgbd__struct.h
[1.969s] -- Up-to-date: /home/vboxuser/Ali_ws/install/orbbec_camera_msgs/include/orbbec_camera_msgs/orbbec_camera_msgs/msg/detail/device_info__functions.h
[1.969s] -- Up-to-date: /home/vboxuser/Ali_ws/install/orbbec_camera_msgs/include/orbbec_camera_msgs/orbbec_camera_msgs/msg/detail/device_info__struct.h
[1.969s] -- Up-to-date: /home/vboxuser/Ali_ws/install/orbbec_camera_msgs/include/orbbec_camera_msgs/orbbec_camera_msgs/msg/detail/extrinsics__type_support.h
[1.969s] -- Up-to-date: /home/vboxuser/Ali_ws/install/orbbec_camera_msgs/include/orbbec_camera_msgs/orbbec_camera_msgs/msg/detail/imu_info__functions.h
[1.969s] -- Up-to-date: /home/vboxuser/Ali_ws/install/orbbec_camera_msgs/include/orbbec_camera_msgs/orbbec_camera_msgs/msg/detail/rgbd__functions.h
[1.969s] -- Up-to-date: /home/vboxuser/Ali_ws/install/orbbec_camera_msgs/include/orbbec_camera_msgs/orbbec_camera_msgs/msg/detail/metadata__struct.h
[1.969s] -- Up-to-date: /home/vboxuser/Ali_ws/install/orbbec_camera_msgs/include/orbbec_camera_msgs/orbbec_camera_msgs/msg/detail/extrinsics__functions.h
[1.969s] -- Up-to-date: /home/vboxuser/Ali_ws/install/orbbec_camera_msgs/include/orbbec_camera_msgs/orbbec_camera_msgs/msg/detail/imu_info__functions.c
[1.970s] -- Up-to-date: /home/vboxuser/Ali_ws/install/orbbec_camera_msgs/include/orbbec_camera_msgs/orbbec_camera_msgs/msg/detail/device_info__functions.c
[1.970s] -- Up-to-date: /home/vboxuser/Ali_ws/install/orbbec_camera_msgs/include/orbbec_camera_msgs/orbbec_camera_msgs/msg/detail/imu_info__type_support.h
[1.970s] -- Up-to-date: /home/vboxuser/Ali_ws/install/orbbec_camera_msgs/include/orbbec_camera_msgs/orbbec_camera_msgs/msg/detail/extrinsics__functions.c
[1.970s] -- Up-to-date: /home/vboxuser/Ali_ws/install/orbbec_camera_msgs/include/orbbec_camera_msgs/orbbec_camera_msgs/msg/detail/metadata__functions.h
[1.970s] -- Up-to-date: /home/vboxuser/Ali_ws/install/orbbec_camera_msgs/include/orbbec_camera_msgs/orbbec_camera_msgs/msg/detail/device_status__functions.h
[1.970s] -- Up-to-date: /home/vboxuser/Ali_ws/install/orbbec_camera_msgs/include/orbbec_camera_msgs/orbbec_camera_msgs/msg/detail/rgbd__type_support.h
[1.970s] -- Up-to-date: /home/vboxuser/Ali_ws/install/orbbec_camera_msgs/include/orbbec_camera_msgs/orbbec_camera_msgs/msg/detail/rgbd__functions.c
[1.970s] -- Up-to-date: /home/vboxuser/Ali_ws/install/orbbec_camera_msgs/include/orbbec_camera_msgs/orbbec_camera_msgs/msg/detail/metadata__type_support.h
[1.970s] -- Up-to-date: /home/vboxuser/Ali_ws/install/orbbec_camera_msgs/include/orbbec_camera_msgs/orbbec_camera_msgs/msg/device_status.h
[1.970s] -- Up-to-date: /home/vboxuser/Ali_ws/install/orbbec_camera_msgs/include/orbbec_camera_msgs/orbbec_camera_msgs/msg/metadata.h
[1.970s] -- Up-to-date: /home/vboxuser/Ali_ws/install/orbbec_camera_msgs/include/orbbec_camera_msgs/orbbec_camera_msgs/msg/imu_info.h
[1.971s] -- Up-to-date: /home/vboxuser/Ali_ws/install/orbbec_camera_msgs/include/orbbec_camera_msgs/orbbec_camera_msgs/msg/rosidl_generator_c__visibility_control.h
[1.971s] -- Up-to-date: /home/vboxuser/Ali_ws/install/orbbec_camera_msgs/include/orbbec_camera_msgs/orbbec_camera_msgs/msg/rgbd.h
[1.971s] -- Up-to-date: /home/vboxuser/Ali_ws/install/orbbec_camera_msgs/share/orbbec_camera_msgs/environment/library_path.sh
[1.971s] -- Up-to-date: /home/vboxuser/Ali_ws/install/orbbec_camera_msgs/share/orbbec_camera_msgs/environment/library_path.dsv
[1.971s] -- Up-to-date: /home/vboxuser/Ali_ws/install/orbbec_camera_msgs/lib/liborbbec_camera_msgs__rosidl_generator_c.so
[1.971s] -- Up-to-date: /home/vboxuser/Ali_ws/install/orbbec_camera_msgs/include/orbbec_camera_msgs/orbbec_camera_msgs
[1.971s] -- Up-to-date: /home/vboxuser/Ali_ws/install/orbbec_camera_msgs/include/orbbec_camera_msgs/orbbec_camera_msgs/srv
[1.971s] -- Up-to-date: /home/vboxuser/Ali_ws/install/orbbec_camera_msgs/include/orbbec_camera_msgs/orbbec_camera_msgs/srv/detail
[1.971s] -- Up-to-date: /home/vboxuser/Ali_ws/install/orbbec_camera_msgs/include/orbbec_camera_msgs/orbbec_camera_msgs/srv/detail/get_int32__rosidl_typesupport_fastrtps_c.h
[1.972s] -- Up-to-date: /home/vboxuser/Ali_ws/install/orbbec_camera_msgs/include/orbbec_camera_msgs/orbbec_camera_msgs/srv/detail/get_user_calib_params__rosidl_typesupport_fastrtps_c.h
[1.972s] -- Up-to-date: /home/vboxuser/Ali_ws/install/orbbec_camera_msgs/include/orbbec_camera_msgs/orbbec_camera_msgs/srv/detail/set_string__rosidl_typesupport_fastrtps_c.h
[1.972s] -- Up-to-date: /home/vboxuser/Ali_ws/install/orbbec_camera_msgs/include/orbbec_camera_msgs/orbbec_camera_msgs/srv/detail/get_camera_info__rosidl_typesupport_fastrtps_c.h
[1.972s] -- Up-to-date: /home/vboxuser/Ali_ws/install/orbbec_camera_msgs/include/orbbec_camera_msgs/orbbec_camera_msgs/srv/detail/set_arrays__rosidl_typesupport_fastrtps_c.h
[1.972s] -- Up-to-date: /home/vboxuser/Ali_ws/install/orbbec_camera_msgs/include/orbbec_camera_msgs/orbbec_camera_msgs/srv/detail/set_int32__rosidl_typesupport_fastrtps_c.h
[1.972s] -- Up-to-date: /home/vboxuser/Ali_ws/install/orbbec_camera_msgs/include/orbbec_camera_msgs/orbbec_camera_msgs/srv/detail/set_filter__rosidl_typesupport_fastrtps_c.h
[1.972s] -- Up-to-date: /home/vboxuser/Ali_ws/install/orbbec_camera_msgs/include/orbbec_camera_msgs/orbbec_camera_msgs/srv/detail/get_device_info__rosidl_typesupport_fastrtps_c.h
[1.972s] -- Up-to-date: /home/vboxuser/Ali_ws/install/orbbec_camera_msgs/include/orbbec_camera_msgs/orbbec_camera_msgs/srv/detail/get_string__rosidl_typesupport_fastrtps_c.h
[1.972s] -- Up-to-date: /home/vboxuser/Ali_ws/install/orbbec_camera_msgs/include/orbbec_camera_msgs/orbbec_camera_msgs/srv/detail/get_bool__rosidl_typesupport_fastrtps_c.h
[1.972s] -- Up-to-date: /home/vboxuser/Ali_ws/install/orbbec_camera_msgs/include/orbbec_camera_msgs/orbbec_camera_msgs/srv/detail/set_user_calib_params__rosidl_typesupport_fastrtps_c.h
[1.973s] -- Up-to-date: /home/vboxuser/Ali_ws/install/orbbec_camera_msgs/include/orbbec_camera_msgs/orbbec_camera_msgs/msg
[1.973s] -- Up-to-date: /home/vboxuser/Ali_ws/install/orbbec_camera_msgs/include/orbbec_camera_msgs/orbbec_camera_msgs/msg/detail
[1.973s] -- Up-to-date: /home/vboxuser/Ali_ws/install/orbbec_camera_msgs/include/orbbec_camera_msgs/orbbec_camera_msgs/msg/detail/imu_info__rosidl_typesupport_fastrtps_c.h
[1.973s] -- Up-to-date: /home/vboxuser/Ali_ws/install/orbbec_camera_msgs/include/orbbec_camera_msgs/orbbec_camera_msgs/msg/detail/rgbd__rosidl_typesupport_fastrtps_c.h
[1.973s] -- Up-to-date: /home/vboxuser/Ali_ws/install/orbbec_camera_msgs/include/orbbec_camera_msgs/orbbec_camera_msgs/msg/detail/extrinsics__rosidl_typesupport_fastrtps_c.h
[1.973s] -- Up-to-date: /home/vboxuser/Ali_ws/install/orbbec_camera_msgs/include/orbbec_camera_msgs/orbbec_camera_msgs/msg/detail/device_status__rosidl_typesupport_fastrtps_c.h
[1.973s] -- Up-to-date: /home/vboxuser/Ali_ws/install/orbbec_camera_msgs/include/orbbec_camera_msgs/orbbec_camera_msgs/msg/detail/metadata__rosidl_typesupport_fastrtps_c.h
[1.973s] -- Up-to-date: /home/vboxuser/Ali_ws/install/orbbec_camera_msgs/include/orbbec_camera_msgs/orbbec_camera_msgs/msg/detail/device_info__rosidl_typesupport_fastrtps_c.h
[1.973s] -- Up-to-date: /home/vboxuser/Ali_ws/install/orbbec_camera_msgs/include/orbbec_camera_msgs/orbbec_camera_msgs/msg/rosidl_typesupport_fastrtps_c__visibility_control.h
[1.973s] -- Up-to-date: /home/vboxuser/Ali_ws/install/orbbec_camera_msgs/lib/liborbbec_camera_msgs__rosidl_typesupport_fastrtps_c.so
[1.973s] -- Up-to-date: /home/vboxuser/Ali_ws/install/orbbec_camera_msgs/include/orbbec_camera_msgs/orbbec_camera_msgs
[1.974s] -- Up-to-date: /home/vboxuser/Ali_ws/install/orbbec_camera_msgs/include/orbbec_camera_msgs/orbbec_camera_msgs/srv
[1.974s] -- Up-to-date: /home/vboxuser/Ali_ws/install/orbbec_camera_msgs/include/orbbec_camera_msgs/orbbec_camera_msgs/srv/detail
[1.974s] -- Up-to-date: /home/vboxuser/Ali_ws/install/orbbec_camera_msgs/include/orbbec_camera_msgs/orbbec_camera_msgs/srv/detail/get_int32__rosidl_typesupport_introspection_c.h
[1.974s] -- Up-to-date: /home/vboxuser/Ali_ws/install/orbbec_camera_msgs/include/orbbec_camera_msgs/orbbec_camera_msgs/srv/detail/set_int32__type_support.c
[1.974s] -- Up-to-date: /home/vboxuser/Ali_ws/install/orbbec_camera_msgs/include/orbbec_camera_msgs/orbbec_camera_msgs/srv/detail/set_filter__rosidl_typesupport_introspection_c.h
[1.974s] -- Up-to-date: /home/vboxuser/Ali_ws/install/orbbec_camera_msgs/include/orbbec_camera_msgs/orbbec_camera_msgs/srv/detail/set_int32__rosidl_typesupport_introspection_c.h
[1.974s] -- Up-to-date: /home/vboxuser/Ali_ws/install/orbbec_camera_msgs/include/orbbec_camera_msgs/orbbec_camera_msgs/srv/detail/get_bool__type_support.c
[1.974s] -- Up-to-date: /home/vboxuser/Ali_ws/install/orbbec_camera_msgs/include/orbbec_camera_msgs/orbbec_camera_msgs/srv/detail/set_string__rosidl_typesupport_introspection_c.h
[2.003s] -- Up-to-date: /home/vboxuser/Ali_ws/install/orbbec_camera_msgs/include/orbbec_camera_msgs/orbbec_camera_msgs/srv/detail/set_string__type_support.c
[2.004s] -- Up-to-date: /home/vboxuser/Ali_ws/install/orbbec_camera_msgs/include/orbbec_camera_msgs/orbbec_camera_msgs/srv/detail/get_int32__type_support.c
[2.004s] -- Up-to-date: /home/vboxuser/Ali_ws/install/orbbec_camera_msgs/include/orbbec_camera_msgs/orbbec_camera_msgs/srv/detail/get_camera_info__type_support.c
[2.004s] -- Up-to-date: /home/vboxuser/Ali_ws/install/orbbec_camera_msgs/include/orbbec_camera_msgs/orbbec_camera_msgs/srv/detail/set_arrays__rosidl_typesupport_introspection_c.h
[2.006s] -- Up-to-date: /home/vboxuser/Ali_ws/install/orbbec_camera_msgs/include/orbbec_camera_msgs/orbbec_camera_msgs/srv/detail/get_user_calib_params__rosidl_typesupport_introspection_c.h
[2.006s] -- Up-to-date: /home/vboxuser/Ali_ws/install/orbbec_camera_msgs/include/orbbec_camera_msgs/orbbec_camera_msgs/srv/detail/get_bool__rosidl_typesupport_introspection_c.h
[2.006s] -- Up-to-date: /home/vboxuser/Ali_ws/install/orbbec_camera_msgs/include/orbbec_camera_msgs/orbbec_camera_msgs/srv/detail/set_filter__type_support.c
[2.006s] -- Up-to-date: /home/vboxuser/Ali_ws/install/orbbec_camera_msgs/include/orbbec_camera_msgs/orbbec_camera_msgs/srv/detail/set_arrays__type_support.c
[2.006s] -- Up-to-date: /home/vboxuser/Ali_ws/install/orbbec_camera_msgs/include/orbbec_camera_msgs/orbbec_camera_msgs/srv/detail/get_device_info__type_support.c
[2.006s] -- Up-to-date: /home/vboxuser/Ali_ws/install/orbbec_camera_msgs/include/orbbec_camera_msgs/orbbec_camera_msgs/srv/detail/set_user_calib_params__rosidl_typesupport_introspection_c.h
[2.006s] -- Up-to-date: /home/vboxuser/Ali_ws/install/orbbec_camera_msgs/include/orbbec_camera_msgs/orbbec_camera_msgs/srv/detail/get_string__rosidl_typesupport_introspection_c.h
[2.006s] -- Up-to-date: /home/vboxuser/Ali_ws/install/orbbec_camera_msgs/include/orbbec_camera_msgs/orbbec_camera_msgs/srv/detail/get_user_calib_params__type_support.c
[2.006s] -- Up-to-date: /home/vboxuser/Ali_ws/install/orbbec_camera_msgs/include/orbbec_camera_msgs/orbbec_camera_msgs/srv/detail/get_camera_info__rosidl_typesupport_introspection_c.h
[2.006s] -- Up-to-date: /home/vboxuser/Ali_ws/install/orbbec_camera_msgs/include/orbbec_camera_msgs/orbbec_camera_msgs/srv/detail/set_user_calib_params__type_support.c
[2.006s] -- Up-to-date: /home/vboxuser/Ali_ws/install/orbbec_camera_msgs/include/orbbec_camera_msgs/orbbec_camera_msgs/srv/detail/get_string__type_support.c
[2.006s] -- Up-to-date: /home/vboxuser/Ali_ws/install/orbbec_camera_msgs/include/orbbec_camera_msgs/orbbec_camera_msgs/srv/detail/get_device_info__rosidl_typesupport_introspection_c.h
[2.006s] -- Up-to-date: /home/vboxuser/Ali_ws/install/orbbec_camera_msgs/include/orbbec_camera_msgs/orbbec_camera_msgs/msg
[2.006s] -- Up-to-date: /home/vboxuser/Ali_ws/install/orbbec_camera_msgs/include/orbbec_camera_msgs/orbbec_camera_msgs/msg/rosidl_typesupport_introspection_c__visibility_control.h
[2.007s] -- Up-to-date: /home/vboxuser/Ali_ws/install/orbbec_camera_msgs/include/orbbec_camera_msgs/orbbec_camera_msgs/msg/detail
[2.009s] -- Up-to-date: /home/vboxuser/Ali_ws/install/orbbec_camera_msgs/include/orbbec_camera_msgs/orbbec_camera_msgs/msg/detail/device_info__rosidl_typesupport_introspection_c.h
[2.011s] -- Up-to-date: /home/vboxuser/Ali_ws/install/orbbec_camera_msgs/include/orbbec_camera_msgs/orbbec_camera_msgs/msg/detail/device_info__type_support.c
[2.013s] -- Up-to-date: /home/vboxuser/Ali_ws/install/orbbec_camera_msgs/include/orbbec_camera_msgs/orbbec_camera_msgs/msg/detail/extrinsics__type_support.c
[2.015s] -- Up-to-date: /home/vboxuser/Ali_ws/install/orbbec_camera_msgs/include/orbbec_camera_msgs/orbbec_camera_msgs/msg/detail/imu_info__type_support.c
[2.017s] -- Up-to-date: /home/vboxuser/Ali_ws/install/orbbec_camera_msgs/include/orbbec_camera_msgs/orbbec_camera_msgs/msg/detail/rgbd__type_support.c
[2.019s] -- Up-to-date: /home/vboxuser/Ali_ws/install/orbbec_camera_msgs/include/orbbec_camera_msgs/orbbec_camera_msgs/msg/detail/metadata__type_support.c
[2.021s] -- Up-to-date: /home/vboxuser/Ali_ws/install/orbbec_camera_msgs/include/orbbec_camera_msgs/orbbec_camera_msgs/msg/detail/imu_info__rosidl_typesupport_introspection_c.h
[2.024s] -- Up-to-date: /home/vboxuser/Ali_ws/install/orbbec_camera_msgs/include/orbbec_camera_msgs/orbbec_camera_msgs/msg/detail/device_status__type_support.c
[2.024s] -- Up-to-date: /home/vboxuser/Ali_ws/install/orbbec_camera_msgs/include/orbbec_camera_msgs/orbbec_camera_msgs/msg/detail/extrinsics__rosidl_typesupport_introspection_c.h
[2.024s] -- Up-to-date: /home/vboxuser/Ali_ws/install/orbbec_camera_msgs/include/orbbec_camera_msgs/orbbec_camera_msgs/msg/detail/rgbd__rosidl_typesupport_introspection_c.h
[2.096s] -- Up-to-date: /home/vboxuser/Ali_ws/install/orbbec_camera_msgs/include/orbbec_camera_msgs/orbbec_camera_msgs/msg/detail/metadata__rosidl_typesupport_introspection_c.h
[2.096s] -- Up-to-date: /home/vboxuser/Ali_ws/install/orbbec_camera_msgs/include/orbbec_camera_msgs/orbbec_camera_msgs/msg/detail/device_status__rosidl_typesupport_introspection_c.h
[2.096s] -- Up-to-date: /home/vboxuser/Ali_ws/install/orbbec_camera_msgs/lib/liborbbec_camera_msgs__rosidl_typesupport_introspection_c.so
[2.096s] -- Up-to-date: /home/vboxuser/Ali_ws/install/orbbec_camera_msgs/lib/liborbbec_camera_msgs__rosidl_typesupport_c.so
[2.097s] -- Up-to-date: /home/vboxuser/Ali_ws/install/orbbec_camera_msgs/include/orbbec_camera_msgs/orbbec_camera_msgs
[2.097s] -- Up-to-date: /home/vboxuser/Ali_ws/install/orbbec_camera_msgs/include/orbbec_camera_msgs/orbbec_camera_msgs/srv
[2.097s] -- Up-to-date: /home/vboxuser/Ali_ws/install/orbbec_camera_msgs/include/orbbec_camera_msgs/orbbec_camera_msgs/srv/get_user_calib_params.hpp
[2.097s] -- Up-to-date: /home/vboxuser/Ali_ws/install/orbbec_camera_msgs/include/orbbec_camera_msgs/orbbec_camera_msgs/srv/get_bool.hpp
[2.100s] -- Up-to-date: /home/vboxuser/Ali_ws/install/orbbec_camera_msgs/include/orbbec_camera_msgs/orbbec_camera_msgs/srv/set_int32.hpp
[2.115s] -- Up-to-date: /home/vboxuser/Ali_ws/install/orbbec_camera_msgs/include/orbbec_camera_msgs/orbbec_camera_msgs/srv/get_int32.hpp
[2.115s] -- Up-to-date: /home/vboxuser/Ali_ws/install/orbbec_camera_msgs/include/orbbec_camera_msgs/orbbec_camera_msgs/srv/detail
[2.116s] -- Up-to-date: /home/vboxuser/Ali_ws/install/orbbec_camera_msgs/include/orbbec_camera_msgs/orbbec_camera_msgs/srv/detail/get_string__type_support.hpp
[2.116s] -- Up-to-date: /home/vboxuser/Ali_ws/install/orbbec_camera_msgs/include/orbbec_camera_msgs/orbbec_camera_msgs/srv/detail/set_filter__traits.hpp
[2.116s] -- Up-to-date: /home/vboxuser/Ali_ws/install/orbbec_camera_msgs/include/orbbec_camera_msgs/orbbec_camera_msgs/srv/detail/set_user_calib_params__type_support.hpp
[2.119s] -- Up-to-date: /home/vboxuser/Ali_ws/install/orbbec_camera_msgs/include/orbbec_camera_msgs/orbbec_camera_msgs/srv/detail/set_string__builder.hpp
[2.120s] -- Up-to-date: /home/vboxuser/Ali_ws/install/orbbec_camera_msgs/include/orbbec_camera_msgs/orbbec_camera_msgs/srv/detail/set_int32__struct.hpp
[2.120s] -- Up-to-date: /home/vboxuser/Ali_ws/install/orbbec_camera_msgs/include/orbbec_camera_msgs/orbbec_camera_msgs/srv/detail/get_camera_info__traits.hpp
[2.121s] -- Up-to-date: /home/vboxuser/Ali_ws/install/orbbec_camera_msgs/include/orbbec_camera_msgs/orbbec_camera_msgs/srv/detail/get_device_info__traits.hpp
[2.121s] -- Up-to-date: /home/vboxuser/Ali_ws/install/orbbec_camera_msgs/include/orbbec_camera_msgs/orbbec_camera_msgs/srv/detail/set_user_calib_params__builder.hpp
[2.121s] -- Up-to-date: /home/vboxuser/Ali_ws/install/orbbec_camera_msgs/include/orbbec_camera_msgs/orbbec_camera_msgs/srv/detail/set_arrays__builder.hpp
[2.121s] -- Up-to-date: /home/vboxuser/Ali_ws/install/orbbec_camera_msgs/include/orbbec_camera_msgs/orbbec_camera_msgs/srv/detail/set_string__type_support.hpp
[2.121s] -- Up-to-date: /home/vboxuser/Ali_ws/install/orbbec_camera_msgs/include/orbbec_camera_msgs/orbbec_camera_msgs/srv/detail/set_int32__type_support.hpp
[2.121s] -- Up-to-date: /home/vboxuser/Ali_ws/install/orbbec_camera_msgs/include/orbbec_camera_msgs/orbbec_camera_msgs/srv/detail/get_device_info__struct.hpp
[2.121s] -- Up-to-date: /home/vboxuser/Ali_ws/install/orbbec_camera_msgs/include/orbbec_camera_msgs/orbbec_camera_msgs/srv/detail/get_string__builder.hpp
[2.121s] -- Up-to-date: /home/vboxuser/Ali_ws/install/orbbec_camera_msgs/include/orbbec_camera_msgs/orbbec_camera_msgs/srv/detail/get_int32__traits.hpp
[2.121s] -- Up-to-date: /home/vboxuser/Ali_ws/install/orbbec_camera_msgs/include/orbbec_camera_msgs/orbbec_camera_msgs/srv/detail/set_user_calib_params__traits.hpp
[2.121s] -- Up-to-date: /home/vboxuser/Ali_ws/install/orbbec_camera_msgs/include/orbbec_camera_msgs/orbbec_camera_msgs/srv/detail/get_string__traits.hpp
[2.121s] -- Up-to-date: /home/vboxuser/Ali_ws/install/orbbec_camera_msgs/include/orbbec_camera_msgs/orbbec_camera_msgs/srv/detail/get_device_info__builder.hpp
[2.121s] -- Up-to-date: /home/vboxuser/Ali_ws/install/orbbec_camera_msgs/include/orbbec_camera_msgs/orbbec_camera_msgs/srv/detail/set_int32__builder.hpp
[2.121s] -- Up-to-date: /home/vboxuser/Ali_ws/install/orbbec_camera_msgs/include/orbbec_camera_msgs/orbbec_camera_msgs/srv/detail/set_filter__type_support.hpp
[2.121s] -- Up-to-date: /home/vboxuser/Ali_ws/install/orbbec_camera_msgs/include/orbbec_camera_msgs/orbbec_camera_msgs/srv/detail/set_filter__builder.hpp
[2.122s] -- Up-to-date: /home/vboxuser/Ali_ws/install/orbbec_camera_msgs/include/orbbec_camera_msgs/orbbec_camera_msgs/srv/detail/get_int32__type_support.hpp
[2.122s] -- Up-to-date: /home/vboxuser/Ali_ws/install/orbbec_camera_msgs/include/orbbec_camera_msgs/orbbec_camera_msgs/srv/detail/get_bool__traits.hpp
[2.122s] -- Up-to-date: /home/vboxuser/Ali_ws/install/orbbec_camera_msgs/include/orbbec_camera_msgs/orbbec_camera_msgs/srv/detail/get_bool__builder.hpp
[2.122s] -- Up-to-date: /home/vboxuser/Ali_ws/install/orbbec_camera_msgs/include/orbbec_camera_msgs/orbbec_camera_msgs/srv/detail/get_int32__struct.hpp
[2.122s] -- Up-to-date: /home/vboxuser/Ali_ws/install/orbbec_camera_msgs/include/orbbec_camera_msgs/orbbec_camera_msgs/srv/detail/get_string__struct.hpp
[2.122s] -- Up-to-date: /home/vboxuser/Ali_ws/install/orbbec_camera_msgs/include/orbbec_camera_msgs/orbbec_camera_msgs/srv/detail/set_string__traits.hpp
[2.122s] -- Up-to-date: /home/vboxuser/Ali_ws/install/orbbec_camera_msgs/include/orbbec_camera_msgs/orbbec_camera_msgs/srv/detail/get_camera_info__struct.hpp
[2.122s] -- Up-to-date: /home/vboxuser/Ali_ws/install/orbbec_camera_msgs/include/orbbec_camera_msgs/orbbec_camera_msgs/srv/detail/get_user_calib_params__type_support.hpp
[2.122s] -- Up-to-date: /home/vboxuser/Ali_ws/install/orbbec_camera_msgs/include/orbbec_camera_msgs/orbbec_camera_msgs/srv/detail/get_user_calib_params__struct.hpp
[2.122s] -- Up-to-date: /home/vboxuser/Ali_ws/install/orbbec_camera_msgs/include/orbbec_camera_msgs/orbbec_camera_msgs/srv/detail/set_int32__traits.hpp
[2.123s] -- Up-to-date: /home/vboxuser/Ali_ws/install/orbbec_camera_msgs/include/orbbec_camera_msgs/orbbec_camera_msgs/srv/detail/get_device_info__type_support.hpp
[2.123s] -- Up-to-date: /home/vboxuser/Ali_ws/install/orbbec_camera_msgs/include/orbbec_camera_msgs/orbbec_camera_msgs/srv/detail/set_user_calib_params__struct.hpp
[2.123s] -- Up-to-date: /home/vboxuser/Ali_ws/install/orbbec_camera_msgs/include/orbbec_camera_msgs/orbbec_camera_msgs/srv/detail/get_bool__type_support.hpp
[2.123s] -- Up-to-date: /home/vboxuser/Ali_ws/install/orbbec_camera_msgs/include/orbbec_camera_msgs/orbbec_camera_msgs/srv/detail/get_int32__builder.hpp
[2.123s] -- Up-to-date: /home/vboxuser/Ali_ws/install/orbbec_camera_msgs/include/orbbec_camera_msgs/orbbec_camera_msgs/srv/detail/get_camera_info__type_support.hpp
[2.123s] -- Up-to-date: /home/vboxuser/Ali_ws/install/orbbec_camera_msgs/include/orbbec_camera_msgs/orbbec_camera_msgs/srv/detail/set_arrays__traits.hpp
[2.123s] -- Up-to-date: /home/vboxuser/Ali_ws/install/orbbec_camera_msgs/include/orbbec_camera_msgs/orbbec_camera_msgs/srv/detail/get_bool__struct.hpp
[2.123s] -- Up-to-date: /home/vboxuser/Ali_ws/install/orbbec_camera_msgs/include/orbbec_camera_msgs/orbbec_camera_msgs/srv/detail/get_camera_info__builder.hpp
[2.123s] -- Up-to-date: /home/vboxuser/Ali_ws/install/orbbec_camera_msgs/include/orbbec_camera_msgs/orbbec_camera_msgs/srv/detail/set_filter__struct.hpp
[2.123s] -- Up-to-date: /home/vboxuser/Ali_ws/install/orbbec_camera_msgs/include/orbbec_camera_msgs/orbbec_camera_msgs/srv/detail/set_string__struct.hpp
[2.123s] -- Up-to-date: /home/vboxuser/Ali_ws/install/orbbec_camera_msgs/include/orbbec_camera_msgs/orbbec_camera_msgs/srv/detail/get_user_calib_params__traits.hpp
[2.126s] -- Up-to-date: /home/vboxuser/Ali_ws/install/orbbec_camera_msgs/include/orbbec_camera_msgs/orbbec_camera_msgs/srv/detail/set_arrays__type_support.hpp
[2.127s] -- Up-to-date: /home/vboxuser/Ali_ws/install/orbbec_camera_msgs/include/orbbec_camera_msgs/orbbec_camera_msgs/srv/detail/get_user_calib_params__builder.hpp
[2.127s] -- Up-to-date: /home/vboxuser/Ali_ws/install/orbbec_camera_msgs/include/orbbec_camera_msgs/orbbec_camera_msgs/srv/detail/set_arrays__struct.hpp
[2.128s] -- Up-to-date: /home/vboxuser/Ali_ws/install/orbbec_camera_msgs/include/orbbec_camera_msgs/orbbec_camera_msgs/srv/get_camera_info.hpp
[2.128s] -- Up-to-date: /home/vboxuser/Ali_ws/install/orbbec_camera_msgs/include/orbbec_camera_msgs/orbbec_camera_msgs/srv/set_arrays.hpp
[2.128s] -- Up-to-date: /home/vboxuser/Ali_ws/install/orbbec_camera_msgs/include/orbbec_camera_msgs/orbbec_camera_msgs/srv/get_string.hpp
[2.128s] -- Up-to-date: /home/vboxuser/Ali_ws/install/orbbec_camera_msgs/include/orbbec_camera_msgs/orbbec_camera_msgs/srv/set_string.hpp
[2.128s] -- Up-to-date: /home/vboxuser/Ali_ws/install/orbbec_camera_msgs/include/orbbec_camera_msgs/orbbec_camera_msgs/srv/set_user_calib_params.hpp
[2.128s] -- Up-to-date: /home/vboxuser/Ali_ws/install/orbbec_camera_msgs/include/orbbec_camera_msgs/orbbec_camera_msgs/srv/get_device_info.hpp
[2.128s] -- Up-to-date: /home/vboxuser/Ali_ws/install/orbbec_camera_msgs/include/orbbec_camera_msgs/orbbec_camera_msgs/srv/set_filter.hpp
[2.128s] -- Up-to-date: /home/vboxuser/Ali_ws/install/orbbec_camera_msgs/include/orbbec_camera_msgs/orbbec_camera_msgs/msg
[2.128s] -- Up-to-date: /home/vboxuser/Ali_ws/install/orbbec_camera_msgs/include/orbbec_camera_msgs/orbbec_camera_msgs/msg/imu_info.hpp
[2.128s] -- Up-to-date: /home/vboxuser/Ali_ws/install/orbbec_camera_msgs/include/orbbec_camera_msgs/orbbec_camera_msgs/msg/metadata.hpp
[2.129s] -- Up-to-date: /home/vboxuser/Ali_ws/install/orbbec_camera_msgs/include/orbbec_camera_msgs/orbbec_camera_msgs/msg/device_status.hpp
[2.129s] -- Up-to-date: /home/vboxuser/Ali_ws/install/orbbec_camera_msgs/include/orbbec_camera_msgs/orbbec_camera_msgs/msg/rgbd.hpp
[2.129s] -- Up-to-date: /home/vboxuser/Ali_ws/install/orbbec_camera_msgs/include/orbbec_camera_msgs/orbbec_camera_msgs/msg/detail
[2.129s] -- Up-to-date: /home/vboxuser/Ali_ws/install/orbbec_camera_msgs/include/orbbec_camera_msgs/orbbec_camera_msgs/msg/detail/extrinsics__struct.hpp
[2.129s] -- Up-to-date: /home/vboxuser/Ali_ws/install/orbbec_camera_msgs/include/orbbec_camera_msgs/orbbec_camera_msgs/msg/detail/device_status__traits.hpp
[2.129s] -- Up-to-date: /home/vboxuser/Ali_ws/install/orbbec_camera_msgs/include/orbbec_camera_msgs/orbbec_camera_msgs/msg/detail/device_info__traits.hpp
[2.129s] -- Up-to-date: /home/vboxuser/Ali_ws/install/orbbec_camera_msgs/include/orbbec_camera_msgs/orbbec_camera_msgs/msg/detail/metadata__traits.hpp
[2.131s] -- Up-to-date: /home/vboxuser/Ali_ws/install/orbbec_camera_msgs/include/orbbec_camera_msgs/orbbec_camera_msgs/msg/detail/rgbd__type_support.hpp
[2.131s] -- Up-to-date: /home/vboxuser/Ali_ws/install/orbbec_camera_msgs/include/orbbec_camera_msgs/orbbec_camera_msgs/msg/detail/imu_info__struct.hpp
[2.131s] -- Up-to-date: /home/vboxuser/Ali_ws/install/orbbec_camera_msgs/include/orbbec_camera_msgs/orbbec_camera_msgs/msg/detail/extrinsics__type_support.hpp
[2.131s] -- Up-to-date: /home/vboxuser/Ali_ws/install/orbbec_camera_msgs/include/orbbec_camera_msgs/orbbec_camera_msgs/msg/detail/rgbd__struct.hpp
[2.132s] -- Up-to-date: /home/vboxuser/Ali_ws/install/orbbec_camera_msgs/include/orbbec_camera_msgs/orbbec_camera_msgs/msg/detail/metadata__type_support.hpp
[2.132s] -- Up-to-date: /home/vboxuser/Ali_ws/install/orbbec_camera_msgs/include/orbbec_camera_msgs/orbbec_camera_msgs/msg/detail/imu_info__traits.hpp
[2.132s] -- Up-to-date: /home/vboxuser/Ali_ws/install/orbbec_camera_msgs/include/orbbec_camera_msgs/orbbec_camera_msgs/msg/detail/device_status__type_support.hpp
[2.132s] -- Up-to-date: /home/vboxuser/Ali_ws/install/orbbec_camera_msgs/include/orbbec_camera_msgs/orbbec_camera_msgs/msg/detail/extrinsics__builder.hpp
[2.132s] -- Up-to-date: /home/vboxuser/Ali_ws/install/orbbec_camera_msgs/include/orbbec_camera_msgs/orbbec_camera_msgs/msg/detail/device_info__struct.hpp
[2.132s] -- Up-to-date: /home/vboxuser/Ali_ws/install/orbbec_camera_msgs/include/orbbec_camera_msgs/orbbec_camera_msgs/msg/detail/metadata__builder.hpp
[2.132s] -- Up-to-date: /home/vboxuser/Ali_ws/install/orbbec_camera_msgs/include/orbbec_camera_msgs/orbbec_camera_msgs/msg/detail/device_info__type_support.hpp
[2.132s] -- Up-to-date: /home/vboxuser/Ali_ws/install/orbbec_camera_msgs/include/orbbec_camera_msgs/orbbec_camera_msgs/msg/detail/device_status__builder.hpp
[2.132s] -- Up-to-date: /home/vboxuser/Ali_ws/install/orbbec_camera_msgs/include/orbbec_camera_msgs/orbbec_camera_msgs/msg/detail/rgbd__builder.hpp
[2.132s] -- Up-to-date: /home/vboxuser/Ali_ws/install/orbbec_camera_msgs/include/orbbec_camera_msgs/orbbec_camera_msgs/msg/detail/imu_info__type_support.hpp
[2.132s] -- Up-to-date: /home/vboxuser/Ali_ws/install/orbbec_camera_msgs/include/orbbec_camera_msgs/orbbec_camera_msgs/msg/detail/metadata__struct.hpp
[2.132s] -- Up-to-date: /home/vboxuser/Ali_ws/install/orbbec_camera_msgs/include/orbbec_camera_msgs/orbbec_camera_msgs/msg/detail/extrinsics__traits.hpp
[2.152s] -- Up-to-date: /home/vboxuser/Ali_ws/install/orbbec_camera_msgs/include/orbbec_camera_msgs/orbbec_camera_msgs/msg/detail/device_info__builder.hpp
[2.152s] -- Up-to-date: /home/vboxuser/Ali_ws/install/orbbec_camera_msgs/include/orbbec_camera_msgs/orbbec_camera_msgs/msg/detail/imu_info__builder.hpp
[2.152s] -- Up-to-date: /home/vboxuser/Ali_ws/install/orbbec_camera_msgs/include/orbbec_camera_msgs/orbbec_camera_msgs/msg/detail/rgbd__traits.hpp
[2.152s] -- Up-to-date: /home/vboxuser/Ali_ws/install/orbbec_camera_msgs/include/orbbec_camera_msgs/orbbec_camera_msgs/msg/detail/device_status__struct.hpp
[2.152s] -- Up-to-date: /home/vboxuser/Ali_ws/install/orbbec_camera_msgs/include/orbbec_camera_msgs/orbbec_camera_msgs/msg/device_info.hpp
[2.152s] -- Up-to-date: /home/vboxuser/Ali_ws/install/orbbec_camera_msgs/include/orbbec_camera_msgs/orbbec_camera_msgs/msg/extrinsics.hpp
[2.152s] -- Up-to-date: /home/vboxuser/Ali_ws/install/orbbec_camera_msgs/include/orbbec_camera_msgs/orbbec_camera_msgs/msg/rosidl_generator_cpp__visibility_control.hpp
[2.152s] -- Up-to-date: /home/vboxuser/Ali_ws/install/orbbec_camera_msgs/include/orbbec_camera_msgs/orbbec_camera_msgs
[2.152s] -- Up-to-date: /home/vboxuser/Ali_ws/install/orbbec_camera_msgs/include/orbbec_camera_msgs/orbbec_camera_msgs/srv
[2.152s] -- Up-to-date: /home/vboxuser/Ali_ws/install/orbbec_camera_msgs/include/orbbec_camera_msgs/orbbec_camera_msgs/srv/detail
[2.152s] -- Up-to-date: /home/vboxuser/Ali_ws/install/orbbec_camera_msgs/include/orbbec_camera_msgs/orbbec_camera_msgs/srv/detail/set_arrays__rosidl_typesupport_fastrtps_cpp.hpp
[2.152s] -- Up-to-date: /home/vboxuser/Ali_ws/install/orbbec_camera_msgs/include/orbbec_camera_msgs/orbbec_camera_msgs/srv/detail/get_device_info__rosidl_typesupport_fastrtps_cpp.hpp
[2.152s] -- Up-to-date: /home/vboxuser/Ali_ws/install/orbbec_camera_msgs/include/orbbec_camera_msgs/orbbec_camera_msgs/srv/detail/get_camera_info__rosidl_typesupport_fastrtps_cpp.hpp
[2.152s] -- Up-to-date: /home/vboxuser/Ali_ws/install/orbbec_camera_msgs/include/orbbec_camera_msgs/orbbec_camera_msgs/srv/detail/dds_fastrtps
[2.152s] -- Up-to-date: /home/vboxuser/Ali_ws/install/orbbec_camera_msgs/include/orbbec_camera_msgs/orbbec_camera_msgs/srv/detail/get_string__rosidl_typesupport_fastrtps_cpp.hpp
[2.152s] -- Up-to-date: /home/vboxuser/Ali_ws/install/orbbec_camera_msgs/include/orbbec_camera_msgs/orbbec_camera_msgs/srv/detail/set_user_calib_params__rosidl_typesupport_fastrtps_cpp.hpp
[2.152s] -- Up-to-date: /home/vboxuser/Ali_ws/install/orbbec_camera_msgs/include/orbbec_camera_msgs/orbbec_camera_msgs/srv/detail/get_int32__rosidl_typesupport_fastrtps_cpp.hpp
[2.152s] -- Up-to-date: /home/vboxuser/Ali_ws/install/orbbec_camera_msgs/include/orbbec_camera_msgs/orbbec_camera_msgs/srv/detail/get_user_calib_params__rosidl_typesupport_fastrtps_cpp.hpp
[2.153s] -- Up-to-date: /home/vboxuser/Ali_ws/install/orbbec_camera_msgs/include/orbbec_camera_msgs/orbbec_camera_msgs/srv/detail/set_filter__rosidl_typesupport_fastrtps_cpp.hpp
[2.153s] -- Up-to-date: /home/vboxuser/Ali_ws/install/orbbec_camera_msgs/include/orbbec_camera_msgs/orbbec_camera_msgs/srv/detail/set_string__rosidl_typesupport_fastrtps_cpp.hpp
[2.153s] -- Up-to-date: /home/vboxuser/Ali_ws/install/orbbec_camera_msgs/include/orbbec_camera_msgs/orbbec_camera_msgs/srv/detail/set_int32__rosidl_typesupport_fastrtps_cpp.hpp
[2.153s] -- Up-to-date: /home/vboxuser/Ali_ws/install/orbbec_camera_msgs/include/orbbec_camera_msgs/orbbec_camera_msgs/srv/detail/get_bool__rosidl_typesupport_fastrtps_cpp.hpp
[2.153s] -- Up-to-date: /home/vboxuser/Ali_ws/install/orbbec_camera_msgs/include/orbbec_camera_msgs/orbbec_camera_msgs/msg
[2.153s] -- Up-to-date: /home/vboxuser/Ali_ws/install/orbbec_camera_msgs/include/orbbec_camera_msgs/orbbec_camera_msgs/msg/rosidl_typesupport_fastrtps_cpp__visibility_control.h
[2.153s] -- Up-to-date: /home/vboxuser/Ali_ws/install/orbbec_camera_msgs/include/orbbec_camera_msgs/orbbec_camera_msgs/msg/detail
[2.153s] -- Up-to-date: /home/vboxuser/Ali_ws/install/orbbec_camera_msgs/include/orbbec_camera_msgs/orbbec_camera_msgs/msg/detail/dds_fastrtps
[2.153s] -- Up-to-date: /home/vboxuser/Ali_ws/install/orbbec_camera_msgs/include/orbbec_camera_msgs/orbbec_camera_msgs/msg/detail/rgbd__rosidl_typesupport_fastrtps_cpp.hpp
[2.153s] -- Up-to-date: /home/vboxuser/Ali_ws/install/orbbec_camera_msgs/include/orbbec_camera_msgs/orbbec_camera_msgs/msg/detail/imu_info__rosidl_typesupport_fastrtps_cpp.hpp
[2.153s] -- Up-to-date: /home/vboxuser/Ali_ws/install/orbbec_camera_msgs/include/orbbec_camera_msgs/orbbec_camera_msgs/msg/detail/device_info__rosidl_typesupport_fastrtps_cpp.hpp
[2.153s] -- Up-to-date: /home/vboxuser/Ali_ws/install/orbbec_camera_msgs/include/orbbec_camera_msgs/orbbec_camera_msgs/msg/detail/metadata__rosidl_typesupport_fastrtps_cpp.hpp
[2.153s] -- Up-to-date: /home/vboxuser/Ali_ws/install/orbbec_camera_msgs/include/orbbec_camera_msgs/orbbec_camera_msgs/msg/detail/device_status__rosidl_typesupport_fastrtps_cpp.hpp
[2.153s] -- Up-to-date: /home/vboxuser/Ali_ws/install/orbbec_camera_msgs/include/orbbec_camera_msgs/orbbec_camera_msgs/msg/detail/extrinsics__rosidl_typesupport_fastrtps_cpp.hpp
[2.153s] -- Up-to-date: /home/vboxuser/Ali_ws/install/orbbec_camera_msgs/lib/liborbbec_camera_msgs__rosidl_typesupport_fastrtps_cpp.so
[2.153s] -- Up-to-date: /home/vboxuser/Ali_ws/install/orbbec_camera_msgs/include/orbbec_camera_msgs/orbbec_camera_msgs
[2.153s] -- Up-to-date: /home/vboxuser/Ali_ws/install/orbbec_camera_msgs/include/orbbec_camera_msgs/orbbec_camera_msgs/srv
[2.153s] -- Up-to-date: /home/vboxuser/Ali_ws/install/orbbec_camera_msgs/include/orbbec_camera_msgs/orbbec_camera_msgs/srv/detail
[2.153s] -- Up-to-date: /home/vboxuser/Ali_ws/install/orbbec_camera_msgs/include/orbbec_camera_msgs/orbbec_camera_msgs/srv/detail/get_int32__rosidl_typesupport_introspection_cpp.hpp
[2.153s] -- Up-to-date: /home/vboxuser/Ali_ws/install/orbbec_camera_msgs/include/orbbec_camera_msgs/orbbec_camera_msgs/srv/detail/set_user_calib_params__rosidl_typesupport_introspection_cpp.hpp
[2.153s] -- Up-to-date: /home/vboxuser/Ali_ws/install/orbbec_camera_msgs/include/orbbec_camera_msgs/orbbec_camera_msgs/srv/detail/get_device_info__type_support.cpp
[2.153s] -- Up-to-date: /home/vboxuser/Ali_ws/install/orbbec_camera_msgs/include/orbbec_camera_msgs/orbbec_camera_msgs/srv/detail/get_user_calib_params__type_support.cpp
[2.153s] -- Up-to-date: /home/vboxuser/Ali_ws/install/orbbec_camera_msgs/include/orbbec_camera_msgs/orbbec_camera_msgs/srv/detail/get_user_calib_params__rosidl_typesupport_introspection_cpp.hpp
[2.153s] -- Up-to-date: /home/vboxuser/Ali_ws/install/orbbec_camera_msgs/include/orbbec_camera_msgs/orbbec_camera_msgs/srv/detail/get_camera_info__rosidl_typesupport_introspection_cpp.hpp
[2.153s] -- Up-to-date: /home/vboxuser/Ali_ws/install/orbbec_camera_msgs/include/orbbec_camera_msgs/orbbec_camera_msgs/srv/detail/get_camera_info__type_support.cpp
[2.153s] -- Up-to-date: /home/vboxuser/Ali_ws/install/orbbec_camera_msgs/include/orbbec_camera_msgs/orbbec_camera_msgs/srv/detail/set_user_calib_params__type_support.cpp
[2.153s] -- Up-to-date: /home/vboxuser/Ali_ws/install/orbbec_camera_msgs/include/orbbec_camera_msgs/orbbec_camera_msgs/srv/detail/set_int32__rosidl_typesupport_introspection_cpp.hpp
[2.153s] -- Up-to-date: /home/vboxuser/Ali_ws/install/orbbec_camera_msgs/include/orbbec_camera_msgs/orbbec_camera_msgs/srv/detail/set_string__rosidl_typesupport_introspection_cpp.hpp
[2.153s] -- Up-to-date: /home/vboxuser/Ali_ws/install/orbbec_camera_msgs/include/orbbec_camera_msgs/orbbec_camera_msgs/srv/detail/set_arrays__rosidl_typesupport_introspection_cpp.hpp
[2.153s] -- Up-to-date: /home/vboxuser/Ali_ws/install/orbbec_camera_msgs/include/orbbec_camera_msgs/orbbec_camera_msgs/srv/detail/get_string__rosidl_typesupport_introspection_cpp.hpp
[2.153s] -- Up-to-date: /home/vboxuser/Ali_ws/install/orbbec_camera_msgs/include/orbbec_camera_msgs/orbbec_camera_msgs/srv/detail/get_bool__rosidl_typesupport_introspection_cpp.hpp
[2.153s] -- Up-to-date: /home/vboxuser/Ali_ws/install/orbbec_camera_msgs/include/orbbec_camera_msgs/orbbec_camera_msgs/srv/detail/get_string__type_support.cpp
[2.154s] -- Up-to-date: /home/vboxuser/Ali_ws/install/orbbec_camera_msgs/include/orbbec_camera_msgs/orbbec_camera_msgs/srv/detail/set_filter__type_support.cpp
[2.154s] -- Up-to-date: /home/vboxuser/Ali_ws/install/orbbec_camera_msgs/include/orbbec_camera_msgs/orbbec_camera_msgs/srv/detail/set_filter__rosidl_typesupport_introspection_cpp.hpp
[2.154s] -- Up-to-date: /home/vboxuser/Ali_ws/install/orbbec_camera_msgs/include/orbbec_camera_msgs/orbbec_camera_msgs/srv/detail/set_arrays__type_support.cpp
[2.154s] -- Up-to-date: /home/vboxuser/Ali_ws/install/orbbec_camera_msgs/include/orbbec_camera_msgs/orbbec_camera_msgs/srv/detail/get_device_info__rosidl_typesupport_introspection_cpp.hpp
[2.154s] -- Up-to-date: /home/vboxuser/Ali_ws/install/orbbec_camera_msgs/include/orbbec_camera_msgs/orbbec_camera_msgs/srv/detail/set_int32__type_support.cpp
[2.154s] -- Up-to-date: /home/vboxuser/Ali_ws/install/orbbec_camera_msgs/include/orbbec_camera_msgs/orbbec_camera_msgs/srv/detail/get_int32__type_support.cpp
[2.154s] -- Up-to-date: /home/vboxuser/Ali_ws/install/orbbec_camera_msgs/include/orbbec_camera_msgs/orbbec_camera_msgs/srv/detail/get_bool__type_support.cpp
[2.154s] -- Up-to-date: /home/vboxuser/Ali_ws/install/orbbec_camera_msgs/include/orbbec_camera_msgs/orbbec_camera_msgs/srv/detail/set_string__type_support.cpp
[2.154s] -- Up-to-date: /home/vboxuser/Ali_ws/install/orbbec_camera_msgs/include/orbbec_camera_msgs/orbbec_camera_msgs/msg
[2.156s] -- Up-to-date: /home/vboxuser/Ali_ws/install/orbbec_camera_msgs/include/orbbec_camera_msgs/orbbec_camera_msgs/msg/detail
[2.156s] -- Up-to-date: /home/vboxuser/Ali_ws/install/orbbec_camera_msgs/include/orbbec_camera_msgs/orbbec_camera_msgs/msg/detail/imu_info__rosidl_typesupport_introspection_cpp.hpp
[2.156s] -- Up-to-date: /home/vboxuser/Ali_ws/install/orbbec_camera_msgs/include/orbbec_camera_msgs/orbbec_camera_msgs/msg/detail/device_status__type_support.cpp
[2.156s] -- Up-to-date: /home/vboxuser/Ali_ws/install/orbbec_camera_msgs/include/orbbec_camera_msgs/orbbec_camera_msgs/msg/detail/extrinsics__type_support.cpp
[2.156s] -- Up-to-date: /home/vboxuser/Ali_ws/install/orbbec_camera_msgs/include/orbbec_camera_msgs/orbbec_camera_msgs/msg/detail/device_info__rosidl_typesupport_introspection_cpp.hpp
[2.156s] -- Up-to-date: /home/vboxuser/Ali_ws/install/orbbec_camera_msgs/include/orbbec_camera_msgs/orbbec_camera_msgs/msg/detail/device_info__type_support.cpp
[2.156s] -- Up-to-date: /home/vboxuser/Ali_ws/install/orbbec_camera_msgs/include/orbbec_camera_msgs/orbbec_camera_msgs/msg/detail/extrinsics__rosidl_typesupport_introspection_cpp.hpp
[2.156s] -- Up-to-date: /home/vboxuser/Ali_ws/install/orbbec_camera_msgs/include/orbbec_camera_msgs/orbbec_camera_msgs/msg/detail/imu_info__type_support.cpp
[2.156s] -- Up-to-date: /home/vboxuser/Ali_ws/install/orbbec_camera_msgs/include/orbbec_camera_msgs/orbbec_camera_msgs/msg/detail/metadata__rosidl_typesupport_introspection_cpp.hpp
[2.156s] -- Up-to-date: /home/vboxuser/Ali_ws/install/orbbec_camera_msgs/include/orbbec_camera_msgs/orbbec_camera_msgs/msg/detail/rgbd__rosidl_typesupport_introspection_cpp.hpp
[2.156s] -- Up-to-date: /home/vboxuser/Ali_ws/install/orbbec_camera_msgs/include/orbbec_camera_msgs/orbbec_camera_msgs/msg/detail/rgbd__type_support.cpp
[2.157s] -- Up-to-date: /home/vboxuser/Ali_ws/install/orbbec_camera_msgs/include/orbbec_camera_msgs/orbbec_camera_msgs/msg/detail/metadata__type_support.cpp
[2.157s] -- Up-to-date: /home/vboxuser/Ali_ws/install/orbbec_camera_msgs/include/orbbec_camera_msgs/orbbec_camera_msgs/msg/detail/device_status__rosidl_typesupport_introspection_cpp.hpp
[2.157s] -- Up-to-date: /home/vboxuser/Ali_ws/install/orbbec_camera_msgs/lib/liborbbec_camera_msgs__rosidl_typesupport_introspection_cpp.so
[2.157s] -- Up-to-date: /home/vboxuser/Ali_ws/install/orbbec_camera_msgs/lib/liborbbec_camera_msgs__rosidl_typesupport_cpp.so
[2.157s] -- Up-to-date: /home/vboxuser/Ali_ws/install/orbbec_camera_msgs/share/orbbec_camera_msgs/environment/pythonpath.sh
[2.157s] -- Up-to-date: /home/vboxuser/Ali_ws/install/orbbec_camera_msgs/share/orbbec_camera_msgs/environment/pythonpath.dsv
[2.157s] -- Up-to-date: /home/vboxuser/Ali_ws/install/orbbec_camera_msgs/local/lib/python3.10/dist-packages/orbbec_camera_msgs-2.5.4-py3.10.egg-info
[2.157s] -- Installing: /home/vboxuser/Ali_ws/install/orbbec_camera_msgs/local/lib/python3.10/dist-packages/orbbec_camera_msgs-2.5.4-py3.10.egg-info/SOURCES.txt
[2.157s] -- Installing: /home/vboxuser/Ali_ws/install/orbbec_camera_msgs/local/lib/python3.10/dist-packages/orbbec_camera_msgs-2.5.4-py3.10.egg-info/top_level.txt
[2.157s] -- Installing: /home/vboxuser/Ali_ws/install/orbbec_camera_msgs/local/lib/python3.10/dist-packages/orbbec_camera_msgs-2.5.4-py3.10.egg-info/PKG-INFO
[2.157s] -- Installing: /home/vboxuser/Ali_ws/install/orbbec_camera_msgs/local/lib/python3.10/dist-packages/orbbec_camera_msgs-2.5.4-py3.10.egg-info/dependency_links.txt
[2.157s] -- Up-to-date: /home/vboxuser/Ali_ws/install/orbbec_camera_msgs/local/lib/python3.10/dist-packages/orbbec_camera_msgs
[2.157s] -- Up-to-date: /home/vboxuser/Ali_ws/install/orbbec_camera_msgs/local/lib/python3.10/dist-packages/orbbec_camera_msgs/_orbbec_camera_msgs_s.ep.rosidl_typesupport_introspection_c.c
[2.158s] -- Up-to-date: /home/vboxuser/Ali_ws/install/orbbec_camera_msgs/local/lib/python3.10/dist-packages/orbbec_camera_msgs/orbbec_camera_msgs_s__rosidl_typesupport_fastrtps_c.cpython-310-x86_64-linux-gnu.so
[2.158s] -- Up-to-date: /home/vboxuser/Ali_ws/install/orbbec_camera_msgs/local/lib/python3.10/dist-packages/orbbec_camera_msgs/orbbec_camera_msgs_s__rosidl_typesupport_introspection_c.cpython-310-x86_64-linux-gnu.so
[2.158s] -- Up-to-date: /home/vboxuser/Ali_ws/install/orbbec_camera_msgs/local/lib/python3.10/dist-packages/orbbec_camera_msgs/liborbbec_camera_msgs__rosidl_generator_py.so
[2.158s] -- Up-to-date: /home/vboxuser/Ali_ws/install/orbbec_camera_msgs/local/lib/python3.10/dist-packages/orbbec_camera_msgs/srv
[2.158s] -- Up-to-date: /home/vboxuser/Ali_ws/install/orbbec_camera_msgs/local/lib/python3.10/dist-packages/orbbec_camera_msgs/srv/_get_user_calib_params.py
[2.158s] -- Up-to-date: /home/vboxuser/Ali_ws/install/orbbec_camera_msgs/local/lib/python3.10/dist-packages/orbbec_camera_msgs/srv/_set_int32.py
[2.158s] -- Up-to-date: /home/vboxuser/Ali_ws/install/orbbec_camera_msgs/local/lib/python3.10/dist-packages/orbbec_camera_msgs/srv/_get_device_info.py
[2.158s] -- Up-to-date: /home/vboxuser/Ali_ws/install/orbbec_camera_msgs/local/lib/python3.10/dist-packages/orbbec_camera_msgs/srv/_get_device_info_s.c
[2.158s] -- Up-to-date: /home/vboxuser/Ali_ws/install/orbbec_camera_msgs/local/lib/python3.10/dist-packages/orbbec_camera_msgs/srv/_set_user_calib_params_s.c
[2.158s] -- Up-to-date: /home/vboxuser/Ali_ws/install/orbbec_camera_msgs/local/lib/python3.10/dist-packages/orbbec_camera_msgs/srv/_set_filter_s.c
[2.158s] -- Up-to-date: /home/vboxuser/Ali_ws/install/orbbec_camera_msgs/local/lib/python3.10/dist-packages/orbbec_camera_msgs/srv/_get_int32_s.c
[2.159s] -- Up-to-date: /home/vboxuser/Ali_ws/install/orbbec_camera_msgs/local/lib/python3.10/dist-packages/orbbec_camera_msgs/srv/_get_bool.py
[2.159s] -- Up-to-date: /home/vboxuser/Ali_ws/install/orbbec_camera_msgs/local/lib/python3.10/dist-packages/orbbec_camera_msgs/srv/_get_bool_s.c
[2.159s] -- Up-to-date: /home/vboxuser/Ali_ws/install/orbbec_camera_msgs/local/lib/python3.10/dist-packages/orbbec_camera_msgs/srv/_set_string.py
[2.159s] -- Up-to-date: /home/vboxuser/Ali_ws/install/orbbec_camera_msgs/local/lib/python3.10/dist-packages/orbbec_camera_msgs/srv/_get_user_calib_params_s.c
[2.159s] -- Up-to-date: /home/vboxuser/Ali_ws/install/orbbec_camera_msgs/local/lib/python3.10/dist-packages/orbbec_camera_msgs/srv/_get_camera_info_s.c
[2.159s] -- Up-to-date: /home/vboxuser/Ali_ws/install/orbbec_camera_msgs/local/lib/python3.10/dist-packages/orbbec_camera_msgs/srv/_set_arrays_s.c
[2.159s] -- Up-to-date: /home/vboxuser/Ali_ws/install/orbbec_camera_msgs/local/lib/python3.10/dist-packages/orbbec_camera_msgs/srv/_set_string_s.c
[2.159s] -- Up-to-date: /home/vboxuser/Ali_ws/install/orbbec_camera_msgs/local/lib/python3.10/dist-packages/orbbec_camera_msgs/srv/_get_camera_info.py
[2.159s] -- Up-to-date: /home/vboxuser/Ali_ws/install/orbbec_camera_msgs/local/lib/python3.10/dist-packages/orbbec_camera_msgs/srv/_set_user_calib_params.py
[2.159s] -- Up-to-date: /home/vboxuser/Ali_ws/install/orbbec_camera_msgs/local/lib/python3.10/dist-packages/orbbec_camera_msgs/srv/_set_arrays.py
[2.159s] -- Up-to-date: /home/vboxuser/Ali_ws/install/orbbec_camera_msgs/local/lib/python3.10/dist-packages/orbbec_camera_msgs/srv/_set_filter.py
[2.159s] -- Up-to-date: /home/vboxuser/Ali_ws/install/orbbec_camera_msgs/local/lib/python3.10/dist-packages/orbbec_camera_msgs/srv/_get_string.py
[2.159s] -- Up-to-date: /home/vboxuser/Ali_ws/install/orbbec_camera_msgs/local/lib/python3.10/dist-packages/orbbec_camera_msgs/srv/_set_int32_s.c
[2.159s] -- Up-to-date: /home/vboxuser/Ali_ws/install/orbbec_camera_msgs/local/lib/python3.10/dist-packages/orbbec_camera_msgs/srv/_get_string_s.c
[2.159s] -- Up-to-date: /home/vboxuser/Ali_ws/install/orbbec_camera_msgs/local/lib/python3.10/dist-packages/orbbec_camera_msgs/srv/__init__.py
[2.159s] -- Up-to-date: /home/vboxuser/Ali_ws/install/orbbec_camera_msgs/local/lib/python3.10/dist-packages/orbbec_camera_msgs/srv/_get_int32.py
[2.159s] -- Up-to-date: /home/vboxuser/Ali_ws/install/orbbec_camera_msgs/local/lib/python3.10/dist-packages/orbbec_camera_msgs/orbbec_camera_msgs_s__rosidl_typesupport_c.cpython-310-x86_64-linux-gnu.so
[2.159s] -- Up-to-date: /home/vboxuser/Ali_ws/install/orbbec_camera_msgs/local/lib/python3.10/dist-packages/orbbec_camera_msgs/_orbbec_camera_msgs_s.ep.rosidl_typesupport_c.c
[2.159s] -- Up-to-date: /home/vboxuser/Ali_ws/install/orbbec_camera_msgs/local/lib/python3.10/dist-packages/orbbec_camera_msgs/_orbbec_camera_msgs_s.ep.rosidl_typesupport_fastrtps_c.c
[2.159s] -- Up-to-date: /home/vboxuser/Ali_ws/install/orbbec_camera_msgs/local/lib/python3.10/dist-packages/orbbec_camera_msgs/msg
[2.159s] -- Up-to-date: /home/vboxuser/Ali_ws/install/orbbec_camera_msgs/local/lib/python3.10/dist-packages/orbbec_camera_msgs/msg/_metadata_s.c
[2.159s] -- Up-to-date: /home/vboxuser/Ali_ws/install/orbbec_camera_msgs/local/lib/python3.10/dist-packages/orbbec_camera_msgs/msg/_rgbd_s.c
[2.159s] -- Up-to-date: /home/vboxuser/Ali_ws/install/orbbec_camera_msgs/local/lib/python3.10/dist-packages/orbbec_camera_msgs/msg/_rgbd.py
[2.159s] -- Up-to-date: /home/vboxuser/Ali_ws/install/orbbec_camera_msgs/local/lib/python3.10/dist-packages/orbbec_camera_msgs/msg/_extrinsics.py
[2.159s] -- Up-to-date: /home/vboxuser/Ali_ws/install/orbbec_camera_msgs/local/lib/python3.10/dist-packages/orbbec_camera_msgs/msg/_device_status.py
[2.159s] -- Up-to-date: /home/vboxuser/Ali_ws/install/orbbec_camera_msgs/local/lib/python3.10/dist-packages/orbbec_camera_msgs/msg/_imu_info_s.c
[2.160s] -- Up-to-date: /home/vboxuser/Ali_ws/install/orbbec_camera_msgs/local/lib/python3.10/dist-packages/orbbec_camera_msgs/msg/_device_info.py
[2.160s] -- Up-to-date: /home/vboxuser/Ali_ws/install/orbbec_camera_msgs/local/lib/python3.10/dist-packages/orbbec_camera_msgs/msg/_extrinsics_s.c
[2.160s] -- Up-to-date: /home/vboxuser/Ali_ws/install/orbbec_camera_msgs/local/lib/python3.10/dist-packages/orbbec_camera_msgs/msg/_imu_info.py
[2.160s] -- Up-to-date: /home/vboxuser/Ali_ws/install/orbbec_camera_msgs/local/lib/python3.10/dist-packages/orbbec_camera_msgs/msg/_metadata.py
[2.160s] -- Up-to-date: /home/vboxuser/Ali_ws/install/orbbec_camera_msgs/local/lib/python3.10/dist-packages/orbbec_camera_msgs/msg/_device_info_s.c
[2.161s] -- Up-to-date: /home/vboxuser/Ali_ws/install/orbbec_camera_msgs/local/lib/python3.10/dist-packages/orbbec_camera_msgs/msg/_device_status_s.c
[2.161s] -- Up-to-date: /home/vboxuser/Ali_ws/install/orbbec_camera_msgs/local/lib/python3.10/dist-packages/orbbec_camera_msgs/msg/__init__.py
[2.161s] -- Up-to-date: /home/vboxuser/Ali_ws/install/orbbec_camera_msgs/local/lib/python3.10/dist-packages/orbbec_camera_msgs/__init__.py
[2.163s] Listing '/home/vboxuser/Ali_ws/install/orbbec_camera_msgs/local/lib/python3.10/dist-packages/orbbec_camera_msgs'...
[2.163s] Listing '/home/vboxuser/Ali_ws/install/orbbec_camera_msgs/local/lib/python3.10/dist-packages/orbbec_camera_msgs/msg'...
[2.163s] Listing '/home/vboxuser/Ali_ws/install/orbbec_camera_msgs/local/lib/python3.10/dist-packages/orbbec_camera_msgs/srv'...
[2.164s] -- Up-to-date: /home/vboxuser/Ali_ws/install/orbbec_camera_msgs/local/lib/python3.10/dist-packages/orbbec_camera_msgs/orbbec_camera_msgs_s__rosidl_typesupport_fastrtps_c.cpython-310-x86_64-linux-gnu.so
[2.166s] -- Up-to-date: /home/vboxuser/Ali_ws/install/orbbec_camera_msgs/local/lib/python3.10/dist-packages/orbbec_camera_msgs/orbbec_camera_msgs_s__rosidl_typesupport_introspection_c.cpython-310-x86_64-linux-gnu.so
[2.167s] -- Up-to-date: /home/vboxuser/Ali_ws/install/orbbec_camera_msgs/local/lib/python3.10/dist-packages/orbbec_camera_msgs/orbbec_camera_msgs_s__rosidl_typesupport_c.cpython-310-x86_64-linux-gnu.so
[2.167s] -- Up-to-date: /home/vboxuser/Ali_ws/install/orbbec_camera_msgs/lib/liborbbec_camera_msgs__rosidl_generator_py.so
[2.168s] -- Up-to-date: /home/vboxuser/Ali_ws/install/orbbec_camera_msgs/share/orbbec_camera_msgs/msg/DeviceInfo.idl
[2.168s] -- Up-to-date: /home/vboxuser/Ali_ws/install/orbbec_camera_msgs/share/orbbec_camera_msgs/msg/DeviceStatus.idl
[2.168s] -- Up-to-date: /home/vboxuser/Ali_ws/install/orbbec_camera_msgs/share/orbbec_camera_msgs/msg/Extrinsics.idl
[2.168s] -- Up-to-date: /home/vboxuser/Ali_ws/install/orbbec_camera_msgs/share/orbbec_camera_msgs/msg/Metadata.idl
[2.168s] -- Up-to-date: /home/vboxuser/Ali_ws/install/orbbec_camera_msgs/share/orbbec_camera_msgs/msg/IMUInfo.idl
[2.171s] -- Up-to-date: /home/vboxuser/Ali_ws/install/orbbec_camera_msgs/share/orbbec_camera_msgs/msg/RGBD.idl
[2.171s] -- Up-to-date: /home/vboxuser/Ali_ws/install/orbbec_camera_msgs/share/orbbec_camera_msgs/srv/GetBool.idl
[2.171s] -- Up-to-date: /home/vboxuser/Ali_ws/install/orbbec_camera_msgs/share/orbbec_camera_msgs/srv/GetDeviceInfo.idl
[2.171s] -- Up-to-date: /home/vboxuser/Ali_ws/install/orbbec_camera_msgs/share/orbbec_camera_msgs/srv/GetCameraInfo.idl
[2.171s] -- Up-to-date: /home/vboxuser/Ali_ws/install/orbbec_camera_msgs/share/orbbec_camera_msgs/srv/GetInt32.idl
[2.171s] -- Up-to-date: /home/vboxuser/Ali_ws/install/orbbec_camera_msgs/share/orbbec_camera_msgs/srv/GetString.idl
[2.171s] -- Up-to-date: /home/vboxuser/Ali_ws/install/orbbec_camera_msgs/share/orbbec_camera_msgs/srv/SetFilter.idl
[2.171s] -- Up-to-date: /home/vboxuser/Ali_ws/install/orbbec_camera_msgs/share/orbbec_camera_msgs/srv/SetInt32.idl
[2.171s] -- Up-to-date: /home/vboxuser/Ali_ws/install/orbbec_camera_msgs/share/orbbec_camera_msgs/srv/SetString.idl
[2.172s] -- Up-to-date: /home/vboxuser/Ali_ws/install/orbbec_camera_msgs/share/orbbec_camera_msgs/srv/SetArrays.idl
[2.172s] -- Up-to-date: /home/vboxuser/Ali_ws/install/orbbec_camera_msgs/share/orbbec_camera_msgs/srv/GetUserCalibParams.idl
[2.172s] -- Up-to-date: /home/vboxuser/Ali_ws/install/orbbec_camera_msgs/share/orbbec_camera_msgs/srv/SetUserCalibParams.idl
[2.172s] -- Up-to-date: /home/vboxuser/Ali_ws/install/orbbec_camera_msgs/share/orbbec_camera_msgs/msg/DeviceInfo.msg
[2.172s] -- Up-to-date: /home/vboxuser/Ali_ws/install/orbbec_camera_msgs/share/orbbec_camera_msgs/msg/DeviceStatus.msg
[2.172s] -- Up-to-date: /home/vboxuser/Ali_ws/install/orbbec_camera_msgs/share/orbbec_camera_msgs/msg/Extrinsics.msg
[2.175s] -- Up-to-date: /home/vboxuser/Ali_ws/install/orbbec_camera_msgs/share/orbbec_camera_msgs/msg/Metadata.msg
[2.175s] -- Up-to-date: /home/vboxuser/Ali_ws/install/orbbec_camera_msgs/share/orbbec_camera_msgs/msg/IMUInfo.msg
[2.175s] -- Up-to-date: /home/vboxuser/Ali_ws/install/orbbec_camera_msgs/share/orbbec_camera_msgs/msg/RGBD.msg
[2.175s] -- Up-to-date: /home/vboxuser/Ali_ws/install/orbbec_camera_msgs/share/orbbec_camera_msgs/srv/GetBool.srv
[2.175s] -- Up-to-date: /home/vboxuser/Ali_ws/install/orbbec_camera_msgs/share/orbbec_camera_msgs/srv/GetBool_Request.msg
[2.175s] -- Up-to-date: /home/vboxuser/Ali_ws/install/orbbec_camera_msgs/share/orbbec_camera_msgs/srv/GetBool_Response.msg
[2.175s] -- Up-to-date: /home/vboxuser/Ali_ws/install/orbbec_camera_msgs/share/orbbec_camera_msgs/srv/GetDeviceInfo.srv
[2.176s] -- Up-to-date: /home/vboxuser/Ali_ws/install/orbbec_camera_msgs/share/orbbec_camera_msgs/srv/GetDeviceInfo_Request.msg
[2.176s] -- Up-to-date: /home/vboxuser/Ali_ws/install/orbbec_camera_msgs/share/orbbec_camera_msgs/srv/GetDeviceInfo_Response.msg
[2.176s] -- Up-to-date: /home/vboxuser/Ali_ws/install/orbbec_camera_msgs/share/orbbec_camera_msgs/srv/GetCameraInfo.srv
[2.176s] -- Up-to-date: /home/vboxuser/Ali_ws/install/orbbec_camera_msgs/share/orbbec_camera_msgs/srv/GetCameraInfo_Request.msg
[2.176s] -- Up-to-date: /home/vboxuser/Ali_ws/install/orbbec_camera_msgs/share/orbbec_camera_msgs/srv/GetCameraInfo_Response.msg
[2.176s] -- Up-to-date: /home/vboxuser/Ali_ws/install/orbbec_camera_msgs/share/orbbec_camera_msgs/srv/GetInt32.srv
[2.176s] -- Up-to-date: /home/vboxuser/Ali_ws/install/orbbec_camera_msgs/share/orbbec_camera_msgs/srv/GetInt32_Request.msg
[2.176s] -- Up-to-date: /home/vboxuser/Ali_ws/install/orbbec_camera_msgs/share/orbbec_camera_msgs/srv/GetInt32_Response.msg
[2.176s] -- Up-to-date: /home/vboxuser/Ali_ws/install/orbbec_camera_msgs/share/orbbec_camera_msgs/srv/GetString.srv
[2.176s] -- Up-to-date: /home/vboxuser/Ali_ws/install/orbbec_camera_msgs/share/orbbec_camera_msgs/srv/GetString_Request.msg
[2.176s] -- Up-to-date: /home/vboxuser/Ali_ws/install/orbbec_camera_msgs/share/orbbec_camera_msgs/srv/GetString_Response.msg
[2.176s] -- Up-to-date: /home/vboxuser/Ali_ws/install/orbbec_camera_msgs/share/orbbec_camera_msgs/srv/SetFilter.srv
[2.176s] -- Up-to-date: /home/vboxuser/Ali_ws/install/orbbec_camera_msgs/share/orbbec_camera_msgs/srv/SetFilter_Request.msg
[2.176s] -- Up-to-date: /home/vboxuser/Ali_ws/install/orbbec_camera_msgs/share/orbbec_camera_msgs/srv/SetFilter_Response.msg
[2.176s] -- Up-to-date: /home/vboxuser/Ali_ws/install/orbbec_camera_msgs/share/orbbec_camera_msgs/srv/SetInt32.srv
[2.176s] -- Up-to-date: /home/vboxuser/Ali_ws/install/orbbec_camera_msgs/share/orbbec_camera_msgs/srv/SetInt32_Request.msg
[2.176s] -- Up-to-date: /home/vboxuser/Ali_ws/install/orbbec_camera_msgs/share/orbbec_camera_msgs/srv/SetInt32_Response.msg
[2.176s] -- Up-to-date: /home/vboxuser/Ali_ws/install/orbbec_camera_msgs/share/orbbec_camera_msgs/srv/SetString.srv
[2.176s] -- Up-to-date: /home/vboxuser/Ali_ws/install/orbbec_camera_msgs/share/orbbec_camera_msgs/srv/SetString_Request.msg
[2.176s] -- Up-to-date: /home/vboxuser/Ali_ws/install/orbbec_camera_msgs/share/orbbec_camera_msgs/srv/SetString_Response.msg
[2.176s] -- Up-to-date: /home/vboxuser/Ali_ws/install/orbbec_camera_msgs/share/orbbec_camera_msgs/srv/SetArrays.srv
[2.177s] -- Up-to-date: /home/vboxuser/Ali_ws/install/orbbec_camera_msgs/share/orbbec_camera_msgs/srv/SetArrays_Request.msg
[2.177s] -- Up-to-date: /home/vboxuser/Ali_ws/install/orbbec_camera_msgs/share/orbbec_camera_msgs/srv/SetArrays_Response.msg
[2.177s] -- Up-to-date: /home/vboxuser/Ali_ws/install/orbbec_camera_msgs/share/orbbec_camera_msgs/srv/GetUserCalibParams.srv
[2.177s] -- Up-to-date: /home/vboxuser/Ali_ws/install/orbbec_camera_msgs/share/orbbec_camera_msgs/srv/GetUserCalibParams_Request.msg
[2.177s] -- Up-to-date: /home/vboxuser/Ali_ws/install/orbbec_camera_msgs/share/orbbec_camera_msgs/srv/GetUserCalibParams_Response.msg
[2.177s] -- Up-to-date: /home/vboxuser/Ali_ws/install/orbbec_camera_msgs/share/orbbec_camera_msgs/srv/SetUserCalibParams.srv
[2.177s] -- Up-to-date: /home/vboxuser/Ali_ws/install/orbbec_camera_msgs/share/orbbec_camera_msgs/srv/SetUserCalibParams_Request.msg
[2.177s] -- Up-to-date: /home/vboxuser/Ali_ws/install/orbbec_camera_msgs/share/orbbec_camera_msgs/srv/SetUserCalibParams_Response.msg
[2.177s] -- Up-to-date: /home/vboxuser/Ali_ws/install/orbbec_camera_msgs/share/ament_index/resource_index/package_run_dependencies/orbbec_camera_msgs
[2.177s] -- Up-to-date: /home/vboxuser/Ali_ws/install/orbbec_camera_msgs/share/ament_index/resource_index/parent_prefix_path/orbbec_camera_msgs
[2.177s] -- Up-to-date: /home/vboxuser/Ali_ws/install/orbbec_camera_msgs/share/orbbec_camera_msgs/environment/ament_prefix_path.sh
[2.178s] -- Up-to-date: /home/vboxuser/Ali_ws/install/orbbec_camera_msgs/share/orbbec_camera_msgs/environment/ament_prefix_path.dsv
[2.178s] -- Up-to-date: /home/vboxuser/Ali_ws/install/orbbec_camera_msgs/share/orbbec_camera_msgs/environment/path.sh
[2.178s] -- Up-to-date: /home/vboxuser/Ali_ws/install/orbbec_camera_msgs/share/orbbec_camera_msgs/environment/path.dsv
[2.178s] -- Up-to-date: /home/vboxuser/Ali_ws/install/orbbec_camera_msgs/share/orbbec_camera_msgs/local_setup.bash
[2.178s] -- Up-to-date: /home/vboxuser/Ali_ws/install/orbbec_camera_msgs/share/orbbec_camera_msgs/local_setup.sh
[2.178s] -- Up-to-date: /home/vboxuser/Ali_ws/install/orbbec_camera_msgs/share/orbbec_camera_msgs/local_setup.zsh
[2.178s] -- Up-to-date: /home/vboxuser/Ali_ws/install/orbbec_camera_msgs/share/orbbec_camera_msgs/local_setup.dsv
[2.178s] -- Installing: /home/vboxuser/Ali_ws/install/orbbec_camera_msgs/share/orbbec_camera_msgs/package.dsv
[2.179s] -- Up-to-date: /home/vboxuser/Ali_ws/install/orbbec_camera_msgs/share/ament_index/resource_index/packages/orbbec_camera_msgs
[2.179s] -- Up-to-date: /home/vboxuser/Ali_ws/install/orbbec_camera_msgs/share/orbbec_camera_msgs/cmake/export_orbbec_camera_msgs__rosidl_generator_cExport.cmake
[2.180s] -- Up-to-date: /home/vboxuser/Ali_ws/install/orbbec_camera_msgs/share/orbbec_camera_msgs/cmake/export_orbbec_camera_msgs__rosidl_generator_cExport-noconfig.cmake
[2.182s] -- Up-to-date: /home/vboxuser/Ali_ws/install/orbbec_camera_msgs/share/orbbec_camera_msgs/cmake/export_orbbec_camera_msgs__rosidl_typesupport_fastrtps_cExport.cmake
[2.182s] -- Up-to-date: /home/vboxuser/Ali_ws/install/orbbec_camera_msgs/share/orbbec_camera_msgs/cmake/export_orbbec_camera_msgs__rosidl_typesupport_fastrtps_cExport-noconfig.cmake
[2.183s] -- Up-to-date: /home/vboxuser/Ali_ws/install/orbbec_camera_msgs/share/orbbec_camera_msgs/cmake/orbbec_camera_msgs__rosidl_typesupport_introspection_cExport.cmake
[2.183s] -- Up-to-date: /home/vboxuser/Ali_ws/install/orbbec_camera_msgs/share/orbbec_camera_msgs/cmake/orbbec_camera_msgs__rosidl_typesupport_introspection_cExport-noconfig.cmake
[2.183s] -- Up-to-date: /home/vboxuser/Ali_ws/install/orbbec_camera_msgs/share/orbbec_camera_msgs/cmake/orbbec_camera_msgs__rosidl_typesupport_cExport.cmake
[2.183s] -- Up-to-date: /home/vboxuser/Ali_ws/install/orbbec_camera_msgs/share/orbbec_camera_msgs/cmake/orbbec_camera_msgs__rosidl_typesupport_cExport-noconfig.cmake
[2.183s] -- Up-to-date: /home/vboxuser/Ali_ws/install/orbbec_camera_msgs/share/orbbec_camera_msgs/cmake/export_orbbec_camera_msgs__rosidl_generator_cppExport.cmake
[2.183s] -- Up-to-date: /home/vboxuser/Ali_ws/install/orbbec_camera_msgs/share/orbbec_camera_msgs/cmake/export_orbbec_camera_msgs__rosidl_typesupport_fastrtps_cppExport.cmake
[2.186s] -- Up-to-date: /home/vboxuser/Ali_ws/install/orbbec_camera_msgs/share/orbbec_camera_msgs/cmake/export_orbbec_camera_msgs__rosidl_typesupport_fastrtps_cppExport-noconfig.cmake
[2.186s] -- Up-to-date: /home/vboxuser/Ali_ws/install/orbbec_camera_msgs/share/orbbec_camera_msgs/cmake/orbbec_camera_msgs__rosidl_typesupport_introspection_cppExport.cmake
[2.187s] -- Up-to-date: /home/vboxuser/Ali_ws/install/orbbec_camera_msgs/share/orbbec_camera_msgs/cmake/orbbec_camera_msgs__rosidl_typesupport_introspection_cppExport-noconfig.cmake
[2.187s] -- Up-to-date: /home/vboxuser/Ali_ws/install/orbbec_camera_msgs/share/orbbec_camera_msgs/cmake/orbbec_camera_msgs__rosidl_typesupport_cppExport.cmake
[2.187s] -- Up-to-date: /home/vboxuser/Ali_ws/install/orbbec_camera_msgs/share/orbbec_camera_msgs/cmake/orbbec_camera_msgs__rosidl_typesupport_cppExport-noconfig.cmake
[2.187s] -- Up-to-date: /home/vboxuser/Ali_ws/install/orbbec_camera_msgs/share/orbbec_camera_msgs/cmake/export_orbbec_camera_msgs__rosidl_generator_pyExport.cmake
[2.187s] -- Up-to-date: /home/vboxuser/Ali_ws/install/orbbec_camera_msgs/share/orbbec_camera_msgs/cmake/export_orbbec_camera_msgs__rosidl_generator_pyExport-noconfig.cmake
[2.188s] -- Up-to-date: /home/vboxuser/Ali_ws/install/orbbec_camera_msgs/share/orbbec_camera_msgs/cmake/rosidl_cmake-extras.cmake
[2.189s] -- Up-to-date: /home/vboxuser/Ali_ws/install/orbbec_camera_msgs/share/orbbec_camera_msgs/cmake/ament_cmake_export_dependencies-extras.cmake
[2.189s] -- Up-to-date: /home/vboxuser/Ali_ws/install/orbbec_camera_msgs/share/orbbec_camera_msgs/cmake/ament_cmake_export_include_directories-extras.cmake
[2.189s] -- Up-to-date: /home/vboxuser/Ali_ws/install/orbbec_camera_msgs/share/orbbec_camera_msgs/cmake/ament_cmake_export_libraries-extras.cmake
[2.189s] -- Up-to-date: /home/vboxuser/Ali_ws/install/orbbec_camera_msgs/share/orbbec_camera_msgs/cmake/ament_cmake_export_targets-extras.cmake
[2.189s] -- Up-to-date: /home/vboxuser/Ali_ws/install/orbbec_camera_msgs/share/orbbec_camera_msgs/cmake/rosidl_cmake_export_typesupport_targets-extras.cmake
[2.189s] -- Up-to-date: /home/vboxuser/Ali_ws/install/orbbec_camera_msgs/share/orbbec_camera_msgs/cmake/rosidl_cmake_export_typesupport_libraries-extras.cmake
[2.189s] -- Up-to-date: /home/vboxuser/Ali_ws/install/orbbec_camera_msgs/share/orbbec_camera_msgs/cmake/orbbec_camera_msgsConfig.cmake
[2.191s] -- Up-to-date: /home/vboxuser/Ali_ws/install/orbbec_camera_msgs/share/orbbec_camera_msgs/cmake/orbbec_camera_msgsConfig-version.cmake
[2.192s] -- Up-to-date: /home/vboxuser/Ali_ws/install/orbbec_camera_msgs/share/orbbec_camera_msgs/package.xml
[2.238s] Invoked command in '/home/vboxuser/Ali_ws/build/orbbec_camera_msgs' returned '0': /usr/bin/cmake --install /home/vboxuser/Ali_ws/build/orbbec_camera_msgs
