[0.088s] Invoking command in '/home/vboxuser/Ali_ws/build/xarm_moveit_servo': AMENT_PREFIX_PATH=/home/vboxuser/Ali_ws/install/xarm_moveit_config:/home/vboxuser/Ali_ws/install/xarm_gazebo:/home/vboxuser/Ali_ws/install/xarm_controller:/home/vboxuser/Ali_ws/install/xarm_api:/home/vboxuser/Ali_ws/install/xarm_sdk:/home/vboxuser/Ali_ws/install/xarm_msgs:/home/vboxuser/Ali_ws/install/xarm_description:/home/vboxuser/Ali_ws/install/uf_ros_lib:${AMENT_PREFIX_PATH} CMAKE_PREFIX_PATH=/home/vboxuser/Ali_ws/install/xarm_moveit_config:/home/vboxuser/Ali_ws/install/xarm_gazebo:/home/vboxuser/Ali_ws/install/xarm_controller:/home/vboxuser/Ali_ws/install/xarm_api:/home/vboxuser/Ali_ws/install/xarm_sdk:/home/vboxuser/Ali_ws/install/xarm_msgs:/home/vboxuser/Ali_ws/install/xarm_description:/opt/ros/humble LD_LIBRARY_PATH=/home/vboxuser/Ali_ws/install/xarm_gazebo/lib:/home/vboxuser/Ali_ws/install/xarm_controller/lib:/home/vboxuser/Ali_ws/install/xarm_api/lib:/home/vboxuser/Ali_ws/install/xarm_sdk/lib:/home/vboxuser/Ali_ws/install/xarm_msgs/lib:${LD_LIBRARY_PATH} PYTHONPATH=/home/vboxuser/Ali_ws/install/xarm_msgs/local/lib/python3.10/dist-packages:/home/vboxuser/Ali_ws/install/uf_ros_lib/lib/python3.10/site-packages:${PYTHONPATH} /usr/bin/cmake --build /home/vboxuser/Ali_ws/build/xarm_moveit_servo -- -j4 -l4
[0.443s] [ 50%] Built target xarm_keyboard_input
[0.451s] [100%] Built target xarm_joystick_input
[0.473s] Invoked command in '/home/vboxuser/Ali_ws/build/xarm_moveit_servo' returned '0': AMENT_PREFIX_PATH=/home/vboxuser/Ali_ws/install/xarm_moveit_config:/home/vboxuser/Ali_ws/install/xarm_gazebo:/home/vboxuser/Ali_ws/install/xarm_controller:/home/vboxuser/Ali_ws/install/xarm_api:/home/vboxuser/Ali_ws/install/xarm_sdk:/home/vboxuser/Ali_ws/install/xarm_msgs:/home/vboxuser/Ali_ws/install/xarm_description:/home/vboxuser/Ali_ws/install/uf_ros_lib:${AMENT_PREFIX_PATH} CMAKE_PREFIX_PATH=/home/vboxuser/Ali_ws/install/xarm_moveit_config:/home/vboxuser/Ali_ws/install/xarm_gazebo:/home/vboxuser/Ali_ws/install/xarm_controller:/home/vboxuser/Ali_ws/install/xarm_api:/home/vboxuser/Ali_ws/install/xarm_sdk:/home/vboxuser/Ali_ws/install/xarm_msgs:/home/vboxuser/Ali_ws/install/xarm_description:/opt/ros/humble LD_LIBRARY_PATH=/home/vboxuser/Ali_ws/install/xarm_gazebo/lib:/home/vboxuser/Ali_ws/install/xarm_controller/lib:/home/vboxuser/Ali_ws/install/xarm_api/lib:/home/vboxuser/Ali_ws/install/xarm_sdk/lib:/home/vboxuser/Ali_ws/install/xarm_msgs/lib:${LD_LIBRARY_PATH} PYTHONPATH=/home/vboxuser/Ali_ws/install/xarm_msgs/local/lib/python3.10/dist-packages:/home/vboxuser/Ali_ws/install/uf_ros_lib/lib/python3.10/site-packages:${PYTHONPATH} /usr/bin/cmake --build /home/vboxuser/Ali_ws/build/xarm_moveit_servo -- -j4 -l4
[0.484s] Invoking command in '/home/vboxuser/Ali_ws/build/xarm_moveit_servo': AMENT_PREFIX_PATH=/home/vboxuser/Ali_ws/install/xarm_moveit_config:/home/vboxuser/Ali_ws/install/xarm_gazebo:/home/vboxuser/Ali_ws/install/xarm_controller:/home/vboxuser/Ali_ws/install/xarm_api:/home/vboxuser/Ali_ws/install/xarm_sdk:/home/vboxuser/Ali_ws/install/xarm_msgs:/home/vboxuser/Ali_ws/install/xarm_description:/home/vboxuser/Ali_ws/install/uf_ros_lib:${AMENT_PREFIX_PATH} CMAKE_PREFIX_PATH=/home/vboxuser/Ali_ws/install/xarm_moveit_config:/home/vboxuser/Ali_ws/install/xarm_gazebo:/home/vboxuser/Ali_ws/install/xarm_controller:/home/vboxuser/Ali_ws/install/xarm_api:/home/vboxuser/Ali_ws/install/xarm_sdk:/home/vboxuser/Ali_ws/install/xarm_msgs:/home/vboxuser/Ali_ws/install/xarm_description:/opt/ros/humble LD_LIBRARY_PATH=/home/vboxuser/Ali_ws/install/xarm_gazebo/lib:/home/vboxuser/Ali_ws/install/xarm_controller/lib:/home/vboxuser/Ali_ws/install/xarm_api/lib:/home/vboxuser/Ali_ws/install/xarm_sdk/lib:/home/vboxuser/Ali_ws/install/xarm_msgs/lib:${LD_LIBRARY_PATH} PYTHONPATH=/home/vboxuser/Ali_ws/install/xarm_msgs/local/lib/python3.10/dist-packages:/home/vboxuser/Ali_ws/install/uf_ros_lib/lib/python3.10/site-packages:${PYTHONPATH} /usr/bin/cmake --install /home/vboxuser/Ali_ws/build/xarm_moveit_servo
[0.503s] -- Install configuration: ""
[0.504s] -- Up-to-date: /home/vboxuser/Ali_ws/install/xarm_moveit_servo/lib/libxarm_joystick_input.so
[0.511s] -- Up-to-date: /home/vboxuser/Ali_ws/install/xarm_moveit_servo/lib/xarm_moveit_servo/xarm_keyboard_input
[0.511s] -- Up-to-date: /home/vboxuser/Ali_ws/install/xarm_moveit_servo/share/xarm_moveit_servo//config
[0.511s] -- Up-to-date: /home/vboxuser/Ali_ws/install/xarm_moveit_servo/share/xarm_moveit_servo//config/xarm_moveit_servo_config.yaml
[0.511s] -- Up-to-date: /home/vboxuser/Ali_ws/install/xarm_moveit_servo/share/xarm_moveit_servo//launch
[0.511s] -- Up-to-date: /home/vboxuser/Ali_ws/install/xarm_moveit_servo/share/xarm_moveit_servo//launch/_robot_moveit_servo.launch.py
[0.511s] -- Up-to-date: /home/vboxuser/Ali_ws/install/xarm_moveit_servo/share/xarm_moveit_servo//launch/uf850_moveit_servo_fake.launch.py
[0.511s] -- Up-to-date: /home/vboxuser/Ali_ws/install/xarm_moveit_servo/share/xarm_moveit_servo//launch/lite6_moveit_servo_realmove.launch.py
[0.511s] -- Up-to-date: /home/vboxuser/Ali_ws/install/xarm_moveit_servo/share/xarm_moveit_servo//launch/_robot_moveit_servo_realmove.launch.py
[0.511s] -- Up-to-date: /home/vboxuser/Ali_ws/install/xarm_moveit_servo/share/xarm_moveit_servo//launch/_robot_moveit_servo_fake.launch.py
[0.511s] -- Up-to-date: /home/vboxuser/Ali_ws/install/xarm_moveit_servo/share/xarm_moveit_servo//launch/uf850_moveit_servo_realmove.launch.py
[0.511s] -- Up-to-date: /home/vboxuser/Ali_ws/install/xarm_moveit_servo/share/xarm_moveit_servo//launch/xarm_moveit_servo_realmove.launch.py
[0.511s] -- Up-to-date: /home/vboxuser/Ali_ws/install/xarm_moveit_servo/share/xarm_moveit_servo//launch/lite6_moveit_servo_fake.launch.py
[0.511s] -- Up-to-date: /home/vboxuser/Ali_ws/install/xarm_moveit_servo/share/xarm_moveit_servo//launch/xarm_moveit_servo_fake.launch.py
[0.513s] -- Up-to-date: /home/vboxuser/Ali_ws/install/xarm_moveit_servo/share/xarm_moveit_servo//rviz
[0.513s] -- Up-to-date: /home/vboxuser/Ali_ws/install/xarm_moveit_servo/share/xarm_moveit_servo//rviz/servo.rviz
[0.513s] -- Up-to-date: /home/vboxuser/Ali_ws/install/xarm_moveit_servo/share/ament_index/resource_index/package_run_dependencies/xarm_moveit_servo
[0.513s] -- Up-to-date: /home/vboxuser/Ali_ws/install/xarm_moveit_servo/share/ament_index/resource_index/parent_prefix_path/xarm_moveit_servo
[0.513s] -- Up-to-date: /home/vboxuser/Ali_ws/install/xarm_moveit_servo/share/xarm_moveit_servo/environment/ament_prefix_path.sh
[0.514s] -- Up-to-date: /home/vboxuser/Ali_ws/install/xarm_moveit_servo/share/xarm_moveit_servo/environment/ament_prefix_path.dsv
[0.514s] -- Up-to-date: /home/vboxuser/Ali_ws/install/xarm_moveit_servo/share/xarm_moveit_servo/environment/path.sh
[0.514s] -- Up-to-date: /home/vboxuser/Ali_ws/install/xarm_moveit_servo/share/xarm_moveit_servo/environment/path.dsv
[0.514s] -- Up-to-date: /home/vboxuser/Ali_ws/install/xarm_moveit_servo/share/xarm_moveit_servo/local_setup.bash
[0.514s] -- Up-to-date: /home/vboxuser/Ali_ws/install/xarm_moveit_servo/share/xarm_moveit_servo/local_setup.sh
[0.514s] -- Up-to-date: /home/vboxuser/Ali_ws/install/xarm_moveit_servo/share/xarm_moveit_servo/local_setup.zsh
[0.514s] -- Up-to-date: /home/vboxuser/Ali_ws/install/xarm_moveit_servo/share/xarm_moveit_servo/local_setup.dsv
[0.514s] -- Installing: /home/vboxuser/Ali_ws/install/xarm_moveit_servo/share/xarm_moveit_servo/package.dsv
[0.517s] -- Up-to-date: /home/vboxuser/Ali_ws/install/xarm_moveit_servo/share/ament_index/resource_index/packages/xarm_moveit_servo
[0.529s] -- Up-to-date: /home/vboxuser/Ali_ws/install/xarm_moveit_servo/share/ament_index/resource_index/rclcpp_components/xarm_moveit_servo
[0.529s] -- Up-to-date: /home/vboxuser/Ali_ws/install/xarm_moveit_servo/share/xarm_moveit_servo/cmake/xarm_moveit_servoConfig.cmake
[0.529s] -- Up-to-date: /home/vboxuser/Ali_ws/install/xarm_moveit_servo/share/xarm_moveit_servo/cmake/xarm_moveit_servoConfig-version.cmake
[0.529s] -- Up-to-date: /home/vboxuser/Ali_ws/install/xarm_moveit_servo/share/xarm_moveit_servo/package.xml
[0.559s] Invoked command in '/home/vboxuser/Ali_ws/build/xarm_moveit_servo' returned '0': AMENT_PREFIX_PATH=/home/vboxuser/Ali_ws/install/xarm_moveit_config:/home/vboxuser/Ali_ws/install/xarm_gazebo:/home/vboxuser/Ali_ws/install/xarm_controller:/home/vboxuser/Ali_ws/install/xarm_api:/home/vboxuser/Ali_ws/install/xarm_sdk:/home/vboxuser/Ali_ws/install/xarm_msgs:/home/vboxuser/Ali_ws/install/xarm_description:/home/vboxuser/Ali_ws/install/uf_ros_lib:${AMENT_PREFIX_PATH} CMAKE_PREFIX_PATH=/home/vboxuser/Ali_ws/install/xarm_moveit_config:/home/vboxuser/Ali_ws/install/xarm_gazebo:/home/vboxuser/Ali_ws/install/xarm_controller:/home/vboxuser/Ali_ws/install/xarm_api:/home/vboxuser/Ali_ws/install/xarm_sdk:/home/vboxuser/Ali_ws/install/xarm_msgs:/home/vboxuser/Ali_ws/install/xarm_description:/opt/ros/humble LD_LIBRARY_PATH=/home/vboxuser/Ali_ws/install/xarm_gazebo/lib:/home/vboxuser/Ali_ws/install/xarm_controller/lib:/home/vboxuser/Ali_ws/install/xarm_api/lib:/home/vboxuser/Ali_ws/install/xarm_sdk/lib:/home/vboxuser/Ali_ws/install/xarm_msgs/lib:${LD_LIBRARY_PATH} PYTHONPATH=/home/vboxuser/Ali_ws/install/xarm_msgs/local/lib/python3.10/dist-packages:/home/vboxuser/Ali_ws/install/uf_ros_lib/lib/python3.10/site-packages:${PYTHONPATH} /usr/bin/cmake --install /home/vboxuser/Ali_ws/build/xarm_moveit_servo
