[0.089s] Invoking command in '/home/vboxuser/Ali_ws/build/xarm_planner': AMENT_PREFIX_PATH=/home/vboxuser/Ali_ws/install/xarm_moveit_config:/home/vboxuser/Ali_ws/install/xarm_gazebo:/home/vboxuser/Ali_ws/install/xarm_controller:/home/vboxuser/Ali_ws/install/xarm_api:/home/vboxuser/Ali_ws/install/xarm_sdk:/home/vboxuser/Ali_ws/install/xarm_msgs:/home/vboxuser/Ali_ws/install/xarm_description:/home/vboxuser/Ali_ws/install/uf_ros_lib:${AMENT_PREFIX_PATH} CMAKE_PREFIX_PATH=/home/vboxuser/Ali_ws/install/xarm_moveit_config:/home/vboxuser/Ali_ws/install/xarm_gazebo:/home/vboxuser/Ali_ws/install/xarm_controller:/home/vboxuser/Ali_ws/install/xarm_api:/home/vboxuser/Ali_ws/install/xarm_sdk:/home/vboxuser/Ali_ws/install/xarm_msgs:/home/vboxuser/Ali_ws/install/xarm_description:/opt/ros/humble LD_LIBRARY_PATH=/home/vboxuser/Ali_ws/install/xarm_gazebo/lib:/home/vboxuser/Ali_ws/install/xarm_controller/lib:/home/vboxuser/Ali_ws/install/xarm_api/lib:/home/vboxuser/Ali_ws/install/xarm_sdk/lib:/home/vboxuser/Ali_ws/install/xarm_msgs/lib:${LD_LIBRARY_PATH} PYTHONPATH=/home/vboxuser/Ali_ws/install/xarm_msgs/local/lib/python3.10/dist-packages:/home/vboxuser/Ali_ws/install/uf_ros_lib/lib/python3.10/site-packages:${PYTHONPATH} /usr/bin/cmake --build /home/vboxuser/Ali_ws/build/xarm_planner -- -j4 -l4
[0.383s] [  9%] Built target test_xarm_planner_client_joint
[0.395s] [ 18%] Built target test_xarm_gripper_planner_client_joint
[0.429s] [ 27%] Built target test_xarm_planner_client_pose
[0.472s] [ 36%] Built target xarm_planner
[0.491s] [ 45%] Built target test_lite_gripper_realmove
[0.617s] [ 54%] Built target xarm_planner_node
[0.637s] [ 63%] Built target test_dual_xarm_planner_api_joint
[0.643s] [ 72%] Built target xarm_gripper_planner_node
[0.659s] [ 81%] Built target test_xarm_planner_api_joint
[0.691s] [ 90%] Built target test_xarm_planner_api_pose
[0.698s] [100%] Built target test_xarm_gripper_planner_api_joint
[0.724s] Invoked command in '/home/vboxuser/Ali_ws/build/xarm_planner' returned '0': AMENT_PREFIX_PATH=/home/vboxuser/Ali_ws/install/xarm_moveit_config:/home/vboxuser/Ali_ws/install/xarm_gazebo:/home/vboxuser/Ali_ws/install/xarm_controller:/home/vboxuser/Ali_ws/install/xarm_api:/home/vboxuser/Ali_ws/install/xarm_sdk:/home/vboxuser/Ali_ws/install/xarm_msgs:/home/vboxuser/Ali_ws/install/xarm_description:/home/vboxuser/Ali_ws/install/uf_ros_lib:${AMENT_PREFIX_PATH} CMAKE_PREFIX_PATH=/home/vboxuser/Ali_ws/install/xarm_moveit_config:/home/vboxuser/Ali_ws/install/xarm_gazebo:/home/vboxuser/Ali_ws/install/xarm_controller:/home/vboxuser/Ali_ws/install/xarm_api:/home/vboxuser/Ali_ws/install/xarm_sdk:/home/vboxuser/Ali_ws/install/xarm_msgs:/home/vboxuser/Ali_ws/install/xarm_description:/opt/ros/humble LD_LIBRARY_PATH=/home/vboxuser/Ali_ws/install/xarm_gazebo/lib:/home/vboxuser/Ali_ws/install/xarm_controller/lib:/home/vboxuser/Ali_ws/install/xarm_api/lib:/home/vboxuser/Ali_ws/install/xarm_sdk/lib:/home/vboxuser/Ali_ws/install/xarm_msgs/lib:${LD_LIBRARY_PATH} PYTHONPATH=/home/vboxuser/Ali_ws/install/xarm_msgs/local/lib/python3.10/dist-packages:/home/vboxuser/Ali_ws/install/uf_ros_lib/lib/python3.10/site-packages:${PYTHONPATH} /usr/bin/cmake --build /home/vboxuser/Ali_ws/build/xarm_planner -- -j4 -l4
[0.728s] Invoking command in '/home/vboxuser/Ali_ws/build/xarm_planner': AMENT_PREFIX_PATH=/home/vboxuser/Ali_ws/install/xarm_moveit_config:/home/vboxuser/Ali_ws/install/xarm_gazebo:/home/vboxuser/Ali_ws/install/xarm_controller:/home/vboxuser/Ali_ws/install/xarm_api:/home/vboxuser/Ali_ws/install/xarm_sdk:/home/vboxuser/Ali_ws/install/xarm_msgs:/home/vboxuser/Ali_ws/install/xarm_description:/home/vboxuser/Ali_ws/install/uf_ros_lib:${AMENT_PREFIX_PATH} CMAKE_PREFIX_PATH=/home/vboxuser/Ali_ws/install/xarm_moveit_config:/home/vboxuser/Ali_ws/install/xarm_gazebo:/home/vboxuser/Ali_ws/install/xarm_controller:/home/vboxuser/Ali_ws/install/xarm_api:/home/vboxuser/Ali_ws/install/xarm_sdk:/home/vboxuser/Ali_ws/install/xarm_msgs:/home/vboxuser/Ali_ws/install/xarm_description:/opt/ros/humble LD_LIBRARY_PATH=/home/vboxuser/Ali_ws/install/xarm_gazebo/lib:/home/vboxuser/Ali_ws/install/xarm_controller/lib:/home/vboxuser/Ali_ws/install/xarm_api/lib:/home/vboxuser/Ali_ws/install/xarm_sdk/lib:/home/vboxuser/Ali_ws/install/xarm_msgs/lib:${LD_LIBRARY_PATH} PYTHONPATH=/home/vboxuser/Ali_ws/install/xarm_msgs/local/lib/python3.10/dist-packages:/home/vboxuser/Ali_ws/install/uf_ros_lib/lib/python3.10/site-packages:${PYTHONPATH} /usr/bin/cmake --install /home/vboxuser/Ali_ws/build/xarm_planner
[0.739s] -- Install configuration: ""
[0.739s] -- Up-to-date: /home/vboxuser/Ali_ws/install/xarm_planner/include
[0.739s] -- Up-to-date: /home/vboxuser/Ali_ws/install/xarm_planner/include/xarm_planner
[0.739s] -- Up-to-date: /home/vboxuser/Ali_ws/install/xarm_planner/include/xarm_planner/xarm_planner.h
[0.742s] -- Up-to-date: /home/vboxuser/Ali_ws/install/xarm_planner/lib/libxarm_planner.so
[0.744s] -- Up-to-date: /home/vboxuser/Ali_ws/install/xarm_planner/lib/xarm_planner/xarm_planner_node
[0.746s] -- Up-to-date: /home/vboxuser/Ali_ws/install/xarm_planner/lib/xarm_planner/xarm_gripper_planner_node
[0.748s] -- Up-to-date: /home/vboxuser/Ali_ws/install/xarm_planner/lib/xarm_planner/test_xarm_planner_api_joint
[0.750s] -- Up-to-date: /home/vboxuser/Ali_ws/install/xarm_planner/lib/xarm_planner/test_dual_xarm_planner_api_joint
[0.751s] -- Up-to-date: /home/vboxuser/Ali_ws/install/xarm_planner/lib/xarm_planner/test_xarm_planner_api_pose
[0.753s] -- Up-to-date: /home/vboxuser/Ali_ws/install/xarm_planner/lib/xarm_planner/test_xarm_gripper_planner_api_joint
[0.755s] -- Up-to-date: /home/vboxuser/Ali_ws/install/xarm_planner/lib/xarm_planner/test_xarm_planner_client_joint
[0.757s] -- Up-to-date: /home/vboxuser/Ali_ws/install/xarm_planner/lib/xarm_planner/test_xarm_planner_client_pose
[0.759s] -- Up-to-date: /home/vboxuser/Ali_ws/install/xarm_planner/lib/xarm_planner/test_xarm_gripper_planner_client_joint
[0.760s] -- Up-to-date: /home/vboxuser/Ali_ws/install/xarm_planner/lib/xarm_planner/test_lite_gripper_realmove
[0.761s] -- Up-to-date: /home/vboxuser/Ali_ws/install/xarm_planner/share/xarm_planner//launch
[0.761s] -- Up-to-date: /home/vboxuser/Ali_ws/install/xarm_planner/share/xarm_planner//launch/xarm6_planner_realmove.launch.py
[0.761s] -- Up-to-date: /home/vboxuser/Ali_ws/install/xarm_planner/share/xarm_planner//launch/lite6_planner_gazebo.launch.py
[0.761s] -- Up-to-date: /home/vboxuser/Ali_ws/install/xarm_planner/share/xarm_planner//launch/xarm7_mirror_planner_gazebo.launch.py
[0.762s] -- Up-to-date: /home/vboxuser/Ali_ws/install/xarm_planner/share/xarm_planner//launch/xarm7_mirror_planner_realmove.launch.py
[0.762s] -- Up-to-date: /home/vboxuser/Ali_ws/install/xarm_planner/share/xarm_planner//launch/xarm7_planner_realmove.launch.py
[0.762s] -- Up-to-date: /home/vboxuser/Ali_ws/install/xarm_planner/share/xarm_planner//launch/_dual_robot_planner.launch.py
[0.762s] -- Up-to-date: /home/vboxuser/Ali_ws/install/xarm_planner/share/xarm_planner//launch/xarm5_planner_fake.launch.py
[0.762s] -- Up-to-date: /home/vboxuser/Ali_ws/install/xarm_planner/share/xarm_planner//launch/xarm7_mirror_planner_fake.launch.py
[0.762s] -- Up-to-date: /home/vboxuser/Ali_ws/install/xarm_planner/share/xarm_planner//launch/test_xarm_planner_client_pose.launch.py
[0.762s] -- Up-to-date: /home/vboxuser/Ali_ws/install/xarm_planner/share/xarm_planner//launch/test_move_group.launch.py
[0.762s] -- Up-to-date: /home/vboxuser/Ali_ws/install/xarm_planner/share/xarm_planner//launch/test_xarm_planner_api_pose.launch.py
[0.762s] -- Up-to-date: /home/vboxuser/Ali_ws/install/xarm_planner/share/xarm_planner//launch/xarm5_planner_realmove.launch.py
[0.762s] -- Up-to-date: /home/vboxuser/Ali_ws/install/xarm_planner/share/xarm_planner//launch/xarm5_planner_gazebo.launch.py
[0.762s] -- Up-to-date: /home/vboxuser/Ali_ws/install/xarm_planner/share/xarm_planner//launch/test_dual_xarm_planner_api_joint.launch.py
[0.763s] -- Up-to-date: /home/vboxuser/Ali_ws/install/xarm_planner/share/xarm_planner//launch/test_xarm_planner_api_joint.launch.py
[0.763s] -- Up-to-date: /home/vboxuser/Ali_ws/install/xarm_planner/share/xarm_planner//launch/xarm7_planner_fake.launch.py
[0.763s] -- Up-to-date: /home/vboxuser/Ali_ws/install/xarm_planner/share/xarm_planner//launch/uf850_planner_fake.launch.py
[0.763s] -- Up-to-date: /home/vboxuser/Ali_ws/install/xarm_planner/share/xarm_planner//launch/lite6_planner_fake.launch.py
[0.763s] -- Up-to-date: /home/vboxuser/Ali_ws/install/xarm_planner/share/xarm_planner//launch/xarm7_planner_gazebo.launch.py
[0.763s] -- Up-to-date: /home/vboxuser/Ali_ws/install/xarm_planner/share/xarm_planner//launch/_robot_planner.launch.py
[0.763s] -- Up-to-date: /home/vboxuser/Ali_ws/install/xarm_planner/share/xarm_planner//launch/test_xarm_gripper_planner_api_joint.launch.py
[0.763s] -- Up-to-date: /home/vboxuser/Ali_ws/install/xarm_planner/share/xarm_planner//launch/test_xarm_planner_client_joint.launch.py
[0.763s] -- Up-to-date: /home/vboxuser/Ali_ws/install/xarm_planner/share/xarm_planner//launch/test_xarm_gripper_planner_client_joint.launch.py
[0.763s] -- Up-to-date: /home/vboxuser/Ali_ws/install/xarm_planner/share/xarm_planner//launch/uf850_planner_realmove.launch.py
[0.763s] -- Up-to-date: /home/vboxuser/Ali_ws/install/xarm_planner/share/xarm_planner//launch/xarm6_planner_fake.launch.py
[0.763s] -- Up-to-date: /home/vboxuser/Ali_ws/install/xarm_planner/share/xarm_planner//launch/uf850_planner_gazebo.launch.py
[0.763s] -- Up-to-date: /home/vboxuser/Ali_ws/install/xarm_planner/share/xarm_planner//launch/xarm6_planner_gazebo.launch.py
[0.763s] -- Up-to-date: /home/vboxuser/Ali_ws/install/xarm_planner/share/xarm_planner//launch/test_lite_gripper_realmove.launch.py
[0.763s] -- Up-to-date: /home/vboxuser/Ali_ws/install/xarm_planner/share/xarm_planner//launch/lite6_planner_realmove.launch.py
[0.763s] -- Up-to-date: /home/vboxuser/Ali_ws/install/xarm_planner/share/ament_index/resource_index/package_run_dependencies/xarm_planner
[0.763s] -- Up-to-date: /home/vboxuser/Ali_ws/install/xarm_planner/share/ament_index/resource_index/parent_prefix_path/xarm_planner
[0.763s] -- Up-to-date: /home/vboxuser/Ali_ws/install/xarm_planner/share/xarm_planner/environment/ament_prefix_path.sh
[0.763s] -- Up-to-date: /home/vboxuser/Ali_ws/install/xarm_planner/share/xarm_planner/environment/ament_prefix_path.dsv
[0.763s] -- Up-to-date: /home/vboxuser/Ali_ws/install/xarm_planner/share/xarm_planner/environment/path.sh
[0.763s] -- Up-to-date: /home/vboxuser/Ali_ws/install/xarm_planner/share/xarm_planner/environment/path.dsv
[0.763s] -- Up-to-date: /home/vboxuser/Ali_ws/install/xarm_planner/share/xarm_planner/local_setup.bash
[0.763s] -- Up-to-date: /home/vboxuser/Ali_ws/install/xarm_planner/share/xarm_planner/local_setup.sh
[0.763s] -- Up-to-date: /home/vboxuser/Ali_ws/install/xarm_planner/share/xarm_planner/local_setup.zsh
[0.763s] -- Up-to-date: /home/vboxuser/Ali_ws/install/xarm_planner/share/xarm_planner/local_setup.dsv
[0.763s] -- Installing: /home/vboxuser/Ali_ws/install/xarm_planner/share/xarm_planner/package.dsv
[0.765s] -- Up-to-date: /home/vboxuser/Ali_ws/install/xarm_planner/share/ament_index/resource_index/packages/xarm_planner
[0.765s] -- Up-to-date: /home/vboxuser/Ali_ws/install/xarm_planner/share/xarm_planner/cmake/xarm_plannerConfig.cmake
[0.765s] -- Up-to-date: /home/vboxuser/Ali_ws/install/xarm_planner/share/xarm_planner/cmake/xarm_plannerConfig-version.cmake
[0.765s] -- Up-to-date: /home/vboxuser/Ali_ws/install/xarm_planner/share/xarm_planner/package.xml
[0.767s] Invoked command in '/home/vboxuser/Ali_ws/build/xarm_planner' returned '0': AMENT_PREFIX_PATH=/home/vboxuser/Ali_ws/install/xarm_moveit_config:/home/vboxuser/Ali_ws/install/xarm_gazebo:/home/vboxuser/Ali_ws/install/xarm_controller:/home/vboxuser/Ali_ws/install/xarm_api:/home/vboxuser/Ali_ws/install/xarm_sdk:/home/vboxuser/Ali_ws/install/xarm_msgs:/home/vboxuser/Ali_ws/install/xarm_description:/home/vboxuser/Ali_ws/install/uf_ros_lib:${AMENT_PREFIX_PATH} CMAKE_PREFIX_PATH=/home/vboxuser/Ali_ws/install/xarm_moveit_config:/home/vboxuser/Ali_ws/install/xarm_gazebo:/home/vboxuser/Ali_ws/install/xarm_controller:/home/vboxuser/Ali_ws/install/xarm_api:/home/vboxuser/Ali_ws/install/xarm_sdk:/home/vboxuser/Ali_ws/install/xarm_msgs:/home/vboxuser/Ali_ws/install/xarm_description:/opt/ros/humble LD_LIBRARY_PATH=/home/vboxuser/Ali_ws/install/xarm_gazebo/lib:/home/vboxuser/Ali_ws/install/xarm_controller/lib:/home/vboxuser/Ali_ws/install/xarm_api/lib:/home/vboxuser/Ali_ws/install/xarm_sdk/lib:/home/vboxuser/Ali_ws/install/xarm_msgs/lib:${LD_LIBRARY_PATH} PYTHONPATH=/home/vboxuser/Ali_ws/install/xarm_msgs/local/lib/python3.10/dist-packages:/home/vboxuser/Ali_ws/install/uf_ros_lib/lib/python3.10/site-packages:${PYTHONPATH} /usr/bin/cmake --install /home/vboxuser/Ali_ws/build/xarm_planner
