[0.039s] Invoking command in '/home/vboxuser/Ali_ws/src/build/xarm_planner': AMENT_PREFIX_PATH=/home/vboxuser/Ali_ws/src/install/xarm_moveit_config:/home/vboxuser/Ali_ws/src/install/xarm_gazebo:/home/vboxuser/Ali_ws/src/install/xarm_controller:/home/vboxuser/Ali_ws/src/install/xarm_api:/home/vboxuser/Ali_ws/src/install/xarm_sdk:/home/vboxuser/Ali_ws/src/install/xarm_msgs:/home/vboxuser/Ali_ws/src/install/xarm_description:/home/vboxuser/Ali_ws/src/install/uf_ros_lib:${AMENT_PREFIX_PATH} CMAKE_PREFIX_PATH=/home/vboxuser/Ali_ws/src/install/xarm_moveit_config:/home/vboxuser/Ali_ws/src/install/xarm_gazebo:/home/vboxuser/Ali_ws/src/install/xarm_controller:/home/vboxuser/Ali_ws/src/install/xarm_api:/home/vboxuser/Ali_ws/src/install/xarm_sdk:/home/vboxuser/Ali_ws/src/install/xarm_msgs:/home/vboxuser/Ali_ws/src/install/xarm_description:/opt/ros/humble LD_LIBRARY_PATH=/home/vboxuser/Ali_ws/src/install/xarm_gazebo/lib:/home/vboxuser/Ali_ws/src/install/xarm_controller/lib:/home/vboxuser/Ali_ws/src/install/xarm_api/lib:/home/vboxuser/Ali_ws/src/install/xarm_sdk/lib:/home/vboxuser/Ali_ws/src/install/xarm_msgs/lib:${LD_LIBRARY_PATH} PYTHONPATH=/home/vboxuser/Ali_ws/src/install/xarm_msgs/local/lib/python3.10/dist-packages:/home/vboxuser/Ali_ws/src/install/uf_ros_lib/lib/python3.10/site-packages:${PYTHONPATH} /usr/bin/cmake /home/vboxuser/Ali_ws/src/xarm_ros2/xarm_planner -DCMAKE_INSTALL_PREFIX=/home/vboxuser/Ali_ws/src/install/xarm_planner
[0.107s] -- The C compiler identification is GNU 11.4.0
[0.187s] -- The CXX compiler identification is GNU 11.4.0
[0.198s] -- Detecting C compiler ABI info
[0.311s] -- Detecting C compiler ABI info - done
[0.314s] -- Check for working C compiler: /usr/bin/cc - skipped
[0.315s] -- Detecting C compile features
[0.315s] -- Detecting C compile features - done
[0.319s] -- Detecting CXX compiler ABI info
[0.438s] -- Detecting CXX compiler ABI info - done
[0.447s] -- Check for working CXX compiler: /usr/bin/c++ - skipped
[0.447s] -- Detecting CXX compile features
[0.448s] -- Detecting CXX compile features - done
[0.452s] -- Found ament_cmake: 1.3.12 (/opt/ros/humble/share/ament_cmake/cmake)
[0.667s] -- Found Python3: /usr/bin/python3 (found version "3.10.12") found components: Interpreter 
[0.812s] -- Found moveit: 2.5.9 (/opt/ros/humble/share/moveit/cmake)
[0.814s] -- Found moveit_ros_planning_interface: 2.5.9 (/opt/ros/humble/share/moveit_ros_planning_interface/cmake)
[1.049s] -- Found Boost: /usr/lib/x86_64-linux-gnu/cmake/Boost-1.74.0/BoostConfig.cmake (found version "1.74.0") found components: date_time filesystem program_options system thread 
[1.117s] -- Found rosidl_generator_c: 3.1.7 (/opt/ros/humble/share/rosidl_generator_c/cmake)
[1.117s] -- Found rosidl_adapter: 3.1.7 (/opt/ros/humble/share/rosidl_adapter/cmake)
[1.123s] -- Found rosidl_generator_cpp: 3.1.7 (/opt/ros/humble/share/rosidl_generator_cpp/cmake)
[1.135s] -- Using all available rosidl_typesupport_c: rosidl_typesupport_fastrtps_c;rosidl_typesupport_introspection_c
[1.152s] -- Using all available rosidl_typesupport_cpp: rosidl_typesupport_fastrtps_cpp;rosidl_typesupport_introspection_cpp
[1.396s] -- Found Boost: /usr/lib/x86_64-linux-gnu/cmake/Boost-1.74.0/BoostConfig.cmake (found version "1.74.0") found components: chrono date_time filesystem iostreams program_options regex serialization system thread 
[1.458s] -- Found parameter_traits: 0.5.0 (/opt/ros/humble/share/parameter_traits/cmake)
[1.494s] -- Found rmw_implementation_cmake: 6.1.2 (/opt/ros/humble/share/rmw_implementation_cmake/cmake)
[1.497s] -- Found rmw_fastrtps_cpp: 6.2.9 (/opt/ros/humble/share/rmw_fastrtps_cpp/cmake)
[1.648s] -- Found OpenSSL: /usr/lib/x86_64-linux-gnu/libcrypto.so (found version "3.0.2")  
[1.687s] -- Found FastRTPS: /opt/ros/humble/include  
[1.741s] -- Using RMW implementation 'rmw_fastrtps_cpp' as default
[1.758s] -- Found Threads: TRUE  
[1.801s] -- Found rclcpp_lifecycle: 16.0.15 (/opt/ros/humble/share/rclcpp_lifecycle/cmake)
[1.840s] -- Found Boost: /usr/lib/x86_64-linux-gnu/cmake/Boost-1.74.0/BoostConfig.cmake (found version "1.74.0") found components: filesystem 
[1.974s] -- library: /usr/lib/x86_64-linux-gnu/libcurl.so
[2.010s] -- Found Eigen3: TRUE (found version "3.4.0") 
[2.010s] -- Ensuring Eigen3 include directory is part of orocos-kdl CMake target
[2.183s] -- Found Boost: /usr/lib/x86_64-linux-gnu/cmake/Boost-1.74.0/BoostConfig.cmake (found version "1.74.0") found components: system filesystem date_time program_options thread chrono 
[2.212s] -- Found Boost: /usr/lib/x86_64-linux-gnu/cmake/Boost-1.74.0/BoostConfig.cmake (found version "1.74.0") found components: thread system filesystem regex date_time program_options 
[2.258s] -- Found Boost: /usr/lib/x86_64-linux-gnu/cmake/Boost-1.74.0/BoostConfig.cmake (found version "1.74.0") found components: system filesystem date_time program_options thread 
[2.294s] -- Found xarm_msgs: 0.0.0 (/home/vboxuser/Ali_ws/src/install/xarm_msgs/share/xarm_msgs/cmake)
[2.327s] -- Found ament_lint_auto: 0.12.14 (/opt/ros/humble/share/ament_lint_auto/cmake)
[2.422s] -- Added test 'copyright' to check source files copyright and LICENSE
[2.424s] -- Added test 'cppcheck' to perform static code analysis on C / C++ code
[2.425s] -- Configured cppcheck include dirs: /home/vboxuser/Ali_ws/src/xarm_ros2/xarm_planner/include
[2.425s] -- Configured cppcheck exclude dirs and/or files: 
[2.426s] -- Added test 'cpplint' to check C / C++ code against the Google style
[2.426s] -- Configured cpplint exclude dirs and/or files: 
[2.427s] -- Added test 'flake8' to check Python code syntax and style conventions
[2.428s] -- Added test 'lint_cmake' to check CMake code style
[2.429s] -- Added test 'pep257' to check Python code against some of the docstring style conventions in PEP 257
[2.430s] -- Added test 'uncrustify' to check C / C++ code style
[2.431s] -- Configured uncrustify additional arguments: 
[2.431s] -- Added test 'xmllint' to check XML markup files
[2.432s] -- Configuring done
[2.573s] -- Generating done
[2.635s] -- Build files have been written to: /home/vboxuser/Ali_ws/src/build/xarm_planner
[2.654s] Invoked command in '/home/vboxuser/Ali_ws/src/build/xarm_planner' returned '0': AMENT_PREFIX_PATH=/home/vboxuser/Ali_ws/src/install/xarm_moveit_config:/home/vboxuser/Ali_ws/src/install/xarm_gazebo:/home/vboxuser/Ali_ws/src/install/xarm_controller:/home/vboxuser/Ali_ws/src/install/xarm_api:/home/vboxuser/Ali_ws/src/install/xarm_sdk:/home/vboxuser/Ali_ws/src/install/xarm_msgs:/home/vboxuser/Ali_ws/src/install/xarm_description:/home/vboxuser/Ali_ws/src/install/uf_ros_lib:${AMENT_PREFIX_PATH} CMAKE_PREFIX_PATH=/home/vboxuser/Ali_ws/src/install/xarm_moveit_config:/home/vboxuser/Ali_ws/src/install/xarm_gazebo:/home/vboxuser/Ali_ws/src/install/xarm_controller:/home/vboxuser/Ali_ws/src/install/xarm_api:/home/vboxuser/Ali_ws/src/install/xarm_sdk:/home/vboxuser/Ali_ws/src/install/xarm_msgs:/home/vboxuser/Ali_ws/src/install/xarm_description:/opt/ros/humble LD_LIBRARY_PATH=/home/vboxuser/Ali_ws/src/install/xarm_gazebo/lib:/home/vboxuser/Ali_ws/src/install/xarm_controller/lib:/home/vboxuser/Ali_ws/src/install/xarm_api/lib:/home/vboxuser/Ali_ws/src/install/xarm_sdk/lib:/home/vboxuser/Ali_ws/src/install/xarm_msgs/lib:${LD_LIBRARY_PATH} PYTHONPATH=/home/vboxuser/Ali_ws/src/install/xarm_msgs/local/lib/python3.10/dist-packages:/home/vboxuser/Ali_ws/src/install/uf_ros_lib/lib/python3.10/site-packages:${PYTHONPATH} /usr/bin/cmake /home/vboxuser/Ali_ws/src/xarm_ros2/xarm_planner -DCMAKE_INSTALL_PREFIX=/home/vboxuser/Ali_ws/src/install/xarm_planner
[2.656s] Invoking command in '/home/vboxuser/Ali_ws/src/build/xarm_planner': AMENT_PREFIX_PATH=/home/vboxuser/Ali_ws/src/install/xarm_moveit_config:/home/vboxuser/Ali_ws/src/install/xarm_gazebo:/home/vboxuser/Ali_ws/src/install/xarm_controller:/home/vboxuser/Ali_ws/src/install/xarm_api:/home/vboxuser/Ali_ws/src/install/xarm_sdk:/home/vboxuser/Ali_ws/src/install/xarm_msgs:/home/vboxuser/Ali_ws/src/install/xarm_description:/home/vboxuser/Ali_ws/src/install/uf_ros_lib:${AMENT_PREFIX_PATH} CMAKE_PREFIX_PATH=/home/vboxuser/Ali_ws/src/install/xarm_moveit_config:/home/vboxuser/Ali_ws/src/install/xarm_gazebo:/home/vboxuser/Ali_ws/src/install/xarm_controller:/home/vboxuser/Ali_ws/src/install/xarm_api:/home/vboxuser/Ali_ws/src/install/xarm_sdk:/home/vboxuser/Ali_ws/src/install/xarm_msgs:/home/vboxuser/Ali_ws/src/install/xarm_description:/opt/ros/humble LD_LIBRARY_PATH=/home/vboxuser/Ali_ws/src/install/xarm_gazebo/lib:/home/vboxuser/Ali_ws/src/install/xarm_controller/lib:/home/vboxuser/Ali_ws/src/install/xarm_api/lib:/home/vboxuser/Ali_ws/src/install/xarm_sdk/lib:/home/vboxuser/Ali_ws/src/install/xarm_msgs/lib:${LD_LIBRARY_PATH} PYTHONPATH=/home/vboxuser/Ali_ws/src/install/xarm_msgs/local/lib/python3.10/dist-packages:/home/vboxuser/Ali_ws/src/install/uf_ros_lib/lib/python3.10/site-packages:${PYTHONPATH} /usr/bin/cmake --build /home/vboxuser/Ali_ws/src/build/xarm_planner -- -j1 -l1
[2.743s] [  4%] [32mBuilding CXX object CMakeFiles/xarm_planner.dir/src/xarm_planner.cpp.o[0m
[12.813s] [  9%] [32m[1mLinking CXX shared library libxarm_planner.so[0m
[13.093s] [  9%] Built target xarm_planner
[13.134s] [ 13%] [32mBuilding CXX object CMakeFiles/xarm_planner_node.dir/src/xarm_planner_node.cpp.o[0m
[25.100s] [ 18%] [32m[1mLinking CXX executable xarm_planner_node[0m
[25.721s] [ 18%] Built target xarm_planner_node
[25.755s] [ 22%] [32mBuilding CXX object CMakeFiles/xarm_gripper_planner_node.dir/src/xarm_gripper_planner_node.cpp.o[0m
[36.640s] [ 27%] [32m[1mLinking CXX executable xarm_gripper_planner_node[0m
[37.116s] [ 27%] Built target xarm_gripper_planner_node
[37.152s] [ 31%] [32mBuilding CXX object CMakeFiles/test_xarm_planner_api_joint.dir/test/test_xarm_planner_api_joint.cpp.o[0m
[46.879s] [ 36%] [32m[1mLinking CXX executable test_xarm_planner_api_joint[0m
[47.232s] [ 36%] Built target test_xarm_planner_api_joint
[47.268s] [ 40%] [32mBuilding CXX object CMakeFiles/test_dual_xarm_planner_api_joint.dir/test/test_dual_xarm_planner_api_joint.cpp.o[0m
[56.795s] [ 45%] [32m[1mLinking CXX executable test_dual_xarm_planner_api_joint[0m
[57.215s] [ 45%] Built target test_dual_xarm_planner_api_joint
[57.251s] [ 50%] [32mBuilding CXX object CMakeFiles/test_xarm_planner_api_pose.dir/test/test_xarm_planner_api_pose.cpp.o[0m
[66.946s] [ 54%] [32m[1mLinking CXX executable test_xarm_planner_api_pose[0m
[67.303s] [ 54%] Built target test_xarm_planner_api_pose
[67.339s] [ 59%] [32mBuilding CXX object CMakeFiles/test_xarm_gripper_planner_api_joint.dir/test/test_xarm_gripper_planner_api_joint.cpp.o[0m
[76.825s] [ 63%] [32m[1mLinking CXX executable test_xarm_gripper_planner_api_joint[0m
[77.240s] [ 63%] Built target test_xarm_gripper_planner_api_joint
[77.270s] [ 68%] [32mBuilding CXX object CMakeFiles/test_xarm_planner_client_joint.dir/test/test_xarm_planner_client_joint.cpp.o[0m
[82.397s] [ 72%] [32m[1mLinking CXX executable test_xarm_planner_client_joint[0m
[82.682s] [ 72%] Built target test_xarm_planner_client_joint
[82.712s] [ 77%] [32mBuilding CXX object CMakeFiles/test_xarm_planner_client_pose.dir/test/test_xarm_planner_client_pose.cpp.o[0m
[87.530s] [ 81%] [32m[1mLinking CXX executable test_xarm_planner_client_pose[0m
[87.839s] [ 81%] Built target test_xarm_planner_client_pose
[87.875s] [ 86%] [32mBuilding CXX object CMakeFiles/test_xarm_gripper_planner_client_joint.dir/test/test_xarm_gripper_planner_client_joint.cpp.o[0m
[93.009s] [ 90%] [32m[1mLinking CXX executable test_xarm_gripper_planner_client_joint[0m
[93.278s] [ 90%] Built target test_xarm_gripper_planner_client_joint
[93.309s] [ 95%] [32mBuilding CXX object CMakeFiles/test_lite_gripper_realmove.dir/test/test_lite_gripper_realmove.cpp.o[0m
[97.813s] [100%] [32m[1mLinking CXX executable test_lite_gripper_realmove[0m
[98.058s] [100%] Built target test_lite_gripper_realmove
[98.079s] Invoked command in '/home/vboxuser/Ali_ws/src/build/xarm_planner' returned '0': AMENT_PREFIX_PATH=/home/vboxuser/Ali_ws/src/install/xarm_moveit_config:/home/vboxuser/Ali_ws/src/install/xarm_gazebo:/home/vboxuser/Ali_ws/src/install/xarm_controller:/home/vboxuser/Ali_ws/src/install/xarm_api:/home/vboxuser/Ali_ws/src/install/xarm_sdk:/home/vboxuser/Ali_ws/src/install/xarm_msgs:/home/vboxuser/Ali_ws/src/install/xarm_description:/home/vboxuser/Ali_ws/src/install/uf_ros_lib:${AMENT_PREFIX_PATH} CMAKE_PREFIX_PATH=/home/vboxuser/Ali_ws/src/install/xarm_moveit_config:/home/vboxuser/Ali_ws/src/install/xarm_gazebo:/home/vboxuser/Ali_ws/src/install/xarm_controller:/home/vboxuser/Ali_ws/src/install/xarm_api:/home/vboxuser/Ali_ws/src/install/xarm_sdk:/home/vboxuser/Ali_ws/src/install/xarm_msgs:/home/vboxuser/Ali_ws/src/install/xarm_description:/opt/ros/humble LD_LIBRARY_PATH=/home/vboxuser/Ali_ws/src/install/xarm_gazebo/lib:/home/vboxuser/Ali_ws/src/install/xarm_controller/lib:/home/vboxuser/Ali_ws/src/install/xarm_api/lib:/home/vboxuser/Ali_ws/src/install/xarm_sdk/lib:/home/vboxuser/Ali_ws/src/install/xarm_msgs/lib:${LD_LIBRARY_PATH} PYTHONPATH=/home/vboxuser/Ali_ws/src/install/xarm_msgs/local/lib/python3.10/dist-packages:/home/vboxuser/Ali_ws/src/install/uf_ros_lib/lib/python3.10/site-packages:${PYTHONPATH} /usr/bin/cmake --build /home/vboxuser/Ali_ws/src/build/xarm_planner -- -j1 -l1
[98.079s] Invoking command in '/home/vboxuser/Ali_ws/src/build/xarm_planner': AMENT_PREFIX_PATH=/home/vboxuser/Ali_ws/src/install/xarm_moveit_config:/home/vboxuser/Ali_ws/src/install/xarm_gazebo:/home/vboxuser/Ali_ws/src/install/xarm_controller:/home/vboxuser/Ali_ws/src/install/xarm_api:/home/vboxuser/Ali_ws/src/install/xarm_sdk:/home/vboxuser/Ali_ws/src/install/xarm_msgs:/home/vboxuser/Ali_ws/src/install/xarm_description:/home/vboxuser/Ali_ws/src/install/uf_ros_lib:${AMENT_PREFIX_PATH} CMAKE_PREFIX_PATH=/home/vboxuser/Ali_ws/src/install/xarm_moveit_config:/home/vboxuser/Ali_ws/src/install/xarm_gazebo:/home/vboxuser/Ali_ws/src/install/xarm_controller:/home/vboxuser/Ali_ws/src/install/xarm_api:/home/vboxuser/Ali_ws/src/install/xarm_sdk:/home/vboxuser/Ali_ws/src/install/xarm_msgs:/home/vboxuser/Ali_ws/src/install/xarm_description:/opt/ros/humble LD_LIBRARY_PATH=/home/vboxuser/Ali_ws/src/install/xarm_gazebo/lib:/home/vboxuser/Ali_ws/src/install/xarm_controller/lib:/home/vboxuser/Ali_ws/src/install/xarm_api/lib:/home/vboxuser/Ali_ws/src/install/xarm_sdk/lib:/home/vboxuser/Ali_ws/src/install/xarm_msgs/lib:${LD_LIBRARY_PATH} PYTHONPATH=/home/vboxuser/Ali_ws/src/install/xarm_msgs/local/lib/python3.10/dist-packages:/home/vboxuser/Ali_ws/src/install/uf_ros_lib/lib/python3.10/site-packages:${PYTHONPATH} /usr/bin/cmake --install /home/vboxuser/Ali_ws/src/build/xarm_planner
[98.090s] -- Install configuration: ""
[98.090s] -- Installing: /home/vboxuser/Ali_ws/src/install/xarm_planner/include
[98.090s] -- Installing: /home/vboxuser/Ali_ws/src/install/xarm_planner/include/xarm_planner
[98.090s] -- Installing: /home/vboxuser/Ali_ws/src/install/xarm_planner/include/xarm_planner/xarm_planner.h
[98.091s] -- Installing: /home/vboxuser/Ali_ws/src/install/xarm_planner/lib/libxarm_planner.so
[98.091s] -- Set runtime path of "/home/vboxuser/Ali_ws/src/install/xarm_planner/lib/libxarm_planner.so" to ""
[98.091s] -- Installing: /home/vboxuser/Ali_ws/src/install/xarm_planner/lib/xarm_planner/xarm_planner_node
[98.093s] -- Set runtime path of "/home/vboxuser/Ali_ws/src/install/xarm_planner/lib/xarm_planner/xarm_planner_node" to ""
[98.093s] -- Installing: /home/vboxuser/Ali_ws/src/install/xarm_planner/lib/xarm_planner/xarm_gripper_planner_node
[98.094s] -- Set runtime path of "/home/vboxuser/Ali_ws/src/install/xarm_planner/lib/xarm_planner/xarm_gripper_planner_node" to ""
[98.094s] -- Installing: /home/vboxuser/Ali_ws/src/install/xarm_planner/lib/xarm_planner/test_xarm_planner_api_joint
[98.095s] -- Set runtime path of "/home/vboxuser/Ali_ws/src/install/xarm_planner/lib/xarm_planner/test_xarm_planner_api_joint" to ""
[98.096s] -- Installing: /home/vboxuser/Ali_ws/src/install/xarm_planner/lib/xarm_planner/test_dual_xarm_planner_api_joint
[98.096s] -- Set runtime path of "/home/vboxuser/Ali_ws/src/install/xarm_planner/lib/xarm_planner/test_dual_xarm_planner_api_joint" to ""
[98.096s] -- Installing: /home/vboxuser/Ali_ws/src/install/xarm_planner/lib/xarm_planner/test_xarm_planner_api_pose
[98.096s] -- Set runtime path of "/home/vboxuser/Ali_ws/src/install/xarm_planner/lib/xarm_planner/test_xarm_planner_api_pose" to ""
[98.097s] -- Installing: /home/vboxuser/Ali_ws/src/install/xarm_planner/lib/xarm_planner/test_xarm_gripper_planner_api_joint
[98.097s] -- Set runtime path of "/home/vboxuser/Ali_ws/src/install/xarm_planner/lib/xarm_planner/test_xarm_gripper_planner_api_joint" to ""
[98.099s] -- Installing: /home/vboxuser/Ali_ws/src/install/xarm_planner/lib/xarm_planner/test_xarm_planner_client_joint
[98.099s] -- Set runtime path of "/home/vboxuser/Ali_ws/src/install/xarm_planner/lib/xarm_planner/test_xarm_planner_client_joint" to ""
[98.099s] -- Installing: /home/vboxuser/Ali_ws/src/install/xarm_planner/lib/xarm_planner/test_xarm_planner_client_pose
[98.100s] -- Set runtime path of "/home/vboxuser/Ali_ws/src/install/xarm_planner/lib/xarm_planner/test_xarm_planner_client_pose" to ""
[98.100s] -- Installing: /home/vboxuser/Ali_ws/src/install/xarm_planner/lib/xarm_planner/test_xarm_gripper_planner_client_joint
[98.101s] -- Set runtime path of "/home/vboxuser/Ali_ws/src/install/xarm_planner/lib/xarm_planner/test_xarm_gripper_planner_client_joint" to ""
[98.101s] -- Installing: /home/vboxuser/Ali_ws/src/install/xarm_planner/lib/xarm_planner/test_lite_gripper_realmove
[98.101s] -- Set runtime path of "/home/vboxuser/Ali_ws/src/install/xarm_planner/lib/xarm_planner/test_lite_gripper_realmove" to ""
[98.101s] -- Installing: /home/vboxuser/Ali_ws/src/install/xarm_planner/share/xarm_planner//launch
[98.102s] -- Installing: /home/vboxuser/Ali_ws/src/install/xarm_planner/share/xarm_planner//launch/xarm6_planner_realmove.launch.py
[98.102s] -- Installing: /home/vboxuser/Ali_ws/src/install/xarm_planner/share/xarm_planner//launch/lite6_planner_gazebo.launch.py
[98.102s] -- Installing: /home/vboxuser/Ali_ws/src/install/xarm_planner/share/xarm_planner//launch/xarm7_mirror_planner_gazebo.launch.py
[98.102s] -- Installing: /home/vboxuser/Ali_ws/src/install/xarm_planner/share/xarm_planner//launch/xarm7_mirror_planner_realmove.launch.py
[98.102s] -- Installing: /home/vboxuser/Ali_ws/src/install/xarm_planner/share/xarm_planner//launch/xarm7_planner_realmove.launch.py
[98.102s] -- Installing: /home/vboxuser/Ali_ws/src/install/xarm_planner/share/xarm_planner//launch/_dual_robot_planner.launch.py
[98.102s] -- Installing: /home/vboxuser/Ali_ws/src/install/xarm_planner/share/xarm_planner//launch/xarm5_planner_fake.launch.py
[98.103s] -- Installing: /home/vboxuser/Ali_ws/src/install/xarm_planner/share/xarm_planner//launch/xarm7_mirror_planner_fake.launch.py
[98.103s] -- Installing: /home/vboxuser/Ali_ws/src/install/xarm_planner/share/xarm_planner//launch/test_xarm_planner_client_pose.launch.py
[98.103s] -- Installing: /home/vboxuser/Ali_ws/src/install/xarm_planner/share/xarm_planner//launch/test_move_group.launch.py
[98.103s] -- Installing: /home/vboxuser/Ali_ws/src/install/xarm_planner/share/xarm_planner//launch/test_xarm_planner_api_pose.launch.py
[98.103s] -- Installing: /home/vboxuser/Ali_ws/src/install/xarm_planner/share/xarm_planner//launch/xarm5_planner_realmove.launch.py
[98.103s] -- Installing: /home/vboxuser/Ali_ws/src/install/xarm_planner/share/xarm_planner//launch/xarm5_planner_gazebo.launch.py
[98.103s] -- Installing: /home/vboxuser/Ali_ws/src/install/xarm_planner/share/xarm_planner//launch/test_dual_xarm_planner_api_joint.launch.py
[98.104s] -- Installing: /home/vboxuser/Ali_ws/src/install/xarm_planner/share/xarm_planner//launch/test_xarm_planner_api_joint.launch.py
[98.104s] -- Installing: /home/vboxuser/Ali_ws/src/install/xarm_planner/share/xarm_planner//launch/xarm7_planner_fake.launch.py
[98.104s] -- Installing: /home/vboxuser/Ali_ws/src/install/xarm_planner/share/xarm_planner//launch/uf850_planner_fake.launch.py
[98.104s] -- Installing: /home/vboxuser/Ali_ws/src/install/xarm_planner/share/xarm_planner//launch/lite6_planner_fake.launch.py
[98.104s] -- Installing: /home/vboxuser/Ali_ws/src/install/xarm_planner/share/xarm_planner//launch/xarm7_planner_gazebo.launch.py
[98.104s] -- Installing: /home/vboxuser/Ali_ws/src/install/xarm_planner/share/xarm_planner//launch/_robot_planner.launch.py
[98.104s] -- Installing: /home/vboxuser/Ali_ws/src/install/xarm_planner/share/xarm_planner//launch/test_xarm_gripper_planner_api_joint.launch.py
[98.104s] -- Installing: /home/vboxuser/Ali_ws/src/install/xarm_planner/share/xarm_planner//launch/test_xarm_planner_client_joint.launch.py
[98.104s] -- Installing: /home/vboxuser/Ali_ws/src/install/xarm_planner/share/xarm_planner//launch/test_xarm_gripper_planner_client_joint.launch.py
[98.106s] -- Installing: /home/vboxuser/Ali_ws/src/install/xarm_planner/share/xarm_planner//launch/uf850_planner_realmove.launch.py
[98.106s] -- Installing: /home/vboxuser/Ali_ws/src/install/xarm_planner/share/xarm_planner//launch/xarm6_planner_fake.launch.py
[98.106s] -- Installing: /home/vboxuser/Ali_ws/src/install/xarm_planner/share/xarm_planner//launch/uf850_planner_gazebo.launch.py
[98.106s] -- Installing: /home/vboxuser/Ali_ws/src/install/xarm_planner/share/xarm_planner//launch/xarm6_planner_gazebo.launch.py
[98.106s] -- Installing: /home/vboxuser/Ali_ws/src/install/xarm_planner/share/xarm_planner//launch/test_lite_gripper_realmove.launch.py
[98.106s] -- Installing: /home/vboxuser/Ali_ws/src/install/xarm_planner/share/xarm_planner//launch/lite6_planner_realmove.launch.py
[98.107s] -- Installing: /home/vboxuser/Ali_ws/src/install/xarm_planner/share/ament_index/resource_index/package_run_dependencies/xarm_planner
[98.107s] -- Installing: /home/vboxuser/Ali_ws/src/install/xarm_planner/share/ament_index/resource_index/parent_prefix_path/xarm_planner
[98.107s] -- Installing: /home/vboxuser/Ali_ws/src/install/xarm_planner/share/xarm_planner/environment/ament_prefix_path.sh
[98.107s] -- Installing: /home/vboxuser/Ali_ws/src/install/xarm_planner/share/xarm_planner/environment/ament_prefix_path.dsv
[98.107s] -- Installing: /home/vboxuser/Ali_ws/src/install/xarm_planner/share/xarm_planner/environment/path.sh
[98.107s] -- Installing: /home/vboxuser/Ali_ws/src/install/xarm_planner/share/xarm_planner/environment/path.dsv
[98.108s] -- Installing: /home/vboxuser/Ali_ws/src/install/xarm_planner/share/xarm_planner/local_setup.bash
[98.108s] -- Installing: /home/vboxuser/Ali_ws/src/install/xarm_planner/share/xarm_planner/local_setup.sh
[98.108s] -- Installing: /home/vboxuser/Ali_ws/src/install/xarm_planner/share/xarm_planner/local_setup.zsh
[98.108s] -- Installing: /home/vboxuser/Ali_ws/src/install/xarm_planner/share/xarm_planner/local_setup.dsv
[98.108s] -- Installing: /home/vboxuser/Ali_ws/src/install/xarm_planner/share/xarm_planner/package.dsv
[98.109s] -- Installing: /home/vboxuser/Ali_ws/src/install/xarm_planner/share/ament_index/resource_index/packages/xarm_planner
[98.109s] -- Installing: /home/vboxuser/Ali_ws/src/install/xarm_planner/share/xarm_planner/cmake/xarm_plannerConfig.cmake
[98.109s] -- Installing: /home/vboxuser/Ali_ws/src/install/xarm_planner/share/xarm_planner/cmake/xarm_plannerConfig-version.cmake
[98.111s] -- Installing: /home/vboxuser/Ali_ws/src/install/xarm_planner/share/xarm_planner/package.xml
[98.116s] Invoked command in '/home/vboxuser/Ali_ws/src/build/xarm_planner' returned '0': AMENT_PREFIX_PATH=/home/vboxuser/Ali_ws/src/install/xarm_moveit_config:/home/vboxuser/Ali_ws/src/install/xarm_gazebo:/home/vboxuser/Ali_ws/src/install/xarm_controller:/home/vboxuser/Ali_ws/src/install/xarm_api:/home/vboxuser/Ali_ws/src/install/xarm_sdk:/home/vboxuser/Ali_ws/src/install/xarm_msgs:/home/vboxuser/Ali_ws/src/install/xarm_description:/home/vboxuser/Ali_ws/src/install/uf_ros_lib:${AMENT_PREFIX_PATH} CMAKE_PREFIX_PATH=/home/vboxuser/Ali_ws/src/install/xarm_moveit_config:/home/vboxuser/Ali_ws/src/install/xarm_gazebo:/home/vboxuser/Ali_ws/src/install/xarm_controller:/home/vboxuser/Ali_ws/src/install/xarm_api:/home/vboxuser/Ali_ws/src/install/xarm_sdk:/home/vboxuser/Ali_ws/src/install/xarm_msgs:/home/vboxuser/Ali_ws/src/install/xarm_description:/opt/ros/humble LD_LIBRARY_PATH=/home/vboxuser/Ali_ws/src/install/xarm_gazebo/lib:/home/vboxuser/Ali_ws/src/install/xarm_controller/lib:/home/vboxuser/Ali_ws/src/install/xarm_api/lib:/home/vboxuser/Ali_ws/src/install/xarm_sdk/lib:/home/vboxuser/Ali_ws/src/install/xarm_msgs/lib:${LD_LIBRARY_PATH} PYTHONPATH=/home/vboxuser/Ali_ws/src/install/xarm_msgs/local/lib/python3.10/dist-packages:/home/vboxuser/Ali_ws/src/install/uf_ros_lib/lib/python3.10/site-packages:${PYTHONPATH} /usr/bin/cmake --install /home/vboxuser/Ali_ws/src/build/xarm_planner
