[0.099s] Invoking command in '/home/vboxuser/Ali_ws/build/xarm_api': AMENT_PREFIX_PATH=/home/vboxuser/Ali_ws/install/xarm_sdk:/home/vboxuser/Ali_ws/install/xarm_msgs:/home/vboxuser/Ali_ws/install/xarm_description:${AMENT_PREFIX_PATH} CMAKE_PREFIX_PATH=/home/vboxuser/Ali_ws/install/xarm_sdk:/home/vboxuser/Ali_ws/install/xarm_msgs:/home/vboxuser/Ali_ws/install/xarm_description:/opt/ros/humble LD_LIBRARY_PATH=/home/vboxuser/Ali_ws/install/xarm_sdk/lib:/home/vboxuser/Ali_ws/install/xarm_msgs/lib:${LD_LIBRARY_PATH} PYTHONPATH=/home/vboxuser/Ali_ws/install/xarm_msgs/local/lib/python3.10/dist-packages:${PYTHONPATH} /usr/bin/cmake --build /home/vboxuser/Ali_ws/build/xarm_api -- -j4 -l4
[0.296s] [ 15%] Built target xarm_ros_client
[0.338s] [ 38%] Built target xarm_ros_driver
[0.338s] [ 53%] Built target test_robot_states
[0.338s] [ 69%] Built target test_xarm_ros_client
[0.338s] [ 84%] Built target test_xarm_velo_move
[0.355s] [100%] Built target xarm_driver_node
[0.384s] Invoked command in '/home/vboxuser/Ali_ws/build/xarm_api' returned '0': AMENT_PREFIX_PATH=/home/vboxuser/Ali_ws/install/xarm_sdk:/home/vboxuser/Ali_ws/install/xarm_msgs:/home/vboxuser/Ali_ws/install/xarm_description:${AMENT_PREFIX_PATH} CMAKE_PREFIX_PATH=/home/vboxuser/Ali_ws/install/xarm_sdk:/home/vboxuser/Ali_ws/install/xarm_msgs:/home/vboxuser/Ali_ws/install/xarm_description:/opt/ros/humble LD_LIBRARY_PATH=/home/vboxuser/Ali_ws/install/xarm_sdk/lib:/home/vboxuser/Ali_ws/install/xarm_msgs/lib:${LD_LIBRARY_PATH} PYTHONPATH=/home/vboxuser/Ali_ws/install/xarm_msgs/local/lib/python3.10/dist-packages:${PYTHONPATH} /usr/bin/cmake --build /home/vboxuser/Ali_ws/build/xarm_api -- -j4 -l4
[0.399s] Invoking command in '/home/vboxuser/Ali_ws/build/xarm_api': AMENT_PREFIX_PATH=/home/vboxuser/Ali_ws/install/xarm_sdk:/home/vboxuser/Ali_ws/install/xarm_msgs:/home/vboxuser/Ali_ws/install/xarm_description:${AMENT_PREFIX_PATH} CMAKE_PREFIX_PATH=/home/vboxuser/Ali_ws/install/xarm_sdk:/home/vboxuser/Ali_ws/install/xarm_msgs:/home/vboxuser/Ali_ws/install/xarm_description:/opt/ros/humble LD_LIBRARY_PATH=/home/vboxuser/Ali_ws/install/xarm_sdk/lib:/home/vboxuser/Ali_ws/install/xarm_msgs/lib:${LD_LIBRARY_PATH} PYTHONPATH=/home/vboxuser/Ali_ws/install/xarm_msgs/local/lib/python3.10/dist-packages:${PYTHONPATH} /usr/bin/cmake --install /home/vboxuser/Ali_ws/build/xarm_api
[0.408s] -- Install configuration: ""
[0.408s] -- Up-to-date: /home/vboxuser/Ali_ws/install/xarm_api/share/xarm_api/environment/library_path.sh
[0.409s] -- Up-to-date: /home/vboxuser/Ali_ws/install/xarm_api/share/xarm_api/environment/library_path.dsv
[0.410s] -- Up-to-date: /home/vboxuser/Ali_ws/install/xarm_api/include
[0.411s] -- Up-to-date: /home/vboxuser/Ali_ws/install/xarm_api/include/xarm_api
[0.413s] -- Up-to-date: /home/vboxuser/Ali_ws/install/xarm_api/include/xarm_api/xarm_msgs.h
[0.413s] -- Up-to-date: /home/vboxuser/Ali_ws/install/xarm_api/include/xarm_api/xarm_driver.h
[0.413s] -- Up-to-date: /home/vboxuser/Ali_ws/install/xarm_api/include/xarm_api/xarm_ros_client.h
[0.414s] -- Up-to-date: /home/vboxuser/Ali_ws/install/xarm_api/include/xarm_api/visibility_control.h
[0.415s] -- Up-to-date: /home/vboxuser/Ali_ws/install/xarm_api/lib/libxarm_ros_driver.so
[0.435s] -- Up-to-date: /home/vboxuser/Ali_ws/install/xarm_api/lib/libxarm_ros_client.so
[0.435s] -- Up-to-date: /home/vboxuser/Ali_ws/install/xarm_api/lib/xarm_api/xarm_driver_node
[0.435s] -- Up-to-date: /home/vboxuser/Ali_ws/install/xarm_api/lib/xarm_api/test_xarm_ros_client
[0.435s] -- Up-to-date: /home/vboxuser/Ali_ws/install/xarm_api/lib/xarm_api/test_xarm_velo_move
[0.435s] -- Up-to-date: /home/vboxuser/Ali_ws/install/xarm_api/lib/xarm_api/test_robot_states
[0.435s] -- Up-to-date: /home/vboxuser/Ali_ws/install/xarm_api/share/xarm_api//launch
[0.435s] -- Up-to-date: /home/vboxuser/Ali_ws/install/xarm_api/share/xarm_api//launch/xarm7_driver.launch.py
[0.435s] -- Up-to-date: /home/vboxuser/Ali_ws/install/xarm_api/share/xarm_api//launch/uf850_driver.launch.py
[0.435s] -- Up-to-date: /home/vboxuser/Ali_ws/install/xarm_api/share/xarm_api//launch/xarm6_driver.launch.py
[0.435s] -- Up-to-date: /home/vboxuser/Ali_ws/install/xarm_api/share/xarm_api//launch/lite6_driver.launch.py
[0.436s] -- Up-to-date: /home/vboxuser/Ali_ws/install/xarm_api/share/xarm_api//launch/lib
[0.436s] -- Up-to-date: /home/vboxuser/Ali_ws/install/xarm_api/share/xarm_api//launch/lib/robot_api_lib.py
[0.436s] -- Up-to-date: /home/vboxuser/Ali_ws/install/xarm_api/share/xarm_api//launch/xarm5_driver.launch.py
[0.436s] -- Up-to-date: /home/vboxuser/Ali_ws/install/xarm_api/share/xarm_api//launch/_robot_driver.launch.py
[0.436s] -- Up-to-date: /home/vboxuser/Ali_ws/install/xarm_api/share/xarm_api//config
[0.436s] -- Up-to-date: /home/vboxuser/Ali_ws/install/xarm_api/share/xarm_api//config/xarm_params.yaml
[0.436s] -- Up-to-date: /home/vboxuser/Ali_ws/install/xarm_api/share/ament_index/resource_index/package_run_dependencies/xarm_api
[0.436s] -- Up-to-date: /home/vboxuser/Ali_ws/install/xarm_api/share/ament_index/resource_index/parent_prefix_path/xarm_api
[0.436s] -- Up-to-date: /home/vboxuser/Ali_ws/install/xarm_api/share/xarm_api/environment/ament_prefix_path.sh
[0.436s] -- Up-to-date: /home/vboxuser/Ali_ws/install/xarm_api/share/xarm_api/environment/ament_prefix_path.dsv
[0.436s] -- Up-to-date: /home/vboxuser/Ali_ws/install/xarm_api/share/xarm_api/environment/path.sh
[0.436s] -- Up-to-date: /home/vboxuser/Ali_ws/install/xarm_api/share/xarm_api/environment/path.dsv
[0.436s] -- Up-to-date: /home/vboxuser/Ali_ws/install/xarm_api/share/xarm_api/local_setup.bash
[0.436s] -- Up-to-date: /home/vboxuser/Ali_ws/install/xarm_api/share/xarm_api/local_setup.sh
[0.436s] -- Up-to-date: /home/vboxuser/Ali_ws/install/xarm_api/share/xarm_api/local_setup.zsh
[0.436s] -- Up-to-date: /home/vboxuser/Ali_ws/install/xarm_api/share/xarm_api/local_setup.dsv
[0.436s] -- Installing: /home/vboxuser/Ali_ws/install/xarm_api/share/xarm_api/package.dsv
[0.436s] -- Up-to-date: /home/vboxuser/Ali_ws/install/xarm_api/share/ament_index/resource_index/packages/xarm_api
[0.436s] -- Up-to-date: /home/vboxuser/Ali_ws/install/xarm_api/share/xarm_api/cmake/ament_cmake_export_libraries-extras.cmake
[0.437s] -- Up-to-date: /home/vboxuser/Ali_ws/install/xarm_api/share/xarm_api/cmake/ament_cmake_export_include_directories-extras.cmake
[0.437s] -- Up-to-date: /home/vboxuser/Ali_ws/install/xarm_api/share/xarm_api/cmake/xarm_apiConfig.cmake
[0.437s] -- Up-to-date: /home/vboxuser/Ali_ws/install/xarm_api/share/xarm_api/cmake/xarm_apiConfig-version.cmake
[0.437s] -- Up-to-date: /home/vboxuser/Ali_ws/install/xarm_api/share/xarm_api/package.xml
[0.467s] Invoked command in '/home/vboxuser/Ali_ws/build/xarm_api' returned '0': AMENT_PREFIX_PATH=/home/vboxuser/Ali_ws/install/xarm_sdk:/home/vboxuser/Ali_ws/install/xarm_msgs:/home/vboxuser/Ali_ws/install/xarm_description:${AMENT_PREFIX_PATH} CMAKE_PREFIX_PATH=/home/vboxuser/Ali_ws/install/xarm_sdk:/home/vboxuser/Ali_ws/install/xarm_msgs:/home/vboxuser/Ali_ws/install/xarm_description:/opt/ros/humble LD_LIBRARY_PATH=/home/vboxuser/Ali_ws/install/xarm_sdk/lib:/home/vboxuser/Ali_ws/install/xarm_msgs/lib:${LD_LIBRARY_PATH} PYTHONPATH=/home/vboxuser/Ali_ws/install/xarm_msgs/local/lib/python3.10/dist-packages:${PYTHONPATH} /usr/bin/cmake --install /home/vboxuser/Ali_ws/build/xarm_api
