[0.181s] Invoking command in '/home/vboxuser/Ali_ws/build/mbot_demo': CMAKE_PREFIX_PATH=${CMAKE_PREFIX_PATH}:/opt/ros/humble:/home/vboxuser/Ali_ws/install/uf_ros_lib /usr/bin/cmake /home/vboxuser/Ali_ws/src/xarm_ros2/demo/mbot_demo -DCMAKE_INSTALL_PREFIX=/home/vboxuser/Ali_ws/install/mbot_demo
[0.817s] -- The C compiler identification is GNU 11.4.0
[1.076s] -- The CXX compiler identification is GNU 11.4.0
[1.106s] -- Detecting C compiler ABI info
[1.340s] -- Detecting C compiler ABI info - done
[1.340s] -- Check for working C compiler: /usr/bin/cc - skipped
[1.340s] -- Detecting C compile features
[1.340s] -- Detecting C compile features - done
[1.340s] -- Detecting CXX compiler ABI info
[1.508s] -- Detecting CXX compiler ABI info - done
[1.540s] -- Check for working CXX compiler: /usr/bin/c++ - skipped
[1.554s] -- Detecting CXX compile features
[1.554s] -- Detecting CXX compile features - done
[1.554s] -- Found ament_cmake: 1.3.12 (/opt/ros/humble/share/ament_cmake/cmake)
[2.144s] -- Found Python3: /usr/bin/python3 (found version "3.10.12") found components: Interpreter 
[2.268s] -- Found ament_lint_auto: 0.12.14 (/opt/ros/humble/share/ament_lint_auto/cmake)
[2.424s] -- Added test 'copyright' to check source files copyright and LICENSE
[2.434s] -- Added test 'flake8' to check Python code syntax and style conventions
[2.434s] -- Added test 'lint_cmake' to check CMake code style
[2.445s] -- Added test 'pep257' to check Python code against some of the docstring style conventions in PEP 257
[2.445s] -- Added test 'xmllint' to check XML markup files
[2.445s] -- Configuring done
[2.499s] -- Generating done
[2.499s] -- Build files have been written to: /home/vboxuser/Ali_ws/build/mbot_demo
[2.514s] Invoked command in '/home/vboxuser/Ali_ws/build/mbot_demo' returned '0': CMAKE_PREFIX_PATH=${CMAKE_PREFIX_PATH}:/opt/ros/humble:/home/vboxuser/Ali_ws/install/uf_ros_lib /usr/bin/cmake /home/vboxuser/Ali_ws/src/xarm_ros2/demo/mbot_demo -DCMAKE_INSTALL_PREFIX=/home/vboxuser/Ali_ws/install/mbot_demo
[2.514s] Invoking command in '/home/vboxuser/Ali_ws/build/mbot_demo': CMAKE_PREFIX_PATH=${CMAKE_PREFIX_PATH}:/opt/ros/humble:/home/vboxuser/Ali_ws/install/uf_ros_lib /usr/bin/cmake --build /home/vboxuser/Ali_ws/build/mbot_demo -- -j4 -l4
[2.681s] Invoked command in '/home/vboxuser/Ali_ws/build/mbot_demo' returned '0': CMAKE_PREFIX_PATH=${CMAKE_PREFIX_PATH}:/opt/ros/humble:/home/vboxuser/Ali_ws/install/uf_ros_lib /usr/bin/cmake --build /home/vboxuser/Ali_ws/build/mbot_demo -- -j4 -l4
[2.682s] Invoking command in '/home/vboxuser/Ali_ws/build/mbot_demo': CMAKE_PREFIX_PATH=${CMAKE_PREFIX_PATH}:/opt/ros/humble:/home/vboxuser/Ali_ws/install/uf_ros_lib /usr/bin/cmake --install /home/vboxuser/Ali_ws/build/mbot_demo
[2.695s] -- Install configuration: ""
[2.696s] -- Installing: /home/vboxuser/Ali_ws/install/mbot_demo/share/mbot_demo//rviz
[2.696s] -- Installing: /home/vboxuser/Ali_ws/install/mbot_demo/share/mbot_demo//rviz/moveit.rviz
[2.699s] -- Installing: /home/vboxuser/Ali_ws/install/mbot_demo/share/mbot_demo//urdf
[2.701s] -- Installing: /home/vboxuser/Ali_ws/install/mbot_demo/share/mbot_demo//urdf/mbot_macro.xacro
[2.703s] -- Installing: /home/vboxuser/Ali_ws/install/mbot_demo/share/mbot_demo//urdf/mbot_with_xarm.urdf.xacro
[2.706s] -- Installing: /home/vboxuser/Ali_ws/install/mbot_demo/share/mbot_demo//urdf/mbot.transmission.xacro
[2.710s] -- Installing: /home/vboxuser/Ali_ws/install/mbot_demo/share/mbot_demo//urdf/mbot.urdf.xacro
[2.711s] -- Installing: /home/vboxuser/Ali_ws/install/mbot_demo/share/mbot_demo//urdf/mbot.ros2_control.xacro
[2.713s] -- Installing: /home/vboxuser/Ali_ws/install/mbot_demo/share/mbot_demo//urdf/mbot.gazebo.xacro
[2.716s] -- Installing: /home/vboxuser/Ali_ws/install/mbot_demo/share/mbot_demo//srdf
[2.717s] -- Installing: /home/vboxuser/Ali_ws/install/mbot_demo/share/mbot_demo//srdf/mbot_macro.srdf.xacro
[2.728s] -- Installing: /home/vboxuser/Ali_ws/install/mbot_demo/share/mbot_demo//srdf/mbot_with_xarm.srdf.xacro
[2.731s] -- Installing: /home/vboxuser/Ali_ws/install/mbot_demo/share/mbot_demo//config
[2.732s] -- Installing: /home/vboxuser/Ali_ws/install/mbot_demo/share/mbot_demo//config/ompl_planning.yaml
[2.732s] -- Installing: /home/vboxuser/Ali_ws/install/mbot_demo/share/mbot_demo//config/ros2_controllers.yaml
[2.735s] -- Installing: /home/vboxuser/Ali_ws/install/mbot_demo/share/mbot_demo//config/joint_limits.yaml
[2.740s] -- Installing: /home/vboxuser/Ali_ws/install/mbot_demo/share/mbot_demo//config/controllers.yaml
[2.741s] -- Installing: /home/vboxuser/Ali_ws/install/mbot_demo/share/mbot_demo//config/kinematics.yaml
[2.743s] -- Installing: /home/vboxuser/Ali_ws/install/mbot_demo/share/mbot_demo//worlds
[2.743s] -- Installing: /home/vboxuser/Ali_ws/install/mbot_demo/share/mbot_demo//worlds/empty.world
[2.752s] -- Installing: /home/vboxuser/Ali_ws/install/mbot_demo/share/mbot_demo//launch
[2.752s] -- Installing: /home/vboxuser/Ali_ws/install/mbot_demo/share/mbot_demo//launch/mbot_moveit_gazebo.launch.py
[2.754s] -- Installing: /home/vboxuser/Ali_ws/install/mbot_demo/share/mbot_demo//launch/mbot_moveit_fake.launch.py
[2.756s] -- Installing: /home/vboxuser/Ali_ws/install/mbot_demo/share/mbot_demo//launch/mbot_moveit_realmove.launch.py
[2.757s] -- Installing: /home/vboxuser/Ali_ws/install/mbot_demo/share/mbot_demo//launch/_robot_on_mbot_gazebo.launch.py
[2.766s] -- Installing: /home/vboxuser/Ali_ws/install/mbot_demo/share/ament_index/resource_index/package_run_dependencies/mbot_demo
[2.767s] -- Installing: /home/vboxuser/Ali_ws/install/mbot_demo/share/ament_index/resource_index/parent_prefix_path/mbot_demo
[2.767s] -- Installing: /home/vboxuser/Ali_ws/install/mbot_demo/share/mbot_demo/environment/ament_prefix_path.sh
[2.767s] -- Installing: /home/vboxuser/Ali_ws/install/mbot_demo/share/mbot_demo/environment/ament_prefix_path.dsv
[2.768s] -- Installing: /home/vboxuser/Ali_ws/install/mbot_demo/share/mbot_demo/environment/path.sh
[2.768s] -- Installing: /home/vboxuser/Ali_ws/install/mbot_demo/share/mbot_demo/environment/path.dsv
[2.768s] -- Installing: /home/vboxuser/Ali_ws/install/mbot_demo/share/mbot_demo/local_setup.bash
[2.768s] -- Installing: /home/vboxuser/Ali_ws/install/mbot_demo/share/mbot_demo/local_setup.sh
[2.768s] -- Installing: /home/vboxuser/Ali_ws/install/mbot_demo/share/mbot_demo/local_setup.zsh
[2.768s] -- Installing: /home/vboxuser/Ali_ws/install/mbot_demo/share/mbot_demo/local_setup.dsv
[2.768s] -- Installing: /home/vboxuser/Ali_ws/install/mbot_demo/share/mbot_demo/package.dsv
[2.768s] -- Installing: /home/vboxuser/Ali_ws/install/mbot_demo/share/ament_index/resource_index/packages/mbot_demo
[2.776s] -- Installing: /home/vboxuser/Ali_ws/install/mbot_demo/share/mbot_demo/cmake/mbot_demoConfig.cmake
[2.783s] -- Installing: /home/vboxuser/Ali_ws/install/mbot_demo/share/mbot_demo/cmake/mbot_demoConfig-version.cmake
[2.784s] -- Installing: /home/vboxuser/Ali_ws/install/mbot_demo/share/mbot_demo/package.xml
[2.803s] Invoked command in '/home/vboxuser/Ali_ws/build/mbot_demo' returned '0': CMAKE_PREFIX_PATH=${CMAKE_PREFIX_PATH}:/opt/ros/humble:/home/vboxuser/Ali_ws/install/uf_ros_lib /usr/bin/cmake --install /home/vboxuser/Ali_ws/build/mbot_demo
