[1.177s] Invoking command in '/home/vboxuser/Ali_ws/src/xarm_ros2/uf_ros_lib': PYTHONPATH=/home/vboxuser/Ali_ws/build/uf_ros_lib/prefix_override:/usr/lib/python3/dist-packages/colcon_core/task/python/colcon_distutils_commands:/home/vboxuser/Ali_ws/install/uf_ros_lib/lib/python3.10/site-packages: /usr/bin/python3 -W ignore:setup.py install is deprecated -W ignore:easy_install command is deprecated setup.py egg_info --egg-base ../../../build/uf_ros_lib build --build-base /home/vboxuser/Ali_ws/build/uf_ros_lib/build install --record /home/vboxuser/Ali_ws/build/uf_ros_lib/install.log --single-version-externally-managed install_data
[1.618s] /home/vboxuser/.local/lib/python3.10/site-packages/setuptools/_distutils/dist.py:289: UserWarning: Unknown distribution option: 'tests_require'
[1.618s]   warnings.warn(msg)
[1.748s] running egg_info
[1.797s] writing ../../../build/uf_ros_lib/uf_ros_lib.egg-info/PKG-INFO
[1.797s] writing dependency_links to ../../../build/uf_ros_lib/uf_ros_lib.egg-info/dependency_links.txt
[1.798s] writing requirements to ../../../build/uf_ros_lib/uf_ros_lib.egg-info/requires.txt
[1.798s] writing top-level names to ../../../build/uf_ros_lib/uf_ros_lib.egg-info/top_level.txt
[1.832s] reading manifest file '../../../build/uf_ros_lib/uf_ros_lib.egg-info/SOURCES.txt'
[1.832s] writing manifest file '../../../build/uf_ros_lib/uf_ros_lib.egg-info/SOURCES.txt'
[1.832s] running build
[1.832s] running build_py
[1.832s] copying uf_ros_lib/moveit_configs_builder.py -> /home/vboxuser/Ali_ws/build/uf_ros_lib/build/lib/uf_ros_lib
[1.832s] copying uf_ros_lib/uf_robot_utils.py -> /home/vboxuser/Ali_ws/build/uf_ros_lib/build/lib/uf_ros_lib
[1.832s] copying uf_ros_lib/parameter_descriptions.py -> /home/vboxuser/Ali_ws/build/uf_ros_lib/build/lib/uf_ros_lib
[1.832s] copying uf_ros_lib/__init__.py -> /home/vboxuser/Ali_ws/build/uf_ros_lib/build/lib/uf_ros_lib
[1.832s] copying uf_ros_lib/substitutions/kinematics.py -> /home/vboxuser/Ali_ws/build/uf_ros_lib/build/lib/uf_ros_lib/substitutions
[1.832s] copying uf_ros_lib/substitutions/planning_pipelines.py -> /home/vboxuser/Ali_ws/build/uf_ros_lib/build/lib/uf_ros_lib/substitutions
[1.832s] copying uf_ros_lib/substitutions/common.py -> /home/vboxuser/Ali_ws/build/uf_ros_lib/build/lib/uf_ros_lib/substitutions
[1.832s] copying uf_ros_lib/substitutions/controllers.py -> /home/vboxuser/Ali_ws/build/uf_ros_lib/build/lib/uf_ros_lib/substitutions
[1.832s] copying uf_ros_lib/substitutions/joint_limits.py -> /home/vboxuser/Ali_ws/build/uf_ros_lib/build/lib/uf_ros_lib/substitutions
[1.835s] copying uf_ros_lib/substitutions/__init__.py -> /home/vboxuser/Ali_ws/build/uf_ros_lib/build/lib/uf_ros_lib/substitutions
[1.835s] running install
[1.835s] running install_lib
[1.850s] running install_data
[1.850s] copying resource/uf_ros_lib -> /home/vboxuser/Ali_ws/install/uf_ros_lib/share/ament_index/resource_index/packages
[1.850s] copying package.xml -> /home/vboxuser/Ali_ws/install/uf_ros_lib/share/uf_ros_lib
[1.850s] running install_egg_info
[1.855s] removing '/home/vboxuser/Ali_ws/install/uf_ros_lib/lib/python3.10/site-packages/uf_ros_lib-0.0.0-py3.10.egg-info' (and everything under it)
[1.855s] Copying ../../../build/uf_ros_lib/uf_ros_lib.egg-info to /home/vboxuser/Ali_ws/install/uf_ros_lib/lib/python3.10/site-packages/uf_ros_lib-0.0.0-py3.10.egg-info
[1.856s] running install_scripts
[1.858s] writing list of installed files to '/home/vboxuser/Ali_ws/build/uf_ros_lib/install.log'
[1.941s] Invoked command in '/home/vboxuser/Ali_ws/src/xarm_ros2/uf_ros_lib' returned '0': PYTHONPATH=/home/vboxuser/Ali_ws/build/uf_ros_lib/prefix_override:/usr/lib/python3/dist-packages/colcon_core/task/python/colcon_distutils_commands:/home/vboxuser/Ali_ws/install/uf_ros_lib/lib/python3.10/site-packages: /usr/bin/python3 -W ignore:setup.py install is deprecated -W ignore:easy_install command is deprecated setup.py egg_info --egg-base ../../../build/uf_ros_lib build --build-base /home/vboxuser/Ali_ws/build/uf_ros_lib/build install --record /home/vboxuser/Ali_ws/build/uf_ros_lib/install.log --single-version-externally-managed install_data
