[0.092s] Invoking command in '/home/vboxuser/Ali_ws/build/ros2_linkattacher': AMENT_PREFIX_PATH=/home/vboxuser/Ali_ws/install/linkattacher_msgs:${AMENT_PREFIX_PATH} CMAKE_PREFIX_PATH=/home/vboxuser/Ali_ws/install/linkattacher_msgs:/opt/ros/humble LD_LIBRARY_PATH=/home/vboxuser/Ali_ws/install/linkattacher_msgs/lib:${LD_LIBRARY_PATH} PYTHONPATH=/home/vboxuser/Ali_ws/install/linkattacher_msgs/local/lib/python3.10/dist-packages:${PYTHONPATH} /usr/bin/cmake --build /home/vboxuser/Ali_ws/build/ros2_linkattacher -- -j4 -l4
[0.318s] [100%] Built target gazebo_link_attacher
[0.364s] Invoked command in '/home/vboxuser/Ali_ws/build/ros2_linkattacher' returned '0': AMENT_PREFIX_PATH=/home/vboxuser/Ali_ws/install/linkattacher_msgs:${AMENT_PREFIX_PATH} CMAKE_PREFIX_PATH=/home/vboxuser/Ali_ws/install/linkattacher_msgs:/opt/ros/humble LD_LIBRARY_PATH=/home/vboxuser/Ali_ws/install/linkattacher_msgs/lib:${LD_LIBRARY_PATH} PYTHONPATH=/home/vboxuser/Ali_ws/install/linkattacher_msgs/local/lib/python3.10/dist-packages:${PYTHONPATH} /usr/bin/cmake --build /home/vboxuser/Ali_ws/build/ros2_linkattacher -- -j4 -l4
[0.365s] Invoking command in '/home/vboxuser/Ali_ws/build/ros2_linkattacher': AMENT_PREFIX_PATH=/home/vboxuser/Ali_ws/install/linkattacher_msgs:${AMENT_PREFIX_PATH} CMAKE_PREFIX_PATH=/home/vboxuser/Ali_ws/install/linkattacher_msgs:/opt/ros/humble LD_LIBRARY_PATH=/home/vboxuser/Ali_ws/install/linkattacher_msgs/lib:${LD_LIBRARY_PATH} PYTHONPATH=/home/vboxuser/Ali_ws/install/linkattacher_msgs/local/lib/python3.10/dist-packages:${PYTHONPATH} /usr/bin/cmake --install /home/vboxuser/Ali_ws/build/ros2_linkattacher
[0.392s] -- Install configuration: ""
[0.392s] -- Up-to-date: /home/vboxuser/Ali_ws/install/ros2_linkattacher/share/ros2_linkattacher/environment/library_path.sh
[0.392s] -- Up-to-date: /home/vboxuser/Ali_ws/install/ros2_linkattacher/share/ros2_linkattacher/environment/library_path.dsv
[0.392s] -- Up-to-date: /home/vboxuser/Ali_ws/install/ros2_linkattacher/lib/libgazebo_link_attacher.so
[0.392s] -- Up-to-date: /home/vboxuser/Ali_ws/install/ros2_linkattacher/share/ament_index/resource_index/package_run_dependencies/ros2_linkattacher
[0.392s] -- Up-to-date: /home/vboxuser/Ali_ws/install/ros2_linkattacher/share/ament_index/resource_index/parent_prefix_path/ros2_linkattacher
[0.392s] -- Up-to-date: /home/vboxuser/Ali_ws/install/ros2_linkattacher/share/ros2_linkattacher/environment/ament_prefix_path.sh
[0.392s] -- Up-to-date: /home/vboxuser/Ali_ws/install/ros2_linkattacher/share/ros2_linkattacher/environment/ament_prefix_path.dsv
[0.397s] -- Up-to-date: /home/vboxuser/Ali_ws/install/ros2_linkattacher/share/ros2_linkattacher/environment/path.sh
[0.398s] -- Up-to-date: /home/vboxuser/Ali_ws/install/ros2_linkattacher/share/ros2_linkattacher/environment/path.dsv
[0.398s] -- Up-to-date: /home/vboxuser/Ali_ws/install/ros2_linkattacher/share/ros2_linkattacher/local_setup.bash
[0.398s] -- Up-to-date: /home/vboxuser/Ali_ws/install/ros2_linkattacher/share/ros2_linkattacher/local_setup.sh
[0.398s] -- Up-to-date: /home/vboxuser/Ali_ws/install/ros2_linkattacher/share/ros2_linkattacher/local_setup.zsh
[0.398s] -- Up-to-date: /home/vboxuser/Ali_ws/install/ros2_linkattacher/share/ros2_linkattacher/local_setup.dsv
[0.399s] -- Installing: /home/vboxuser/Ali_ws/install/ros2_linkattacher/share/ros2_linkattacher/package.dsv
[0.399s] -- Up-to-date: /home/vboxuser/Ali_ws/install/ros2_linkattacher/share/ament_index/resource_index/packages/ros2_linkattacher
[0.399s] -- Up-to-date: /home/vboxuser/Ali_ws/install/ros2_linkattacher/share/ros2_linkattacher/cmake/ament_cmake_export_libraries-extras.cmake
[0.399s] -- Up-to-date: /home/vboxuser/Ali_ws/install/ros2_linkattacher/share/ros2_linkattacher/cmake/ros2_linkattacherConfig.cmake
[0.399s] -- Up-to-date: /home/vboxuser/Ali_ws/install/ros2_linkattacher/share/ros2_linkattacher/cmake/ros2_linkattacherConfig-version.cmake
[0.399s] -- Up-to-date: /home/vboxuser/Ali_ws/install/ros2_linkattacher/share/ros2_linkattacher/package.xml
[0.406s] Invoked command in '/home/vboxuser/Ali_ws/build/ros2_linkattacher' returned '0': AMENT_PREFIX_PATH=/home/vboxuser/Ali_ws/install/linkattacher_msgs:${AMENT_PREFIX_PATH} CMAKE_PREFIX_PATH=/home/vboxuser/Ali_ws/install/linkattacher_msgs:/opt/ros/humble LD_LIBRARY_PATH=/home/vboxuser/Ali_ws/install/linkattacher_msgs/lib:${LD_LIBRARY_PATH} PYTHONPATH=/home/vboxuser/Ali_ws/install/linkattacher_msgs/local/lib/python3.10/dist-packages:${PYTHONPATH} /usr/bin/cmake --install /home/vboxuser/Ali_ws/build/ros2_linkattacher
