[0.052s] Invoking command in '/home/vboxuser/Ali_ws/build/xarm_controller': CMAKE_PREFIX_PATH=/home/vboxuser/Ali_ws/install/xarm_api:/home/vboxuser/Ali_ws/install/xarm_sdk:/home/vboxuser/Ali_ws/install/xarm_msgs:/home/vboxuser/Ali_ws/install/xarm_description:/home/vboxuser/Ali_ws/install/orbbec_description:/home/vboxuser/Ali_ws/install/orbbec_camera:/home/vboxuser/Ali_ws/install/orbbec_camera_msgs:/home/vboxuser/Ali_ws/install/ros2_linkattacher:/home/vboxuser/Ali_ws/install/linkattacher_msgs:/home/vboxuser/Ali_ws/install/xarm_planner:/home/vboxuser/Ali_ws/install/xarm_moveit_servo:/home/vboxuser/Ali_ws/install/xarm_moveit_config:/home/vboxuser/Ali_ws/install/xarm_gazebo:/home/vboxuser/Ali_ws/install/xarm_controller:/home/vboxuser/Ali_ws/install/d435i_xarm_setup:/home/vboxuser/Ali_ws/install/realsense_gazebo_plugin:/home/vboxuser/Ali_ws/install/mbot_demo:/opt/ros/humble:/home/vboxuser/Ali_ws/install/uf_ros_lib LD_LIBRARY_PATH=/home/vboxuser/Ali_ws/install/xarm_api/lib:/home/vboxuser/Ali_ws/install/xarm_sdk/lib:/home/vboxuser/Ali_ws/install/xarm_msgs/lib:/home/vboxuser/Ali_ws/install/orbbec_camera/lib:/home/vboxuser/Ali_ws/install/orbbec_camera_msgs/lib:/home/vboxuser/Ali_ws/install/ros2_linkattacher/lib:/home/vboxuser/Ali_ws/install/linkattacher_msgs/lib:/usr/lib/x86_64-linux-gnu/gazebo-11/plugins:/opt/ros/humble/opt/rviz_ogre_vendor/lib:/opt/ros/humble/lib/x86_64-linux-gnu:/opt/ros/humble/lib:/home/vboxuser/Ali_ws/install/xarm_planner/lib:/home/vboxuser/Ali_ws/install/xarm_moveit_servo/lib:/home/vboxuser/Ali_ws/install/xarm_gazebo/lib:/home/vboxuser/Ali_ws/install/xarm_controller/lib:/home/vboxuser/Ali_ws/install/realsense_gazebo_plugin/lib /usr/bin/cmake /home/vboxuser/Ali_ws/src/xarm_ros2/xarm_controller -DCMAKE_INSTALL_PREFIX=/home/vboxuser/Ali_ws/install/xarm_controller
[0.167s] -- The C compiler identification is GNU 11.4.0
[0.293s] -- The CXX compiler identification is GNU 11.4.0
[0.310s] -- Detecting C compiler ABI info
[0.513s] -- Detecting C compiler ABI info - done
[0.529s] -- Check for working C compiler: /usr/bin/cc - skipped
[0.530s] -- Detecting C compile features
[0.530s] -- Detecting C compile features - done
[0.530s] -- Detecting CXX compiler ABI info
[0.732s] -- Detecting CXX compiler ABI info - done
[0.740s] -- Check for working CXX compiler: /usr/bin/c++ - skipped
[0.742s] -- Detecting CXX compile features
[0.744s] -- Detecting CXX compile features - done
[0.750s] -- Found ament_cmake: 1.3.12 (/opt/ros/humble/share/ament_cmake/cmake)
[1.927s] -- Found Python3: /usr/bin/python3 (found version "3.10.12") found components: Interpreter 
[2.399s] -- Found ament_lint_auto: 0.12.14 (/opt/ros/humble/share/ament_lint_auto/cmake)
[2.588s] -- Found hardware_interface: 2.52.0 (/opt/ros/humble/share/hardware_interface/cmake)
[2.693s] -- Found rosidl_generator_c: 3.1.7 (/opt/ros/humble/share/rosidl_generator_c/cmake)
[2.702s] -- Found rosidl_adapter: 3.1.7 (/opt/ros/humble/share/rosidl_adapter/cmake)
[2.722s] -- Found rosidl_generator_cpp: 3.1.7 (/opt/ros/humble/share/rosidl_generator_cpp/cmake)
[2.756s] -- Using all available rosidl_typesupport_c: rosidl_typesupport_fastrtps_c;rosidl_typesupport_introspection_c
[2.790s] -- Using all available rosidl_typesupport_cpp: rosidl_typesupport_fastrtps_cpp;rosidl_typesupport_introspection_cpp
[3.055s] -- Found rmw_implementation_cmake: 6.1.2 (/opt/ros/humble/share/rmw_implementation_cmake/cmake)
[3.058s] -- Found rmw_fastrtps_cpp: 6.2.9 (/opt/ros/humble/share/rmw_fastrtps_cpp/cmake)
[3.097s] -- Found TinyXML2 via Config file: TinyXML2_DIR-NOTFOUND
[3.364s] -- Found OpenSSL: /usr/lib/x86_64-linux-gnu/libcrypto.so (found version "3.0.2")  
[3.368s] -- Found TinyXML2 via Config file: TinyXML2_DIR-NOTFOUND
[3.412s] -- Found FastRTPS: /opt/ros/humble/include  
[3.415s] -- Found TinyXML2 via Config file: TinyXML2_DIR-NOTFOUND
[3.428s] -- Found TinyXML2 via Config file: TinyXML2_DIR-NOTFOUND
[3.445s] -- Using RMW implementation 'rmw_fastrtps_cpp' as default
[3.455s] -- Looking for pthread.h
[3.640s] -- Looking for pthread.h - found
[3.640s] -- Performing Test CMAKE_HAVE_LIBC_PTHREAD
[4.069s] -- Performing Test CMAKE_HAVE_LIBC_PTHREAD - Success
[4.079s] -- Found Threads: TRUE  
[4.173s] -- Found rclcpp_action: 16.0.15 (/opt/ros/humble/share/rclcpp_action/cmake)
[4.194s] -- Found controller_manager_msgs: 2.52.0 (/opt/ros/humble/share/controller_manager_msgs/cmake)
[4.324s] -- Found xarm_msgs: 0.0.0 (/home/vboxuser/Ali_ws/install/xarm_msgs/share/xarm_msgs/cmake)
[4.517s] -- Found xarm_api: 0.0.0 (/home/vboxuser/Ali_ws/install/xarm_api/share/xarm_api/cmake)
[4.517s] -- Found xarm_sdk: 0.0.0 (/home/vboxuser/Ali_ws/install/xarm_sdk/share/xarm_sdk/cmake)
[4.526s] -- Added test 'copyright' to check source files copyright and LICENSE
[4.527s] -- Added test 'cppcheck' to perform static code analysis on C / C++ code
[4.528s] -- Configured cppcheck include dirs: /home/vboxuser/Ali_ws/src/xarm_ros2/xarm_controller/include
[4.528s] -- Configured cppcheck exclude dirs and/or files: 
[4.531s] -- Added test 'cpplint' to check C / C++ code against the Google style
[4.532s] -- Configured cpplint exclude dirs and/or files: 
[4.533s] -- Added test 'flake8' to check Python code syntax and style conventions
[4.536s] -- Added test 'lint_cmake' to check CMake code style
[4.536s] -- Added test 'pep257' to check Python code against some of the docstring style conventions in PEP 257
[4.578s] -- Added test 'uncrustify' to check C / C++ code style
[4.579s] -- Configured uncrustify additional arguments: 
[4.585s] -- Added test 'xmllint' to check XML markup files
[4.585s] -- Configuring done
[4.585s] -- Generating done
[4.586s] -- Build files have been written to: /home/vboxuser/Ali_ws/build/xarm_controller
[4.611s] Invoked command in '/home/vboxuser/Ali_ws/build/xarm_controller' returned '0': CMAKE_PREFIX_PATH=/home/vboxuser/Ali_ws/install/xarm_api:/home/vboxuser/Ali_ws/install/xarm_sdk:/home/vboxuser/Ali_ws/install/xarm_msgs:/home/vboxuser/Ali_ws/install/xarm_description:/home/vboxuser/Ali_ws/install/orbbec_description:/home/vboxuser/Ali_ws/install/orbbec_camera:/home/vboxuser/Ali_ws/install/orbbec_camera_msgs:/home/vboxuser/Ali_ws/install/ros2_linkattacher:/home/vboxuser/Ali_ws/install/linkattacher_msgs:/home/vboxuser/Ali_ws/install/xarm_planner:/home/vboxuser/Ali_ws/install/xarm_moveit_servo:/home/vboxuser/Ali_ws/install/xarm_moveit_config:/home/vboxuser/Ali_ws/install/xarm_gazebo:/home/vboxuser/Ali_ws/install/xarm_controller:/home/vboxuser/Ali_ws/install/d435i_xarm_setup:/home/vboxuser/Ali_ws/install/realsense_gazebo_plugin:/home/vboxuser/Ali_ws/install/mbot_demo:/opt/ros/humble:/home/vboxuser/Ali_ws/install/uf_ros_lib LD_LIBRARY_PATH=/home/vboxuser/Ali_ws/install/xarm_api/lib:/home/vboxuser/Ali_ws/install/xarm_sdk/lib:/home/vboxuser/Ali_ws/install/xarm_msgs/lib:/home/vboxuser/Ali_ws/install/orbbec_camera/lib:/home/vboxuser/Ali_ws/install/orbbec_camera_msgs/lib:/home/vboxuser/Ali_ws/install/ros2_linkattacher/lib:/home/vboxuser/Ali_ws/install/linkattacher_msgs/lib:/usr/lib/x86_64-linux-gnu/gazebo-11/plugins:/opt/ros/humble/opt/rviz_ogre_vendor/lib:/opt/ros/humble/lib/x86_64-linux-gnu:/opt/ros/humble/lib:/home/vboxuser/Ali_ws/install/xarm_planner/lib:/home/vboxuser/Ali_ws/install/xarm_moveit_servo/lib:/home/vboxuser/Ali_ws/install/xarm_gazebo/lib:/home/vboxuser/Ali_ws/install/xarm_controller/lib:/home/vboxuser/Ali_ws/install/realsense_gazebo_plugin/lib /usr/bin/cmake /home/vboxuser/Ali_ws/src/xarm_ros2/xarm_controller -DCMAKE_INSTALL_PREFIX=/home/vboxuser/Ali_ws/install/xarm_controller
[4.621s] Invoking command in '/home/vboxuser/Ali_ws/build/xarm_controller': CMAKE_PREFIX_PATH=/home/vboxuser/Ali_ws/install/xarm_api:/home/vboxuser/Ali_ws/install/xarm_sdk:/home/vboxuser/Ali_ws/install/xarm_msgs:/home/vboxuser/Ali_ws/install/xarm_description:/home/vboxuser/Ali_ws/install/orbbec_description:/home/vboxuser/Ali_ws/install/orbbec_camera:/home/vboxuser/Ali_ws/install/orbbec_camera_msgs:/home/vboxuser/Ali_ws/install/ros2_linkattacher:/home/vboxuser/Ali_ws/install/linkattacher_msgs:/home/vboxuser/Ali_ws/install/xarm_planner:/home/vboxuser/Ali_ws/install/xarm_moveit_servo:/home/vboxuser/Ali_ws/install/xarm_moveit_config:/home/vboxuser/Ali_ws/install/xarm_gazebo:/home/vboxuser/Ali_ws/install/xarm_controller:/home/vboxuser/Ali_ws/install/d435i_xarm_setup:/home/vboxuser/Ali_ws/install/realsense_gazebo_plugin:/home/vboxuser/Ali_ws/install/mbot_demo:/opt/ros/humble:/home/vboxuser/Ali_ws/install/uf_ros_lib LD_LIBRARY_PATH=/home/vboxuser/Ali_ws/install/xarm_api/lib:/home/vboxuser/Ali_ws/install/xarm_sdk/lib:/home/vboxuser/Ali_ws/install/xarm_msgs/lib:/home/vboxuser/Ali_ws/install/orbbec_camera/lib:/home/vboxuser/Ali_ws/install/orbbec_camera_msgs/lib:/home/vboxuser/Ali_ws/install/ros2_linkattacher/lib:/home/vboxuser/Ali_ws/install/linkattacher_msgs/lib:/usr/lib/x86_64-linux-gnu/gazebo-11/plugins:/opt/ros/humble/opt/rviz_ogre_vendor/lib:/opt/ros/humble/lib/x86_64-linux-gnu:/opt/ros/humble/lib:/home/vboxuser/Ali_ws/install/xarm_planner/lib:/home/vboxuser/Ali_ws/install/xarm_moveit_servo/lib:/home/vboxuser/Ali_ws/install/xarm_gazebo/lib:/home/vboxuser/Ali_ws/install/xarm_controller/lib:/home/vboxuser/Ali_ws/install/realsense_gazebo_plugin/lib /usr/bin/cmake --build /home/vboxuser/Ali_ws/build/xarm_controller -- -j4 -l4
[4.770s] [ 33%] [32mBuilding CXX object CMakeFiles/uf_robot_hardware.dir/src/hardware/uf_robot_system_hardware.cpp.o[0m
[15.420s] [ 66%] [32mBuilding CXX object CMakeFiles/uf_robot_hardware.dir/src/hardware/uf_robot_fake_system_hardware.cpp.o[0m
[16.661s] [100%] [32m[1mLinking CXX shared library libuf_robot_hardware.so[0m
[19.271s] [100%] Built target uf_robot_hardware
[19.301s] Invoked command in '/home/vboxuser/Ali_ws/build/xarm_controller' returned '0': CMAKE_PREFIX_PATH=/home/vboxuser/Ali_ws/install/xarm_api:/home/vboxuser/Ali_ws/install/xarm_sdk:/home/vboxuser/Ali_ws/install/xarm_msgs:/home/vboxuser/Ali_ws/install/xarm_description:/home/vboxuser/Ali_ws/install/orbbec_description:/home/vboxuser/Ali_ws/install/orbbec_camera:/home/vboxuser/Ali_ws/install/orbbec_camera_msgs:/home/vboxuser/Ali_ws/install/ros2_linkattacher:/home/vboxuser/Ali_ws/install/linkattacher_msgs:/home/vboxuser/Ali_ws/install/xarm_planner:/home/vboxuser/Ali_ws/install/xarm_moveit_servo:/home/vboxuser/Ali_ws/install/xarm_moveit_config:/home/vboxuser/Ali_ws/install/xarm_gazebo:/home/vboxuser/Ali_ws/install/xarm_controller:/home/vboxuser/Ali_ws/install/d435i_xarm_setup:/home/vboxuser/Ali_ws/install/realsense_gazebo_plugin:/home/vboxuser/Ali_ws/install/mbot_demo:/opt/ros/humble:/home/vboxuser/Ali_ws/install/uf_ros_lib LD_LIBRARY_PATH=/home/vboxuser/Ali_ws/install/xarm_api/lib:/home/vboxuser/Ali_ws/install/xarm_sdk/lib:/home/vboxuser/Ali_ws/install/xarm_msgs/lib:/home/vboxuser/Ali_ws/install/orbbec_camera/lib:/home/vboxuser/Ali_ws/install/orbbec_camera_msgs/lib:/home/vboxuser/Ali_ws/install/ros2_linkattacher/lib:/home/vboxuser/Ali_ws/install/linkattacher_msgs/lib:/usr/lib/x86_64-linux-gnu/gazebo-11/plugins:/opt/ros/humble/opt/rviz_ogre_vendor/lib:/opt/ros/humble/lib/x86_64-linux-gnu:/opt/ros/humble/lib:/home/vboxuser/Ali_ws/install/xarm_planner/lib:/home/vboxuser/Ali_ws/install/xarm_moveit_servo/lib:/home/vboxuser/Ali_ws/install/xarm_gazebo/lib:/home/vboxuser/Ali_ws/install/xarm_controller/lib:/home/vboxuser/Ali_ws/install/realsense_gazebo_plugin/lib /usr/bin/cmake --build /home/vboxuser/Ali_ws/build/xarm_controller -- -j4 -l4
[19.351s] Invoking command in '/home/vboxuser/Ali_ws/build/xarm_controller': CMAKE_PREFIX_PATH=/home/vboxuser/Ali_ws/install/xarm_api:/home/vboxuser/Ali_ws/install/xarm_sdk:/home/vboxuser/Ali_ws/install/xarm_msgs:/home/vboxuser/Ali_ws/install/xarm_description:/home/vboxuser/Ali_ws/install/orbbec_description:/home/vboxuser/Ali_ws/install/orbbec_camera:/home/vboxuser/Ali_ws/install/orbbec_camera_msgs:/home/vboxuser/Ali_ws/install/ros2_linkattacher:/home/vboxuser/Ali_ws/install/linkattacher_msgs:/home/vboxuser/Ali_ws/install/xarm_planner:/home/vboxuser/Ali_ws/install/xarm_moveit_servo:/home/vboxuser/Ali_ws/install/xarm_moveit_config:/home/vboxuser/Ali_ws/install/xarm_gazebo:/home/vboxuser/Ali_ws/install/xarm_controller:/home/vboxuser/Ali_ws/install/d435i_xarm_setup:/home/vboxuser/Ali_ws/install/realsense_gazebo_plugin:/home/vboxuser/Ali_ws/install/mbot_demo:/opt/ros/humble:/home/vboxuser/Ali_ws/install/uf_ros_lib LD_LIBRARY_PATH=/home/vboxuser/Ali_ws/install/xarm_api/lib:/home/vboxuser/Ali_ws/install/xarm_sdk/lib:/home/vboxuser/Ali_ws/install/xarm_msgs/lib:/home/vboxuser/Ali_ws/install/orbbec_camera/lib:/home/vboxuser/Ali_ws/install/orbbec_camera_msgs/lib:/home/vboxuser/Ali_ws/install/ros2_linkattacher/lib:/home/vboxuser/Ali_ws/install/linkattacher_msgs/lib:/usr/lib/x86_64-linux-gnu/gazebo-11/plugins:/opt/ros/humble/opt/rviz_ogre_vendor/lib:/opt/ros/humble/lib/x86_64-linux-gnu:/opt/ros/humble/lib:/home/vboxuser/Ali_ws/install/xarm_planner/lib:/home/vboxuser/Ali_ws/install/xarm_moveit_servo/lib:/home/vboxuser/Ali_ws/install/xarm_gazebo/lib:/home/vboxuser/Ali_ws/install/xarm_controller/lib:/home/vboxuser/Ali_ws/install/realsense_gazebo_plugin/lib /usr/bin/cmake --install /home/vboxuser/Ali_ws/build/xarm_controller
[19.377s] -- Install configuration: ""
[19.377s] -- Installing: /home/vboxuser/Ali_ws/install/xarm_controller/share/xarm_controller/uf_hardware_interface_plugins.xml
[19.377s] -- Installing: /home/vboxuser/Ali_ws/install/xarm_controller/include
[19.377s] -- Installing: /home/vboxuser/Ali_ws/install/xarm_controller/include/xarm_controller
[19.378s] -- Installing: /home/vboxuser/Ali_ws/install/xarm_controller/include/xarm_controller/hardware
[19.378s] -- Installing: /home/vboxuser/Ali_ws/install/xarm_controller/include/xarm_controller/hardware/uf_robot_system_hardware.h
[19.379s] -- Installing: /home/vboxuser/Ali_ws/install/xarm_controller/include/xarm_controller/hardware/uf_robot_fake_system_hardware.h
[19.379s] -- Installing: /home/vboxuser/Ali_ws/install/xarm_controller/include/xarm_controller/hardware/bak_uf_robot_fake_system_hardware.h
[19.389s] -- Installing: /home/vboxuser/Ali_ws/install/xarm_controller/lib/libuf_robot_hardware.so
[19.389s] -- Set runtime path of "/home/vboxuser/Ali_ws/install/xarm_controller/lib/libuf_robot_hardware.so" to ""
[19.389s] -- Installing: /home/vboxuser/Ali_ws/install/xarm_controller/share/xarm_controller//launch
[19.389s] -- Installing: /home/vboxuser/Ali_ws/install/xarm_controller/share/xarm_controller//launch/xarm7_mirror_control_rviz_display.launch.py
[19.390s] -- Installing: /home/vboxuser/Ali_ws/install/xarm_controller/share/xarm_controller//launch/lite6_control_rviz_display.launch.py
[19.418s] -- Installing: /home/vboxuser/Ali_ws/install/xarm_controller/share/xarm_controller//launch/_dual_ros2_control.launch.py
[19.419s] -- Installing: /home/vboxuser/Ali_ws/install/xarm_controller/share/xarm_controller//launch/uf850_control_rviz_display.launch.py
[19.420s] -- Installing: /home/vboxuser/Ali_ws/install/xarm_controller/share/xarm_controller//launch/_ros2_control.launch.py
[19.421s] -- Installing: /home/vboxuser/Ali_ws/install/xarm_controller/share/xarm_controller//launch/xarm6_control_rviz_display.launch.py
[19.421s] -- Installing: /home/vboxuser/Ali_ws/install/xarm_controller/share/xarm_controller//launch/xarm5_control_rviz_display.launch.py
[19.422s] -- Installing: /home/vboxuser/Ali_ws/install/xarm_controller/share/xarm_controller//launch/xarm7_control_rviz_display.launch.py
[19.422s] -- Installing: /home/vboxuser/Ali_ws/install/xarm_controller/share/xarm_controller//launch/_robot_ros2_control.launch.py
[19.422s] -- Installing: /home/vboxuser/Ali_ws/install/xarm_controller/share/xarm_controller//launch/lib
[19.422s] -- Installing: /home/vboxuser/Ali_ws/install/xarm_controller/share/xarm_controller//launch/lib/robot_controller_lib.py
[19.422s] -- Installing: /home/vboxuser/Ali_ws/install/xarm_controller/share/xarm_controller//config
[19.422s] -- Installing: /home/vboxuser/Ali_ws/install/xarm_controller/share/xarm_controller//config/xarm7_controllers.yaml
[19.422s] -- Installing: /home/vboxuser/Ali_ws/install/xarm_controller/share/xarm_controller//config/xarm6_controllers.yaml
[19.422s] -- Installing: /home/vboxuser/Ali_ws/install/xarm_controller/share/xarm_controller//config/xarm7_mirror_controllers.yaml
[19.422s] -- Installing: /home/vboxuser/Ali_ws/install/xarm_controller/share/xarm_controller//config/lite6_controllers.yaml
[19.422s] -- Installing: /home/vboxuser/Ali_ws/install/xarm_controller/share/xarm_controller//config/xarm_gripper_controllers.yaml
[19.422s] -- Installing: /home/vboxuser/Ali_ws/install/xarm_controller/share/xarm_controller//config/uf850_gripper_controllers.yaml
[19.422s] -- Installing: /home/vboxuser/Ali_ws/install/xarm_controller/share/xarm_controller//config/xarm5_controllers.yaml
[19.422s] -- Installing: /home/vboxuser/Ali_ws/install/xarm_controller/share/xarm_controller//config/xarm7_mirror_gripper_controllers.yaml
[19.422s] -- Installing: /home/vboxuser/Ali_ws/install/xarm_controller/share/xarm_controller//config/uf850_controllers.yaml
[19.422s] -- Installing: /home/vboxuser/Ali_ws/install/xarm_controller/share/xarm_controller//config/bio_gripper_controllers.yaml
[19.422s] -- Installing: /home/vboxuser/Ali_ws/install/xarm_controller/share/xarm_controller/environment/library_path.sh
[19.423s] -- Installing: /home/vboxuser/Ali_ws/install/xarm_controller/share/xarm_controller/environment/library_path.dsv
[19.423s] -- Installing: /home/vboxuser/Ali_ws/install/xarm_controller/share/ament_index/resource_index/package_run_dependencies/xarm_controller
[19.423s] -- Installing: /home/vboxuser/Ali_ws/install/xarm_controller/share/ament_index/resource_index/parent_prefix_path/xarm_controller
[19.423s] -- Installing: /home/vboxuser/Ali_ws/install/xarm_controller/share/xarm_controller/environment/ament_prefix_path.sh
[19.423s] -- Installing: /home/vboxuser/Ali_ws/install/xarm_controller/share/xarm_controller/environment/ament_prefix_path.dsv
[19.423s] -- Installing: /home/vboxuser/Ali_ws/install/xarm_controller/share/xarm_controller/environment/path.sh
[19.423s] -- Installing: /home/vboxuser/Ali_ws/install/xarm_controller/share/xarm_controller/environment/path.dsv
[19.424s] -- Installing: /home/vboxuser/Ali_ws/install/xarm_controller/share/xarm_controller/local_setup.bash
[19.424s] -- Installing: /home/vboxuser/Ali_ws/install/xarm_controller/share/xarm_controller/local_setup.sh
[19.424s] -- Installing: /home/vboxuser/Ali_ws/install/xarm_controller/share/xarm_controller/local_setup.zsh
[19.425s] -- Installing: /home/vboxuser/Ali_ws/install/xarm_controller/share/xarm_controller/local_setup.dsv
[19.425s] -- Installing: /home/vboxuser/Ali_ws/install/xarm_controller/share/xarm_controller/package.dsv
[19.425s] -- Installing: /home/vboxuser/Ali_ws/install/xarm_controller/share/ament_index/resource_index/packages/xarm_controller
[19.425s] -- Installing: /home/vboxuser/Ali_ws/install/xarm_controller/share/ament_index/resource_index/hardware_interface__pluginlib__plugin/xarm_controller
[19.425s] -- Installing: /home/vboxuser/Ali_ws/install/xarm_controller/share/xarm_controller/cmake/ament_cmake_export_include_directories-extras.cmake
[19.426s] -- Installing: /home/vboxuser/Ali_ws/install/xarm_controller/share/xarm_controller/cmake/ament_cmake_export_libraries-extras.cmake
[19.426s] -- Installing: /home/vboxuser/Ali_ws/install/xarm_controller/share/xarm_controller/cmake/ament_cmake_export_dependencies-extras.cmake
[19.426s] -- Installing: /home/vboxuser/Ali_ws/install/xarm_controller/share/xarm_controller/cmake/xarm_controllerConfig.cmake
[19.426s] -- Installing: /home/vboxuser/Ali_ws/install/xarm_controller/share/xarm_controller/cmake/xarm_controllerConfig-version.cmake
[19.426s] -- Installing: /home/vboxuser/Ali_ws/install/xarm_controller/share/xarm_controller/package.xml
[19.426s] Invoked command in '/home/vboxuser/Ali_ws/build/xarm_controller' returned '0': CMAKE_PREFIX_PATH=/home/vboxuser/Ali_ws/install/xarm_api:/home/vboxuser/Ali_ws/install/xarm_sdk:/home/vboxuser/Ali_ws/install/xarm_msgs:/home/vboxuser/Ali_ws/install/xarm_description:/home/vboxuser/Ali_ws/install/orbbec_description:/home/vboxuser/Ali_ws/install/orbbec_camera:/home/vboxuser/Ali_ws/install/orbbec_camera_msgs:/home/vboxuser/Ali_ws/install/ros2_linkattacher:/home/vboxuser/Ali_ws/install/linkattacher_msgs:/home/vboxuser/Ali_ws/install/xarm_planner:/home/vboxuser/Ali_ws/install/xarm_moveit_servo:/home/vboxuser/Ali_ws/install/xarm_moveit_config:/home/vboxuser/Ali_ws/install/xarm_gazebo:/home/vboxuser/Ali_ws/install/xarm_controller:/home/vboxuser/Ali_ws/install/d435i_xarm_setup:/home/vboxuser/Ali_ws/install/realsense_gazebo_plugin:/home/vboxuser/Ali_ws/install/mbot_demo:/opt/ros/humble:/home/vboxuser/Ali_ws/install/uf_ros_lib LD_LIBRARY_PATH=/home/vboxuser/Ali_ws/install/xarm_api/lib:/home/vboxuser/Ali_ws/install/xarm_sdk/lib:/home/vboxuser/Ali_ws/install/xarm_msgs/lib:/home/vboxuser/Ali_ws/install/orbbec_camera/lib:/home/vboxuser/Ali_ws/install/orbbec_camera_msgs/lib:/home/vboxuser/Ali_ws/install/ros2_linkattacher/lib:/home/vboxuser/Ali_ws/install/linkattacher_msgs/lib:/usr/lib/x86_64-linux-gnu/gazebo-11/plugins:/opt/ros/humble/opt/rviz_ogre_vendor/lib:/opt/ros/humble/lib/x86_64-linux-gnu:/opt/ros/humble/lib:/home/vboxuser/Ali_ws/install/xarm_planner/lib:/home/vboxuser/Ali_ws/install/xarm_moveit_servo/lib:/home/vboxuser/Ali_ws/install/xarm_gazebo/lib:/home/vboxuser/Ali_ws/install/xarm_controller/lib:/home/vboxuser/Ali_ws/install/realsense_gazebo_plugin/lib /usr/bin/cmake --install /home/vboxuser/Ali_ws/build/xarm_controller
