[0.037s] Invoking command in '/home/vboxuser/Ali_ws/src/build/xarm_gazebo': AMENT_PREFIX_PATH=/home/vboxuser/Ali_ws/src/install/xarm_controller:/home/vboxuser/Ali_ws/src/install/xarm_api:/home/vboxuser/Ali_ws/src/install/xarm_sdk:/home/vboxuser/Ali_ws/src/install/xarm_msgs:/home/vboxuser/Ali_ws/src/install/xarm_description:/home/vboxuser/Ali_ws/src/install/uf_ros_lib:${AMENT_PREFIX_PATH} CMAKE_PREFIX_PATH=/home/vboxuser/Ali_ws/src/install/xarm_controller:/home/vboxuser/Ali_ws/src/install/xarm_api:/home/vboxuser/Ali_ws/src/install/xarm_sdk:/home/vboxuser/Ali_ws/src/install/xarm_msgs:/home/vboxuser/Ali_ws/src/install/xarm_description:/opt/ros/humble LD_LIBRARY_PATH=/home/vboxuser/Ali_ws/src/install/xarm_controller/lib:/home/vboxuser/Ali_ws/src/install/xarm_api/lib:/home/vboxuser/Ali_ws/src/install/xarm_sdk/lib:/home/vboxuser/Ali_ws/src/install/xarm_msgs/lib:${LD_LIBRARY_PATH} PYTHONPATH=/home/vboxuser/Ali_ws/src/install/xarm_msgs/local/lib/python3.10/dist-packages:/home/vboxuser/Ali_ws/src/install/uf_ros_lib/lib/python3.10/site-packages:${PYTHONPATH} /usr/bin/cmake /home/vboxuser/Ali_ws/src/xarm_ros2/xarm_gazebo -DCMAKE_INSTALL_PREFIX=/home/vboxuser/Ali_ws/src/install/xarm_gazebo
[0.142s] -- The C compiler identification is GNU 11.4.0
[0.209s] -- The CXX compiler identification is GNU 11.4.0
[0.223s] -- Detecting C compiler ABI info
[0.323s] -- Detecting C compiler ABI info - done
[0.332s] -- Check for working C compiler: /usr/bin/cc - skipped
[0.333s] -- Detecting C compile features
[0.333s] -- Detecting C compile features - done
[0.342s] -- Detecting CXX compiler ABI info
[0.445s] -- Detecting CXX compiler ABI info - done
[0.452s] -- Check for working CXX compiler: /usr/bin/c++ - skipped
[0.453s] -- Detecting CXX compile features
[0.453s] -- Detecting CXX compile features - done
[0.460s] -- Found ament_cmake: 1.3.12 (/opt/ros/humble/share/ament_cmake/cmake)
[0.669s] -- Found Python3: /usr/bin/python3 (found version "3.10.12") found components: Interpreter 
[0.786s] -- Found rclcpp: 16.0.15 (/opt/ros/humble/share/rclcpp/cmake)
[0.840s] -- Found rosidl_generator_c: 3.1.7 (/opt/ros/humble/share/rosidl_generator_c/cmake)
[0.840s] -- Found rosidl_adapter: 3.1.7 (/opt/ros/humble/share/rosidl_adapter/cmake)
[0.858s] -- Found rosidl_generator_cpp: 3.1.7 (/opt/ros/humble/share/rosidl_generator_cpp/cmake)
[0.877s] -- Using all available rosidl_typesupport_c: rosidl_typesupport_fastrtps_c;rosidl_typesupport_introspection_c
[0.897s] -- Using all available rosidl_typesupport_cpp: rosidl_typesupport_fastrtps_cpp;rosidl_typesupport_introspection_cpp
[0.939s] -- Found rmw_implementation_cmake: 6.1.2 (/opt/ros/humble/share/rmw_implementation_cmake/cmake)
[0.939s] -- Found rmw_fastrtps_cpp: 6.2.9 (/opt/ros/humble/share/rmw_fastrtps_cpp/cmake)
[1.098s] -- Found OpenSSL: /usr/lib/x86_64-linux-gnu/libcrypto.so (found version "3.0.2")  
[1.141s] -- Found FastRTPS: /opt/ros/humble/include  
[1.243s] -- Using RMW implementation 'rmw_fastrtps_cpp' as default
[1.247s] -- Looking for pthread.h
[1.343s] -- Looking for pthread.h - found
[1.349s] -- Performing Test CMAKE_HAVE_LIBC_PTHREAD
[1.446s] -- Performing Test CMAKE_HAVE_LIBC_PTHREAD - Success
[1.451s] -- Found Threads: TRUE  
[1.524s] -- Found control_toolbox: 3.6.2 (/opt/ros/humble/share/control_toolbox/cmake)
[1.859s] -- Found controller_manager: 2.52.0 (/opt/ros/humble/share/controller_manager/cmake)
[1.905s] -- Found gazebo_ros: 3.9.0 (/opt/ros/humble/share/gazebo_ros/cmake)
[1.926s] -- Found PkgConfig: /usr/bin/pkg-config (found version "0.29.2") 
[1.927s] -- Checking for module 'bullet>=2.82'
[1.946s] --   Found bullet, version 3.05
[2.148s] -- Found fcl: /usr/include (found suitable version "0.7.0", minimum required is "0.5.0") 
[2.234s] -- Found assimp: /usr/include (found version "5.2.0") 
[2.266s] -- Found DART: /usr/include (Required is at least version "6.6") found components: dart 
[2.331s] -- Found Boost: /usr/lib/x86_64-linux-gnu/cmake/Boost-1.74.0/BoostConfig.cmake (found suitable version "1.74.0", minimum required is "1.40.0") found components: thread system filesystem program_options regex iostreams date_time 
[2.402s] -- Found Protobuf: /usr/lib/x86_64-linux-gnu/libprotobuf.so (found version "3.12.4") 
[2.408s] -- Looking for ignition-math6 -- found version 6.15.1
[2.415s] -- Searching for dependencies of ignition-math6
[2.420s] -- Looking for OGRE...
[2.420s] -- OGRE_PREFIX_WATCH changed.
[2.428s] -- Checking for module 'OGRE'
[2.444s] --   Found OGRE, version 1.9.0
[2.517s] -- Found Ogre Ghadamon (1.9.0)
[2.535s] -- Found OGRE: optimized;/usr/lib/x86_64-linux-gnu/libOgreMain.so;debug;/usr/lib/x86_64-linux-gnu/libOgreMain.so
[2.535s] -- Looking for OGRE_Paging...
[2.544s] -- Found OGRE_Paging: optimized;/usr/lib/x86_64-linux-gnu/libOgrePaging.so;debug;/usr/lib/x86_64-linux-gnu/libOgrePaging.so
[2.544s] -- Looking for OGRE_Terrain...
[2.553s] -- Found OGRE_Terrain: optimized;/usr/lib/x86_64-linux-gnu/libOgreTerrain.so;debug;/usr/lib/x86_64-linux-gnu/libOgreTerrain.so
[2.554s] -- Looking for OGRE_Property...
[2.560s] -- Found OGRE_Property: optimized;/usr/lib/x86_64-linux-gnu/libOgreProperty.so;debug;/usr/lib/x86_64-linux-gnu/libOgreProperty.so
[2.560s] -- Looking for OGRE_RTShaderSystem...
[2.569s] -- Found OGRE_RTShaderSystem: optimized;/usr/lib/x86_64-linux-gnu/libOgreRTShaderSystem.so;debug;/usr/lib/x86_64-linux-gnu/libOgreRTShaderSystem.so
[2.571s] -- Looking for OGRE_Volume...
[2.577s] -- Found OGRE_Volume: optimized;/usr/lib/x86_64-linux-gnu/libOgreVolume.so;debug;/usr/lib/x86_64-linux-gnu/libOgreVolume.so
[2.577s] -- Looking for OGRE_Overlay...
[2.592s] -- Found OGRE_Overlay: optimized;/usr/lib/x86_64-linux-gnu/libOgreOverlay.so;debug;/usr/lib/x86_64-linux-gnu/libOgreOverlay.so
[2.734s] -- Looking for ignition-math6 -- found version 6.15.1
[2.739s] -- Looking for ignition-transport8 -- found version 8.2.1
[2.740s] -- Searching for dependencies of ignition-transport8
[2.761s] -- Found Protobuf: /usr/lib/x86_64-linux-gnu/libprotobuf.so (found suitable version "3.12.4", minimum required is "3") 
[2.772s] -- Config-file not installed for ZeroMQ -- checking for pkg-config
[2.789s] -- Checking for module 'libzmq >= 4'
[2.823s] --   Found libzmq , version 4.3.4
[2.880s] -- Found ZeroMQ: TRUE (Required is at least version "4") 
[2.896s] -- Checking for module 'uuid'
[2.921s] --   Found uuid, version 2.37.2
[2.975s] -- Found UUID: TRUE  
[2.982s] -- Looking for ignition-msgs5 -- found version 5.8.1
[2.982s] -- Searching for dependencies of ignition-msgs5
[3.009s] -- Looking for ignition-math6 -- found version 6.15.1
[3.027s] -- Checking for module 'tinyxml2'
[3.059s] --   Found tinyxml2, version 9.0.0
[3.140s] -- Looking for ignition-msgs5 -- found version 5.8.1
[3.146s] -- Looking for ignition-common3 -- found version 3.14.0
[3.146s] -- Searching for dependencies of ignition-common3
[3.148s] -- Looking for dlfcn.h - found
[3.149s] -- Looking for libdl - found
[3.150s] -- Found DL: TRUE  
[3.171s] -- Found tinyobjloader: /usr/lib/x86_64-linux-gnu/cmake/tinyobjloader/tinyobjloader-config.cmake (found version "2.0.0") 
[3.175s] -- Searching for <ignition-common3> component [graphics]
[3.178s] -- Looking for ignition-common3-graphics -- found version 3.14.0
[3.178s] -- Searching for dependencies of ignition-common3-graphics
[3.179s] -- Looking for ignition-math6 -- found version 6.15.1
[3.185s] -- Looking for ignition-fuel_tools4 -- found version 4.4.0
[3.185s] -- Searching for dependencies of ignition-fuel_tools4
[3.320s] -- Found CURL: /usr/lib/x86_64-linux-gnu/libcurl.so (found version "7.81.0")  
[3.334s] -- Checking for module 'jsoncpp'
[3.358s] --   Found jsoncpp, version 1.9.5
[3.425s] -- Found JSONCPP: TRUE  
[3.436s] -- Checking for module 'libzip'
[3.456s] --   Found libzip, version 1.7.3
[3.518s] -- Found ZIP: TRUE  
[3.520s] -- Looking for ignition-common3 -- found version 3.14.0
[3.520s] -- Looking for ignition-math6 -- found version 6.15.1
[3.520s] -- Looking for ignition-msgs5 -- found version 5.8.1
[3.529s] -- Gazebo version: 11.10
[3.529s] -- Checking for module 'tbb'
[3.552s] --   Found tbb, version 2021.5.0
[3.603s] -- Found ament_lint_auto: 0.12.14 (/opt/ros/humble/share/ament_lint_auto/cmake)
[3.688s] -- Added test 'copyright' to check source files copyright and LICENSE
[3.698s] -- Added test 'cppcheck' to perform static code analysis on C / C++ code
[3.698s] -- Configured cppcheck include dirs: /home/vboxuser/Ali_ws/src/xarm_ros2/xarm_gazebo/include
[3.698s] -- Configured cppcheck exclude dirs and/or files: 
[3.698s] -- Added test 'cpplint' to check C / C++ code against the Google style
[3.698s] -- Configured cpplint exclude dirs and/or files: 
[3.698s] -- Added test 'flake8' to check Python code syntax and style conventions
[3.698s] -- Added test 'lint_cmake' to check CMake code style
[3.698s] -- Added test 'pep257' to check Python code against some of the docstring style conventions in PEP 257
[3.698s] -- Added test 'uncrustify' to check C / C++ code style
[3.698s] -- Configured uncrustify additional arguments: 
[3.698s] -- Added test 'xmllint' to check XML markup files
[3.698s] -- Configuring done
[3.820s] -- Generating done
[3.830s] -- Build files have been written to: /home/vboxuser/Ali_ws/src/build/xarm_gazebo
[3.848s] Invoked command in '/home/vboxuser/Ali_ws/src/build/xarm_gazebo' returned '0': AMENT_PREFIX_PATH=/home/vboxuser/Ali_ws/src/install/xarm_controller:/home/vboxuser/Ali_ws/src/install/xarm_api:/home/vboxuser/Ali_ws/src/install/xarm_sdk:/home/vboxuser/Ali_ws/src/install/xarm_msgs:/home/vboxuser/Ali_ws/src/install/xarm_description:/home/vboxuser/Ali_ws/src/install/uf_ros_lib:${AMENT_PREFIX_PATH} CMAKE_PREFIX_PATH=/home/vboxuser/Ali_ws/src/install/xarm_controller:/home/vboxuser/Ali_ws/src/install/xarm_api:/home/vboxuser/Ali_ws/src/install/xarm_sdk:/home/vboxuser/Ali_ws/src/install/xarm_msgs:/home/vboxuser/Ali_ws/src/install/xarm_description:/opt/ros/humble LD_LIBRARY_PATH=/home/vboxuser/Ali_ws/src/install/xarm_controller/lib:/home/vboxuser/Ali_ws/src/install/xarm_api/lib:/home/vboxuser/Ali_ws/src/install/xarm_sdk/lib:/home/vboxuser/Ali_ws/src/install/xarm_msgs/lib:${LD_LIBRARY_PATH} PYTHONPATH=/home/vboxuser/Ali_ws/src/install/xarm_msgs/local/lib/python3.10/dist-packages:/home/vboxuser/Ali_ws/src/install/uf_ros_lib/lib/python3.10/site-packages:${PYTHONPATH} /usr/bin/cmake /home/vboxuser/Ali_ws/src/xarm_ros2/xarm_gazebo -DCMAKE_INSTALL_PREFIX=/home/vboxuser/Ali_ws/src/install/xarm_gazebo
[3.849s] Invoking command in '/home/vboxuser/Ali_ws/src/build/xarm_gazebo': AMENT_PREFIX_PATH=/home/vboxuser/Ali_ws/src/install/xarm_controller:/home/vboxuser/Ali_ws/src/install/xarm_api:/home/vboxuser/Ali_ws/src/install/xarm_sdk:/home/vboxuser/Ali_ws/src/install/xarm_msgs:/home/vboxuser/Ali_ws/src/install/xarm_description:/home/vboxuser/Ali_ws/src/install/uf_ros_lib:${AMENT_PREFIX_PATH} CMAKE_PREFIX_PATH=/home/vboxuser/Ali_ws/src/install/xarm_controller:/home/vboxuser/Ali_ws/src/install/xarm_api:/home/vboxuser/Ali_ws/src/install/xarm_sdk:/home/vboxuser/Ali_ws/src/install/xarm_msgs:/home/vboxuser/Ali_ws/src/install/xarm_description:/opt/ros/humble LD_LIBRARY_PATH=/home/vboxuser/Ali_ws/src/install/xarm_controller/lib:/home/vboxuser/Ali_ws/src/install/xarm_api/lib:/home/vboxuser/Ali_ws/src/install/xarm_sdk/lib:/home/vboxuser/Ali_ws/src/install/xarm_msgs/lib:${LD_LIBRARY_PATH} PYTHONPATH=/home/vboxuser/Ali_ws/src/install/xarm_msgs/local/lib/python3.10/dist-packages:/home/vboxuser/Ali_ws/src/install/uf_ros_lib/lib/python3.10/site-packages:${PYTHONPATH} /usr/bin/cmake --build /home/vboxuser/Ali_ws/src/build/xarm_gazebo -- -j1 -l1
[3.936s] [ 50%] [32mBuilding CXX object CMakeFiles/gazebo_mimic_joint_plugin.dir/src/mimic_joint_plugin.cpp.o[0m
[23.906s] [100%] [32m[1mLinking CXX shared library libgazebo_mimic_joint_plugin.so[0m
[24.859s] [100%] Built target gazebo_mimic_joint_plugin
[24.882s] Invoked command in '/home/vboxuser/Ali_ws/src/build/xarm_gazebo' returned '0': AMENT_PREFIX_PATH=/home/vboxuser/Ali_ws/src/install/xarm_controller:/home/vboxuser/Ali_ws/src/install/xarm_api:/home/vboxuser/Ali_ws/src/install/xarm_sdk:/home/vboxuser/Ali_ws/src/install/xarm_msgs:/home/vboxuser/Ali_ws/src/install/xarm_description:/home/vboxuser/Ali_ws/src/install/uf_ros_lib:${AMENT_PREFIX_PATH} CMAKE_PREFIX_PATH=/home/vboxuser/Ali_ws/src/install/xarm_controller:/home/vboxuser/Ali_ws/src/install/xarm_api:/home/vboxuser/Ali_ws/src/install/xarm_sdk:/home/vboxuser/Ali_ws/src/install/xarm_msgs:/home/vboxuser/Ali_ws/src/install/xarm_description:/opt/ros/humble LD_LIBRARY_PATH=/home/vboxuser/Ali_ws/src/install/xarm_controller/lib:/home/vboxuser/Ali_ws/src/install/xarm_api/lib:/home/vboxuser/Ali_ws/src/install/xarm_sdk/lib:/home/vboxuser/Ali_ws/src/install/xarm_msgs/lib:${LD_LIBRARY_PATH} PYTHONPATH=/home/vboxuser/Ali_ws/src/install/xarm_msgs/local/lib/python3.10/dist-packages:/home/vboxuser/Ali_ws/src/install/uf_ros_lib/lib/python3.10/site-packages:${PYTHONPATH} /usr/bin/cmake --build /home/vboxuser/Ali_ws/src/build/xarm_gazebo -- -j1 -l1
[24.884s] Invoking command in '/home/vboxuser/Ali_ws/src/build/xarm_gazebo': AMENT_PREFIX_PATH=/home/vboxuser/Ali_ws/src/install/xarm_controller:/home/vboxuser/Ali_ws/src/install/xarm_api:/home/vboxuser/Ali_ws/src/install/xarm_sdk:/home/vboxuser/Ali_ws/src/install/xarm_msgs:/home/vboxuser/Ali_ws/src/install/xarm_description:/home/vboxuser/Ali_ws/src/install/uf_ros_lib:${AMENT_PREFIX_PATH} CMAKE_PREFIX_PATH=/home/vboxuser/Ali_ws/src/install/xarm_controller:/home/vboxuser/Ali_ws/src/install/xarm_api:/home/vboxuser/Ali_ws/src/install/xarm_sdk:/home/vboxuser/Ali_ws/src/install/xarm_msgs:/home/vboxuser/Ali_ws/src/install/xarm_description:/opt/ros/humble LD_LIBRARY_PATH=/home/vboxuser/Ali_ws/src/install/xarm_controller/lib:/home/vboxuser/Ali_ws/src/install/xarm_api/lib:/home/vboxuser/Ali_ws/src/install/xarm_sdk/lib:/home/vboxuser/Ali_ws/src/install/xarm_msgs/lib:${LD_LIBRARY_PATH} PYTHONPATH=/home/vboxuser/Ali_ws/src/install/xarm_msgs/local/lib/python3.10/dist-packages:/home/vboxuser/Ali_ws/src/install/uf_ros_lib/lib/python3.10/site-packages:${PYTHONPATH} /usr/bin/cmake --install /home/vboxuser/Ali_ws/src/build/xarm_gazebo
[24.901s] -- Install configuration: ""
[24.901s] -- Installing: /home/vboxuser/Ali_ws/src/install/xarm_gazebo/include
[24.902s] -- Installing: /home/vboxuser/Ali_ws/src/install/xarm_gazebo/include/xarm_gazebo
[24.902s] -- Installing: /home/vboxuser/Ali_ws/src/install/xarm_gazebo/include/xarm_gazebo/mimic_joint_plugin.h
[24.902s] -- Installing: /home/vboxuser/Ali_ws/src/install/xarm_gazebo/lib/libgazebo_mimic_joint_plugin.so
[24.905s] -- Set runtime path of "/home/vboxuser/Ali_ws/src/install/xarm_gazebo/lib/libgazebo_mimic_joint_plugin.so" to ""
[24.905s] -- Installing: /home/vboxuser/Ali_ws/src/install/xarm_gazebo/share/xarm_gazebo//worlds
[24.905s] -- Installing: /home/vboxuser/Ali_ws/src/install/xarm_gazebo/share/xarm_gazebo//worlds/table.world
[24.906s] -- Installing: /home/vboxuser/Ali_ws/src/install/xarm_gazebo/share/xarm_gazebo//launch
[24.906s] -- Installing: /home/vboxuser/Ali_ws/src/install/xarm_gazebo/share/xarm_gazebo//launch/xarm7_beside_table_gazebo.launch.py
[24.906s] -- Installing: /home/vboxuser/Ali_ws/src/install/xarm_gazebo/share/xarm_gazebo//launch/xarm5_beside_table_gazebo.launch.py
[24.906s] -- Installing: /home/vboxuser/Ali_ws/src/install/xarm_gazebo/share/xarm_gazebo//launch/_dual_robot_beside_table_gazebo.launch.py
[24.906s] -- Installing: /home/vboxuser/Ali_ws/src/install/xarm_gazebo/share/xarm_gazebo//launch/_robot_beside_table_ignition.launch.py
[24.907s] -- Installing: /home/vboxuser/Ali_ws/src/install/xarm_gazebo/share/xarm_gazebo//launch/xarm7_mirror_beside_table_gazebo.launch.py
[24.907s] -- Installing: /home/vboxuser/Ali_ws/src/install/xarm_gazebo/share/xarm_gazebo//launch/_robot_beside_table_gazebo.launch.py
[24.907s] -- Installing: /home/vboxuser/Ali_ws/src/install/xarm_gazebo/share/xarm_gazebo//launch/uf850_beside_table_gazebo.launch.py
[24.907s] -- Installing: /home/vboxuser/Ali_ws/src/install/xarm_gazebo/share/xarm_gazebo//launch/xarm6_beside_table_gazebo.launch.py
[24.907s] -- Installing: /home/vboxuser/Ali_ws/src/install/xarm_gazebo/share/xarm_gazebo//launch/lite6_beside_table_gazebo.launch.py
[24.907s] -- Installing: /home/vboxuser/Ali_ws/src/install/xarm_gazebo/share/ament_index/resource_index/package_run_dependencies/xarm_gazebo
[24.908s] -- Installing: /home/vboxuser/Ali_ws/src/install/xarm_gazebo/share/ament_index/resource_index/parent_prefix_path/xarm_gazebo
[24.908s] -- Installing: /home/vboxuser/Ali_ws/src/install/xarm_gazebo/share/xarm_gazebo/environment/ament_prefix_path.sh
[24.908s] -- Installing: /home/vboxuser/Ali_ws/src/install/xarm_gazebo/share/xarm_gazebo/environment/ament_prefix_path.dsv
[24.909s] -- Installing: /home/vboxuser/Ali_ws/src/install/xarm_gazebo/share/xarm_gazebo/environment/path.sh
[24.909s] -- Installing: /home/vboxuser/Ali_ws/src/install/xarm_gazebo/share/xarm_gazebo/environment/path.dsv
[24.909s] -- Installing: /home/vboxuser/Ali_ws/src/install/xarm_gazebo/share/xarm_gazebo/local_setup.bash
[24.909s] -- Installing: /home/vboxuser/Ali_ws/src/install/xarm_gazebo/share/xarm_gazebo/local_setup.sh
[24.909s] -- Installing: /home/vboxuser/Ali_ws/src/install/xarm_gazebo/share/xarm_gazebo/local_setup.zsh
[24.910s] -- Installing: /home/vboxuser/Ali_ws/src/install/xarm_gazebo/share/xarm_gazebo/local_setup.dsv
[24.910s] -- Installing: /home/vboxuser/Ali_ws/src/install/xarm_gazebo/share/xarm_gazebo/package.dsv
[24.910s] -- Installing: /home/vboxuser/Ali_ws/src/install/xarm_gazebo/share/ament_index/resource_index/packages/xarm_gazebo
[24.911s] -- Installing: /home/vboxuser/Ali_ws/src/install/xarm_gazebo/share/xarm_gazebo/cmake/xarm_gazeboConfig.cmake
[24.911s] -- Installing: /home/vboxuser/Ali_ws/src/install/xarm_gazebo/share/xarm_gazebo/cmake/xarm_gazeboConfig-version.cmake
[24.913s] -- Installing: /home/vboxuser/Ali_ws/src/install/xarm_gazebo/share/xarm_gazebo/package.xml
[24.913s] Invoked command in '/home/vboxuser/Ali_ws/src/build/xarm_gazebo' returned '0': AMENT_PREFIX_PATH=/home/vboxuser/Ali_ws/src/install/xarm_controller:/home/vboxuser/Ali_ws/src/install/xarm_api:/home/vboxuser/Ali_ws/src/install/xarm_sdk:/home/vboxuser/Ali_ws/src/install/xarm_msgs:/home/vboxuser/Ali_ws/src/install/xarm_description:/home/vboxuser/Ali_ws/src/install/uf_ros_lib:${AMENT_PREFIX_PATH} CMAKE_PREFIX_PATH=/home/vboxuser/Ali_ws/src/install/xarm_controller:/home/vboxuser/Ali_ws/src/install/xarm_api:/home/vboxuser/Ali_ws/src/install/xarm_sdk:/home/vboxuser/Ali_ws/src/install/xarm_msgs:/home/vboxuser/Ali_ws/src/install/xarm_description:/opt/ros/humble LD_LIBRARY_PATH=/home/vboxuser/Ali_ws/src/install/xarm_controller/lib:/home/vboxuser/Ali_ws/src/install/xarm_api/lib:/home/vboxuser/Ali_ws/src/install/xarm_sdk/lib:/home/vboxuser/Ali_ws/src/install/xarm_msgs/lib:${LD_LIBRARY_PATH} PYTHONPATH=/home/vboxuser/Ali_ws/src/install/xarm_msgs/local/lib/python3.10/dist-packages:/home/vboxuser/Ali_ws/src/install/uf_ros_lib/lib/python3.10/site-packages:${PYTHONPATH} /usr/bin/cmake --install /home/vboxuser/Ali_ws/src/build/xarm_gazebo
