[0.014s] Invoking command in '/home/vboxuser/Ali_ws/build/orbbec_camera': CMAKE_PREFIX_PATH=/home/vboxuser/Ali_ws/install/orbbec_camera_msgs:/home/vboxuser/Ali_ws/install/orbbec_description:/home/vboxuser/Ali_ws/install/orbbec_camera:/home/vboxuser/Ali_ws/install/ros2_linkattacher:/home/vboxuser/Ali_ws/install/linkattacher_msgs:/home/vboxuser/Ali_ws/install/xarm_planner:/home/vboxuser/Ali_ws/install/xarm_moveit_servo:/home/vboxuser/Ali_ws/install/xarm_moveit_config:/home/vboxuser/Ali_ws/install/xarm_gazebo:/home/vboxuser/Ali_ws/install/xarm_controller:/home/vboxuser/Ali_ws/install/d435i_xarm_setup:/home/vboxuser/Ali_ws/install/xarm_api:/home/vboxuser/Ali_ws/install/xarm_sdk:/home/vboxuser/Ali_ws/install/xarm_msgs:/home/vboxuser/Ali_ws/install/xarm_description:/home/vboxuser/Ali_ws/install/realsense_gazebo_plugin:/home/vboxuser/Ali_ws/install/mbot_demo:/opt/ros/humble:/home/vboxuser/Ali_ws/install/uf_ros_lib LD_LIBRARY_PATH=/home/vboxuser/Ali_ws/install/orbbec_camera_msgs/lib:/home/vboxuser/Ali_ws/install/orbbec_camera/lib:/home/vboxuser/Ali_ws/install/ros2_linkattacher/lib:/home/vboxuser/Ali_ws/install/linkattacher_msgs/lib:/usr/lib/x86_64-linux-gnu/gazebo-11/plugins:/opt/ros/humble/opt/rviz_ogre_vendor/lib:/opt/ros/humble/lib/x86_64-linux-gnu:/opt/ros/humble/lib:/home/vboxuser/Ali_ws/install/xarm_planner/lib:/home/vboxuser/Ali_ws/install/xarm_moveit_servo/lib:/home/vboxuser/Ali_ws/install/xarm_gazebo/lib:/home/vboxuser/Ali_ws/install/xarm_controller/lib:/home/vboxuser/Ali_ws/install/xarm_api/lib:/home/vboxuser/Ali_ws/install/xarm_sdk/lib:/home/vboxuser/Ali_ws/install/xarm_msgs/lib:/home/vboxuser/Ali_ws/install/realsense_gazebo_plugin/lib /usr/bin/cmake /home/vboxuser/Ali_ws/src/orbbec_camera -DCMAKE_INSTALL_PREFIX=/home/vboxuser/Ali_ws/install/orbbec_camera
[0.134s] -- The C compiler identification is GNU 11.4.0
[0.206s] -- The CXX compiler identification is GNU 11.4.0
[0.225s] -- Detecting C compiler ABI info
[0.340s] -- Detecting C compiler ABI info - done
[0.346s] -- Check for working C compiler: /usr/bin/cc - skipped
[0.347s] -- Detecting C compile features
[0.347s] -- Detecting C compile features - done
[0.350s] -- Detecting CXX compiler ABI info
[0.508s] -- Detecting CXX compiler ABI info - done
[0.519s] -- Check for working CXX compiler: /usr/bin/c++ - skipped
[0.520s] -- Detecting CXX compile features
[0.521s] -- Detecting CXX compile features - done
[0.525s] -- Found ament_cmake: 1.3.12 (/opt/ros/humble/share/ament_cmake/cmake)
[0.918s] -- Found Python3: /usr/bin/python3 (found version "3.10.12") found components: Interpreter 
[1.037s] -- Found ament_index_cpp: 1.4.0 (/opt/ros/humble/share/ament_index_cpp/cmake)
[1.050s] -- Found builtin_interfaces: 1.2.2 (/opt/ros/humble/share/builtin_interfaces/cmake)
[1.095s] -- Found rosidl_generator_c: 3.1.7 (/opt/ros/humble/share/rosidl_generator_c/cmake)
[1.104s] -- Found rosidl_adapter: 3.1.7 (/opt/ros/humble/share/rosidl_adapter/cmake)
[1.115s] -- Found rosidl_generator_cpp: 3.1.7 (/opt/ros/humble/share/rosidl_generator_cpp/cmake)
[1.132s] -- Using all available rosidl_typesupport_c: rosidl_typesupport_fastrtps_c;rosidl_typesupport_introspection_c
[1.149s] -- Using all available rosidl_typesupport_cpp: rosidl_typesupport_fastrtps_cpp;rosidl_typesupport_introspection_cpp
[1.169s] -- Found cv_bridge: 3.2.1 (/opt/ros/humble/share/cv_bridge/cmake)
[1.381s] -- Found camera_info_manager: 3.1.12 (/opt/ros/humble/share/camera_info_manager/cmake)
[1.382s] -- Found rmw_implementation_cmake: 6.1.2 (/opt/ros/humble/share/rmw_implementation_cmake/cmake)
[1.383s] -- Found rmw_fastrtps_cpp: 6.2.9 (/opt/ros/humble/share/rmw_fastrtps_cpp/cmake)
[1.802s] -- Found OpenSSL: /usr/lib/x86_64-linux-gnu/libcrypto.so (found version "3.0.2")  
[1.819s] -- Found FastRTPS: /opt/ros/humble/include  
[1.879s] -- Using RMW implementation 'rmw_fastrtps_cpp' as default
[1.898s] -- Looking for pthread.h
[2.077s] -- Looking for pthread.h - found
[2.078s] -- Performing Test CMAKE_HAVE_LIBC_PTHREAD
[2.437s] -- Performing Test CMAKE_HAVE_LIBC_PTHREAD - Success
[2.437s] -- Found Threads: TRUE  
[2.437s] -- Found image_transport: 3.1.12 (/opt/ros/humble/share/image_transport/cmake)
[2.443s] -- Found image_publisher: 3.0.8 (/opt/ros/humble/share/image_publisher/cmake)
[2.488s] -- Found OpenCV: /usr (found version "4.5.4") 
[2.490s] -- Found orbbec_camera_msgs: 2.5.4 (/home/vboxuser/Ali_ws/install/orbbec_camera_msgs/share/orbbec_camera_msgs/cmake)
[2.548s] -- Found std_srvs: 4.9.0 (/opt/ros/humble/share/std_srvs/cmake)
[2.573s] -- Found tf2: 0.25.16 (/opt/ros/humble/share/tf2/cmake)
[2.584s] -- Found tf2_msgs: 0.25.16 (/opt/ros/humble/share/tf2_msgs/cmake)
[2.681s] -- Found tf2_ros: 0.25.16 (/opt/ros/humble/share/tf2_ros/cmake)
[2.729s] -- Found tf2_sensor_msgs: 0.25.16 (/opt/ros/humble/share/tf2_sensor_msgs/cmake)
[2.743s] -- Found diagnostic_updater: 4.0.6 (/opt/ros/humble/share/diagnostic_updater/cmake)
[2.805s] -- Found PkgConfig: /usr/bin/pkg-config (found version "0.29.2") 
[2.817s] -- ORRBEC Machine : x86_64
[2.817s] 
[2.817s] -- ORRBEC Machine Bits : 64
[2.817s] 
[3.037s] -- Found ament_lint_auto: 0.12.14 (/opt/ros/humble/share/ament_lint_auto/cmake)
[3.144s] -- Configuring done
[3.527s] -- Generating done
[3.528s] -- Build files have been written to: /home/vboxuser/Ali_ws/build/orbbec_camera
[3.542s] Invoked command in '/home/vboxuser/Ali_ws/build/orbbec_camera' returned '0': CMAKE_PREFIX_PATH=/home/vboxuser/Ali_ws/install/orbbec_camera_msgs:/home/vboxuser/Ali_ws/install/orbbec_description:/home/vboxuser/Ali_ws/install/orbbec_camera:/home/vboxuser/Ali_ws/install/ros2_linkattacher:/home/vboxuser/Ali_ws/install/linkattacher_msgs:/home/vboxuser/Ali_ws/install/xarm_planner:/home/vboxuser/Ali_ws/install/xarm_moveit_servo:/home/vboxuser/Ali_ws/install/xarm_moveit_config:/home/vboxuser/Ali_ws/install/xarm_gazebo:/home/vboxuser/Ali_ws/install/xarm_controller:/home/vboxuser/Ali_ws/install/d435i_xarm_setup:/home/vboxuser/Ali_ws/install/xarm_api:/home/vboxuser/Ali_ws/install/xarm_sdk:/home/vboxuser/Ali_ws/install/xarm_msgs:/home/vboxuser/Ali_ws/install/xarm_description:/home/vboxuser/Ali_ws/install/realsense_gazebo_plugin:/home/vboxuser/Ali_ws/install/mbot_demo:/opt/ros/humble:/home/vboxuser/Ali_ws/install/uf_ros_lib LD_LIBRARY_PATH=/home/vboxuser/Ali_ws/install/orbbec_camera_msgs/lib:/home/vboxuser/Ali_ws/install/orbbec_camera/lib:/home/vboxuser/Ali_ws/install/ros2_linkattacher/lib:/home/vboxuser/Ali_ws/install/linkattacher_msgs/lib:/usr/lib/x86_64-linux-gnu/gazebo-11/plugins:/opt/ros/humble/opt/rviz_ogre_vendor/lib:/opt/ros/humble/lib/x86_64-linux-gnu:/opt/ros/humble/lib:/home/vboxuser/Ali_ws/install/xarm_planner/lib:/home/vboxuser/Ali_ws/install/xarm_moveit_servo/lib:/home/vboxuser/Ali_ws/install/xarm_gazebo/lib:/home/vboxuser/Ali_ws/install/xarm_controller/lib:/home/vboxuser/Ali_ws/install/xarm_api/lib:/home/vboxuser/Ali_ws/install/xarm_sdk/lib:/home/vboxuser/Ali_ws/install/xarm_msgs/lib:/home/vboxuser/Ali_ws/install/realsense_gazebo_plugin/lib /usr/bin/cmake /home/vboxuser/Ali_ws/src/orbbec_camera -DCMAKE_INSTALL_PREFIX=/home/vboxuser/Ali_ws/install/orbbec_camera
[3.543s] Invoking command in '/home/vboxuser/Ali_ws/build/orbbec_camera': CMAKE_PREFIX_PATH=/home/vboxuser/Ali_ws/install/orbbec_camera_msgs:/home/vboxuser/Ali_ws/install/orbbec_description:/home/vboxuser/Ali_ws/install/orbbec_camera:/home/vboxuser/Ali_ws/install/ros2_linkattacher:/home/vboxuser/Ali_ws/install/linkattacher_msgs:/home/vboxuser/Ali_ws/install/xarm_planner:/home/vboxuser/Ali_ws/install/xarm_moveit_servo:/home/vboxuser/Ali_ws/install/xarm_moveit_config:/home/vboxuser/Ali_ws/install/xarm_gazebo:/home/vboxuser/Ali_ws/install/xarm_controller:/home/vboxuser/Ali_ws/install/d435i_xarm_setup:/home/vboxuser/Ali_ws/install/xarm_api:/home/vboxuser/Ali_ws/install/xarm_sdk:/home/vboxuser/Ali_ws/install/xarm_msgs:/home/vboxuser/Ali_ws/install/xarm_description:/home/vboxuser/Ali_ws/install/realsense_gazebo_plugin:/home/vboxuser/Ali_ws/install/mbot_demo:/opt/ros/humble:/home/vboxuser/Ali_ws/install/uf_ros_lib LD_LIBRARY_PATH=/home/vboxuser/Ali_ws/install/orbbec_camera_msgs/lib:/home/vboxuser/Ali_ws/install/orbbec_camera/lib:/home/vboxuser/Ali_ws/install/ros2_linkattacher/lib:/home/vboxuser/Ali_ws/install/linkattacher_msgs/lib:/usr/lib/x86_64-linux-gnu/gazebo-11/plugins:/opt/ros/humble/opt/rviz_ogre_vendor/lib:/opt/ros/humble/lib/x86_64-linux-gnu:/opt/ros/humble/lib:/home/vboxuser/Ali_ws/install/xarm_planner/lib:/home/vboxuser/Ali_ws/install/xarm_moveit_servo/lib:/home/vboxuser/Ali_ws/install/xarm_gazebo/lib:/home/vboxuser/Ali_ws/install/xarm_controller/lib:/home/vboxuser/Ali_ws/install/xarm_api/lib:/home/vboxuser/Ali_ws/install/xarm_sdk/lib:/home/vboxuser/Ali_ws/install/xarm_msgs/lib:/home/vboxuser/Ali_ws/install/realsense_gazebo_plugin/lib /usr/bin/cmake --build /home/vboxuser/Ali_ws/build/orbbec_camera -- -j4 -l4
[3.747s] [  2%] [32mBuilding CXX object CMakeFiles/orbbec_camera.dir/src/d2c_viewer.cpp.o[0m
[24.826s] [  4%] [32mBuilding CXX object CMakeFiles/orbbec_camera.dir/src/dynamic_params.cpp.o[0m
[30.827s] [  6%] [32mBuilding CXX object CMakeFiles/orbbec_camera.dir/src/image_publisher.cpp.o[0m
[36.011s] [  9%] [32mBuilding CXX object CMakeFiles/orbbec_camera.dir/src/ob_camera_node_driver.cpp.o[0m
[42.072s] [ 11%] [32mBuilding CXX object CMakeFiles/frame_latency.dir/tools/frame_latency.cpp.o[0m
[42.103s] [ 13%] [32mBuilding CXX object CMakeFiles/frame_latency_node.dir/rclcpp_components/node_main_frame_latency_node.cpp.o[0m
[43.703s] [ 15%] [32mBuilding CXX object CMakeFiles/orbbec_camera_node.dir/rclcpp_components/node_main_orbbec_camera_node.cpp.o[0m
[46.993s] [ 18%] [32m[1mLinking CXX executable frame_latency_node[0m
[47.229s] [ 18%] Built target frame_latency_node
[47.293s] [ 20%] [32mBuilding CXX object CMakeFiles/start_benchmark.dir/tools/start_benchmark.cpp.o[0m
[50.837s] [ 22%] [32m[1mLinking CXX executable orbbec_camera_node[0m
[51.071s] [ 22%] Built target orbbec_camera_node
[59.403s] [ 25%] [32mBuilding CXX object CMakeFiles/orbbec_camera.dir/src/ob_camera_node.cpp.o[0m
[84.634s] [ 27%] [32m[1mLinking CXX shared library libstart_benchmark.so[0m
[85.958s] [ 27%] Built target start_benchmark
[97.727s] [ 29%] [32m[1mLinking CXX shared library libframe_latency.so[0m
[98.226s] [ 29%] Built target frame_latency
[112.041s] [ 31%] [32mBuilding CXX object CMakeFiles/orbbec_camera.dir/src/ros_param_backend.cpp.o[0m
[115.227s] [ 34%] [32mBuilding CXX object CMakeFiles/orbbec_camera.dir/src/ros_service.cpp.o[0m
[138.889s] [ 36%] [32mBuilding CXX object CMakeFiles/orbbec_camera.dir/src/synced_imu_publisher.cpp.o[0m
[145.693s] [ 38%] [32mBuilding CXX object CMakeFiles/orbbec_camera.dir/src/utils.cpp.o[0m
[159.842s] [ 40%] [32mBuilding CXX object CMakeFiles/orbbec_camera.dir/src/jpeg_decoder.cpp.o[0m
[165.818s] [ 43%] [32m[1mLinking CXX shared library liborbbec_camera.so[0m
[166.969s] [ 43%] Built target orbbec_camera
[167.196s] [ 45%] [32mBuilding CXX object CMakeFiles/multi_save_rgbir.dir/tools/multi_save_rgbir.cpp.o[0m
[167.215s] [ 47%] [32mBuilding CXX object CMakeFiles/multi_save_rgbir_node.dir/rclcpp_components/node_main_multi_save_rgbir_node.cpp.o[0m
[168.352s] [ 50%] [32mBuilding CXX object CMakeFiles/list_devices_node.dir/tools/list_devices_node.cpp.o[0m
[171.102s] [ 52%] [32mBuilding CXX object CMakeFiles/start_benchmark_node.dir/rclcpp_components/node_main_start_benchmark_node.cpp.o[0m
[172.269s] [ 54%] [32m[1mLinking CXX executable multi_save_rgbir_node[0m
[174.255s] [ 54%] Built target multi_save_rgbir_node
[176.865s] [ 56%] [32mBuilding CXX object CMakeFiles/list_depth_work_mode_node.dir/tools/list_depth_work_mode.cpp.o[0m
[176.895s] [ 59%] [32m[1mLinking CXX executable start_benchmark_node[0m
[179.257s] [ 59%] Built target start_benchmark_node
[182.067s] [ 61%] [32m[1mLinking CXX executable list_devices_node[0m
[186.236s] [ 61%] Built target list_devices_node
[188.425s] [ 63%] [32m[1mLinking CXX executable list_depth_work_mode_node[0m
[188.679s] [ 63%] Built target list_depth_work_mode_node
[201.066s] [ 65%] [32mBuilding CXX object CMakeFiles/set_device_ip.dir/tools/set_device_ip.cpp.o[0m
[203.294s] [ 68%] [32mBuilding CXX object CMakeFiles/list_camera_profile_mode_node.dir/tools/list_camera_profile.cpp.o[0m
[204.289s] [ 70%] [32mBuilding CXX object CMakeFiles/multi_save_rgbir.dir/src/utils.cpp.o[0m
[206.262s] [ 72%] [32mBuilding CXX object CMakeFiles/topic_statistics_node.dir/tools/topic_statistics.cpp.o[0m
[225.719s] [ 75%] [32m[1mLinking CXX executable set_device_ip[0m
[226.481s] [ 75%] Built target set_device_ip
[228.515s] [ 77%] [32m[1mLinking CXX executable list_camera_profile_mode_node[0m
[229.569s] [ 77%] Built target list_camera_profile_mode_node
[232.616s] [ 79%] [32m[1mLinking CXX shared library libmulti_save_rgbir.so[0m
[233.492s] [ 79%] Built target multi_save_rgbir
[238.106s] [ 81%] [32m[1mLinking CXX executable topic_statistics_node[0m
[238.428s] [ 81%] Built target topic_statistics_node
[238.463s] [ 84%] [32mBuilding CXX object CMakeFiles/service_benchmark_node.dir/scripts/service_benchmark_node.cpp.o[0m
[267.289s] [ 86%] [32m[1mLinking CXX executable service_benchmark_node[0m
[267.778s] [ 86%] Built target service_benchmark_node
[267.840s] [ 88%] [32mBuilding CXX object CMakeFiles/image_sync_example_node.dir/examples/multi_camera_time_sync/image_sync_example_node.cpp.o[0m
[288.453s] [ 90%] [32m[1mLinking CXX executable image_sync_example_node[0m
[289.336s] [ 90%] Built target image_sync_example_node
[289.425s] [ 93%] [32mBuilding CXX object CMakeFiles/435le_example_node.dir/examples/435le_new_interface/camera_example_node.cpp.o[0m
[307.669s] [ 95%] [32m[1mLinking CXX executable 435le_example_node[0m
[308.020s] [ 95%] Built target 435le_example_node
[308.073s] [ 97%] [32mBuilding CXX object CMakeFiles/ob_benchmark_node.dir/tools/ob_benchmark.cpp.o[0m
[324.004s] [100%] [32m[1mLinking CXX executable ob_benchmark_node[0m
[324.288s] [100%] Built target ob_benchmark_node
[324.419s] Invoked command in '/home/vboxuser/Ali_ws/build/orbbec_camera' returned '0': CMAKE_PREFIX_PATH=/home/vboxuser/Ali_ws/install/orbbec_camera_msgs:/home/vboxuser/Ali_ws/install/orbbec_description:/home/vboxuser/Ali_ws/install/orbbec_camera:/home/vboxuser/Ali_ws/install/ros2_linkattacher:/home/vboxuser/Ali_ws/install/linkattacher_msgs:/home/vboxuser/Ali_ws/install/xarm_planner:/home/vboxuser/Ali_ws/install/xarm_moveit_servo:/home/vboxuser/Ali_ws/install/xarm_moveit_config:/home/vboxuser/Ali_ws/install/xarm_gazebo:/home/vboxuser/Ali_ws/install/xarm_controller:/home/vboxuser/Ali_ws/install/d435i_xarm_setup:/home/vboxuser/Ali_ws/install/xarm_api:/home/vboxuser/Ali_ws/install/xarm_sdk:/home/vboxuser/Ali_ws/install/xarm_msgs:/home/vboxuser/Ali_ws/install/xarm_description:/home/vboxuser/Ali_ws/install/realsense_gazebo_plugin:/home/vboxuser/Ali_ws/install/mbot_demo:/opt/ros/humble:/home/vboxuser/Ali_ws/install/uf_ros_lib LD_LIBRARY_PATH=/home/vboxuser/Ali_ws/install/orbbec_camera_msgs/lib:/home/vboxuser/Ali_ws/install/orbbec_camera/lib:/home/vboxuser/Ali_ws/install/ros2_linkattacher/lib:/home/vboxuser/Ali_ws/install/linkattacher_msgs/lib:/usr/lib/x86_64-linux-gnu/gazebo-11/plugins:/opt/ros/humble/opt/rviz_ogre_vendor/lib:/opt/ros/humble/lib/x86_64-linux-gnu:/opt/ros/humble/lib:/home/vboxuser/Ali_ws/install/xarm_planner/lib:/home/vboxuser/Ali_ws/install/xarm_moveit_servo/lib:/home/vboxuser/Ali_ws/install/xarm_gazebo/lib:/home/vboxuser/Ali_ws/install/xarm_controller/lib:/home/vboxuser/Ali_ws/install/xarm_api/lib:/home/vboxuser/Ali_ws/install/xarm_sdk/lib:/home/vboxuser/Ali_ws/install/xarm_msgs/lib:/home/vboxuser/Ali_ws/install/realsense_gazebo_plugin/lib /usr/bin/cmake --build /home/vboxuser/Ali_ws/build/orbbec_camera -- -j4 -l4
[324.425s] Invoking command in '/home/vboxuser/Ali_ws/build/orbbec_camera': CMAKE_PREFIX_PATH=/home/vboxuser/Ali_ws/install/orbbec_camera_msgs:/home/vboxuser/Ali_ws/install/orbbec_description:/home/vboxuser/Ali_ws/install/orbbec_camera:/home/vboxuser/Ali_ws/install/ros2_linkattacher:/home/vboxuser/Ali_ws/install/linkattacher_msgs:/home/vboxuser/Ali_ws/install/xarm_planner:/home/vboxuser/Ali_ws/install/xarm_moveit_servo:/home/vboxuser/Ali_ws/install/xarm_moveit_config:/home/vboxuser/Ali_ws/install/xarm_gazebo:/home/vboxuser/Ali_ws/install/xarm_controller:/home/vboxuser/Ali_ws/install/d435i_xarm_setup:/home/vboxuser/Ali_ws/install/xarm_api:/home/vboxuser/Ali_ws/install/xarm_sdk:/home/vboxuser/Ali_ws/install/xarm_msgs:/home/vboxuser/Ali_ws/install/xarm_description:/home/vboxuser/Ali_ws/install/realsense_gazebo_plugin:/home/vboxuser/Ali_ws/install/mbot_demo:/opt/ros/humble:/home/vboxuser/Ali_ws/install/uf_ros_lib LD_LIBRARY_PATH=/home/vboxuser/Ali_ws/install/orbbec_camera_msgs/lib:/home/vboxuser/Ali_ws/install/orbbec_camera/lib:/home/vboxuser/Ali_ws/install/ros2_linkattacher/lib:/home/vboxuser/Ali_ws/install/linkattacher_msgs/lib:/usr/lib/x86_64-linux-gnu/gazebo-11/plugins:/opt/ros/humble/opt/rviz_ogre_vendor/lib:/opt/ros/humble/lib/x86_64-linux-gnu:/opt/ros/humble/lib:/home/vboxuser/Ali_ws/install/xarm_planner/lib:/home/vboxuser/Ali_ws/install/xarm_moveit_servo/lib:/home/vboxuser/Ali_ws/install/xarm_gazebo/lib:/home/vboxuser/Ali_ws/install/xarm_controller/lib:/home/vboxuser/Ali_ws/install/xarm_api/lib:/home/vboxuser/Ali_ws/install/xarm_sdk/lib:/home/vboxuser/Ali_ws/install/xarm_msgs/lib:/home/vboxuser/Ali_ws/install/realsense_gazebo_plugin/lib /usr/bin/cmake --install /home/vboxuser/Ali_ws/build/orbbec_camera
[324.441s] -- Install configuration: ""
[324.441s] -- Installing: /home/vboxuser/Ali_ws/install/orbbec_camera/lib/orbbec_camera/orbbec_camera_node
[324.442s] -- Set runtime path of "/home/vboxuser/Ali_ws/install/orbbec_camera/lib/orbbec_camera/orbbec_camera_node" to ":/home/vboxuser/Ali_ws/src/orbbec_camera/SDK/lib/x64"
[324.442s] -- Installing: /home/vboxuser/Ali_ws/install/orbbec_camera/lib/orbbec_camera/common_benchmark_node.py
[324.444s] -- Installing: /home/vboxuser/Ali_ws/install/orbbec_camera/lib/orbbec_camera/service_benchmark_node.py
[324.445s] -- Installing: /home/vboxuser/Ali_ws/install/orbbec_camera/lib/orbbec_camera/frame_latency_node
[324.445s] -- Set runtime path of "/home/vboxuser/Ali_ws/install/orbbec_camera/lib/orbbec_camera/frame_latency_node" to ":/home/vboxuser/Ali_ws/src/orbbec_camera/SDK/lib/x64"
[324.446s] -- Installing: /home/vboxuser/Ali_ws/install/orbbec_camera/lib/orbbec_camera/start_benchmark_node
[324.446s] -- Set runtime path of "/home/vboxuser/Ali_ws/install/orbbec_camera/lib/orbbec_camera/start_benchmark_node" to ":/home/vboxuser/Ali_ws/src/orbbec_camera/SDK/lib/x64"
[324.446s] -- Installing: /home/vboxuser/Ali_ws/install/orbbec_camera/lib/orbbec_camera/multi_save_rgbir_node
[324.446s] -- Set runtime path of "/home/vboxuser/Ali_ws/install/orbbec_camera/lib/orbbec_camera/multi_save_rgbir_node" to ":/home/vboxuser/Ali_ws/src/orbbec_camera/SDK/lib/x64"
[324.446s] -- Installing: /home/vboxuser/Ali_ws/install/orbbec_camera/lib/liborbbec_camera.so
[324.451s] -- Set runtime path of "/home/vboxuser/Ali_ws/install/orbbec_camera/lib/liborbbec_camera.so" to ":/home/vboxuser/Ali_ws/src/orbbec_camera/SDK/lib/x64"
[324.451s] -- Installing: /home/vboxuser/Ali_ws/install/orbbec_camera/lib/libframe_latency.so
[324.455s] -- Set runtime path of "/home/vboxuser/Ali_ws/install/orbbec_camera/lib/libframe_latency.so" to ":/home/vboxuser/Ali_ws/src/orbbec_camera/SDK/lib/x64"
[324.455s] -- Installing: /home/vboxuser/Ali_ws/install/orbbec_camera/lib/libstart_benchmark.so
[324.457s] -- Set runtime path of "/home/vboxuser/Ali_ws/install/orbbec_camera/lib/libstart_benchmark.so" to ":/home/vboxuser/Ali_ws/src/orbbec_camera/SDK/lib/x64"
[324.457s] -- Installing: /home/vboxuser/Ali_ws/install/orbbec_camera/lib/libmulti_save_rgbir.so
[324.460s] -- Set runtime path of "/home/vboxuser/Ali_ws/install/orbbec_camera/lib/libmulti_save_rgbir.so" to ":/home/vboxuser/Ali_ws/src/orbbec_camera/SDK/lib/x64"
[324.460s] -- Installing: /home/vboxuser/Ali_ws/install/orbbec_camera/include
[324.460s] -- Installing: /home/vboxuser/Ali_ws/install/orbbec_camera/include/magic_enum
[324.460s] -- Installing: /home/vboxuser/Ali_ws/install/orbbec_camera/include/magic_enum/magic_enum.hpp
[324.460s] -- Installing: /home/vboxuser/Ali_ws/install/orbbec_camera/include/orbbec_camera
[324.460s] -- Installing: /home/vboxuser/Ali_ws/install/orbbec_camera/include/orbbec_camera/fps_counter.hpp
[324.460s] -- Installing: /home/vboxuser/Ali_ws/install/orbbec_camera/include/orbbec_camera/jpeg_decoder.h
[324.460s] -- Installing: /home/vboxuser/Ali_ws/install/orbbec_camera/include/orbbec_camera/d2c_viewer.h
[324.460s] -- Installing: /home/vboxuser/Ali_ws/install/orbbec_camera/include/orbbec_camera/synced_imu_publisher.h
[324.460s] -- Installing: /home/vboxuser/Ali_ws/install/orbbec_camera/include/orbbec_camera/jetson_nv_decoder.h
[324.461s] -- Installing: /home/vboxuser/Ali_ws/install/orbbec_camera/include/orbbec_camera/rk_mpp_decoder.h
[324.463s] -- Installing: /home/vboxuser/Ali_ws/install/orbbec_camera/include/orbbec_camera/utils.h
[324.463s] -- Installing: /home/vboxuser/Ali_ws/install/orbbec_camera/include/orbbec_camera/fps_delay_status.hpp
[324.464s] -- Installing: /home/vboxuser/Ali_ws/install/orbbec_camera/include/orbbec_camera/constants.h
[324.464s] -- Installing: /home/vboxuser/Ali_ws/install/orbbec_camera/include/orbbec_camera/ros_param_backend.h
[324.464s] -- Installing: /home/vboxuser/Ali_ws/install/orbbec_camera/include/orbbec_camera/image_publisher.h
[324.464s] -- Installing: /home/vboxuser/Ali_ws/install/orbbec_camera/include/orbbec_camera/ob_camera_node.h
[324.464s] -- Installing: /home/vboxuser/Ali_ws/install/orbbec_camera/include/orbbec_camera/dynamic_params.h
[324.465s] -- Installing: /home/vboxuser/Ali_ws/install/orbbec_camera/include/orbbec_camera/ob_camera_node_driver.h
[324.465s] -- Installing: /home/vboxuser/Ali_ws/install/orbbec_camera/share/orbbec_camera//launch
[324.465s] -- Installing: /home/vboxuser/Ali_ws/install/orbbec_camera/share/orbbec_camera//launch/dabai_a.launch.py
[324.468s] -- Installing: /home/vboxuser/Ali_ws/install/orbbec_camera/share/orbbec_camera//launch/femto_mega.launch.py
[324.469s] -- Installing: /home/vboxuser/Ali_ws/install/orbbec_camera/share/orbbec_camera//launch/gemini210.launch.py
[324.471s] -- Installing: /home/vboxuser/Ali_ws/install/orbbec_camera/share/orbbec_camera//launch/dabai_al.launch.py
[324.472s] -- Installing: /home/vboxuser/Ali_ws/install/orbbec_camera/share/orbbec_camera//launch/orbbec_camera.launch.py
[324.474s] -- Installing: /home/vboxuser/Ali_ws/install/orbbec_camera/share/orbbec_camera//launch/gemini345.launch.py
[324.475s] -- Installing: /home/vboxuser/Ali_ws/install/orbbec_camera/share/orbbec_camera//launch/gemini345_lg.launch.py
[324.478s] -- Installing: /home/vboxuser/Ali_ws/install/orbbec_camera/share/orbbec_camera//launch/multi_camera_synced.launch.py
[324.479s] -- Installing: /home/vboxuser/Ali_ws/install/orbbec_camera/share/orbbec_camera//launch/multi_camera.launch.py
[324.479s] -- Installing: /home/vboxuser/Ali_ws/install/orbbec_camera/share/orbbec_camera//launch/gemini_330_series.launch.py
[324.482s] -- Installing: /home/vboxuser/Ali_ws/install/orbbec_camera/share/orbbec_camera//launch/femto_bolt.launch.py
[324.484s] -- Installing: /home/vboxuser/Ali_ws/install/orbbec_camera/share/orbbec_camera//launch/utils_yaml.py
[324.485s] -- Installing: /home/vboxuser/Ali_ws/install/orbbec_camera/share/orbbec_camera//launch/gemini435_le.launch.py
[324.489s] -- Installing: /home/vboxuser/Ali_ws/install/orbbec_camera/share/orbbec_camera//launch/astra.launch.py
[324.491s] -- Installing: /home/vboxuser/Ali_ws/install/orbbec_camera/share/orbbec_camera//launch/gemini2.launch.py
[324.492s] -- Installing: /home/vboxuser/Ali_ws/install/orbbec_camera/share/orbbec_camera//launch/gemini_intra_process_demo_launch.py
[324.494s] -- Installing: /home/vboxuser/Ali_ws/install/orbbec_camera/share/orbbec_camera//launch/femto.launch.py
[324.495s] -- Installing: /home/vboxuser/Ali_ws/install/orbbec_camera/share/orbbec_camera//launch/gemini_330_series_low_cpu.launch.py
[324.498s] -- Installing: /home/vboxuser/Ali_ws/install/orbbec_camera/share/orbbec_camera//launch/gemini2L.launch.py
[324.499s] -- Installing: /home/vboxuser/Ali_ws/install/orbbec_camera/share/orbbec_camera//launch/orbbec_multicamera.launch.py
[324.501s] -- Installing: /home/vboxuser/Ali_ws/install/orbbec_camera/share/orbbec_camera//launch/astra2.launch.py
[324.504s] -- Installing: /home/vboxuser/Ali_ws/install/orbbec_camera/share/orbbec_camera//config
[324.504s] -- Installing: /home/vboxuser/Ali_ws/install/orbbec_camera/share/orbbec_camera//config/.gitkeep
[324.504s] -- Installing: /home/vboxuser/Ali_ws/install/orbbec_camera/share/orbbec_camera//config/tools
[324.504s] -- Installing: /home/vboxuser/Ali_ws/install/orbbec_camera/share/orbbec_camera//config/tools/startbenchmark
[324.504s] -- Installing: /home/vboxuser/Ali_ws/install/orbbec_camera/share/orbbec_camera//config/tools/startbenchmark/start_benchmark_params.json
[324.506s] -- Installing: /home/vboxuser/Ali_ws/install/orbbec_camera/share/orbbec_camera//config/tools/multisavergbir
[324.506s] -- Installing: /home/vboxuser/Ali_ws/install/orbbec_camera/share/orbbec_camera//config/tools/multisavergbir/multi_save_rgbir_params.json
[324.507s] -- Installing: /home/vboxuser/Ali_ws/install/orbbec_camera/share/orbbec_camera//config/camera_secondary_params.yaml
[324.510s] -- Installing: /home/vboxuser/Ali_ws/install/orbbec_camera/share/orbbec_camera//config/gemini330Lg_series.yaml
[324.512s] -- Installing: /home/vboxuser/Ali_ws/install/orbbec_camera/share/orbbec_camera//config/depthfilter
[324.512s] -- Installing: /home/vboxuser/Ali_ws/install/orbbec_camera/share/orbbec_camera//config/depthfilter/Openni_device.json
[324.514s] -- Installing: /home/vboxuser/Ali_ws/install/orbbec_camera/share/orbbec_camera//config/depthfilter/Gemini2_v1.7.json
[324.515s] -- Installing: /home/vboxuser/Ali_ws/install/orbbec_camera/share/orbbec_camera//config/gemini2.yaml
[324.516s] -- Installing: /home/vboxuser/Ali_ws/install/orbbec_camera/share/orbbec_camera//config/gemini2L.yaml
[324.518s] -- Installing: /home/vboxuser/Ali_ws/install/orbbec_camera/share/orbbec_camera//config/gemini330_series.yaml
[324.520s] -- Installing: /home/vboxuser/Ali_ws/install/orbbec_camera/share/orbbec_camera//config/OrbbecSDKConfig_v2.0.xml
[324.524s] -- Installing: /home/vboxuser/Ali_ws/install/orbbec_camera/share/orbbec_camera//config/astra2.yaml
[324.524s] -- Installing: /home/vboxuser/Ali_ws/install/orbbec_camera/share/orbbec_camera//config/camera_params.yaml
[324.525s] -- Installing: /home/vboxuser/Ali_ws/install/orbbec_camera/share/orbbec_camera//config/femto.yaml
[324.525s] -- Installing: /home/vboxuser/Ali_ws/install/orbbec_camera/share/orbbec_camera//config/common.yaml
[324.528s] -- Installing: /home/vboxuser/Ali_ws/install/orbbec_camera/share/orbbec_camera//config/femto_mega.yaml
[324.529s] -- Installing: /home/vboxuser/Ali_ws/install/orbbec_camera/share/orbbec_camera//config/femto_bolt.yaml
[324.530s] -- Installing: /home/vboxuser/Ali_ws/install/orbbec_camera/share/orbbec_camera//examples
[324.531s] -- Installing: /home/vboxuser/Ali_ws/install/orbbec_camera/share/orbbec_camera//examples/README.MD
[324.532s] -- Installing: /home/vboxuser/Ali_ws/install/orbbec_camera/share/orbbec_camera//examples/435le_new_interface
[324.532s] -- Installing: /home/vboxuser/Ali_ws/install/orbbec_camera/share/orbbec_camera//examples/435le_new_interface/camera_example_node.cpp
[324.533s] -- Installing: /home/vboxuser/Ali_ws/install/orbbec_camera/share/orbbec_camera//examples/435le_new_interface/README.MD
[324.534s] -- Installing: /home/vboxuser/Ali_ws/install/orbbec_camera/share/orbbec_camera//examples/multi_camera_synced_verification_tool
[324.535s] -- Installing: /home/vboxuser/Ali_ws/install/orbbec_camera/share/orbbec_camera//examples/multi_camera_synced_verification_tool/multi_camera_synced_verify.launch.py
[324.536s] -- Installing: /home/vboxuser/Ali_ws/install/orbbec_camera/share/orbbec_camera//examples/multi_camera_synced_verification_tool/gemini_330_series_synced_verify.launch.py
[324.540s] -- Installing: /home/vboxuser/Ali_ws/install/orbbec_camera/share/orbbec_camera//examples/multi_camera_synced_verification_tool/gemini_synced_verify.launch.py
[324.541s] -- Installing: /home/vboxuser/Ali_ws/install/orbbec_camera/share/orbbec_camera//examples/multi_camera_synced_verification_tool/multicamera_sync
[324.542s] -- Installing: /home/vboxuser/Ali_ws/install/orbbec_camera/share/orbbec_camera//examples/multi_camera_synced_verification_tool/multicamera_sync/Python
[324.542s] -- Installing: /home/vboxuser/Ali_ws/install/orbbec_camera/share/orbbec_camera//examples/multi_camera_synced_verification_tool/multicamera_sync/Python/script
[324.542s] -- Installing: /home/vboxuser/Ali_ws/install/orbbec_camera/share/orbbec_camera//examples/multi_camera_synced_verification_tool/multicamera_sync/Python/script/config_frameMatch-systemTimestamp.py
[324.544s] -- Installing: /home/vboxuser/Ali_ws/install/orbbec_camera/share/orbbec_camera//examples/multi_camera_synced_verification_tool/multicamera_sync/Python/script/config_frameMatch_Gemini2VL.py
[324.548s] -- Installing: /home/vboxuser/Ali_ws/install/orbbec_camera/share/orbbec_camera//examples/multi_camera_synced_verification_tool/multicamera_sync/Python/script/config_frameMatch.py
[324.551s] -- Installing: /home/vboxuser/Ali_ws/install/orbbec_camera/share/orbbec_camera//examples/multi_camera_synced_verification_tool/multicamera_sync/Python/script/config_frameMatch_g330.py
[324.554s] -- Installing: /home/vboxuser/Ali_ws/install/orbbec_camera/share/orbbec_camera//examples/multi_camera_synced_verification_tool/multicamera_sync/Python/script/config_frameMatch-Astra2_new.py
[324.555s] -- Installing: /home/vboxuser/Ali_ws/install/orbbec_camera/share/orbbec_camera//examples/multi_camera_synced_verification_tool/multicamera_sync/Python/README.md
[324.556s] -- Installing: /home/vboxuser/Ali_ws/install/orbbec_camera/share/orbbec_camera//examples/multi_camera_synced_verification_tool/multicamera_sync/Python/Config.ini
[324.558s] -- Installing: /home/vboxuser/Ali_ws/install/orbbec_camera/share/orbbec_camera//examples/multi_camera_synced_verification_tool/multicamera_sync/Python/SyncFramesMain.py
[324.559s] -- Installing: /home/vboxuser/Ali_ws/install/orbbec_camera/share/orbbec_camera//examples/multi_camera_synced_verification_tool/multicamera_sync/output
[324.559s] -- Installing: /home/vboxuser/Ali_ws/install/orbbec_camera/share/orbbec_camera//examples/multi_camera_synced_verification_tool/multicamera_sync/output/20250218102900
[324.559s] -- Installing: /home/vboxuser/Ali_ws/install/orbbec_camera/share/orbbec_camera//examples/multi_camera_synced_verification_tool/multicamera_sync/output/20250218102900/TotalModeFrames
[324.560s] -- Installing: /home/vboxuser/Ali_ws/install/orbbec_camera/share/orbbec_camera//examples/multi_camera_synced_verification_tool/multicamera_sync/output/20250218102900/TotalModeFrames/SNCP1L44P00051_Index1
[324.561s] -- Installing: /home/vboxuser/Ali_ws/install/orbbec_camera/share/orbbec_camera//examples/multi_camera_synced_verification_tool/multicamera_sync/output/20250218102900/TotalModeFrames/SNCP1L44P00051_Index1/color_SNCP1L44P00051_Index1_g1739874543393_f5_s1739874543470_e50_d16_.jpg
[324.565s] -- Installing: /home/vboxuser/Ali_ws/install/orbbec_camera/share/orbbec_camera//examples/multi_camera_synced_verification_tool/multicamera_sync/output/20250218102900/TotalModeFrames/SNCP1L44P00051_Index1/color_SNCP1L44P00051_Index1_g1739874543427_f6_s1739874543485_e50_d16_.jpg
[324.570s] -- Installing: /home/vboxuser/Ali_ws/install/orbbec_camera/share/orbbec_camera//examples/multi_camera_synced_verification_tool/multicamera_sync/output/20250218102900/TotalModeFrames/SNCP1L44P00051_Index1/color_SNCP1L44P00051_Index1_g1739874543327_f3_s1739874543458_e50_d16_.jpg
[324.575s] -- Installing: /home/vboxuser/Ali_ws/install/orbbec_camera/share/orbbec_camera//examples/multi_camera_synced_verification_tool/multicamera_sync/output/20250218102900/TotalModeFrames/SNCP1L44P00051_Index1/ir#left_SNCP1L44P00051_Index1_g1739874543360_f4_s1739874543460_e5000_d16_.jpg
[324.577s] -- Installing: /home/vboxuser/Ali_ws/install/orbbec_camera/share/orbbec_camera//examples/multi_camera_synced_verification_tool/multicamera_sync/output/20250218102900/TotalModeFrames/SNCP1L44P00051_Index1/color_SNCP1L44P00051_Index1_g1739874543260_f1_s1739874543345_e50_d16_.jpg
[324.581s] -- Installing: /home/vboxuser/Ali_ws/install/orbbec_camera/share/orbbec_camera//examples/multi_camera_synced_verification_tool/multicamera_sync/output/20250218102900/TotalModeFrames/SNCP1L44P00051_Index1/ir#left_SNCP1L44P00051_Index1_g1739874543260_f1_s1739874543294_e5000_d16_.jpg
[324.582s] -- Installing: /home/vboxuser/Ali_ws/install/orbbec_camera/share/orbbec_camera//examples/multi_camera_synced_verification_tool/multicamera_sync/output/20250218102900/TotalModeFrames/SNCP1L44P00051_Index1/ir#left_SNCP1L44P00051_Index1_g1739874543427_f6_s1739874543684_e5000_d16_.jpg
[324.585s] -- Installing: /home/vboxuser/Ali_ws/install/orbbec_camera/share/orbbec_camera//examples/multi_camera_synced_verification_tool/multicamera_sync/output/20250218102900/TotalModeFrames/SNCP1L44P00051_Index1/ir#left_SNCP1L44P00051_Index1_g1739874543327_f3_s1739874543460_e5000_d16_.jpg
[324.587s] -- Installing: /home/vboxuser/Ali_ws/install/orbbec_camera/share/orbbec_camera//examples/multi_camera_synced_verification_tool/multicamera_sync/output/20250218102900/TotalModeFrames/SNCP1L44P00051_Index1/color_SNCP1L44P00051_Index1_g1739874543527_f9_s1739874543616_e50_d16_.jpg
[324.591s] -- Installing: /home/vboxuser/Ali_ws/install/orbbec_camera/share/orbbec_camera//examples/multi_camera_synced_verification_tool/multicamera_sync/output/20250218102900/TotalModeFrames/SNCP1L44P00051_Index1/ir#left_SNCP1L44P00051_Index1_g1739874543460_f7_s1739874543685_e5000_d16_.jpg
[324.592s] -- Installing: /home/vboxuser/Ali_ws/install/orbbec_camera/share/orbbec_camera//examples/multi_camera_synced_verification_tool/multicamera_sync/output/20250218102900/TotalModeFrames/SNCP1L44P00051_Index1/ir#left_SNCP1L44P00051_Index1_g1739874543527_f10_s1739874543687_e5000_d16_.jpg
[324.595s] -- Installing: /home/vboxuser/Ali_ws/install/orbbec_camera/share/orbbec_camera//examples/multi_camera_synced_verification_tool/multicamera_sync/output/20250218102900/TotalModeFrames/SNCP1L44P00051_Index1/color_SNCP1L44P00051_Index1_g1739874543494_f8_s1739874543540_e50_d16_.jpg
[324.598s] -- Installing: /home/vboxuser/Ali_ws/install/orbbec_camera/share/orbbec_camera//examples/multi_camera_synced_verification_tool/multicamera_sync/output/20250218102900/TotalModeFrames/SNCP1L44P00051_Index1/ir#left_SNCP1L44P00051_Index1_g1739874543560_f11_s1739874543687_e5000_d16_.jpg
[324.600s] -- Installing: /home/vboxuser/Ali_ws/install/orbbec_camera/share/orbbec_camera//examples/multi_camera_synced_verification_tool/multicamera_sync/output/20250218102900/TotalModeFrames/SNCP1L44P00051_Index1/color_SNCP1L44P00051_Index1_g1739874543460_f7_s1739874543505_e50_d16_.jpg
[324.603s] -- Installing: /home/vboxuser/Ali_ws/install/orbbec_camera/share/orbbec_camera//examples/multi_camera_synced_verification_tool/multicamera_sync/output/20250218102900/TotalModeFrames/SNCP1L44P00051_Index1/ir#left_SNCP1L44P00051_Index1_g1739874543294_f2_s1739874543319_e5000_d16_.jpg
[324.605s] -- Installing: /home/vboxuser/Ali_ws/install/orbbec_camera/share/orbbec_camera//examples/multi_camera_synced_verification_tool/multicamera_sync/output/20250218102900/TotalModeFrames/SNCP1L44P00051_Index1/color_SNCP1L44P00051_Index1_g1739874543560_f10_s1739874543618_e50_d16_.jpg
[324.608s] -- Installing: /home/vboxuser/Ali_ws/install/orbbec_camera/share/orbbec_camera//examples/multi_camera_synced_verification_tool/multicamera_sync/output/20250218102900/TotalModeFrames/SNCP1L44P00051_Index1/ir#left_SNCP1L44P00051_Index1_g1739874543227_f0_s1739874543250_e5000_d16_.jpg
[324.611s] -- Installing: /home/vboxuser/Ali_ws/install/orbbec_camera/share/orbbec_camera//examples/multi_camera_synced_verification_tool/multicamera_sync/output/20250218102900/TotalModeFrames/SNCP1L44P00051_Index1/ir#left_SNCP1L44P00051_Index1_g1739874543494_f8_s1739874543687_e5000_d16_.jpg
[324.613s] -- Installing: /home/vboxuser/Ali_ws/install/orbbec_camera/share/orbbec_camera//examples/multi_camera_synced_verification_tool/multicamera_sync/output/20250218102900/TotalModeFrames/SNCP1L44P00051_Index1/color_SNCP1L44P00051_Index1_g1739874543227_f0_s1739874543304_e50_d16_.jpg
[324.615s] -- Installing: /home/vboxuser/Ali_ws/install/orbbec_camera/share/orbbec_camera//examples/multi_camera_synced_verification_tool/multicamera_sync/output/20250218102900/TotalModeFrames/SNCP1L44P00051_Index1/ir#left_SNCP1L44P00051_Index1_g1739874543394_f5_s1739874543661_e5000_d16_.jpg
[324.617s] -- Installing: /home/vboxuser/Ali_ws/install/orbbec_camera/share/orbbec_camera//examples/multi_camera_synced_verification_tool/multicamera_sync/output/20250218102900/TotalModeFrames/SNCP1L44P00051_Index1/color_SNCP1L44P00051_Index1_g1739874543360_f4_s1739874543468_e50_d16_.jpg
[324.620s] -- Installing: /home/vboxuser/Ali_ws/install/orbbec_camera/share/orbbec_camera//examples/multi_camera_synced_verification_tool/multicamera_sync/output/20250218102900/TotalModeFrames/SNCP1L44P00051_Index1/color_SNCP1L44P00051_Index1_g1739874543293_f2_s1739874543446_e50_d16_.jpg
[324.623s] -- Installing: /home/vboxuser/Ali_ws/install/orbbec_camera/share/orbbec_camera//examples/multi_camera_synced_verification_tool/multicamera_sync/output/20250218102900/TotalModeFrames/SNCP1E5420006D_Index0
[324.624s] -- Installing: /home/vboxuser/Ali_ws/install/orbbec_camera/share/orbbec_camera//examples/multi_camera_synced_verification_tool/multicamera_sync/output/20250218102900/TotalModeFrames/SNCP1E5420006D_Index0/color_SNCP1E5420006D_Index0_g1739874543394_f5_s1739874543506_e50_d16_.jpg
[324.627s] -- Installing: /home/vboxuser/Ali_ws/install/orbbec_camera/share/orbbec_camera//examples/multi_camera_synced_verification_tool/multicamera_sync/output/20250218102900/TotalModeFrames/SNCP1E5420006D_Index0/color_SNCP1E5420006D_Index0_g1739874543494_f8_s1739874543548_e50_d16_.jpg
[324.631s] -- Installing: /home/vboxuser/Ali_ws/install/orbbec_camera/share/orbbec_camera//examples/multi_camera_synced_verification_tool/multicamera_sync/output/20250218102900/TotalModeFrames/SNCP1E5420006D_Index0/ir#left_SNCP1E5420006D_Index0_g1739874543361_f4_s1739874543405_e5000_d16_.jpg
[324.633s] -- Installing: /home/vboxuser/Ali_ws/install/orbbec_camera/share/orbbec_camera//examples/multi_camera_synced_verification_tool/multicamera_sync/output/20250218102900/TotalModeFrames/SNCP1E5420006D_Index0/color_SNCP1E5420006D_Index0_g1739874543427_f6_s1739874543518_e50_d16_.jpg
[324.637s] -- Installing: /home/vboxuser/Ali_ws/install/orbbec_camera/share/orbbec_camera//examples/multi_camera_synced_verification_tool/multicamera_sync/output/20250218102900/TotalModeFrames/SNCP1E5420006D_Index0/ir#left_SNCP1E5420006D_Index0_g1739874543427_f6_s1739874543474_e5000_d16_.jpg
[324.640s] -- Installing: /home/vboxuser/Ali_ws/install/orbbec_camera/share/orbbec_camera//examples/multi_camera_synced_verification_tool/multicamera_sync/output/20250218102900/TotalModeFrames/SNCP1E5420006D_Index0/color_SNCP1E5420006D_Index0_g1739874543260_f1_s1739874543351_e50_d16_.jpg
[324.644s] -- Installing: /home/vboxuser/Ali_ws/install/orbbec_camera/share/orbbec_camera//examples/multi_camera_synced_verification_tool/multicamera_sync/output/20250218102900/TotalModeFrames/SNCP1E5420006D_Index0/ir#left_SNCP1E5420006D_Index0_g1739874543494_f8_s1739874543528_e5000_d16_.jpg
[324.646s] -- Installing: /home/vboxuser/Ali_ws/install/orbbec_camera/share/orbbec_camera//examples/multi_camera_synced_verification_tool/multicamera_sync/output/20250218102900/TotalModeFrames/SNCP1E5420006D_Index0/color_SNCP1E5420006D_Index0_g1739874543327_f3_s1739874543441_e50_d16_.jpg
[324.649s] -- Installing: /home/vboxuser/Ali_ws/install/orbbec_camera/share/orbbec_camera//examples/multi_camera_synced_verification_tool/multicamera_sync/output/20250218102900/TotalModeFrames/SNCP1E5420006D_Index0/ir#left_SNCP1E5420006D_Index0_g1739874543327_f3_s1739874543393_e5000_d16_.jpg
[324.651s] -- Installing: /home/vboxuser/Ali_ws/install/orbbec_camera/share/orbbec_camera//examples/multi_camera_synced_verification_tool/multicamera_sync/output/20250218102900/TotalModeFrames/SNCP1E5420006D_Index0/ir#left_SNCP1E5420006D_Index0_g1739874543461_f7_s1739874543493_e5000_d16_.jpg
[324.653s] -- Installing: /home/vboxuser/Ali_ws/install/orbbec_camera/share/orbbec_camera//examples/multi_camera_synced_verification_tool/multicamera_sync/output/20250218102900/TotalModeFrames/SNCP1E5420006D_Index0/ir#left_SNCP1E5420006D_Index0_g1739874543294_f2_s1739874543329_e5000_d16_.jpg
[324.655s] -- Installing: /home/vboxuser/Ali_ws/install/orbbec_camera/share/orbbec_camera//examples/multi_camera_synced_verification_tool/multicamera_sync/output/20250218102900/TotalModeFrames/SNCP1E5420006D_Index0/color_SNCP1E5420006D_Index0_g1739874543360_f4_s1739874543442_e50_d16_.jpg
[324.658s] -- Installing: /home/vboxuser/Ali_ws/install/orbbec_camera/share/orbbec_camera//examples/multi_camera_synced_verification_tool/multicamera_sync/output/20250218102900/TotalModeFrames/SNCP1E5420006D_Index0/ir#left_SNCP1E5420006D_Index0_g1739874543260_f1_s1739874543310_e5000_d16_.jpg
[324.660s] -- Installing: /home/vboxuser/Ali_ws/install/orbbec_camera/share/orbbec_camera//examples/multi_camera_synced_verification_tool/multicamera_sync/output/20250218102900/TotalModeFrames/SNCP1E5420006D_Index0/ir#left_SNCP1E5420006D_Index0_g1739874543561_f10_s1739874543628_e5000_d16_.jpg
[324.662s] -- Installing: /home/vboxuser/Ali_ws/install/orbbec_camera/share/orbbec_camera//examples/multi_camera_synced_verification_tool/multicamera_sync/output/20250218102900/TotalModeFrames/SNCP1E5420006D_Index0/color_SNCP1E5420006D_Index0_g1739874543461_f7_s1739874543520_e50_d16_.jpg
[324.665s] -- Installing: /home/vboxuser/Ali_ws/install/orbbec_camera/share/orbbec_camera//examples/multi_camera_synced_verification_tool/multicamera_sync/output/20250218102900/TotalModeFrames/SNCP1E5420006D_Index0/ir#left_SNCP1E5420006D_Index0_g1739874543394_f5_s1739874543473_e5000_d16_.jpg
[324.668s] -- Installing: /home/vboxuser/Ali_ws/install/orbbec_camera/share/orbbec_camera//examples/multi_camera_synced_verification_tool/multicamera_sync/output/20250218102900/TotalModeFrames/SNCP1E5420006D_Index0/color_SNCP1E5420006D_Index0_g1739874543294_f2_s1739874543359_e50_d16_.jpg
[324.671s] -- Installing: /home/vboxuser/Ali_ws/install/orbbec_camera/share/orbbec_camera//examples/multi_camera_synced_verification_tool/multicamera_sync/output/20250218102900/TotalModeFrames/SNCP1E5420006D_Index0/color_SNCP1E5420006D_Index0_g1739874543561_f10_s1739874543648_e50_d16_.jpg
[324.674s] -- Installing: /home/vboxuser/Ali_ws/install/orbbec_camera/share/orbbec_camera//examples/multi_camera_synced_verification_tool/multicamera_sync/output/20250218102900/TotalModeFrames/SNCP1E5420006D_Index0/ir#left_SNCP1E5420006D_Index0_g1739874543227_f0_s1739874543250_e5000_d16_.jpg
[324.676s] -- Installing: /home/vboxuser/Ali_ws/install/orbbec_camera/share/orbbec_camera//examples/multi_camera_synced_verification_tool/multicamera_sync/output/20250218102900/TotalModeFrames/SNCP1E5420006D_Index0/color_SNCP1E5420006D_Index0_g1739874543227_f0_s1739874543327_e50_d16_.jpg
[324.680s] -- Installing: /home/vboxuser/Ali_ws/install/orbbec_camera/share/orbbec_camera//examples/multi_camera_synced_verification_tool/multicamera_sync/output/20250218102900/TotalModeFrames/SNCP1E5420006D_Index0/ir#left_SNCP1E5420006D_Index0_g1739874543527_f9_s1739874543627_e5000_d16_.jpg
[324.682s] -- Installing: /home/vboxuser/Ali_ws/install/orbbec_camera/share/orbbec_camera//examples/multi_camera_synced_verification_tool/multicamera_sync/output/20250218102900/TotalModeFrames/SNCP1E5420006D_Index0/color_SNCP1E5420006D_Index0_g1739874543527_f9_s1739874543603_e50_d16_.jpg
[324.687s] -- Installing: /home/vboxuser/Ali_ws/install/orbbec_camera/share/orbbec_camera//examples/multi_camera_synced_verification_tool/multicamera_sync/output/20250218102900/DevicesInfo.txt
[324.688s] -- Installing: /home/vboxuser/Ali_ws/install/orbbec_camera/share/orbbec_camera//examples/multi_camera_synced_verification_tool/multicamera_sync/output/20250218102900/StreamProfileInfo.txt
[324.689s] -- Installing: /home/vboxuser/Ali_ws/install/orbbec_camera/share/orbbec_camera//examples/multi_camera_synced_verification_tool/multicamera_sync/output/20250218102900/results-2025-02-25_163648
[324.689s] -- Installing: /home/vboxuser/Ali_ws/install/orbbec_camera/share/orbbec_camera//examples/multi_camera_synced_verification_tool/multicamera_sync/output/20250218102900/results-2025-02-25_163648/frameMatchLog.txt
[324.692s] -- Installing: /home/vboxuser/Ali_ws/install/orbbec_camera/share/orbbec_camera//examples/multi_camera_synced_verification_tool/multicamera_sync/output/20250218102900/results-2025-02-25_163648/matchFrames
[324.692s] -- Installing: /home/vboxuser/Ali_ws/install/orbbec_camera/share/orbbec_camera//examples/multi_camera_synced_verification_tool/multicamera_sync/output/20250218102900/results-2025-02-25_163648/matchFrames/2_ir_left_SNCP1E5420006D_Index0_1739874543461_[1].jpg
[324.696s] -- Installing: /home/vboxuser/Ali_ws/install/orbbec_camera/share/orbbec_camera//examples/multi_camera_synced_verification_tool/multicamera_sync/output/20250218102900/results-2025-02-25_163648/matchFrames/1_color_SNCP1E5420006D_Index0_1739874543494_[0].jpg
[324.700s] -- Installing: /home/vboxuser/Ali_ws/install/orbbec_camera/share/orbbec_camera//examples/multi_camera_synced_verification_tool/multicamera_sync/output/20250218102900/results-2025-02-25_163648/matchFrames/6_ir_left_SNCP1E5420006D_Index0_1739874543561_[1].jpg
[324.702s] -- Installing: /home/vboxuser/Ali_ws/install/orbbec_camera/share/orbbec_camera//examples/multi_camera_synced_verification_tool/multicamera_sync/output/20250218102900/results-2025-02-25_163648/matchFrames/3_ir_left_SNCP1L44P00051_Index1_1739874543260_[0].jpg
[324.703s] -- Installing: /home/vboxuser/Ali_ws/install/orbbec_camera/share/orbbec_camera//examples/multi_camera_synced_verification_tool/multicamera_sync/output/20250218102900/results-2025-02-25_163648/matchFrames/1_color_SNCP1L44P00051_Index1_1739874543494_[0].jpg
[324.707s] -- Installing: /home/vboxuser/Ali_ws/install/orbbec_camera/share/orbbec_camera//examples/multi_camera_synced_verification_tool/multicamera_sync/output/20250218102900/results-2025-02-25_163648/matchFrames/9_ir_left_SNCP1L44P00051_Index1_1739874543394_[1].jpg
[324.709s] -- Installing: /home/vboxuser/Ali_ws/install/orbbec_camera/share/orbbec_camera//examples/multi_camera_synced_verification_tool/multicamera_sync/output/20250218102900/results-2025-02-25_163648/matchFrames/5_color_SNCP1E5420006D_Index0_1739874543327_[0].jpg
[324.712s] -- Installing: /home/vboxuser/Ali_ws/install/orbbec_camera/share/orbbec_camera//examples/multi_camera_synced_verification_tool/multicamera_sync/output/20250218102900/results-2025-02-25_163648/matchFrames/2_color_SNCP1E5420006D_Index0_1739874543461_[1].jpg
[324.714s] -- Installing: /home/vboxuser/Ali_ws/install/orbbec_camera/share/orbbec_camera//examples/multi_camera_synced_verification_tool/multicamera_sync/output/20250218102900/results-2025-02-25_163648/matchFrames/5_color_SNCP1L44P00051_Index1_1739874543327_[0].jpg
[324.717s] -- Installing: /home/vboxuser/Ali_ws/install/orbbec_camera/share/orbbec_camera//examples/multi_camera_synced_verification_tool/multicamera_sync/output/20250218102900/results-2025-02-25_163648/matchFrames/4_color_SNCP1E5420006D_Index0_1739874543360_[0].jpg
[324.720s] -- Installing: /home/vboxuser/Ali_ws/install/orbbec_camera/share/orbbec_camera//examples/multi_camera_synced_verification_tool/multicamera_sync/output/20250218102900/results-2025-02-25_163648/matchFrames/1_ir_left_SNCP1E5420006D_Index0_1739874543494_[0].jpg
[324.722s] -- Installing: /home/vboxuser/Ali_ws/install/orbbec_camera/share/orbbec_camera//examples/multi_camera_synced_verification_tool/multicamera_sync/output/20250218102900/results-2025-02-25_163648/matchFrames/0_color_SNCP1L44P00051_Index1_1739874543527_[0].jpg
[324.725s] -- Installing: /home/vboxuser/Ali_ws/install/orbbec_camera/share/orbbec_camera//examples/multi_camera_synced_verification_tool/multicamera_sync/output/20250218102900/results-2025-02-25_163648/matchFrames/4_ir_left_SNCP1E5420006D_Index0_1739874543361_[1].jpg
[324.727s] -- Installing: /home/vboxuser/Ali_ws/install/orbbec_camera/share/orbbec_camera//examples/multi_camera_synced_verification_tool/multicamera_sync/output/20250218102900/results-2025-02-25_163648/matchFrames/3_ir_left_SNCP1E5420006D_Index0_1739874543260_[0].jpg
[324.729s] -- Installing: /home/vboxuser/Ali_ws/install/orbbec_camera/share/orbbec_camera//examples/multi_camera_synced_verification_tool/multicamera_sync/output/20250218102900/results-2025-02-25_163648/matchFrames/0_color_SNCP1E5420006D_Index0_1739874543527_[0].jpg
[324.732s] -- Installing: /home/vboxuser/Ali_ws/install/orbbec_camera/share/orbbec_camera//examples/multi_camera_synced_verification_tool/multicamera_sync/output/20250218102900/results-2025-02-25_163648/matchFrames/4_ir_left_SNCP1L44P00051_Index1_1739874543360_[0].jpg
[324.733s] -- Installing: /home/vboxuser/Ali_ws/install/orbbec_camera/share/orbbec_camera//examples/multi_camera_synced_verification_tool/multicamera_sync/output/20250218102900/results-2025-02-25_163648/matchFrames/6_color_SNCP1L44P00051_Index1_1739874543560_[0].jpg
[324.736s] -- Installing: /home/vboxuser/Ali_ws/install/orbbec_camera/share/orbbec_camera//examples/multi_camera_synced_verification_tool/multicamera_sync/output/20250218102900/results-2025-02-25_163648/matchFrames/7_color_SNCP1E5420006D_Index0_1739874543427_[0].jpg
[324.739s] -- Installing: /home/vboxuser/Ali_ws/install/orbbec_camera/share/orbbec_camera//examples/multi_camera_synced_verification_tool/multicamera_sync/output/20250218102900/results-2025-02-25_163648/matchFrames/5_ir_left_SNCP1L44P00051_Index1_1739874543327_[0].jpg
[324.741s] -- Installing: /home/vboxuser/Ali_ws/install/orbbec_camera/share/orbbec_camera//examples/multi_camera_synced_verification_tool/multicamera_sync/output/20250218102900/results-2025-02-25_163648/matchFrames/0_ir_left_SNCP1E5420006D_Index0_1739874543527_[0].jpg
[324.742s] -- Installing: /home/vboxuser/Ali_ws/install/orbbec_camera/share/orbbec_camera//examples/multi_camera_synced_verification_tool/multicamera_sync/output/20250218102900/results-2025-02-25_163648/matchFrames/8_color_SNCP1E5420006D_Index0_1739874543294_[1].jpg
[324.745s] -- Installing: /home/vboxuser/Ali_ws/install/orbbec_camera/share/orbbec_camera//examples/multi_camera_synced_verification_tool/multicamera_sync/output/20250218102900/results-2025-02-25_163648/matchFrames/3_color_SNCP1E5420006D_Index0_1739874543260_[0].jpg
[324.748s] -- Installing: /home/vboxuser/Ali_ws/install/orbbec_camera/share/orbbec_camera//examples/multi_camera_synced_verification_tool/multicamera_sync/output/20250218102900/results-2025-02-25_163648/matchFrames/3_color_SNCP1L44P00051_Index1_1739874543260_[0].jpg
[324.751s] -- Installing: /home/vboxuser/Ali_ws/install/orbbec_camera/share/orbbec_camera//examples/multi_camera_synced_verification_tool/multicamera_sync/output/20250218102900/results-2025-02-25_163648/matchFrames/6_ir_left_SNCP1L44P00051_Index1_1739874543560_[0].jpg
[324.753s] -- Installing: /home/vboxuser/Ali_ws/install/orbbec_camera/share/orbbec_camera//examples/multi_camera_synced_verification_tool/multicamera_sync/output/20250218102900/results-2025-02-25_163648/matchFrames/8_color_SNCP1L44P00051_Index1_1739874543293_[0].jpg
[324.755s] -- Installing: /home/vboxuser/Ali_ws/install/orbbec_camera/share/orbbec_camera//examples/multi_camera_synced_verification_tool/multicamera_sync/output/20250218102900/results-2025-02-25_163648/matchFrames/9_color_SNCP1E5420006D_Index0_1739874543394_[1].jpg
[324.758s] -- Installing: /home/vboxuser/Ali_ws/install/orbbec_camera/share/orbbec_camera//examples/multi_camera_synced_verification_tool/multicamera_sync/output/20250218102900/results-2025-02-25_163648/matchFrames/10_ir_left_SNCP1E5420006D_Index0_1739874543227_[0].jpg
[324.760s] -- Installing: /home/vboxuser/Ali_ws/install/orbbec_camera/share/orbbec_camera//examples/multi_camera_synced_verification_tool/multicamera_sync/output/20250218102900/results-2025-02-25_163648/matchFrames/7_color_SNCP1L44P00051_Index1_1739874543427_[0].jpg
[324.762s] -- Installing: /home/vboxuser/Ali_ws/install/orbbec_camera/share/orbbec_camera//examples/multi_camera_synced_verification_tool/multicamera_sync/output/20250218102900/results-2025-02-25_163648/matchFrames/8_ir_left_SNCP1L44P00051_Index1_1739874543294_[1].jpg
[324.764s] -- Installing: /home/vboxuser/Ali_ws/install/orbbec_camera/share/orbbec_camera//examples/multi_camera_synced_verification_tool/multicamera_sync/output/20250218102900/results-2025-02-25_163648/matchFrames/10_color_SNCP1E5420006D_Index0_1739874543227_[0].jpg
[324.767s] -- Installing: /home/vboxuser/Ali_ws/install/orbbec_camera/share/orbbec_camera//examples/multi_camera_synced_verification_tool/multicamera_sync/output/20250218102900/results-2025-02-25_163648/matchFrames/4_color_SNCP1L44P00051_Index1_1739874543360_[0].jpg
[324.771s] -- Installing: /home/vboxuser/Ali_ws/install/orbbec_camera/share/orbbec_camera//examples/multi_camera_synced_verification_tool/multicamera_sync/output/20250218102900/results-2025-02-25_163648/matchFrames/8_ir_left_SNCP1E5420006D_Index0_1739874543294_[1].jpg
[324.772s] -- Installing: /home/vboxuser/Ali_ws/install/orbbec_camera/share/orbbec_camera//examples/multi_camera_synced_verification_tool/multicamera_sync/output/20250218102900/results-2025-02-25_163648/matchFrames/5_ir_left_SNCP1E5420006D_Index0_1739874543327_[0].jpg
[324.775s] -- Installing: /home/vboxuser/Ali_ws/install/orbbec_camera/share/orbbec_camera//examples/multi_camera_synced_verification_tool/multicamera_sync/output/20250218102900/results-2025-02-25_163648/matchFrames/9_ir_left_SNCP1E5420006D_Index0_1739874543394_[1].jpg
[324.776s] -- Installing: /home/vboxuser/Ali_ws/install/orbbec_camera/share/orbbec_camera//examples/multi_camera_synced_verification_tool/multicamera_sync/output/20250218102900/results-2025-02-25_163648/matchFrames/10_color_SNCP1L44P00051_Index1_1739874543227_[0].jpg
[324.780s] -- Installing: /home/vboxuser/Ali_ws/install/orbbec_camera/share/orbbec_camera//examples/multi_camera_synced_verification_tool/multicamera_sync/output/20250218102900/results-2025-02-25_163648/matchFrames/7_ir_left_SNCP1E5420006D_Index0_1739874543427_[0].jpg
[324.782s] -- Installing: /home/vboxuser/Ali_ws/install/orbbec_camera/share/orbbec_camera//examples/multi_camera_synced_verification_tool/multicamera_sync/output/20250218102900/results-2025-02-25_163648/matchFrames/6_color_SNCP1E5420006D_Index0_1739874543561_[1].jpg
[324.786s] -- Installing: /home/vboxuser/Ali_ws/install/orbbec_camera/share/orbbec_camera//examples/multi_camera_synced_verification_tool/multicamera_sync/output/20250218102900/results-2025-02-25_163648/matchFrames/9_color_SNCP1L44P00051_Index1_1739874543393_[0].jpg
[324.789s] -- Installing: /home/vboxuser/Ali_ws/install/orbbec_camera/share/orbbec_camera//examples/multi_camera_synced_verification_tool/multicamera_sync/output/20250218102900/results-2025-02-25_163648/matchFrames/10_ir_left_SNCP1L44P00051_Index1_1739874543227_[0].jpg
[324.790s] -- Installing: /home/vboxuser/Ali_ws/install/orbbec_camera/share/orbbec_camera//examples/multi_camera_synced_verification_tool/multicamera_sync/output/20250218102900/results-2025-02-25_163648/matchFrames/1_ir_left_SNCP1L44P00051_Index1_1739874543494_[0].jpg
[324.792s] -- Installing: /home/vboxuser/Ali_ws/install/orbbec_camera/share/orbbec_camera//examples/multi_camera_synced_verification_tool/multicamera_sync/output/20250218102900/results-2025-02-25_163648/matchFrames/2_ir_left_SNCP1L44P00051_Index1_1739874543460_[0].jpg
[324.794s] -- Installing: /home/vboxuser/Ali_ws/install/orbbec_camera/share/orbbec_camera//examples/multi_camera_synced_verification_tool/multicamera_sync/output/20250218102900/results-2025-02-25_163648/matchFrames/7_ir_left_SNCP1L44P00051_Index1_1739874543427_[0].jpg
[324.797s] -- Installing: /home/vboxuser/Ali_ws/install/orbbec_camera/share/orbbec_camera//examples/multi_camera_synced_verification_tool/multicamera_sync/output/20250218102900/results-2025-02-25_163648/matchFrames/0_ir_left_SNCP1L44P00051_Index1_1739874543527_[0].jpg
[324.798s] -- Installing: /home/vboxuser/Ali_ws/install/orbbec_camera/share/orbbec_camera//examples/multi_camera_synced_verification_tool/multicamera_sync/output/20250218102900/results-2025-02-25_163648/matchFrames/2_color_SNCP1L44P00051_Index1_1739874543460_[0].jpg
[324.801s] -- Installing: /home/vboxuser/Ali_ws/install/orbbec_camera/share/orbbec_camera//examples/lower_cpu_usage
[324.802s] -- Installing: /home/vboxuser/Ali_ws/install/orbbec_camera/share/orbbec_camera//examples/lower_cpu_usage/gemini_330_series_lower_cpu_usage.launch.py
[324.803s] -- Installing: /home/vboxuser/Ali_ws/install/orbbec_camera/share/orbbec_camera//examples/lower_cpu_usage/multi_camera_lower_cpu_usage.launch.py
[324.804s] -- Installing: /home/vboxuser/Ali_ws/install/orbbec_camera/share/orbbec_camera//examples/gmsl_camera
[324.804s] -- Installing: /home/vboxuser/Ali_ws/install/orbbec_camera/share/orbbec_camera//examples/gmsl_camera/gemini_330_gmsl.launch.py
[324.806s] -- Installing: /home/vboxuser/Ali_ws/install/orbbec_camera/share/orbbec_camera//examples/gmsl_camera/multi_gmsl_camera.launch.py
[324.807s] -- Installing: /home/vboxuser/Ali_ws/install/orbbec_camera/share/orbbec_camera//examples/gmsl_camera/multi_gmsl_camera_synced.launch.py
[324.808s] -- Installing: /home/vboxuser/Ali_ws/install/orbbec_camera/share/orbbec_camera//examples/net_camera
[324.808s] -- Installing: /home/vboxuser/Ali_ws/install/orbbec_camera/share/orbbec_camera//examples/net_camera/multi_net_camera.launch.py
[324.809s] -- Installing: /home/vboxuser/Ali_ws/install/orbbec_camera/share/orbbec_camera//examples/benchmark
[324.809s] -- Installing: /home/vboxuser/Ali_ws/install/orbbec_camera/share/orbbec_camera//examples/benchmark/ob_benchmark_1.launch.py
[324.811s] -- Installing: /home/vboxuser/Ali_ws/install/orbbec_camera/share/orbbec_camera//examples/benchmark/ob_benchmark_0.launch.py
[324.812s] -- Installing: /home/vboxuser/Ali_ws/install/orbbec_camera/share/orbbec_camera//examples/benchmark/gemini_330_series_benchmark.launch.py
[324.813s] -- Installing: /home/vboxuser/Ali_ws/install/orbbec_camera/share/orbbec_camera//examples/multi_camera_time_sync
[324.814s] -- Installing: /home/vboxuser/Ali_ws/install/orbbec_camera/share/orbbec_camera//examples/multi_camera_time_sync/image_sync_example_node.cpp
[324.814s] -- Up-to-date: /home/vboxuser/Ali_ws/install/orbbec_camera/include
[324.815s] -- Installing: /home/vboxuser/Ali_ws/install/orbbec_camera/include/libobsensor
[324.815s] -- Installing: /home/vboxuser/Ali_ws/install/orbbec_camera/include/libobsensor/hpp
[324.816s] -- Installing: /home/vboxuser/Ali_ws/install/orbbec_camera/include/libobsensor/hpp/Filter.hpp
[324.816s] -- Installing: /home/vboxuser/Ali_ws/install/orbbec_camera/include/libobsensor/hpp/Context.hpp
[324.816s] -- Installing: /home/vboxuser/Ali_ws/install/orbbec_camera/include/libobsensor/hpp/Error.hpp
[324.817s] -- Installing: /home/vboxuser/Ali_ws/install/orbbec_camera/include/libobsensor/hpp/StreamProfile.hpp
[324.817s] -- Installing: /home/vboxuser/Ali_ws/install/orbbec_camera/include/libobsensor/hpp/Device.hpp
[324.817s] -- Installing: /home/vboxuser/Ali_ws/install/orbbec_camera/include/libobsensor/hpp/Sensor.hpp
[324.818s] -- Installing: /home/vboxuser/Ali_ws/install/orbbec_camera/include/libobsensor/hpp/Types.hpp
[324.818s] -- Installing: /home/vboxuser/Ali_ws/install/orbbec_camera/include/libobsensor/hpp/Pipeline.hpp
[324.818s] -- Installing: /home/vboxuser/Ali_ws/install/orbbec_camera/include/libobsensor/hpp/Frame.hpp
[324.819s] -- Installing: /home/vboxuser/Ali_ws/install/orbbec_camera/include/libobsensor/hpp/RecordPlayback.hpp
[324.819s] -- Installing: /home/vboxuser/Ali_ws/install/orbbec_camera/include/libobsensor/hpp/TypeHelper.hpp
[324.819s] -- Installing: /home/vboxuser/Ali_ws/install/orbbec_camera/include/libobsensor/hpp/Utils.hpp
[324.821s] -- Installing: /home/vboxuser/Ali_ws/install/orbbec_camera/include/libobsensor/hpp/Version.hpp
[324.822s] -- Installing: /home/vboxuser/Ali_ws/install/orbbec_camera/include/libobsensor/ObSensor.hpp
[324.822s] -- Installing: /home/vboxuser/Ali_ws/install/orbbec_camera/include/libobsensor/h
[324.822s] -- Installing: /home/vboxuser/Ali_ws/install/orbbec_camera/include/libobsensor/h/Error.h
[324.823s] -- Installing: /home/vboxuser/Ali_ws/install/orbbec_camera/include/libobsensor/h/Device.h
[324.823s] -- Installing: /home/vboxuser/Ali_ws/install/orbbec_camera/include/libobsensor/h/Property.h
[324.823s] -- Installing: /home/vboxuser/Ali_ws/install/orbbec_camera/include/libobsensor/h/TypeHelper.h
[324.823s] -- Installing: /home/vboxuser/Ali_ws/install/orbbec_camera/include/libobsensor/h/StreamProfile.h
[324.824s] -- Installing: /home/vboxuser/Ali_ws/install/orbbec_camera/include/libobsensor/h/Utils.h
[324.825s] -- Installing: /home/vboxuser/Ali_ws/install/orbbec_camera/include/libobsensor/h/Pipeline.h
[324.826s] -- Installing: /home/vboxuser/Ali_ws/install/orbbec_camera/include/libobsensor/h/ObTypes.h
[324.826s] -- Installing: /home/vboxuser/Ali_ws/install/orbbec_camera/include/libobsensor/h/MultipleDevices.h
[324.827s] -- Installing: /home/vboxuser/Ali_ws/install/orbbec_camera/include/libobsensor/h/Export.h
[324.828s] -- Installing: /home/vboxuser/Ali_ws/install/orbbec_camera/include/libobsensor/h/Advanced.h
[324.828s] -- Installing: /home/vboxuser/Ali_ws/install/orbbec_camera/include/libobsensor/h/Filter.h
[324.829s] -- Installing: /home/vboxuser/Ali_ws/install/orbbec_camera/include/libobsensor/h/Frame.h
[324.829s] -- Installing: /home/vboxuser/Ali_ws/install/orbbec_camera/include/libobsensor/h/Version.h
[324.829s] -- Installing: /home/vboxuser/Ali_ws/install/orbbec_camera/include/libobsensor/h/Context.h
[324.830s] -- Installing: /home/vboxuser/Ali_ws/install/orbbec_camera/include/libobsensor/h/RecordPlayback.h
[324.830s] -- Installing: /home/vboxuser/Ali_ws/install/orbbec_camera/include/libobsensor/h/Sensor.h
[324.830s] -- Installing: /home/vboxuser/Ali_ws/install/orbbec_camera/include/libobsensor/ObSensor.h
[324.833s] -- Up-to-date: /home/vboxuser/Ali_ws/install/orbbec_camera/lib/
[324.835s] -- Installing: /home/vboxuser/Ali_ws/install/orbbec_camera/lib//libOrbbecSDK.so.2
[324.835s] -- Installing: /home/vboxuser/Ali_ws/install/orbbec_camera/lib//extensions
[324.835s] -- Installing: /home/vboxuser/Ali_ws/install/orbbec_camera/lib//extensions/depthengine
[324.836s] -- Installing: /home/vboxuser/Ali_ws/install/orbbec_camera/lib//extensions/depthengine/libdepthengine.so
[324.836s] -- Installing: /home/vboxuser/Ali_ws/install/orbbec_camera/lib//extensions/depthengine/libdepthengine.so.2.0
[324.842s] -- Installing: /home/vboxuser/Ali_ws/install/orbbec_camera/lib//extensions/filters
[324.842s] -- Installing: /home/vboxuser/Ali_ws/install/orbbec_camera/lib//extensions/filters/libob_priv_filter.so
[324.846s] -- Installing: /home/vboxuser/Ali_ws/install/orbbec_camera/lib//extensions/filters/libFilterProcessor.so
[324.851s] -- Installing: /home/vboxuser/Ali_ws/install/orbbec_camera/lib//extensions/frameprocessor
[324.851s] -- Installing: /home/vboxuser/Ali_ws/install/orbbec_camera/lib//extensions/frameprocessor/libob_frame_processor.so
[324.854s] -- Installing: /home/vboxuser/Ali_ws/install/orbbec_camera/lib//extensions/firmwareupdater
[324.855s] -- Installing: /home/vboxuser/Ali_ws/install/orbbec_camera/lib//extensions/firmwareupdater/libfirmwareupdater.so
[324.859s] -- Installing: /home/vboxuser/Ali_ws/install/orbbec_camera/lib//libOrbbecSDK.so
[324.860s] -- Installing: /home/vboxuser/Ali_ws/install/orbbec_camera/lib//libOrbbecSDK.so.2.5.5
[324.939s] -- Installing: /home/vboxuser/Ali_ws/install/orbbec_camera/lib/extensions/libdepthengine.so
[324.940s] -- Installing: /home/vboxuser/Ali_ws/install/orbbec_camera/lib/extensions/libdepthengine.so.2.0
[324.941s] -- Installing: /home/vboxuser/Ali_ws/install/orbbec_camera/lib/extensions/libFilterProcessor.so
[324.941s] -- Installing: /home/vboxuser/Ali_ws/install/orbbec_camera/lib/extensions/libob_priv_filter.so
[324.942s] -- Installing: /home/vboxuser/Ali_ws/install/orbbec_camera/lib/extensions/libfirmwareupdater.so
[324.943s] -- Installing: /home/vboxuser/Ali_ws/install/orbbec_camera/lib/extensions/libob_frame_processor.so
[324.944s] -- Installing: /home/vboxuser/Ali_ws/install/orbbec_camera/share/orbbec_camera/udev/99-obsensor-libusb.rules
[324.946s] -- Installing: /home/vboxuser/Ali_ws/install/orbbec_camera/lib/orbbec_camera/list_devices_node
[324.946s] -- Set runtime path of "/home/vboxuser/Ali_ws/install/orbbec_camera/lib/orbbec_camera/list_devices_node" to ":/home/vboxuser/Ali_ws/src/orbbec_camera/SDK/lib/x64"
[324.946s] -- Installing: /home/vboxuser/Ali_ws/install/orbbec_camera/lib/orbbec_camera/list_depth_work_mode_node
[324.947s] -- Set runtime path of "/home/vboxuser/Ali_ws/install/orbbec_camera/lib/orbbec_camera/list_depth_work_mode_node" to ":/home/vboxuser/Ali_ws/src/orbbec_camera/SDK/lib/x64"
[324.947s] -- Installing: /home/vboxuser/Ali_ws/install/orbbec_camera/lib/orbbec_camera/list_camera_profile_mode_node
[324.948s] -- Set runtime path of "/home/vboxuser/Ali_ws/install/orbbec_camera/lib/orbbec_camera/list_camera_profile_mode_node" to ":/home/vboxuser/Ali_ws/src/orbbec_camera/SDK/lib/x64"
[324.950s] -- Installing: /home/vboxuser/Ali_ws/install/orbbec_camera/lib/orbbec_camera/topic_statistics_node
[324.950s] -- Set runtime path of "/home/vboxuser/Ali_ws/install/orbbec_camera/lib/orbbec_camera/topic_statistics_node" to ":/home/vboxuser/Ali_ws/src/orbbec_camera/SDK/lib/x64"
[324.950s] -- Installing: /home/vboxuser/Ali_ws/install/orbbec_camera/lib/orbbec_camera/service_benchmark_node
[324.952s] -- Set runtime path of "/home/vboxuser/Ali_ws/install/orbbec_camera/lib/orbbec_camera/service_benchmark_node" to ":/home/vboxuser/Ali_ws/src/orbbec_camera/SDK/lib/x64"
[324.953s] -- Installing: /home/vboxuser/Ali_ws/install/orbbec_camera/lib/orbbec_camera/ob_benchmark_node
[324.953s] -- Set runtime path of "/home/vboxuser/Ali_ws/install/orbbec_camera/lib/orbbec_camera/ob_benchmark_node" to ":/home/vboxuser/Ali_ws/src/orbbec_camera/SDK/lib/x64"
[324.953s] -- Installing: /home/vboxuser/Ali_ws/install/orbbec_camera/lib/orbbec_camera/435le_example_node
[324.955s] -- Set runtime path of "/home/vboxuser/Ali_ws/install/orbbec_camera/lib/orbbec_camera/435le_example_node" to ":/home/vboxuser/Ali_ws/src/orbbec_camera/SDK/lib/x64"
[324.955s] -- Installing: /home/vboxuser/Ali_ws/install/orbbec_camera/lib/orbbec_camera/set_device_ip
[324.956s] -- Set runtime path of "/home/vboxuser/Ali_ws/install/orbbec_camera/lib/orbbec_camera/set_device_ip" to ":/home/vboxuser/Ali_ws/src/orbbec_camera/SDK/lib/x64"
[324.958s] -- Installing: /home/vboxuser/Ali_ws/install/orbbec_camera/lib/orbbec_camera/image_sync_example_node
[324.958s] -- Set runtime path of "/home/vboxuser/Ali_ws/install/orbbec_camera/lib/orbbec_camera/image_sync_example_node" to ":/home/vboxuser/Ali_ws/src/orbbec_camera/SDK/lib/x64"
[324.958s] -- Installing: /home/vboxuser/Ali_ws/install/orbbec_camera/share/orbbec_camera/environment/library_path.sh
[324.959s] -- Installing: /home/vboxuser/Ali_ws/install/orbbec_camera/share/orbbec_camera/environment/library_path.dsv
[324.959s] -- Installing: /home/vboxuser/Ali_ws/install/orbbec_camera/share/ament_index/resource_index/package_run_dependencies/orbbec_camera
[324.960s] -- Installing: /home/vboxuser/Ali_ws/install/orbbec_camera/share/ament_index/resource_index/parent_prefix_path/orbbec_camera
[324.960s] -- Installing: /home/vboxuser/Ali_ws/install/orbbec_camera/share/orbbec_camera/environment/ament_prefix_path.sh
[324.960s] -- Installing: /home/vboxuser/Ali_ws/install/orbbec_camera/share/orbbec_camera/environment/ament_prefix_path.dsv
[324.961s] -- Installing: /home/vboxuser/Ali_ws/install/orbbec_camera/share/orbbec_camera/environment/path.sh
[324.961s] -- Installing: /home/vboxuser/Ali_ws/install/orbbec_camera/share/orbbec_camera/environment/path.dsv
[324.962s] -- Installing: /home/vboxuser/Ali_ws/install/orbbec_camera/share/orbbec_camera/local_setup.bash
[324.962s] -- Installing: /home/vboxuser/Ali_ws/install/orbbec_camera/share/orbbec_camera/local_setup.sh
[324.963s] -- Installing: /home/vboxuser/Ali_ws/install/orbbec_camera/share/orbbec_camera/local_setup.zsh
[324.963s] -- Installing: /home/vboxuser/Ali_ws/install/orbbec_camera/share/orbbec_camera/local_setup.dsv
[324.963s] -- Installing: /home/vboxuser/Ali_ws/install/orbbec_camera/share/orbbec_camera/package.dsv
[324.964s] -- Installing: /home/vboxuser/Ali_ws/install/orbbec_camera/share/ament_index/resource_index/packages/orbbec_camera
[324.964s] -- Installing: /home/vboxuser/Ali_ws/install/orbbec_camera/share/ament_index/resource_index/rclcpp_components/orbbec_camera
[324.965s] -- Installing: /home/vboxuser/Ali_ws/install/orbbec_camera/share/orbbec_camera/cmake/ament_cmake_export_include_directories-extras.cmake
[324.965s] -- Installing: /home/vboxuser/Ali_ws/install/orbbec_camera/share/orbbec_camera/cmake/ament_cmake_export_libraries-extras.cmake
[324.965s] -- Installing: /home/vboxuser/Ali_ws/install/orbbec_camera/share/orbbec_camera/cmake/ament_cmake_export_dependencies-extras.cmake
[324.966s] -- Installing: /home/vboxuser/Ali_ws/install/orbbec_camera/share/orbbec_camera/cmake/orbbec_cameraConfig.cmake
[324.966s] -- Installing: /home/vboxuser/Ali_ws/install/orbbec_camera/share/orbbec_camera/cmake/orbbec_cameraConfig-version.cmake
[324.967s] -- Installing: /home/vboxuser/Ali_ws/install/orbbec_camera/share/orbbec_camera/package.xml
[324.994s] Invoked command in '/home/vboxuser/Ali_ws/build/orbbec_camera' returned '0': CMAKE_PREFIX_PATH=/home/vboxuser/Ali_ws/install/orbbec_camera_msgs:/home/vboxuser/Ali_ws/install/orbbec_description:/home/vboxuser/Ali_ws/install/orbbec_camera:/home/vboxuser/Ali_ws/install/ros2_linkattacher:/home/vboxuser/Ali_ws/install/linkattacher_msgs:/home/vboxuser/Ali_ws/install/xarm_planner:/home/vboxuser/Ali_ws/install/xarm_moveit_servo:/home/vboxuser/Ali_ws/install/xarm_moveit_config:/home/vboxuser/Ali_ws/install/xarm_gazebo:/home/vboxuser/Ali_ws/install/xarm_controller:/home/vboxuser/Ali_ws/install/d435i_xarm_setup:/home/vboxuser/Ali_ws/install/xarm_api:/home/vboxuser/Ali_ws/install/xarm_sdk:/home/vboxuser/Ali_ws/install/xarm_msgs:/home/vboxuser/Ali_ws/install/xarm_description:/home/vboxuser/Ali_ws/install/realsense_gazebo_plugin:/home/vboxuser/Ali_ws/install/mbot_demo:/opt/ros/humble:/home/vboxuser/Ali_ws/install/uf_ros_lib LD_LIBRARY_PATH=/home/vboxuser/Ali_ws/install/orbbec_camera_msgs/lib:/home/vboxuser/Ali_ws/install/orbbec_camera/lib:/home/vboxuser/Ali_ws/install/ros2_linkattacher/lib:/home/vboxuser/Ali_ws/install/linkattacher_msgs/lib:/usr/lib/x86_64-linux-gnu/gazebo-11/plugins:/opt/ros/humble/opt/rviz_ogre_vendor/lib:/opt/ros/humble/lib/x86_64-linux-gnu:/opt/ros/humble/lib:/home/vboxuser/Ali_ws/install/xarm_planner/lib:/home/vboxuser/Ali_ws/install/xarm_moveit_servo/lib:/home/vboxuser/Ali_ws/install/xarm_gazebo/lib:/home/vboxuser/Ali_ws/install/xarm_controller/lib:/home/vboxuser/Ali_ws/install/xarm_api/lib:/home/vboxuser/Ali_ws/install/xarm_sdk/lib:/home/vboxuser/Ali_ws/install/xarm_msgs/lib:/home/vboxuser/Ali_ws/install/realsense_gazebo_plugin/lib /usr/bin/cmake --install /home/vboxuser/Ali_ws/build/orbbec_camera
