[0.115s] Invoking command in '/home/vboxuser/Ali_ws/build/xarm_api': AMENT_PREFIX_PATH=/home/vboxuser/Ali_ws/install/xarm_sdk:/home/vboxuser/Ali_ws/install/xarm_msgs:/home/vboxuser/Ali_ws/install/xarm_description CMAKE_PREFIX_PATH=/home/vboxuser/Ali_ws/install/xarm_sdk:/home/vboxuser/Ali_ws/install/xarm_msgs:/home/vboxuser/Ali_ws/install/xarm_description LD_LIBRARY_PATH=/home/vboxuser/Ali_ws/install/xarm_sdk/lib:/home/vboxuser/Ali_ws/install/xarm_msgs/lib PYTHONPATH=/home/vboxuser/Ali_ws/install/xarm_msgs/local/lib/python3.10/dist-packages /usr/bin/cmake --build /home/vboxuser/Ali_ws/build/xarm_api -- -j4 -l4
[0.295s] [ 15%] Built target test_robot_states
[0.295s] [ 30%] Built target xarm_ros_client
[0.311s] [ 53%] Built target xarm_ros_driver
[0.427s] [ 69%] Built target xarm_driver_node
[0.433s] [ 84%] Built target test_xarm_ros_client
[0.462s] [100%] Built target test_xarm_velo_move
[0.575s] Invoked command in '/home/vboxuser/Ali_ws/build/xarm_api' returned '0': AMENT_PREFIX_PATH=/home/vboxuser/Ali_ws/install/xarm_sdk:/home/vboxuser/Ali_ws/install/xarm_msgs:/home/vboxuser/Ali_ws/install/xarm_description CMAKE_PREFIX_PATH=/home/vboxuser/Ali_ws/install/xarm_sdk:/home/vboxuser/Ali_ws/install/xarm_msgs:/home/vboxuser/Ali_ws/install/xarm_description LD_LIBRARY_PATH=/home/vboxuser/Ali_ws/install/xarm_sdk/lib:/home/vboxuser/Ali_ws/install/xarm_msgs/lib PYTHONPATH=/home/vboxuser/Ali_ws/install/xarm_msgs/local/lib/python3.10/dist-packages /usr/bin/cmake --build /home/vboxuser/Ali_ws/build/xarm_api -- -j4 -l4
[0.596s] Invoking command in '/home/vboxuser/Ali_ws/build/xarm_api': AMENT_PREFIX_PATH=/home/vboxuser/Ali_ws/install/xarm_sdk:/home/vboxuser/Ali_ws/install/xarm_msgs:/home/vboxuser/Ali_ws/install/xarm_description CMAKE_PREFIX_PATH=/home/vboxuser/Ali_ws/install/xarm_sdk:/home/vboxuser/Ali_ws/install/xarm_msgs:/home/vboxuser/Ali_ws/install/xarm_description LD_LIBRARY_PATH=/home/vboxuser/Ali_ws/install/xarm_sdk/lib:/home/vboxuser/Ali_ws/install/xarm_msgs/lib PYTHONPATH=/home/vboxuser/Ali_ws/install/xarm_msgs/local/lib/python3.10/dist-packages /usr/bin/cmake --install /home/vboxuser/Ali_ws/build/xarm_api
[0.880s] -- Install configuration: ""
[0.882s] -- Up-to-date: /home/vboxuser/Ali_ws/install/xarm_api/share/xarm_api/environment/library_path.sh
[0.887s] -- Up-to-date: /home/vboxuser/Ali_ws/install/xarm_api/share/xarm_api/environment/library_path.dsv
[0.942s] -- Up-to-date: /home/vboxuser/Ali_ws/install/xarm_api/include
[0.945s] -- Up-to-date: /home/vboxuser/Ali_ws/install/xarm_api/include/xarm_api
[0.945s] -- Up-to-date: /home/vboxuser/Ali_ws/install/xarm_api/include/xarm_api/xarm_msgs.h
[0.945s] -- Up-to-date: /home/vboxuser/Ali_ws/install/xarm_api/include/xarm_api/xarm_driver.h
[0.945s] -- Up-to-date: /home/vboxuser/Ali_ws/install/xarm_api/include/xarm_api/xarm_ros_client.h
[0.945s] -- Up-to-date: /home/vboxuser/Ali_ws/install/xarm_api/include/xarm_api/visibility_control.h
[0.945s] -- Up-to-date: /home/vboxuser/Ali_ws/install/xarm_api/lib/libxarm_ros_driver.so
[1.004s] -- Up-to-date: /home/vboxuser/Ali_ws/install/xarm_api/lib/libxarm_ros_client.so
[1.004s] -- Up-to-date: /home/vboxuser/Ali_ws/install/xarm_api/lib/xarm_api/xarm_driver_node
[1.005s] -- Up-to-date: /home/vboxuser/Ali_ws/install/xarm_api/lib/xarm_api/test_xarm_ros_client
[1.011s] -- Up-to-date: /home/vboxuser/Ali_ws/install/xarm_api/lib/xarm_api/test_xarm_velo_move
[1.011s] -- Up-to-date: /home/vboxuser/Ali_ws/install/xarm_api/lib/xarm_api/test_robot_states
[1.011s] -- Up-to-date: /home/vboxuser/Ali_ws/install/xarm_api/share/xarm_api//launch
[1.011s] -- Up-to-date: /home/vboxuser/Ali_ws/install/xarm_api/share/xarm_api//launch/xarm7_driver.launch.py
[1.011s] -- Up-to-date: /home/vboxuser/Ali_ws/install/xarm_api/share/xarm_api//launch/uf850_driver.launch.py
[1.011s] -- Up-to-date: /home/vboxuser/Ali_ws/install/xarm_api/share/xarm_api//launch/xarm6_driver.launch.py
[1.011s] -- Up-to-date: /home/vboxuser/Ali_ws/install/xarm_api/share/xarm_api//launch/lite6_driver.launch.py
[1.011s] -- Up-to-date: /home/vboxuser/Ali_ws/install/xarm_api/share/xarm_api//launch/lib
[1.012s] -- Up-to-date: /home/vboxuser/Ali_ws/install/xarm_api/share/xarm_api//launch/lib/robot_api_lib.py
[1.012s] -- Up-to-date: /home/vboxuser/Ali_ws/install/xarm_api/share/xarm_api//launch/xarm5_driver.launch.py
[1.012s] -- Up-to-date: /home/vboxuser/Ali_ws/install/xarm_api/share/xarm_api//launch/_robot_driver.launch.py
[1.012s] -- Up-to-date: /home/vboxuser/Ali_ws/install/xarm_api/share/xarm_api//config
[1.012s] -- Up-to-date: /home/vboxuser/Ali_ws/install/xarm_api/share/xarm_api//config/xarm_params.yaml
[1.012s] -- Up-to-date: /home/vboxuser/Ali_ws/install/xarm_api/share/ament_index/resource_index/package_run_dependencies/xarm_api
[1.012s] -- Up-to-date: /home/vboxuser/Ali_ws/install/xarm_api/share/ament_index/resource_index/parent_prefix_path/xarm_api
[1.012s] -- Up-to-date: /home/vboxuser/Ali_ws/install/xarm_api/share/xarm_api/environment/ament_prefix_path.sh
[1.012s] -- Up-to-date: /home/vboxuser/Ali_ws/install/xarm_api/share/xarm_api/environment/ament_prefix_path.dsv
[1.012s] -- Up-to-date: /home/vboxuser/Ali_ws/install/xarm_api/share/xarm_api/environment/path.sh
[1.012s] -- Up-to-date: /home/vboxuser/Ali_ws/install/xarm_api/share/xarm_api/environment/path.dsv
[1.012s] -- Up-to-date: /home/vboxuser/Ali_ws/install/xarm_api/share/xarm_api/local_setup.bash
[1.013s] -- Up-to-date: /home/vboxuser/Ali_ws/install/xarm_api/share/xarm_api/local_setup.sh
[1.013s] -- Up-to-date: /home/vboxuser/Ali_ws/install/xarm_api/share/xarm_api/local_setup.zsh
[1.013s] -- Up-to-date: /home/vboxuser/Ali_ws/install/xarm_api/share/xarm_api/local_setup.dsv
[1.013s] -- Installing: /home/vboxuser/Ali_ws/install/xarm_api/share/xarm_api/package.dsv
[1.013s] -- Up-to-date: /home/vboxuser/Ali_ws/install/xarm_api/share/ament_index/resource_index/packages/xarm_api
[1.013s] -- Up-to-date: /home/vboxuser/Ali_ws/install/xarm_api/share/xarm_api/cmake/ament_cmake_export_libraries-extras.cmake
[1.013s] -- Up-to-date: /home/vboxuser/Ali_ws/install/xarm_api/share/xarm_api/cmake/ament_cmake_export_include_directories-extras.cmake
[1.013s] -- Up-to-date: /home/vboxuser/Ali_ws/install/xarm_api/share/xarm_api/cmake/xarm_apiConfig.cmake
[1.013s] -- Up-to-date: /home/vboxuser/Ali_ws/install/xarm_api/share/xarm_api/cmake/xarm_apiConfig-version.cmake
[1.014s] -- Up-to-date: /home/vboxuser/Ali_ws/install/xarm_api/share/xarm_api/package.xml
[1.042s] Invoked command in '/home/vboxuser/Ali_ws/build/xarm_api' returned '0': AMENT_PREFIX_PATH=/home/vboxuser/Ali_ws/install/xarm_sdk:/home/vboxuser/Ali_ws/install/xarm_msgs:/home/vboxuser/Ali_ws/install/xarm_description CMAKE_PREFIX_PATH=/home/vboxuser/Ali_ws/install/xarm_sdk:/home/vboxuser/Ali_ws/install/xarm_msgs:/home/vboxuser/Ali_ws/install/xarm_description LD_LIBRARY_PATH=/home/vboxuser/Ali_ws/install/xarm_sdk/lib:/home/vboxuser/Ali_ws/install/xarm_msgs/lib PYTHONPATH=/home/vboxuser/Ali_ws/install/xarm_msgs/local/lib/python3.10/dist-packages /usr/bin/cmake --install /home/vboxuser/Ali_ws/build/xarm_api
