[0.447s] Invoking command in '/home/vboxuser/Ali_ws/build/ros2_linkattacher': CMAKE_PREFIX_PATH=/home/vboxuser/Ali_ws/install/linkattacher_msgs:/home/vboxuser/Ali_ws/install/orbbec_description:/home/vboxuser/Ali_ws/install/orbbec_camera:/home/vboxuser/Ali_ws/install/orbbec_camera_msgs:/home/vboxuser/Ali_ws/install/ros2_linkattacher:/home/vboxuser/Ali_ws/install/xarm_planner:/home/vboxuser/Ali_ws/install/xarm_moveit_servo:/home/vboxuser/Ali_ws/install/xarm_moveit_config:/home/vboxuser/Ali_ws/install/xarm_gazebo:/home/vboxuser/Ali_ws/install/xarm_controller:/home/vboxuser/Ali_ws/install/d435i_xarm_setup:/home/vboxuser/Ali_ws/install/xarm_api:/home/vboxuser/Ali_ws/install/xarm_sdk:/home/vboxuser/Ali_ws/install/xarm_msgs:/home/vboxuser/Ali_ws/install/xarm_description:/home/vboxuser/Ali_ws/install/realsense_gazebo_plugin:/home/vboxuser/Ali_ws/install/mbot_demo:/opt/ros/humble:/home/vboxuser/Ali_ws/install/uf_ros_lib LD_LIBRARY_PATH=/home/vboxuser/Ali_ws/install/linkattacher_msgs/lib:/home/vboxuser/Ali_ws/install/orbbec_camera/lib:/home/vboxuser/Ali_ws/install/orbbec_camera_msgs/lib:/home/vboxuser/Ali_ws/install/ros2_linkattacher/lib:/usr/lib/x86_64-linux-gnu/gazebo-11/plugins:/opt/ros/humble/opt/rviz_ogre_vendor/lib:/opt/ros/humble/lib/x86_64-linux-gnu:/opt/ros/humble/lib:/home/vboxuser/Ali_ws/install/xarm_planner/lib:/home/vboxuser/Ali_ws/install/xarm_moveit_servo/lib:/home/vboxuser/Ali_ws/install/xarm_gazebo/lib:/home/vboxuser/Ali_ws/install/xarm_controller/lib:/home/vboxuser/Ali_ws/install/xarm_api/lib:/home/vboxuser/Ali_ws/install/xarm_sdk/lib:/home/vboxuser/Ali_ws/install/xarm_msgs/lib:/home/vboxuser/Ali_ws/install/realsense_gazebo_plugin/lib /usr/bin/cmake /home/vboxuser/Ali_ws/src/IFRA_LinkAttacher/ros2_LinkAttacher -DCMAKE_INSTALL_PREFIX=/home/vboxuser/Ali_ws/install/ros2_linkattacher
[0.757s] -- The C compiler identification is GNU 11.4.0
[1.033s] -- The CXX compiler identification is GNU 11.4.0
[1.042s] -- Detecting C compiler ABI info
[1.441s] -- Detecting C compiler ABI info - done
[1.723s] -- Check for working C compiler: /usr/bin/cc - skipped
[1.723s] -- Detecting C compile features
[1.723s] -- Detecting C compile features - done
[1.723s] -- Detecting CXX compiler ABI info
[2.035s] -- Detecting CXX compiler ABI info - done
[2.185s] -- Check for working CXX compiler: /usr/bin/c++ - skipped
[2.185s] -- Detecting CXX compile features
[2.185s] -- Detecting CXX compile features - done
[2.195s] -- Found ament_cmake: 1.3.12 (/opt/ros/humble/share/ament_cmake/cmake)
[2.818s] -- Found Python3: /usr/bin/python3 (found version "3.10.12") found components: Interpreter 
[2.964s] -- Found ament_lint_auto: 0.12.14 (/opt/ros/humble/share/ament_lint_auto/cmake)
[3.062s] -- Found gazebo_ros: 3.9.0 (/opt/ros/humble/share/gazebo_ros/cmake)
[3.133s] -- Found rosidl_generator_c: 3.1.7 (/opt/ros/humble/share/rosidl_generator_c/cmake)
[3.142s] -- Found rosidl_adapter: 3.1.7 (/opt/ros/humble/share/rosidl_adapter/cmake)
[3.156s] -- Found rosidl_generator_cpp: 3.1.7 (/opt/ros/humble/share/rosidl_generator_cpp/cmake)
[3.175s] -- Using all available rosidl_typesupport_c: rosidl_typesupport_fastrtps_c;rosidl_typesupport_introspection_c
[3.209s] -- Using all available rosidl_typesupport_cpp: rosidl_typesupport_fastrtps_cpp;rosidl_typesupport_introspection_cpp
[3.277s] -- Found rmw_implementation_cmake: 6.1.2 (/opt/ros/humble/share/rmw_implementation_cmake/cmake)
[3.280s] -- Found rmw_fastrtps_cpp: 6.2.9 (/opt/ros/humble/share/rmw_fastrtps_cpp/cmake)
[3.737s] -- Found OpenSSL: /usr/lib/x86_64-linux-gnu/libcrypto.so (found version "3.0.2")  
[3.790s] -- Found FastRTPS: /opt/ros/humble/include  
[3.869s] -- Using RMW implementation 'rmw_fastrtps_cpp' as default
[3.884s] -- Looking for pthread.h
[4.088s] -- Looking for pthread.h - found
[4.088s] -- Performing Test CMAKE_HAVE_LIBC_PTHREAD
[4.226s] -- Performing Test CMAKE_HAVE_LIBC_PTHREAD - Success
[4.246s] -- Found Threads: TRUE  
[4.336s] -- Found PkgConfig: /usr/bin/pkg-config (found version "0.29.2") 
[4.342s] -- Checking for module 'bullet>=2.82'
[4.416s] --   Found bullet, version 3.05
[4.811s] -- Found fcl: /usr/include (found suitable version "0.7.0", minimum required is "0.5.0") 
[5.053s] -- Found assimp: /usr/include (found version "5.2.0") 
[5.071s] -- Found DART: /usr/include (Required is at least version "6.6") found components: dart 
[5.110s] -- Found Boost: /usr/lib/x86_64-linux-gnu/cmake/Boost-1.74.0/BoostConfig.cmake (found suitable version "1.74.0", minimum required is "1.40.0") found components: thread system filesystem program_options regex iostreams date_time 
[5.117s] -- Found Protobuf: /usr/lib/x86_64-linux-gnu/libprotobuf.so (found version "3.12.4") 
[5.122s] -- Looking for ignition-math6 -- found version 6.15.1
[5.133s] -- Searching for dependencies of ignition-math6
[5.136s] -- Looking for OGRE...
[5.142s] -- OGRE_PREFIX_WATCH changed.
[5.158s] -- Checking for module 'OGRE'
[5.208s] --   Found OGRE, version 1.9.0
[5.384s] -- Found Ogre Ghadamon (1.9.0)
[5.393s] -- Found OGRE: optimized;/usr/lib/x86_64-linux-gnu/libOgreMain.so;debug;/usr/lib/x86_64-linux-gnu/libOgreMain.so
[5.405s] -- Looking for OGRE_Paging...
[5.412s] -- Found OGRE_Paging: optimized;/usr/lib/x86_64-linux-gnu/libOgrePaging.so;debug;/usr/lib/x86_64-linux-gnu/libOgrePaging.so
[5.412s] -- Looking for OGRE_Terrain...
[5.429s] -- Found OGRE_Terrain: optimized;/usr/lib/x86_64-linux-gnu/libOgreTerrain.so;debug;/usr/lib/x86_64-linux-gnu/libOgreTerrain.so
[5.430s] -- Looking for OGRE_Property...
[5.449s] -- Found OGRE_Property: optimized;/usr/lib/x86_64-linux-gnu/libOgreProperty.so;debug;/usr/lib/x86_64-linux-gnu/libOgreProperty.so
[5.450s] -- Looking for OGRE_RTShaderSystem...
[5.452s] -- Found OGRE_RTShaderSystem: optimized;/usr/lib/x86_64-linux-gnu/libOgreRTShaderSystem.so;debug;/usr/lib/x86_64-linux-gnu/libOgreRTShaderSystem.so
[5.452s] -- Looking for OGRE_Volume...
[5.473s] -- Found OGRE_Volume: optimized;/usr/lib/x86_64-linux-gnu/libOgreVolume.so;debug;/usr/lib/x86_64-linux-gnu/libOgreVolume.so
[5.473s] -- Looking for OGRE_Overlay...
[5.485s] -- Found OGRE_Overlay: optimized;/usr/lib/x86_64-linux-gnu/libOgreOverlay.so;debug;/usr/lib/x86_64-linux-gnu/libOgreOverlay.so
[5.654s] -- Looking for ignition-math6 -- found version 6.15.1
[5.664s] -- Looking for ignition-transport8 -- found version 8.2.1
[5.665s] -- Searching for dependencies of ignition-transport8
[5.688s] -- Found Protobuf: /usr/lib/x86_64-linux-gnu/libprotobuf.so (found suitable version "3.12.4", minimum required is "3") 
[5.688s] -- Config-file not installed for ZeroMQ -- checking for pkg-config
[5.695s] -- Checking for module 'libzmq >= 4'
[5.742s] --   Found libzmq , version 4.3.4
[6.083s] -- Found ZeroMQ: TRUE (Required is at least version "4") 
[6.105s] -- Checking for module 'uuid'
[6.518s] --   Found uuid, version 2.37.2
[7.069s] -- Found UUID: TRUE  
[7.072s] -- Looking for ignition-msgs5 -- found version 5.8.1
[7.073s] -- Searching for dependencies of ignition-msgs5
[7.098s] -- Looking for ignition-math6 -- found version 6.15.1
[7.106s] -- Checking for module 'tinyxml2'
[7.144s] --   Found tinyxml2, version 9.0.0
[7.263s] -- Looking for ignition-msgs5 -- found version 5.8.1
[7.264s] -- Looking for ignition-common3 -- found version 3.14.0
[7.266s] -- Searching for dependencies of ignition-common3
[7.267s] -- Looking for dlfcn.h - found
[7.270s] -- Looking for libdl - found
[7.273s] -- Found DL: TRUE  
[7.297s] -- Found tinyobjloader: /usr/lib/x86_64-linux-gnu/cmake/tinyobjloader/tinyobjloader-config.cmake (found version "2.0.0") 
[7.303s] -- Searching for <ignition-common3> component [graphics]
[7.304s] -- Looking for ignition-common3-graphics -- found version 3.14.0
[7.306s] -- Searching for dependencies of ignition-common3-graphics
[7.307s] -- Looking for ignition-math6 -- found version 6.15.1
[7.310s] -- Looking for ignition-fuel_tools4 -- found version 4.4.0
[7.311s] -- Searching for dependencies of ignition-fuel_tools4
[7.949s] -- Found CURL: /usr/lib/x86_64-linux-gnu/libcurl.so (found version "7.81.0")  
[8.009s] -- Checking for module 'jsoncpp'
[8.009s] --   Found jsoncpp, version 1.9.5
[8.099s] -- Found JSONCPP: TRUE  
[8.105s] -- Checking for module 'libzip'
[8.144s] --   Found libzip, version 1.7.3
[8.254s] -- Found ZIP: TRUE  
[8.255s] -- Looking for ignition-common3 -- found version 3.14.0
[8.256s] -- Looking for ignition-math6 -- found version 6.15.1
[8.257s] -- Looking for ignition-msgs5 -- found version 5.8.1
[8.264s] -- Gazebo version: 11.10
[8.264s] -- Checking for module 'tbb'
[8.291s] --   Found tbb, version 2021.5.0
[8.357s] -- Found gazebo_msgs: 3.9.0 (/opt/ros/humble/share/gazebo_msgs/cmake)
[8.434s] -- Found linkattacher_msgs: 0.0.0 (/home/vboxuser/Ali_ws/install/linkattacher_msgs/share/linkattacher_msgs/cmake)
[8.458s] -- Added test 'copyright' to check source files copyright and LICENSE
[8.460s] -- Added test 'cppcheck' to perform static code analysis on C / C++ code
[8.460s] -- Configured cppcheck include dirs: /home/vboxuser/Ali_ws/src/IFRA_LinkAttacher/ros2_LinkAttacher/include
[8.460s] -- Configured cppcheck exclude dirs and/or files: 
[8.462s] -- Added test 'cpplint' to check C / C++ code against the Google style
[8.462s] -- Configured cpplint exclude dirs and/or files: 
[8.598s] -- Added test 'lint_cmake' to check CMake code style
[8.598s] -- Added test 'uncrustify' to check C / C++ code style
[8.598s] -- Configured uncrustify additional arguments: 
[8.598s] -- Added test 'xmllint' to check XML markup files
[8.598s] -- Configuring done
[8.598s] -- Generating done
[8.604s] -- Build files have been written to: /home/vboxuser/Ali_ws/build/ros2_linkattacher
[8.637s] Invoked command in '/home/vboxuser/Ali_ws/build/ros2_linkattacher' returned '0': CMAKE_PREFIX_PATH=/home/vboxuser/Ali_ws/install/linkattacher_msgs:/home/vboxuser/Ali_ws/install/orbbec_description:/home/vboxuser/Ali_ws/install/orbbec_camera:/home/vboxuser/Ali_ws/install/orbbec_camera_msgs:/home/vboxuser/Ali_ws/install/ros2_linkattacher:/home/vboxuser/Ali_ws/install/xarm_planner:/home/vboxuser/Ali_ws/install/xarm_moveit_servo:/home/vboxuser/Ali_ws/install/xarm_moveit_config:/home/vboxuser/Ali_ws/install/xarm_gazebo:/home/vboxuser/Ali_ws/install/xarm_controller:/home/vboxuser/Ali_ws/install/d435i_xarm_setup:/home/vboxuser/Ali_ws/install/xarm_api:/home/vboxuser/Ali_ws/install/xarm_sdk:/home/vboxuser/Ali_ws/install/xarm_msgs:/home/vboxuser/Ali_ws/install/xarm_description:/home/vboxuser/Ali_ws/install/realsense_gazebo_plugin:/home/vboxuser/Ali_ws/install/mbot_demo:/opt/ros/humble:/home/vboxuser/Ali_ws/install/uf_ros_lib LD_LIBRARY_PATH=/home/vboxuser/Ali_ws/install/linkattacher_msgs/lib:/home/vboxuser/Ali_ws/install/orbbec_camera/lib:/home/vboxuser/Ali_ws/install/orbbec_camera_msgs/lib:/home/vboxuser/Ali_ws/install/ros2_linkattacher/lib:/usr/lib/x86_64-linux-gnu/gazebo-11/plugins:/opt/ros/humble/opt/rviz_ogre_vendor/lib:/opt/ros/humble/lib/x86_64-linux-gnu:/opt/ros/humble/lib:/home/vboxuser/Ali_ws/install/xarm_planner/lib:/home/vboxuser/Ali_ws/install/xarm_moveit_servo/lib:/home/vboxuser/Ali_ws/install/xarm_gazebo/lib:/home/vboxuser/Ali_ws/install/xarm_controller/lib:/home/vboxuser/Ali_ws/install/xarm_api/lib:/home/vboxuser/Ali_ws/install/xarm_sdk/lib:/home/vboxuser/Ali_ws/install/xarm_msgs/lib:/home/vboxuser/Ali_ws/install/realsense_gazebo_plugin/lib /usr/bin/cmake /home/vboxuser/Ali_ws/src/IFRA_LinkAttacher/ros2_LinkAttacher -DCMAKE_INSTALL_PREFIX=/home/vboxuser/Ali_ws/install/ros2_linkattacher
[8.663s] Invoking command in '/home/vboxuser/Ali_ws/build/ros2_linkattacher': CMAKE_PREFIX_PATH=/home/vboxuser/Ali_ws/install/linkattacher_msgs:/home/vboxuser/Ali_ws/install/orbbec_description:/home/vboxuser/Ali_ws/install/orbbec_camera:/home/vboxuser/Ali_ws/install/orbbec_camera_msgs:/home/vboxuser/Ali_ws/install/ros2_linkattacher:/home/vboxuser/Ali_ws/install/xarm_planner:/home/vboxuser/Ali_ws/install/xarm_moveit_servo:/home/vboxuser/Ali_ws/install/xarm_moveit_config:/home/vboxuser/Ali_ws/install/xarm_gazebo:/home/vboxuser/Ali_ws/install/xarm_controller:/home/vboxuser/Ali_ws/install/d435i_xarm_setup:/home/vboxuser/Ali_ws/install/xarm_api:/home/vboxuser/Ali_ws/install/xarm_sdk:/home/vboxuser/Ali_ws/install/xarm_msgs:/home/vboxuser/Ali_ws/install/xarm_description:/home/vboxuser/Ali_ws/install/realsense_gazebo_plugin:/home/vboxuser/Ali_ws/install/mbot_demo:/opt/ros/humble:/home/vboxuser/Ali_ws/install/uf_ros_lib LD_LIBRARY_PATH=/home/vboxuser/Ali_ws/install/linkattacher_msgs/lib:/home/vboxuser/Ali_ws/install/orbbec_camera/lib:/home/vboxuser/Ali_ws/install/orbbec_camera_msgs/lib:/home/vboxuser/Ali_ws/install/ros2_linkattacher/lib:/usr/lib/x86_64-linux-gnu/gazebo-11/plugins:/opt/ros/humble/opt/rviz_ogre_vendor/lib:/opt/ros/humble/lib/x86_64-linux-gnu:/opt/ros/humble/lib:/home/vboxuser/Ali_ws/install/xarm_planner/lib:/home/vboxuser/Ali_ws/install/xarm_moveit_servo/lib:/home/vboxuser/Ali_ws/install/xarm_gazebo/lib:/home/vboxuser/Ali_ws/install/xarm_controller/lib:/home/vboxuser/Ali_ws/install/xarm_api/lib:/home/vboxuser/Ali_ws/install/xarm_sdk/lib:/home/vboxuser/Ali_ws/install/xarm_msgs/lib:/home/vboxuser/Ali_ws/install/realsense_gazebo_plugin/lib /usr/bin/cmake --build /home/vboxuser/Ali_ws/build/ros2_linkattacher -- -j4 -l4
[8.947s] [ 50%] [32mBuilding CXX object CMakeFiles/gazebo_link_attacher.dir/src/gazebo_link_attacher.cpp.o[0m
[27.862s] [100%] [32m[1mLinking CXX shared library libgazebo_link_attacher.so[0m
[28.919s] [100%] Built target gazebo_link_attacher
[29.009s] Invoked command in '/home/vboxuser/Ali_ws/build/ros2_linkattacher' returned '0': CMAKE_PREFIX_PATH=/home/vboxuser/Ali_ws/install/linkattacher_msgs:/home/vboxuser/Ali_ws/install/orbbec_description:/home/vboxuser/Ali_ws/install/orbbec_camera:/home/vboxuser/Ali_ws/install/orbbec_camera_msgs:/home/vboxuser/Ali_ws/install/ros2_linkattacher:/home/vboxuser/Ali_ws/install/xarm_planner:/home/vboxuser/Ali_ws/install/xarm_moveit_servo:/home/vboxuser/Ali_ws/install/xarm_moveit_config:/home/vboxuser/Ali_ws/install/xarm_gazebo:/home/vboxuser/Ali_ws/install/xarm_controller:/home/vboxuser/Ali_ws/install/d435i_xarm_setup:/home/vboxuser/Ali_ws/install/xarm_api:/home/vboxuser/Ali_ws/install/xarm_sdk:/home/vboxuser/Ali_ws/install/xarm_msgs:/home/vboxuser/Ali_ws/install/xarm_description:/home/vboxuser/Ali_ws/install/realsense_gazebo_plugin:/home/vboxuser/Ali_ws/install/mbot_demo:/opt/ros/humble:/home/vboxuser/Ali_ws/install/uf_ros_lib LD_LIBRARY_PATH=/home/vboxuser/Ali_ws/install/linkattacher_msgs/lib:/home/vboxuser/Ali_ws/install/orbbec_camera/lib:/home/vboxuser/Ali_ws/install/orbbec_camera_msgs/lib:/home/vboxuser/Ali_ws/install/ros2_linkattacher/lib:/usr/lib/x86_64-linux-gnu/gazebo-11/plugins:/opt/ros/humble/opt/rviz_ogre_vendor/lib:/opt/ros/humble/lib/x86_64-linux-gnu:/opt/ros/humble/lib:/home/vboxuser/Ali_ws/install/xarm_planner/lib:/home/vboxuser/Ali_ws/install/xarm_moveit_servo/lib:/home/vboxuser/Ali_ws/install/xarm_gazebo/lib:/home/vboxuser/Ali_ws/install/xarm_controller/lib:/home/vboxuser/Ali_ws/install/xarm_api/lib:/home/vboxuser/Ali_ws/install/xarm_sdk/lib:/home/vboxuser/Ali_ws/install/xarm_msgs/lib:/home/vboxuser/Ali_ws/install/realsense_gazebo_plugin/lib /usr/bin/cmake --build /home/vboxuser/Ali_ws/build/ros2_linkattacher -- -j4 -l4
[29.010s] Invoking command in '/home/vboxuser/Ali_ws/build/ros2_linkattacher': CMAKE_PREFIX_PATH=/home/vboxuser/Ali_ws/install/linkattacher_msgs:/home/vboxuser/Ali_ws/install/orbbec_description:/home/vboxuser/Ali_ws/install/orbbec_camera:/home/vboxuser/Ali_ws/install/orbbec_camera_msgs:/home/vboxuser/Ali_ws/install/ros2_linkattacher:/home/vboxuser/Ali_ws/install/xarm_planner:/home/vboxuser/Ali_ws/install/xarm_moveit_servo:/home/vboxuser/Ali_ws/install/xarm_moveit_config:/home/vboxuser/Ali_ws/install/xarm_gazebo:/home/vboxuser/Ali_ws/install/xarm_controller:/home/vboxuser/Ali_ws/install/d435i_xarm_setup:/home/vboxuser/Ali_ws/install/xarm_api:/home/vboxuser/Ali_ws/install/xarm_sdk:/home/vboxuser/Ali_ws/install/xarm_msgs:/home/vboxuser/Ali_ws/install/xarm_description:/home/vboxuser/Ali_ws/install/realsense_gazebo_plugin:/home/vboxuser/Ali_ws/install/mbot_demo:/opt/ros/humble:/home/vboxuser/Ali_ws/install/uf_ros_lib LD_LIBRARY_PATH=/home/vboxuser/Ali_ws/install/linkattacher_msgs/lib:/home/vboxuser/Ali_ws/install/orbbec_camera/lib:/home/vboxuser/Ali_ws/install/orbbec_camera_msgs/lib:/home/vboxuser/Ali_ws/install/ros2_linkattacher/lib:/usr/lib/x86_64-linux-gnu/gazebo-11/plugins:/opt/ros/humble/opt/rviz_ogre_vendor/lib:/opt/ros/humble/lib/x86_64-linux-gnu:/opt/ros/humble/lib:/home/vboxuser/Ali_ws/install/xarm_planner/lib:/home/vboxuser/Ali_ws/install/xarm_moveit_servo/lib:/home/vboxuser/Ali_ws/install/xarm_gazebo/lib:/home/vboxuser/Ali_ws/install/xarm_controller/lib:/home/vboxuser/Ali_ws/install/xarm_api/lib:/home/vboxuser/Ali_ws/install/xarm_sdk/lib:/home/vboxuser/Ali_ws/install/xarm_msgs/lib:/home/vboxuser/Ali_ws/install/realsense_gazebo_plugin/lib /usr/bin/cmake --install /home/vboxuser/Ali_ws/build/ros2_linkattacher
[29.027s] -- Install configuration: ""
[29.028s] -- Installing: /home/vboxuser/Ali_ws/install/ros2_linkattacher/share/ros2_linkattacher/environment/library_path.sh
[29.029s] -- Installing: /home/vboxuser/Ali_ws/install/ros2_linkattacher/share/ros2_linkattacher/environment/library_path.dsv
[29.030s] -- Installing: /home/vboxuser/Ali_ws/install/ros2_linkattacher/lib/libgazebo_link_attacher.so
[29.035s] -- Set runtime path of "/home/vboxuser/Ali_ws/install/ros2_linkattacher/lib/libgazebo_link_attacher.so" to ""
[29.035s] -- Installing: /home/vboxuser/Ali_ws/install/ros2_linkattacher/share/ament_index/resource_index/package_run_dependencies/ros2_linkattacher
[29.036s] -- Installing: /home/vboxuser/Ali_ws/install/ros2_linkattacher/share/ament_index/resource_index/parent_prefix_path/ros2_linkattacher
[29.036s] -- Installing: /home/vboxuser/Ali_ws/install/ros2_linkattacher/share/ros2_linkattacher/environment/ament_prefix_path.sh
[29.036s] -- Installing: /home/vboxuser/Ali_ws/install/ros2_linkattacher/share/ros2_linkattacher/environment/ament_prefix_path.dsv
[29.037s] -- Installing: /home/vboxuser/Ali_ws/install/ros2_linkattacher/share/ros2_linkattacher/environment/path.sh
[29.037s] -- Installing: /home/vboxuser/Ali_ws/install/ros2_linkattacher/share/ros2_linkattacher/environment/path.dsv
[29.038s] -- Installing: /home/vboxuser/Ali_ws/install/ros2_linkattacher/share/ros2_linkattacher/local_setup.bash
[29.038s] -- Installing: /home/vboxuser/Ali_ws/install/ros2_linkattacher/share/ros2_linkattacher/local_setup.sh
[29.038s] -- Installing: /home/vboxuser/Ali_ws/install/ros2_linkattacher/share/ros2_linkattacher/local_setup.zsh
[29.039s] -- Installing: /home/vboxuser/Ali_ws/install/ros2_linkattacher/share/ros2_linkattacher/local_setup.dsv
[29.039s] -- Installing: /home/vboxuser/Ali_ws/install/ros2_linkattacher/share/ros2_linkattacher/package.dsv
[29.040s] -- Installing: /home/vboxuser/Ali_ws/install/ros2_linkattacher/share/ament_index/resource_index/packages/ros2_linkattacher
[29.040s] -- Installing: /home/vboxuser/Ali_ws/install/ros2_linkattacher/share/ros2_linkattacher/cmake/ament_cmake_export_libraries-extras.cmake
[29.041s] -- Installing: /home/vboxuser/Ali_ws/install/ros2_linkattacher/share/ros2_linkattacher/cmake/ros2_linkattacherConfig.cmake
[29.041s] -- Installing: /home/vboxuser/Ali_ws/install/ros2_linkattacher/share/ros2_linkattacher/cmake/ros2_linkattacherConfig-version.cmake
[29.043s] -- Installing: /home/vboxuser/Ali_ws/install/ros2_linkattacher/share/ros2_linkattacher/package.xml
[29.106s] Invoked command in '/home/vboxuser/Ali_ws/build/ros2_linkattacher' returned '0': CMAKE_PREFIX_PATH=/home/vboxuser/Ali_ws/install/linkattacher_msgs:/home/vboxuser/Ali_ws/install/orbbec_description:/home/vboxuser/Ali_ws/install/orbbec_camera:/home/vboxuser/Ali_ws/install/orbbec_camera_msgs:/home/vboxuser/Ali_ws/install/ros2_linkattacher:/home/vboxuser/Ali_ws/install/xarm_planner:/home/vboxuser/Ali_ws/install/xarm_moveit_servo:/home/vboxuser/Ali_ws/install/xarm_moveit_config:/home/vboxuser/Ali_ws/install/xarm_gazebo:/home/vboxuser/Ali_ws/install/xarm_controller:/home/vboxuser/Ali_ws/install/d435i_xarm_setup:/home/vboxuser/Ali_ws/install/xarm_api:/home/vboxuser/Ali_ws/install/xarm_sdk:/home/vboxuser/Ali_ws/install/xarm_msgs:/home/vboxuser/Ali_ws/install/xarm_description:/home/vboxuser/Ali_ws/install/realsense_gazebo_plugin:/home/vboxuser/Ali_ws/install/mbot_demo:/opt/ros/humble:/home/vboxuser/Ali_ws/install/uf_ros_lib LD_LIBRARY_PATH=/home/vboxuser/Ali_ws/install/linkattacher_msgs/lib:/home/vboxuser/Ali_ws/install/orbbec_camera/lib:/home/vboxuser/Ali_ws/install/orbbec_camera_msgs/lib:/home/vboxuser/Ali_ws/install/ros2_linkattacher/lib:/usr/lib/x86_64-linux-gnu/gazebo-11/plugins:/opt/ros/humble/opt/rviz_ogre_vendor/lib:/opt/ros/humble/lib/x86_64-linux-gnu:/opt/ros/humble/lib:/home/vboxuser/Ali_ws/install/xarm_planner/lib:/home/vboxuser/Ali_ws/install/xarm_moveit_servo/lib:/home/vboxuser/Ali_ws/install/xarm_gazebo/lib:/home/vboxuser/Ali_ws/install/xarm_controller/lib:/home/vboxuser/Ali_ws/install/xarm_api/lib:/home/vboxuser/Ali_ws/install/xarm_sdk/lib:/home/vboxuser/Ali_ws/install/xarm_msgs/lib:/home/vboxuser/Ali_ws/install/realsense_gazebo_plugin/lib /usr/bin/cmake --install /home/vboxuser/Ali_ws/build/ros2_linkattacher
