[0.018s] Invoking command in '/home/vboxuser/Ali_ws/src/build/xarm_api': AMENT_PREFIX_PATH=/home/vboxuser/Ali_ws/src/install/xarm_sdk:/home/vboxuser/Ali_ws/src/install/xarm_msgs:/home/vboxuser/Ali_ws/src/install/xarm_description:${AMENT_PREFIX_PATH} CMAKE_PREFIX_PATH=/home/vboxuser/Ali_ws/src/install/xarm_sdk:/home/vboxuser/Ali_ws/src/install/xarm_msgs:/home/vboxuser/Ali_ws/src/install/xarm_description:/opt/ros/humble LD_LIBRARY_PATH=/home/vboxuser/Ali_ws/src/install/xarm_sdk/lib:/home/vboxuser/Ali_ws/src/install/xarm_msgs/lib:${LD_LIBRARY_PATH} PYTHONPATH=/home/vboxuser/Ali_ws/src/install/xarm_msgs/local/lib/python3.10/dist-packages:${PYTHONPATH} /usr/bin/cmake /home/vboxuser/Ali_ws/src/xarm_ros2/xarm_api -DCMAKE_INSTALL_PREFIX=/home/vboxuser/Ali_ws/src/install/xarm_api
[0.103s] -- The C compiler identification is GNU 11.4.0
[0.166s] -- The CXX compiler identification is GNU 11.4.0
[0.176s] -- Detecting C compiler ABI info
[0.261s] -- Detecting C compiler ABI info - done
[0.268s] -- Check for working C compiler: /usr/bin/cc - skipped
[0.268s] -- Detecting C compile features
[0.269s] -- Detecting C compile features - done
[0.272s] -- Detecting CXX compiler ABI info
[0.368s] -- Detecting CXX compiler ABI info - done
[0.374s] -- Check for working CXX compiler: /usr/bin/c++ - skipped
[0.374s] -- Detecting CXX compile features
[0.375s] -- Detecting CXX compile features - done
[0.379s] -- Found ament_cmake: 1.3.12 (/opt/ros/humble/share/ament_cmake/cmake)
[0.530s] -- Found Python3: /usr/bin/python3 (found version "3.10.12") found components: Interpreter 
[0.609s] -- Found ament_lint_auto: 0.12.14 (/opt/ros/humble/share/ament_lint_auto/cmake)
[0.697s] -- Found rclcpp: 16.0.15 (/opt/ros/humble/share/rclcpp/cmake)
[0.756s] -- Found rosidl_generator_c: 3.1.7 (/opt/ros/humble/share/rosidl_generator_c/cmake)
[0.762s] -- Found rosidl_adapter: 3.1.7 (/opt/ros/humble/share/rosidl_adapter/cmake)
[0.772s] -- Found rosidl_generator_cpp: 3.1.7 (/opt/ros/humble/share/rosidl_generator_cpp/cmake)
[0.787s] -- Using all available rosidl_typesupport_c: rosidl_typesupport_fastrtps_c;rosidl_typesupport_introspection_c
[0.822s] -- Using all available rosidl_typesupport_cpp: rosidl_typesupport_fastrtps_cpp;rosidl_typesupport_introspection_cpp
[0.906s] -- Found rmw_implementation_cmake: 6.1.2 (/opt/ros/humble/share/rmw_implementation_cmake/cmake)
[0.914s] -- Found rmw_fastrtps_cpp: 6.2.9 (/opt/ros/humble/share/rmw_fastrtps_cpp/cmake)
[1.068s] -- Found OpenSSL: /usr/lib/x86_64-linux-gnu/libcrypto.so (found version "3.0.2")  
[1.100s] -- Found FastRTPS: /opt/ros/humble/include  
[1.143s] -- Using RMW implementation 'rmw_fastrtps_cpp' as default
[1.165s] -- Looking for pthread.h
[1.260s] -- Looking for pthread.h - found
[1.265s] -- Performing Test CMAKE_HAVE_LIBC_PTHREAD
[1.511s] -- Performing Test CMAKE_HAVE_LIBC_PTHREAD - Success
[1.519s] -- Found Threads: TRUE  
[1.660s] -- Found rclcpp_action: 16.0.15 (/opt/ros/humble/share/rclcpp_action/cmake)
[1.755s] -- Found sensor_msgs: 4.9.0 (/opt/ros/humble/share/sensor_msgs/cmake)
[1.798s] -- Found control_msgs: 4.8.0 (/opt/ros/humble/share/control_msgs/cmake)
[1.882s] -- Found xarm_msgs: 0.0.0 (/home/vboxuser/Ali_ws/src/install/xarm_msgs/share/xarm_msgs/cmake)
[1.893s] -- Found xarm_sdk: 0.0.0 (/home/vboxuser/Ali_ws/src/install/xarm_sdk/share/xarm_sdk/cmake)
[1.918s] -- Added test 'copyright' to check source files copyright and LICENSE
[1.918s] -- Added test 'cppcheck' to perform static code analysis on C / C++ code
[1.919s] -- Configured cppcheck include dirs: /home/vboxuser/Ali_ws/src/xarm_ros2/xarm_api/include
[1.920s] -- Configured cppcheck exclude dirs and/or files: 
[1.921s] -- Added test 'cpplint' to check C / C++ code against the Google style
[1.921s] -- Configured cpplint exclude dirs and/or files: 
[1.922s] -- Added test 'flake8' to check Python code syntax and style conventions
[1.924s] -- Added test 'lint_cmake' to check CMake code style
[1.925s] -- Added test 'pep257' to check Python code against some of the docstring style conventions in PEP 257
[1.926s] -- Added test 'uncrustify' to check C / C++ code style
[1.926s] -- Configured uncrustify additional arguments: 
[1.927s] -- Added test 'xmllint' to check XML markup files
[1.928s] -- Configuring done
[1.960s] -- Generating done
[1.973s] -- Build files have been written to: /home/vboxuser/Ali_ws/src/build/xarm_api
[1.986s] Invoked command in '/home/vboxuser/Ali_ws/src/build/xarm_api' returned '0': AMENT_PREFIX_PATH=/home/vboxuser/Ali_ws/src/install/xarm_sdk:/home/vboxuser/Ali_ws/src/install/xarm_msgs:/home/vboxuser/Ali_ws/src/install/xarm_description:${AMENT_PREFIX_PATH} CMAKE_PREFIX_PATH=/home/vboxuser/Ali_ws/src/install/xarm_sdk:/home/vboxuser/Ali_ws/src/install/xarm_msgs:/home/vboxuser/Ali_ws/src/install/xarm_description:/opt/ros/humble LD_LIBRARY_PATH=/home/vboxuser/Ali_ws/src/install/xarm_sdk/lib:/home/vboxuser/Ali_ws/src/install/xarm_msgs/lib:${LD_LIBRARY_PATH} PYTHONPATH=/home/vboxuser/Ali_ws/src/install/xarm_msgs/local/lib/python3.10/dist-packages:${PYTHONPATH} /usr/bin/cmake /home/vboxuser/Ali_ws/src/xarm_ros2/xarm_api -DCMAKE_INSTALL_PREFIX=/home/vboxuser/Ali_ws/src/install/xarm_api
[1.987s] Invoking command in '/home/vboxuser/Ali_ws/src/build/xarm_api': AMENT_PREFIX_PATH=/home/vboxuser/Ali_ws/src/install/xarm_sdk:/home/vboxuser/Ali_ws/src/install/xarm_msgs:/home/vboxuser/Ali_ws/src/install/xarm_description:${AMENT_PREFIX_PATH} CMAKE_PREFIX_PATH=/home/vboxuser/Ali_ws/src/install/xarm_sdk:/home/vboxuser/Ali_ws/src/install/xarm_msgs:/home/vboxuser/Ali_ws/src/install/xarm_description:/opt/ros/humble LD_LIBRARY_PATH=/home/vboxuser/Ali_ws/src/install/xarm_sdk/lib:/home/vboxuser/Ali_ws/src/install/xarm_msgs/lib:${LD_LIBRARY_PATH} PYTHONPATH=/home/vboxuser/Ali_ws/src/install/xarm_msgs/local/lib/python3.10/dist-packages:${PYTHONPATH} /usr/bin/cmake --build /home/vboxuser/Ali_ws/src/build/xarm_api -- -j1 -l1
[2.058s] [  7%] [32mBuilding CXX object CMakeFiles/xarm_ros_driver.dir/src/xarm_driver.cpp.o[0m
[13.879s] [ 15%] [32mBuilding CXX object CMakeFiles/xarm_ros_driver.dir/src/xarm_driver_service.cpp.o[0m
[71.006s] [ 23%] [32m[1mLinking CXX shared library libxarm_ros_driver.so[0m
[75.120s] [ 23%] Built target xarm_ros_driver
[75.163s] [ 30%] [32mBuilding CXX object CMakeFiles/xarm_driver_node.dir/src/xarm_driver_node.cpp.o[0m
[82.216s] [ 38%] [32m[1mLinking CXX executable xarm_driver_node[0m
[84.055s] [ 38%] Built target xarm_driver_node
[84.097s] [ 46%] [32mBuilding CXX object CMakeFiles/xarm_ros_client.dir/src/xarm_ros_client.cpp.o[0m
[115.645s] [ 53%] [32m[1mLinking CXX shared library libxarm_ros_client.so[0m
[117.777s] [ 53%] Built target xarm_ros_client
[117.818s] [ 61%] [32mBuilding CXX object CMakeFiles/test_xarm_ros_client.dir/test/test_xarm_ros_client.cpp.o[0m
[126.182s] [ 69%] [32m[1mLinking CXX executable test_xarm_ros_client[0m
[127.230s] [ 69%] Built target test_xarm_ros_client
[127.270s] [ 76%] [32mBuilding CXX object CMakeFiles/test_xarm_velo_move.dir/test/test_xarm_velo_move.cpp.o[0m
[135.794s] [ 84%] [32m[1mLinking CXX executable test_xarm_velo_move[0m
[136.796s] [ 84%] Built target test_xarm_velo_move
[136.829s] [ 92%] [32mBuilding CXX object CMakeFiles/test_robot_states.dir/test/test_robot_states.cpp.o[0m
[155.565s] [100%] [32m[1mLinking CXX executable test_robot_states[0m
[156.932s] [100%] Built target test_robot_states
[156.959s] Invoked command in '/home/vboxuser/Ali_ws/src/build/xarm_api' returned '0': AMENT_PREFIX_PATH=/home/vboxuser/Ali_ws/src/install/xarm_sdk:/home/vboxuser/Ali_ws/src/install/xarm_msgs:/home/vboxuser/Ali_ws/src/install/xarm_description:${AMENT_PREFIX_PATH} CMAKE_PREFIX_PATH=/home/vboxuser/Ali_ws/src/install/xarm_sdk:/home/vboxuser/Ali_ws/src/install/xarm_msgs:/home/vboxuser/Ali_ws/src/install/xarm_description:/opt/ros/humble LD_LIBRARY_PATH=/home/vboxuser/Ali_ws/src/install/xarm_sdk/lib:/home/vboxuser/Ali_ws/src/install/xarm_msgs/lib:${LD_LIBRARY_PATH} PYTHONPATH=/home/vboxuser/Ali_ws/src/install/xarm_msgs/local/lib/python3.10/dist-packages:${PYTHONPATH} /usr/bin/cmake --build /home/vboxuser/Ali_ws/src/build/xarm_api -- -j1 -l1
[156.960s] Invoking command in '/home/vboxuser/Ali_ws/src/build/xarm_api': AMENT_PREFIX_PATH=/home/vboxuser/Ali_ws/src/install/xarm_sdk:/home/vboxuser/Ali_ws/src/install/xarm_msgs:/home/vboxuser/Ali_ws/src/install/xarm_description:${AMENT_PREFIX_PATH} CMAKE_PREFIX_PATH=/home/vboxuser/Ali_ws/src/install/xarm_sdk:/home/vboxuser/Ali_ws/src/install/xarm_msgs:/home/vboxuser/Ali_ws/src/install/xarm_description:/opt/ros/humble LD_LIBRARY_PATH=/home/vboxuser/Ali_ws/src/install/xarm_sdk/lib:/home/vboxuser/Ali_ws/src/install/xarm_msgs/lib:${LD_LIBRARY_PATH} PYTHONPATH=/home/vboxuser/Ali_ws/src/install/xarm_msgs/local/lib/python3.10/dist-packages:${PYTHONPATH} /usr/bin/cmake --install /home/vboxuser/Ali_ws/src/build/xarm_api
[156.975s] -- Install configuration: ""
[156.976s] -- Installing: /home/vboxuser/Ali_ws/src/install/xarm_api/share/xarm_api/environment/library_path.sh
[156.977s] -- Installing: /home/vboxuser/Ali_ws/src/install/xarm_api/share/xarm_api/environment/library_path.dsv
[156.977s] -- Installing: /home/vboxuser/Ali_ws/src/install/xarm_api/include
[156.977s] -- Installing: /home/vboxuser/Ali_ws/src/install/xarm_api/include/xarm_api
[156.978s] -- Installing: /home/vboxuser/Ali_ws/src/install/xarm_api/include/xarm_api/xarm_msgs.h
[156.979s] -- Installing: /home/vboxuser/Ali_ws/src/install/xarm_api/include/xarm_api/xarm_driver.h
[156.979s] -- Installing: /home/vboxuser/Ali_ws/src/install/xarm_api/include/xarm_api/xarm_ros_client.h
[156.979s] -- Installing: /home/vboxuser/Ali_ws/src/install/xarm_api/include/xarm_api/visibility_control.h
[156.979s] -- Installing: /home/vboxuser/Ali_ws/src/install/xarm_api/lib/libxarm_ros_driver.so
[157.020s] -- Set runtime path of "/home/vboxuser/Ali_ws/src/install/xarm_api/lib/libxarm_ros_driver.so" to ""
[157.020s] -- Installing: /home/vboxuser/Ali_ws/src/install/xarm_api/lib/libxarm_ros_client.so
[157.047s] -- Set runtime path of "/home/vboxuser/Ali_ws/src/install/xarm_api/lib/libxarm_ros_client.so" to ""
[157.048s] -- Installing: /home/vboxuser/Ali_ws/src/install/xarm_api/lib/xarm_api/xarm_driver_node
[157.049s] -- Set runtime path of "/home/vboxuser/Ali_ws/src/install/xarm_api/lib/xarm_api/xarm_driver_node" to ""
[157.049s] -- Installing: /home/vboxuser/Ali_ws/src/install/xarm_api/lib/xarm_api/test_xarm_ros_client
[157.050s] -- Set runtime path of "/home/vboxuser/Ali_ws/src/install/xarm_api/lib/xarm_api/test_xarm_ros_client" to ""
[157.050s] -- Installing: /home/vboxuser/Ali_ws/src/install/xarm_api/lib/xarm_api/test_xarm_velo_move
[157.050s] -- Set runtime path of "/home/vboxuser/Ali_ws/src/install/xarm_api/lib/xarm_api/test_xarm_velo_move" to ""
[157.056s] -- Installing: /home/vboxuser/Ali_ws/src/install/xarm_api/lib/xarm_api/test_robot_states
[157.059s] -- Set runtime path of "/home/vboxuser/Ali_ws/src/install/xarm_api/lib/xarm_api/test_robot_states" to ""
[157.059s] -- Installing: /home/vboxuser/Ali_ws/src/install/xarm_api/share/xarm_api//launch
[157.060s] -- Installing: /home/vboxuser/Ali_ws/src/install/xarm_api/share/xarm_api//launch/xarm7_driver.launch.py
[157.061s] -- Installing: /home/vboxuser/Ali_ws/src/install/xarm_api/share/xarm_api//launch/uf850_driver.launch.py
[157.061s] -- Installing: /home/vboxuser/Ali_ws/src/install/xarm_api/share/xarm_api//launch/xarm6_driver.launch.py
[157.061s] -- Installing: /home/vboxuser/Ali_ws/src/install/xarm_api/share/xarm_api//launch/lite6_driver.launch.py
[157.061s] -- Installing: /home/vboxuser/Ali_ws/src/install/xarm_api/share/xarm_api//launch/lib
[157.061s] -- Installing: /home/vboxuser/Ali_ws/src/install/xarm_api/share/xarm_api//launch/lib/robot_api_lib.py
[157.061s] -- Installing: /home/vboxuser/Ali_ws/src/install/xarm_api/share/xarm_api//launch/xarm5_driver.launch.py
[157.061s] -- Installing: /home/vboxuser/Ali_ws/src/install/xarm_api/share/xarm_api//launch/_robot_driver.launch.py
[157.062s] -- Installing: /home/vboxuser/Ali_ws/src/install/xarm_api/share/xarm_api//config
[157.062s] -- Installing: /home/vboxuser/Ali_ws/src/install/xarm_api/share/xarm_api//config/xarm_params.yaml
[157.062s] -- Installing: /home/vboxuser/Ali_ws/src/install/xarm_api/share/ament_index/resource_index/package_run_dependencies/xarm_api
[157.063s] -- Installing: /home/vboxuser/Ali_ws/src/install/xarm_api/share/ament_index/resource_index/parent_prefix_path/xarm_api
[157.064s] -- Installing: /home/vboxuser/Ali_ws/src/install/xarm_api/share/xarm_api/environment/ament_prefix_path.sh
[157.064s] -- Installing: /home/vboxuser/Ali_ws/src/install/xarm_api/share/xarm_api/environment/ament_prefix_path.dsv
[157.065s] -- Installing: /home/vboxuser/Ali_ws/src/install/xarm_api/share/xarm_api/environment/path.sh
[157.065s] -- Installing: /home/vboxuser/Ali_ws/src/install/xarm_api/share/xarm_api/environment/path.dsv
[157.065s] -- Installing: /home/vboxuser/Ali_ws/src/install/xarm_api/share/xarm_api/local_setup.bash
[157.065s] -- Installing: /home/vboxuser/Ali_ws/src/install/xarm_api/share/xarm_api/local_setup.sh
[157.066s] -- Installing: /home/vboxuser/Ali_ws/src/install/xarm_api/share/xarm_api/local_setup.zsh
[157.066s] -- Installing: /home/vboxuser/Ali_ws/src/install/xarm_api/share/xarm_api/local_setup.dsv
[157.066s] -- Installing: /home/vboxuser/Ali_ws/src/install/xarm_api/share/xarm_api/package.dsv
[157.067s] -- Installing: /home/vboxuser/Ali_ws/src/install/xarm_api/share/ament_index/resource_index/packages/xarm_api
[157.067s] -- Installing: /home/vboxuser/Ali_ws/src/install/xarm_api/share/xarm_api/cmake/ament_cmake_export_libraries-extras.cmake
[157.067s] -- Installing: /home/vboxuser/Ali_ws/src/install/xarm_api/share/xarm_api/cmake/ament_cmake_export_include_directories-extras.cmake
[157.067s] -- Installing: /home/vboxuser/Ali_ws/src/install/xarm_api/share/xarm_api/cmake/xarm_apiConfig.cmake
[157.068s] -- Installing: /home/vboxuser/Ali_ws/src/install/xarm_api/share/xarm_api/cmake/xarm_apiConfig-version.cmake
[157.070s] -- Installing: /home/vboxuser/Ali_ws/src/install/xarm_api/share/xarm_api/package.xml
[157.075s] Invoked command in '/home/vboxuser/Ali_ws/src/build/xarm_api' returned '0': AMENT_PREFIX_PATH=/home/vboxuser/Ali_ws/src/install/xarm_sdk:/home/vboxuser/Ali_ws/src/install/xarm_msgs:/home/vboxuser/Ali_ws/src/install/xarm_description:${AMENT_PREFIX_PATH} CMAKE_PREFIX_PATH=/home/vboxuser/Ali_ws/src/install/xarm_sdk:/home/vboxuser/Ali_ws/src/install/xarm_msgs:/home/vboxuser/Ali_ws/src/install/xarm_description:/opt/ros/humble LD_LIBRARY_PATH=/home/vboxuser/Ali_ws/src/install/xarm_sdk/lib:/home/vboxuser/Ali_ws/src/install/xarm_msgs/lib:${LD_LIBRARY_PATH} PYTHONPATH=/home/vboxuser/Ali_ws/src/install/xarm_msgs/local/lib/python3.10/dist-packages:${PYTHONPATH} /usr/bin/cmake --install /home/vboxuser/Ali_ws/src/build/xarm_api
