[0.929s] Invoking command in '/home/vboxuser/Ali_ws/src/xarm_ros2/uf_ros_lib': PYTHONPATH=/home/vboxuser/Ali_ws/src/build/uf_ros_lib/prefix_override:/usr/lib/python3/dist-packages/colcon_core/task/python/colcon_distutils_commands:/home/vboxuser/Ali_ws/src/install/uf_ros_lib/lib/python3.10/site-packages:${PYTHONPATH} /usr/bin/python3 -W ignore:setup.py install is deprecated -W ignore:easy_install command is deprecated setup.py egg_info --egg-base ../../build/uf_ros_lib build --build-base /home/vboxuser/Ali_ws/src/build/uf_ros_lib/build install --record /home/vboxuser/Ali_ws/src/build/uf_ros_lib/install.log --single-version-externally-managed install_data
[1.269s] running egg_info
[1.269s] creating ../../build/uf_ros_lib/uf_ros_lib.egg-info
[1.270s] writing ../../build/uf_ros_lib/uf_ros_lib.egg-info/PKG-INFO
[1.271s] writing dependency_links to ../../build/uf_ros_lib/uf_ros_lib.egg-info/dependency_links.txt
[1.274s] writing entry points to ../../build/uf_ros_lib/uf_ros_lib.egg-info/entry_points.txt
[1.274s] writing requirements to ../../build/uf_ros_lib/uf_ros_lib.egg-info/requires.txt
[1.274s] writing top-level names to ../../build/uf_ros_lib/uf_ros_lib.egg-info/top_level.txt
[1.275s] writing manifest file '../../build/uf_ros_lib/uf_ros_lib.egg-info/SOURCES.txt'
[1.279s] reading manifest file '../../build/uf_ros_lib/uf_ros_lib.egg-info/SOURCES.txt'
[1.283s] writing manifest file '../../build/uf_ros_lib/uf_ros_lib.egg-info/SOURCES.txt'
[1.284s] running build
[1.284s] running build_py
[1.284s] creating /home/vboxuser/Ali_ws/src/build/uf_ros_lib/build
[1.284s] creating /home/vboxuser/Ali_ws/src/build/uf_ros_lib/build/lib
[1.285s] creating /home/vboxuser/Ali_ws/src/build/uf_ros_lib/build/lib/uf_ros_lib
[1.285s] copying uf_ros_lib/moveit_configs_builder.py -> /home/vboxuser/Ali_ws/src/build/uf_ros_lib/build/lib/uf_ros_lib
[1.285s] copying uf_ros_lib/uf_robot_utils.py -> /home/vboxuser/Ali_ws/src/build/uf_ros_lib/build/lib/uf_ros_lib
[1.285s] copying uf_ros_lib/parameter_descriptions.py -> /home/vboxuser/Ali_ws/src/build/uf_ros_lib/build/lib/uf_ros_lib
[1.285s] copying uf_ros_lib/__init__.py -> /home/vboxuser/Ali_ws/src/build/uf_ros_lib/build/lib/uf_ros_lib
[1.286s] creating /home/vboxuser/Ali_ws/src/build/uf_ros_lib/build/lib/uf_ros_lib/substitutions
[1.286s] copying uf_ros_lib/substitutions/kinematics.py -> /home/vboxuser/Ali_ws/src/build/uf_ros_lib/build/lib/uf_ros_lib/substitutions
[1.286s] copying uf_ros_lib/substitutions/planning_pipelines.py -> /home/vboxuser/Ali_ws/src/build/uf_ros_lib/build/lib/uf_ros_lib/substitutions
[1.286s] copying uf_ros_lib/substitutions/common.py -> /home/vboxuser/Ali_ws/src/build/uf_ros_lib/build/lib/uf_ros_lib/substitutions
[1.286s] copying uf_ros_lib/substitutions/controllers.py -> /home/vboxuser/Ali_ws/src/build/uf_ros_lib/build/lib/uf_ros_lib/substitutions
[1.286s] copying uf_ros_lib/substitutions/joint_limits.py -> /home/vboxuser/Ali_ws/src/build/uf_ros_lib/build/lib/uf_ros_lib/substitutions
[1.289s] copying uf_ros_lib/substitutions/__init__.py -> /home/vboxuser/Ali_ws/src/build/uf_ros_lib/build/lib/uf_ros_lib/substitutions
[1.290s] running install
[1.290s] running install_lib
[1.291s] creating /home/vboxuser/Ali_ws/src/install/uf_ros_lib/lib/python3.10/site-packages/uf_ros_lib
[1.291s] copying /home/vboxuser/Ali_ws/src/build/uf_ros_lib/build/lib/uf_ros_lib/moveit_configs_builder.py -> /home/vboxuser/Ali_ws/src/install/uf_ros_lib/lib/python3.10/site-packages/uf_ros_lib
[1.291s] copying /home/vboxuser/Ali_ws/src/build/uf_ros_lib/build/lib/uf_ros_lib/uf_robot_utils.py -> /home/vboxuser/Ali_ws/src/install/uf_ros_lib/lib/python3.10/site-packages/uf_ros_lib
[1.292s] creating /home/vboxuser/Ali_ws/src/install/uf_ros_lib/lib/python3.10/site-packages/uf_ros_lib/substitutions
[1.293s] copying /home/vboxuser/Ali_ws/src/build/uf_ros_lib/build/lib/uf_ros_lib/substitutions/kinematics.py -> /home/vboxuser/Ali_ws/src/install/uf_ros_lib/lib/python3.10/site-packages/uf_ros_lib/substitutions
[1.293s] copying /home/vboxuser/Ali_ws/src/build/uf_ros_lib/build/lib/uf_ros_lib/substitutions/planning_pipelines.py -> /home/vboxuser/Ali_ws/src/install/uf_ros_lib/lib/python3.10/site-packages/uf_ros_lib/substitutions
[1.293s] copying /home/vboxuser/Ali_ws/src/build/uf_ros_lib/build/lib/uf_ros_lib/substitutions/common.py -> /home/vboxuser/Ali_ws/src/install/uf_ros_lib/lib/python3.10/site-packages/uf_ros_lib/substitutions
[1.293s] copying /home/vboxuser/Ali_ws/src/build/uf_ros_lib/build/lib/uf_ros_lib/substitutions/controllers.py -> /home/vboxuser/Ali_ws/src/install/uf_ros_lib/lib/python3.10/site-packages/uf_ros_lib/substitutions
[1.294s] copying /home/vboxuser/Ali_ws/src/build/uf_ros_lib/build/lib/uf_ros_lib/substitutions/joint_limits.py -> /home/vboxuser/Ali_ws/src/install/uf_ros_lib/lib/python3.10/site-packages/uf_ros_lib/substitutions
[1.294s] copying /home/vboxuser/Ali_ws/src/build/uf_ros_lib/build/lib/uf_ros_lib/substitutions/__init__.py -> /home/vboxuser/Ali_ws/src/install/uf_ros_lib/lib/python3.10/site-packages/uf_ros_lib/substitutions
[1.294s] copying /home/vboxuser/Ali_ws/src/build/uf_ros_lib/build/lib/uf_ros_lib/parameter_descriptions.py -> /home/vboxuser/Ali_ws/src/install/uf_ros_lib/lib/python3.10/site-packages/uf_ros_lib
[1.294s] copying /home/vboxuser/Ali_ws/src/build/uf_ros_lib/build/lib/uf_ros_lib/__init__.py -> /home/vboxuser/Ali_ws/src/install/uf_ros_lib/lib/python3.10/site-packages/uf_ros_lib
[1.295s] byte-compiling /home/vboxuser/Ali_ws/src/install/uf_ros_lib/lib/python3.10/site-packages/uf_ros_lib/moveit_configs_builder.py to moveit_configs_builder.cpython-310.pyc
[1.309s] byte-compiling /home/vboxuser/Ali_ws/src/install/uf_ros_lib/lib/python3.10/site-packages/uf_ros_lib/uf_robot_utils.py to uf_robot_utils.cpython-310.pyc
[1.309s] byte-compiling /home/vboxuser/Ali_ws/src/install/uf_ros_lib/lib/python3.10/site-packages/uf_ros_lib/substitutions/kinematics.py to kinematics.cpython-310.pyc
[1.311s] byte-compiling /home/vboxuser/Ali_ws/src/install/uf_ros_lib/lib/python3.10/site-packages/uf_ros_lib/substitutions/planning_pipelines.py to planning_pipelines.cpython-310.pyc
[1.315s] byte-compiling /home/vboxuser/Ali_ws/src/install/uf_ros_lib/lib/python3.10/site-packages/uf_ros_lib/substitutions/common.py to common.cpython-310.pyc
[1.317s] byte-compiling /home/vboxuser/Ali_ws/src/install/uf_ros_lib/lib/python3.10/site-packages/uf_ros_lib/substitutions/controllers.py to controllers.cpython-310.pyc
[1.320s] byte-compiling /home/vboxuser/Ali_ws/src/install/uf_ros_lib/lib/python3.10/site-packages/uf_ros_lib/substitutions/joint_limits.py to joint_limits.cpython-310.pyc
[1.325s] byte-compiling /home/vboxuser/Ali_ws/src/install/uf_ros_lib/lib/python3.10/site-packages/uf_ros_lib/substitutions/__init__.py to __init__.cpython-310.pyc
[1.326s] byte-compiling /home/vboxuser/Ali_ws/src/install/uf_ros_lib/lib/python3.10/site-packages/uf_ros_lib/parameter_descriptions.py to parameter_descriptions.cpython-310.pyc
[1.327s] byte-compiling /home/vboxuser/Ali_ws/src/install/uf_ros_lib/lib/python3.10/site-packages/uf_ros_lib/__init__.py to __init__.cpython-310.pyc
[1.327s] running install_data
[1.327s] creating /home/vboxuser/Ali_ws/src/install/uf_ros_lib/share/ament_index
[1.327s] creating /home/vboxuser/Ali_ws/src/install/uf_ros_lib/share/ament_index/resource_index
[1.328s] creating /home/vboxuser/Ali_ws/src/install/uf_ros_lib/share/ament_index/resource_index/packages
[1.328s] copying resource/uf_ros_lib -> /home/vboxuser/Ali_ws/src/install/uf_ros_lib/share/ament_index/resource_index/packages
[1.328s] copying package.xml -> /home/vboxuser/Ali_ws/src/install/uf_ros_lib/share/uf_ros_lib
[1.328s] running install_egg_info
[1.331s] Copying ../../build/uf_ros_lib/uf_ros_lib.egg-info to /home/vboxuser/Ali_ws/src/install/uf_ros_lib/lib/python3.10/site-packages/uf_ros_lib-0.0.0-py3.10.egg-info
[1.332s] running install_scripts
[1.360s] writing list of installed files to '/home/vboxuser/Ali_ws/src/build/uf_ros_lib/install.log'
[1.402s] Invoked command in '/home/vboxuser/Ali_ws/src/xarm_ros2/uf_ros_lib' returned '0': PYTHONPATH=/home/vboxuser/Ali_ws/src/build/uf_ros_lib/prefix_override:/usr/lib/python3/dist-packages/colcon_core/task/python/colcon_distutils_commands:/home/vboxuser/Ali_ws/src/install/uf_ros_lib/lib/python3.10/site-packages:${PYTHONPATH} /usr/bin/python3 -W ignore:setup.py install is deprecated -W ignore:easy_install command is deprecated setup.py egg_info --egg-base ../../build/uf_ros_lib build --build-base /home/vboxuser/Ali_ws/src/build/uf_ros_lib/build install --record /home/vboxuser/Ali_ws/src/build/uf_ros_lib/install.log --single-version-externally-managed install_data
