[0.128s] Invoking command in '/home/vboxuser/Ali_ws/build/linkattacher_msgs': CMAKE_PREFIX_PATH=/opt/ros/humble /usr/bin/cmake --build /home/vboxuser/Ali_ws/build/linkattacher_msgs -- -j4 -l4
[0.268s] [35m[1mConsolidate compiler generated dependencies of target linkattacher_msgs__rosidl_generator_c[0m
[0.300s] [ 10%] Built target linkattacher_msgs__rosidl_generator_c
[0.307s] [ 12%] Built target linkattacher_msgs__cpp
[0.357s] [ 12%] Built target ament_cmake_python_copy_linkattacher_msgs
[0.357s] [35m[1mConsolidate compiler generated dependencies of target linkattacher_msgs__rosidl_typesupport_c[0m
[0.362s] [35m[1mConsolidate compiler generated dependencies of target linkattacher_msgs__rosidl_typesupport_fastrtps_c[0m
[0.363s] [35m[1mConsolidate compiler generated dependencies of target linkattacher_msgs__rosidl_typesupport_introspection_c[0m
[0.404s] [ 23%] Built target linkattacher_msgs__rosidl_typesupport_c
[0.417s] [35m[1mConsolidate compiler generated dependencies of target linkattacher_msgs__rosidl_typesupport_fastrtps_cpp[0m
[0.430s] [ 33%] Built target linkattacher_msgs__rosidl_typesupport_fastrtps_c
[0.444s] [ 43%] Built target linkattacher_msgs__rosidl_typesupport_introspection_c
[0.480s] [ 53%] Built target linkattacher_msgs__rosidl_typesupport_fastrtps_cpp
[0.527s] [35m[1mConsolidate compiler generated dependencies of target linkattacher_msgs__rosidl_typesupport_introspection_cpp[0m
[0.600s] [ 64%] Built target linkattacher_msgs__rosidl_typesupport_introspection_cpp
[0.607s] [35m[1mConsolidate compiler generated dependencies of target linkattacher_msgs__rosidl_typesupport_cpp[0m
[0.727s] [ 74%] Built target linkattacher_msgs__rosidl_typesupport_cpp
[0.834s] [ 74%] Built target linkattacher_msgs
[0.929s] [ 76%] Built target linkattacher_msgs__py
[1.015s] running egg_info
[1.019s] [35m[1mConsolidate compiler generated dependencies of target linkattacher_msgs__rosidl_generator_py[0m
[1.032s] writing linkattacher_msgs.egg-info/PKG-INFO
[1.032s] writing dependency_links to linkattacher_msgs.egg-info/dependency_links.txt
[1.033s] writing top-level names to linkattacher_msgs.egg-info/top_level.txt
[1.067s] reading manifest file 'linkattacher_msgs.egg-info/SOURCES.txt'
[1.074s] writing manifest file 'linkattacher_msgs.egg-info/SOURCES.txt'
[1.086s] [ 84%] Built target linkattacher_msgs__rosidl_generator_py
[1.176s] [ 84%] Built target ament_cmake_python_build_linkattacher_msgs_egg
[1.236s] [35m[1mConsolidate compiler generated dependencies of target linkattacher_msgs__rosidl_typesupport_c__pyext[0m
[1.258s] [35m[1mConsolidate compiler generated dependencies of target linkattacher_msgs__rosidl_typesupport_introspection_c__pyext[0m
[1.273s] [ 89%] Built target linkattacher_msgs__rosidl_typesupport_c__pyext
[1.283s] [35m[1mConsolidate compiler generated dependencies of target linkattacher_msgs__rosidl_typesupport_fastrtps_c__pyext[0m
[1.313s] [ 94%] Built target linkattacher_msgs__rosidl_typesupport_introspection_c__pyext
[1.313s] [100%] Built target linkattacher_msgs__rosidl_typesupport_fastrtps_c__pyext
[1.314s] Invoked command in '/home/vboxuser/Ali_ws/build/linkattacher_msgs' returned '0': CMAKE_PREFIX_PATH=/opt/ros/humble /usr/bin/cmake --build /home/vboxuser/Ali_ws/build/linkattacher_msgs -- -j4 -l4
[1.314s] Invoking command in '/home/vboxuser/Ali_ws/build/linkattacher_msgs': CMAKE_PREFIX_PATH=/opt/ros/humble /usr/bin/cmake --install /home/vboxuser/Ali_ws/build/linkattacher_msgs
[1.319s] -- Install configuration: ""
[1.320s] -- Up-to-date: /home/vboxuser/Ali_ws/install/linkattacher_msgs/share/linkattacher_msgs/srv
[1.320s] -- Up-to-date: /home/vboxuser/Ali_ws/install/linkattacher_msgs/share/linkattacher_msgs/srv/DetachLink.srv
[1.320s] -- Up-to-date: /home/vboxuser/Ali_ws/install/linkattacher_msgs/share/linkattacher_msgs/srv/AttachLink.srv
[1.321s] -- Up-to-date: /home/vboxuser/Ali_ws/install/linkattacher_msgs/share/ament_index/resource_index/rosidl_interfaces/linkattacher_msgs
[1.321s] -- Up-to-date: /home/vboxuser/Ali_ws/install/linkattacher_msgs/include/linkattacher_msgs/linkattacher_msgs
[1.321s] -- Up-to-date: /home/vboxuser/Ali_ws/install/linkattacher_msgs/include/linkattacher_msgs/linkattacher_msgs/srv
[1.322s] -- Up-to-date: /home/vboxuser/Ali_ws/install/linkattacher_msgs/include/linkattacher_msgs/linkattacher_msgs/srv/detach_link.h
[1.322s] -- Up-to-date: /home/vboxuser/Ali_ws/install/linkattacher_msgs/include/linkattacher_msgs/linkattacher_msgs/srv/detail
[1.323s] -- Up-to-date: /home/vboxuser/Ali_ws/install/linkattacher_msgs/include/linkattacher_msgs/linkattacher_msgs/srv/detail/attach_link__struct.h
[1.323s] -- Up-to-date: /home/vboxuser/Ali_ws/install/linkattacher_msgs/include/linkattacher_msgs/linkattacher_msgs/srv/detail/attach_link__functions.c
[1.323s] -- Up-to-date: /home/vboxuser/Ali_ws/install/linkattacher_msgs/include/linkattacher_msgs/linkattacher_msgs/srv/detail/attach_link__type_support.h
[1.324s] -- Up-to-date: /home/vboxuser/Ali_ws/install/linkattacher_msgs/include/linkattacher_msgs/linkattacher_msgs/srv/detail/detach_link__functions.h
[1.324s] -- Up-to-date: /home/vboxuser/Ali_ws/install/linkattacher_msgs/include/linkattacher_msgs/linkattacher_msgs/srv/detail/detach_link__type_support.h
[1.324s] -- Up-to-date: /home/vboxuser/Ali_ws/install/linkattacher_msgs/include/linkattacher_msgs/linkattacher_msgs/srv/detail/detach_link__struct.h
[1.324s] -- Up-to-date: /home/vboxuser/Ali_ws/install/linkattacher_msgs/include/linkattacher_msgs/linkattacher_msgs/srv/detail/detach_link__functions.c
[1.324s] -- Up-to-date: /home/vboxuser/Ali_ws/install/linkattacher_msgs/include/linkattacher_msgs/linkattacher_msgs/srv/detail/attach_link__functions.h
[1.324s] -- Up-to-date: /home/vboxuser/Ali_ws/install/linkattacher_msgs/include/linkattacher_msgs/linkattacher_msgs/srv/attach_link.h
[1.324s] -- Up-to-date: /home/vboxuser/Ali_ws/install/linkattacher_msgs/include/linkattacher_msgs/linkattacher_msgs/msg
[1.324s] -- Up-to-date: /home/vboxuser/Ali_ws/install/linkattacher_msgs/include/linkattacher_msgs/linkattacher_msgs/msg/rosidl_generator_c__visibility_control.h
[1.324s] -- Up-to-date: /home/vboxuser/Ali_ws/install/linkattacher_msgs/share/linkattacher_msgs/environment/library_path.sh
[1.324s] -- Up-to-date: /home/vboxuser/Ali_ws/install/linkattacher_msgs/share/linkattacher_msgs/environment/library_path.dsv
[1.326s] -- Up-to-date: /home/vboxuser/Ali_ws/install/linkattacher_msgs/lib/liblinkattacher_msgs__rosidl_generator_c.so
[1.326s] -- Up-to-date: /home/vboxuser/Ali_ws/install/linkattacher_msgs/include/linkattacher_msgs/linkattacher_msgs
[1.326s] -- Up-to-date: /home/vboxuser/Ali_ws/install/linkattacher_msgs/include/linkattacher_msgs/linkattacher_msgs/srv
[1.326s] -- Up-to-date: /home/vboxuser/Ali_ws/install/linkattacher_msgs/include/linkattacher_msgs/linkattacher_msgs/srv/detail
[1.326s] -- Up-to-date: /home/vboxuser/Ali_ws/install/linkattacher_msgs/include/linkattacher_msgs/linkattacher_msgs/srv/detail/attach_link__rosidl_typesupport_fastrtps_c.h
[1.326s] -- Up-to-date: /home/vboxuser/Ali_ws/install/linkattacher_msgs/include/linkattacher_msgs/linkattacher_msgs/srv/detail/detach_link__rosidl_typesupport_fastrtps_c.h
[1.326s] -- Up-to-date: /home/vboxuser/Ali_ws/install/linkattacher_msgs/include/linkattacher_msgs/linkattacher_msgs/msg
[1.326s] -- Up-to-date: /home/vboxuser/Ali_ws/install/linkattacher_msgs/include/linkattacher_msgs/linkattacher_msgs/msg/rosidl_typesupport_fastrtps_c__visibility_control.h
[1.331s] -- Up-to-date: /home/vboxuser/Ali_ws/install/linkattacher_msgs/lib/liblinkattacher_msgs__rosidl_typesupport_fastrtps_c.so
[1.331s] -- Up-to-date: /home/vboxuser/Ali_ws/install/linkattacher_msgs/include/linkattacher_msgs/linkattacher_msgs
[1.331s] -- Up-to-date: /home/vboxuser/Ali_ws/install/linkattacher_msgs/include/linkattacher_msgs/linkattacher_msgs/srv
[1.331s] -- Up-to-date: /home/vboxuser/Ali_ws/install/linkattacher_msgs/include/linkattacher_msgs/linkattacher_msgs/srv/detail
[1.331s] -- Up-to-date: /home/vboxuser/Ali_ws/install/linkattacher_msgs/include/linkattacher_msgs/linkattacher_msgs/srv/detail/attach_link__type_support.c
[1.332s] -- Up-to-date: /home/vboxuser/Ali_ws/install/linkattacher_msgs/include/linkattacher_msgs/linkattacher_msgs/srv/detail/detach_link__type_support.c
[1.332s] -- Up-to-date: /home/vboxuser/Ali_ws/install/linkattacher_msgs/include/linkattacher_msgs/linkattacher_msgs/srv/detail/attach_link__rosidl_typesupport_introspection_c.h
[1.332s] -- Up-to-date: /home/vboxuser/Ali_ws/install/linkattacher_msgs/include/linkattacher_msgs/linkattacher_msgs/srv/detail/detach_link__rosidl_typesupport_introspection_c.h
[1.332s] -- Up-to-date: /home/vboxuser/Ali_ws/install/linkattacher_msgs/include/linkattacher_msgs/linkattacher_msgs/msg
[1.332s] -- Up-to-date: /home/vboxuser/Ali_ws/install/linkattacher_msgs/include/linkattacher_msgs/linkattacher_msgs/msg/rosidl_typesupport_introspection_c__visibility_control.h
[1.336s] -- Up-to-date: /home/vboxuser/Ali_ws/install/linkattacher_msgs/lib/liblinkattacher_msgs__rosidl_typesupport_introspection_c.so
[1.338s] -- Up-to-date: /home/vboxuser/Ali_ws/install/linkattacher_msgs/lib/liblinkattacher_msgs__rosidl_typesupport_c.so
[1.340s] -- Up-to-date: /home/vboxuser/Ali_ws/install/linkattacher_msgs/include/linkattacher_msgs/linkattacher_msgs
[1.341s] -- Up-to-date: /home/vboxuser/Ali_ws/install/linkattacher_msgs/include/linkattacher_msgs/linkattacher_msgs/srv
[1.341s] -- Up-to-date: /home/vboxuser/Ali_ws/install/linkattacher_msgs/include/linkattacher_msgs/linkattacher_msgs/srv/detail
[1.341s] -- Up-to-date: /home/vboxuser/Ali_ws/install/linkattacher_msgs/include/linkattacher_msgs/linkattacher_msgs/srv/detail/detach_link__type_support.hpp
[1.341s] -- Up-to-date: /home/vboxuser/Ali_ws/install/linkattacher_msgs/include/linkattacher_msgs/linkattacher_msgs/srv/detail/attach_link__type_support.hpp
[1.341s] -- Up-to-date: /home/vboxuser/Ali_ws/install/linkattacher_msgs/include/linkattacher_msgs/linkattacher_msgs/srv/detail/attach_link__traits.hpp
[1.341s] -- Up-to-date: /home/vboxuser/Ali_ws/install/linkattacher_msgs/include/linkattacher_msgs/linkattacher_msgs/srv/detail/detach_link__traits.hpp
[1.341s] -- Up-to-date: /home/vboxuser/Ali_ws/install/linkattacher_msgs/include/linkattacher_msgs/linkattacher_msgs/srv/detail/attach_link__struct.hpp
[1.343s] -- Up-to-date: /home/vboxuser/Ali_ws/install/linkattacher_msgs/include/linkattacher_msgs/linkattacher_msgs/srv/detail/detach_link__builder.hpp
[1.343s] -- Up-to-date: /home/vboxuser/Ali_ws/install/linkattacher_msgs/include/linkattacher_msgs/linkattacher_msgs/srv/detail/detach_link__struct.hpp
[1.343s] -- Up-to-date: /home/vboxuser/Ali_ws/install/linkattacher_msgs/include/linkattacher_msgs/linkattacher_msgs/srv/detail/attach_link__builder.hpp
[1.343s] -- Up-to-date: /home/vboxuser/Ali_ws/install/linkattacher_msgs/include/linkattacher_msgs/linkattacher_msgs/srv/detach_link.hpp
[1.343s] -- Up-to-date: /home/vboxuser/Ali_ws/install/linkattacher_msgs/include/linkattacher_msgs/linkattacher_msgs/srv/attach_link.hpp
[1.343s] -- Up-to-date: /home/vboxuser/Ali_ws/install/linkattacher_msgs/include/linkattacher_msgs/linkattacher_msgs/msg
[1.343s] -- Up-to-date: /home/vboxuser/Ali_ws/install/linkattacher_msgs/include/linkattacher_msgs/linkattacher_msgs/msg/rosidl_generator_cpp__visibility_control.hpp
[1.343s] -- Up-to-date: /home/vboxuser/Ali_ws/install/linkattacher_msgs/include/linkattacher_msgs/linkattacher_msgs
[1.344s] -- Up-to-date: /home/vboxuser/Ali_ws/install/linkattacher_msgs/include/linkattacher_msgs/linkattacher_msgs/srv
[1.344s] -- Up-to-date: /home/vboxuser/Ali_ws/install/linkattacher_msgs/include/linkattacher_msgs/linkattacher_msgs/srv/detail
[1.344s] -- Up-to-date: /home/vboxuser/Ali_ws/install/linkattacher_msgs/include/linkattacher_msgs/linkattacher_msgs/srv/detail/dds_fastrtps
[1.344s] -- Up-to-date: /home/vboxuser/Ali_ws/install/linkattacher_msgs/include/linkattacher_msgs/linkattacher_msgs/srv/detail/attach_link__rosidl_typesupport_fastrtps_cpp.hpp
[1.344s] -- Up-to-date: /home/vboxuser/Ali_ws/install/linkattacher_msgs/include/linkattacher_msgs/linkattacher_msgs/srv/detail/detach_link__rosidl_typesupport_fastrtps_cpp.hpp
[1.344s] -- Up-to-date: /home/vboxuser/Ali_ws/install/linkattacher_msgs/include/linkattacher_msgs/linkattacher_msgs/msg
[1.344s] -- Up-to-date: /home/vboxuser/Ali_ws/install/linkattacher_msgs/include/linkattacher_msgs/linkattacher_msgs/msg/rosidl_typesupport_fastrtps_cpp__visibility_control.h
[1.347s] -- Up-to-date: /home/vboxuser/Ali_ws/install/linkattacher_msgs/lib/liblinkattacher_msgs__rosidl_typesupport_fastrtps_cpp.so
[1.348s] -- Up-to-date: /home/vboxuser/Ali_ws/install/linkattacher_msgs/include/linkattacher_msgs/linkattacher_msgs
[1.348s] -- Up-to-date: /home/vboxuser/Ali_ws/install/linkattacher_msgs/include/linkattacher_msgs/linkattacher_msgs/srv
[1.348s] -- Up-to-date: /home/vboxuser/Ali_ws/install/linkattacher_msgs/include/linkattacher_msgs/linkattacher_msgs/srv/detail
[1.349s] -- Up-to-date: /home/vboxuser/Ali_ws/install/linkattacher_msgs/include/linkattacher_msgs/linkattacher_msgs/srv/detail/detach_link__rosidl_typesupport_introspection_cpp.hpp
[1.349s] -- Up-to-date: /home/vboxuser/Ali_ws/install/linkattacher_msgs/include/linkattacher_msgs/linkattacher_msgs/srv/detail/detach_link__type_support.cpp
[1.349s] -- Up-to-date: /home/vboxuser/Ali_ws/install/linkattacher_msgs/include/linkattacher_msgs/linkattacher_msgs/srv/detail/attach_link__rosidl_typesupport_introspection_cpp.hpp
[1.349s] -- Up-to-date: /home/vboxuser/Ali_ws/install/linkattacher_msgs/include/linkattacher_msgs/linkattacher_msgs/srv/detail/attach_link__type_support.cpp
[1.350s] -- Up-to-date: /home/vboxuser/Ali_ws/install/linkattacher_msgs/lib/liblinkattacher_msgs__rosidl_typesupport_introspection_cpp.so
[1.354s] -- Up-to-date: /home/vboxuser/Ali_ws/install/linkattacher_msgs/lib/liblinkattacher_msgs__rosidl_typesupport_cpp.so
[1.354s] -- Up-to-date: /home/vboxuser/Ali_ws/install/linkattacher_msgs/share/linkattacher_msgs/environment/pythonpath.sh
[1.354s] -- Up-to-date: /home/vboxuser/Ali_ws/install/linkattacher_msgs/share/linkattacher_msgs/environment/pythonpath.dsv
[1.355s] -- Up-to-date: /home/vboxuser/Ali_ws/install/linkattacher_msgs/local/lib/python3.10/dist-packages/linkattacher_msgs-0.0.0-py3.10.egg-info
[1.355s] -- Installing: /home/vboxuser/Ali_ws/install/linkattacher_msgs/local/lib/python3.10/dist-packages/linkattacher_msgs-0.0.0-py3.10.egg-info/SOURCES.txt
[1.356s] -- Installing: /home/vboxuser/Ali_ws/install/linkattacher_msgs/local/lib/python3.10/dist-packages/linkattacher_msgs-0.0.0-py3.10.egg-info/top_level.txt
[1.358s] -- Installing: /home/vboxuser/Ali_ws/install/linkattacher_msgs/local/lib/python3.10/dist-packages/linkattacher_msgs-0.0.0-py3.10.egg-info/PKG-INFO
[1.358s] -- Installing: /home/vboxuser/Ali_ws/install/linkattacher_msgs/local/lib/python3.10/dist-packages/linkattacher_msgs-0.0.0-py3.10.egg-info/dependency_links.txt
[1.358s] -- Up-to-date: /home/vboxuser/Ali_ws/install/linkattacher_msgs/local/lib/python3.10/dist-packages/linkattacher_msgs
[1.358s] -- Up-to-date: /home/vboxuser/Ali_ws/install/linkattacher_msgs/local/lib/python3.10/dist-packages/linkattacher_msgs/_linkattacher_msgs_s.ep.rosidl_typesupport_introspection_c.c
[1.358s] -- Up-to-date: /home/vboxuser/Ali_ws/install/linkattacher_msgs/local/lib/python3.10/dist-packages/linkattacher_msgs/linkattacher_msgs_s__rosidl_typesupport_fastrtps_c.cpython-310-x86_64-linux-gnu.so
[1.358s] -- Up-to-date: /home/vboxuser/Ali_ws/install/linkattacher_msgs/local/lib/python3.10/dist-packages/linkattacher_msgs/liblinkattacher_msgs__rosidl_generator_py.so
[1.358s] -- Up-to-date: /home/vboxuser/Ali_ws/install/linkattacher_msgs/local/lib/python3.10/dist-packages/linkattacher_msgs/srv
[1.359s] -- Up-to-date: /home/vboxuser/Ali_ws/install/linkattacher_msgs/local/lib/python3.10/dist-packages/linkattacher_msgs/srv/_attach_link_s.c
[1.359s] -- Up-to-date: /home/vboxuser/Ali_ws/install/linkattacher_msgs/local/lib/python3.10/dist-packages/linkattacher_msgs/srv/_detach_link.py
[1.359s] -- Up-to-date: /home/vboxuser/Ali_ws/install/linkattacher_msgs/local/lib/python3.10/dist-packages/linkattacher_msgs/srv/_detach_link_s.c
[1.360s] -- Up-to-date: /home/vboxuser/Ali_ws/install/linkattacher_msgs/local/lib/python3.10/dist-packages/linkattacher_msgs/srv/_attach_link.py
[1.360s] -- Up-to-date: /home/vboxuser/Ali_ws/install/linkattacher_msgs/local/lib/python3.10/dist-packages/linkattacher_msgs/srv/__init__.py
[1.360s] -- Up-to-date: /home/vboxuser/Ali_ws/install/linkattacher_msgs/local/lib/python3.10/dist-packages/linkattacher_msgs/_linkattacher_msgs_s.ep.rosidl_typesupport_fastrtps_c.c
[1.360s] -- Up-to-date: /home/vboxuser/Ali_ws/install/linkattacher_msgs/local/lib/python3.10/dist-packages/linkattacher_msgs/_linkattacher_msgs_s.ep.rosidl_typesupport_c.c
[1.360s] -- Up-to-date: /home/vboxuser/Ali_ws/install/linkattacher_msgs/local/lib/python3.10/dist-packages/linkattacher_msgs/linkattacher_msgs_s__rosidl_typesupport_c.cpython-310-x86_64-linux-gnu.so
[1.360s] -- Up-to-date: /home/vboxuser/Ali_ws/install/linkattacher_msgs/local/lib/python3.10/dist-packages/linkattacher_msgs/linkattacher_msgs_s__rosidl_typesupport_introspection_c.cpython-310-x86_64-linux-gnu.so
[1.360s] -- Up-to-date: /home/vboxuser/Ali_ws/install/linkattacher_msgs/local/lib/python3.10/dist-packages/linkattacher_msgs/__init__.py
[1.439s] Listing '/home/vboxuser/Ali_ws/install/linkattacher_msgs/local/lib/python3.10/dist-packages/linkattacher_msgs'...
[1.439s] Listing '/home/vboxuser/Ali_ws/install/linkattacher_msgs/local/lib/python3.10/dist-packages/linkattacher_msgs/srv'...
[1.443s] -- Up-to-date: /home/vboxuser/Ali_ws/install/linkattacher_msgs/local/lib/python3.10/dist-packages/linkattacher_msgs/linkattacher_msgs_s__rosidl_typesupport_fastrtps_c.cpython-310-x86_64-linux-gnu.so
[1.443s] -- Up-to-date: /home/vboxuser/Ali_ws/install/linkattacher_msgs/local/lib/python3.10/dist-packages/linkattacher_msgs/linkattacher_msgs_s__rosidl_typesupport_introspection_c.cpython-310-x86_64-linux-gnu.so
[1.443s] -- Up-to-date: /home/vboxuser/Ali_ws/install/linkattacher_msgs/local/lib/python3.10/dist-packages/linkattacher_msgs/linkattacher_msgs_s__rosidl_typesupport_c.cpython-310-x86_64-linux-gnu.so
[1.446s] -- Up-to-date: /home/vboxuser/Ali_ws/install/linkattacher_msgs/lib/liblinkattacher_msgs__rosidl_generator_py.so
[1.447s] -- Up-to-date: /home/vboxuser/Ali_ws/install/linkattacher_msgs/share/linkattacher_msgs/srv/AttachLink.idl
[1.447s] -- Up-to-date: /home/vboxuser/Ali_ws/install/linkattacher_msgs/share/linkattacher_msgs/srv/DetachLink.idl
[1.447s] -- Up-to-date: /home/vboxuser/Ali_ws/install/linkattacher_msgs/share/linkattacher_msgs/srv/AttachLink.srv
[1.447s] -- Up-to-date: /home/vboxuser/Ali_ws/install/linkattacher_msgs/share/linkattacher_msgs/srv/AttachLink_Request.msg
[1.447s] -- Up-to-date: /home/vboxuser/Ali_ws/install/linkattacher_msgs/share/linkattacher_msgs/srv/AttachLink_Response.msg
[1.447s] -- Up-to-date: /home/vboxuser/Ali_ws/install/linkattacher_msgs/share/linkattacher_msgs/srv/DetachLink.srv
[1.447s] -- Up-to-date: /home/vboxuser/Ali_ws/install/linkattacher_msgs/share/linkattacher_msgs/srv/DetachLink_Request.msg
[1.447s] -- Up-to-date: /home/vboxuser/Ali_ws/install/linkattacher_msgs/share/linkattacher_msgs/srv/DetachLink_Response.msg
[1.447s] -- Up-to-date: /home/vboxuser/Ali_ws/install/linkattacher_msgs/share/ament_index/resource_index/package_run_dependencies/linkattacher_msgs
[1.447s] -- Up-to-date: /home/vboxuser/Ali_ws/install/linkattacher_msgs/share/ament_index/resource_index/parent_prefix_path/linkattacher_msgs
[1.447s] -- Up-to-date: /home/vboxuser/Ali_ws/install/linkattacher_msgs/share/linkattacher_msgs/environment/ament_prefix_path.sh
[1.447s] -- Up-to-date: /home/vboxuser/Ali_ws/install/linkattacher_msgs/share/linkattacher_msgs/environment/ament_prefix_path.dsv
[1.447s] -- Up-to-date: /home/vboxuser/Ali_ws/install/linkattacher_msgs/share/linkattacher_msgs/environment/path.sh
[1.447s] -- Up-to-date: /home/vboxuser/Ali_ws/install/linkattacher_msgs/share/linkattacher_msgs/environment/path.dsv
[1.448s] -- Up-to-date: /home/vboxuser/Ali_ws/install/linkattacher_msgs/share/linkattacher_msgs/local_setup.bash
[1.448s] -- Up-to-date: /home/vboxuser/Ali_ws/install/linkattacher_msgs/share/linkattacher_msgs/local_setup.sh
[1.448s] -- Up-to-date: /home/vboxuser/Ali_ws/install/linkattacher_msgs/share/linkattacher_msgs/local_setup.zsh
[1.448s] -- Up-to-date: /home/vboxuser/Ali_ws/install/linkattacher_msgs/share/linkattacher_msgs/local_setup.dsv
[1.448s] -- Installing: /home/vboxuser/Ali_ws/install/linkattacher_msgs/share/linkattacher_msgs/package.dsv
[1.450s] -- Up-to-date: /home/vboxuser/Ali_ws/install/linkattacher_msgs/share/ament_index/resource_index/packages/linkattacher_msgs
[1.453s] -- Up-to-date: /home/vboxuser/Ali_ws/install/linkattacher_msgs/share/linkattacher_msgs/cmake/export_linkattacher_msgs__rosidl_generator_cExport.cmake
[1.453s] -- Up-to-date: /home/vboxuser/Ali_ws/install/linkattacher_msgs/share/linkattacher_msgs/cmake/export_linkattacher_msgs__rosidl_generator_cExport-noconfig.cmake
[1.455s] -- Up-to-date: /home/vboxuser/Ali_ws/install/linkattacher_msgs/share/linkattacher_msgs/cmake/export_linkattacher_msgs__rosidl_typesupport_fastrtps_cExport.cmake
[1.456s] -- Up-to-date: /home/vboxuser/Ali_ws/install/linkattacher_msgs/share/linkattacher_msgs/cmake/export_linkattacher_msgs__rosidl_typesupport_fastrtps_cExport-noconfig.cmake
[1.459s] -- Up-to-date: /home/vboxuser/Ali_ws/install/linkattacher_msgs/share/linkattacher_msgs/cmake/linkattacher_msgs__rosidl_typesupport_introspection_cExport.cmake
[1.459s] -- Up-to-date: /home/vboxuser/Ali_ws/install/linkattacher_msgs/share/linkattacher_msgs/cmake/linkattacher_msgs__rosidl_typesupport_introspection_cExport-noconfig.cmake
[1.459s] -- Up-to-date: /home/vboxuser/Ali_ws/install/linkattacher_msgs/share/linkattacher_msgs/cmake/linkattacher_msgs__rosidl_typesupport_cExport.cmake
[1.459s] -- Up-to-date: /home/vboxuser/Ali_ws/install/linkattacher_msgs/share/linkattacher_msgs/cmake/linkattacher_msgs__rosidl_typesupport_cExport-noconfig.cmake
[1.462s] -- Up-to-date: /home/vboxuser/Ali_ws/install/linkattacher_msgs/share/linkattacher_msgs/cmake/export_linkattacher_msgs__rosidl_generator_cppExport.cmake
[1.468s] -- Up-to-date: /home/vboxuser/Ali_ws/install/linkattacher_msgs/share/linkattacher_msgs/cmake/export_linkattacher_msgs__rosidl_typesupport_fastrtps_cppExport.cmake
[1.469s] -- Up-to-date: /home/vboxuser/Ali_ws/install/linkattacher_msgs/share/linkattacher_msgs/cmake/export_linkattacher_msgs__rosidl_typesupport_fastrtps_cppExport-noconfig.cmake
[1.471s] -- Up-to-date: /home/vboxuser/Ali_ws/install/linkattacher_msgs/share/linkattacher_msgs/cmake/linkattacher_msgs__rosidl_typesupport_introspection_cppExport.cmake
[1.472s] -- Up-to-date: /home/vboxuser/Ali_ws/install/linkattacher_msgs/share/linkattacher_msgs/cmake/linkattacher_msgs__rosidl_typesupport_introspection_cppExport-noconfig.cmake
[1.496s] -- Up-to-date: /home/vboxuser/Ali_ws/install/linkattacher_msgs/share/linkattacher_msgs/cmake/linkattacher_msgs__rosidl_typesupport_cppExport.cmake
[1.496s] -- Up-to-date: /home/vboxuser/Ali_ws/install/linkattacher_msgs/share/linkattacher_msgs/cmake/linkattacher_msgs__rosidl_typesupport_cppExport-noconfig.cmake
[1.497s] -- Up-to-date: /home/vboxuser/Ali_ws/install/linkattacher_msgs/share/linkattacher_msgs/cmake/export_linkattacher_msgs__rosidl_generator_pyExport.cmake
[1.497s] -- Up-to-date: /home/vboxuser/Ali_ws/install/linkattacher_msgs/share/linkattacher_msgs/cmake/export_linkattacher_msgs__rosidl_generator_pyExport-noconfig.cmake
[1.497s] -- Up-to-date: /home/vboxuser/Ali_ws/install/linkattacher_msgs/share/linkattacher_msgs/cmake/rosidl_cmake-extras.cmake
[1.497s] -- Up-to-date: /home/vboxuser/Ali_ws/install/linkattacher_msgs/share/linkattacher_msgs/cmake/ament_cmake_export_include_directories-extras.cmake
[1.497s] -- Up-to-date: /home/vboxuser/Ali_ws/install/linkattacher_msgs/share/linkattacher_msgs/cmake/ament_cmake_export_libraries-extras.cmake
[1.497s] -- Up-to-date: /home/vboxuser/Ali_ws/install/linkattacher_msgs/share/linkattacher_msgs/cmake/ament_cmake_export_targets-extras.cmake
[1.497s] -- Up-to-date: /home/vboxuser/Ali_ws/install/linkattacher_msgs/share/linkattacher_msgs/cmake/rosidl_cmake_export_typesupport_targets-extras.cmake
[1.497s] -- Up-to-date: /home/vboxuser/Ali_ws/install/linkattacher_msgs/share/linkattacher_msgs/cmake/ament_cmake_export_dependencies-extras.cmake
[1.497s] -- Up-to-date: /home/vboxuser/Ali_ws/install/linkattacher_msgs/share/linkattacher_msgs/cmake/rosidl_cmake_export_typesupport_libraries-extras.cmake
[1.498s] -- Up-to-date: /home/vboxuser/Ali_ws/install/linkattacher_msgs/share/linkattacher_msgs/cmake/linkattacher_msgsConfig.cmake
[1.498s] -- Up-to-date: /home/vboxuser/Ali_ws/install/linkattacher_msgs/share/linkattacher_msgs/cmake/linkattacher_msgsConfig-version.cmake
[1.498s] -- Up-to-date: /home/vboxuser/Ali_ws/install/linkattacher_msgs/share/linkattacher_msgs/package.xml
[1.531s] Invoked command in '/home/vboxuser/Ali_ws/build/linkattacher_msgs' returned '0': CMAKE_PREFIX_PATH=/opt/ros/humble /usr/bin/cmake --install /home/vboxuser/Ali_ws/build/linkattacher_msgs
