[0.192s] Invoking command in '/home/vboxuser/Ali_ws/build/orbbec_camera_msgs': /usr/bin/cmake --build /home/vboxuser/Ali_ws/build/orbbec_camera_msgs -- -j4 -l4
[0.991s] [  0%] Built target orbbec_camera_msgs__cpp
[1.066s] [ 12%] Built target orbbec_camera_msgs__rosidl_generator_c
[1.478s] [ 12%] Built target ament_cmake_python_copy_orbbec_camera_msgs
[1.534s] [ 24%] Built target orbbec_camera_msgs__rosidl_typesupport_cpp
[1.562s] [ 36%] Built target orbbec_camera_msgs__rosidl_typesupport_fastrtps_cpp
[1.804s] [ 48%] Built target orbbec_camera_msgs__rosidl_typesupport_introspection_c
[1.938s] [ 60%] Built target orbbec_camera_msgs__rosidl_typesupport_introspection_cpp
[1.964s] [ 72%] Built target orbbec_camera_msgs__rosidl_typesupport_fastrtps_c
[1.976s] [ 84%] Built target orbbec_camera_msgs__rosidl_typesupport_c
[2.128s] [ 84%] Built target orbbec_camera_msgs
[2.227s] [ 85%] Built target orbbec_camera_msgs__py
[2.442s] [ 96%] Built target orbbec_camera_msgs__rosidl_generator_py
[2.519s] [ 97%] Built target orbbec_camera_msgs__rosidl_typesupport_fastrtps_c__pyext
[2.542s] [ 98%] Built target orbbec_camera_msgs__rosidl_typesupport_c__pyext
[2.584s] [100%] Built target orbbec_camera_msgs__rosidl_typesupport_introspection_c__pyext
[2.930s] running egg_info
[2.989s] writing orbbec_camera_msgs.egg-info/PKG-INFO
[2.998s] writing dependency_links to orbbec_camera_msgs.egg-info/dependency_links.txt
[2.999s] writing top-level names to orbbec_camera_msgs.egg-info/top_level.txt
[3.165s] reading manifest file 'orbbec_camera_msgs.egg-info/SOURCES.txt'
[3.189s] writing manifest file 'orbbec_camera_msgs.egg-info/SOURCES.txt'
[3.355s] [100%] Built target ament_cmake_python_build_orbbec_camera_msgs_egg
[3.384s] Invoked command in '/home/vboxuser/Ali_ws/build/orbbec_camera_msgs' returned '0': /usr/bin/cmake --build /home/vboxuser/Ali_ws/build/orbbec_camera_msgs -- -j4 -l4
[3.397s] Invoking command in '/home/vboxuser/Ali_ws/build/orbbec_camera_msgs': /usr/bin/cmake --install /home/vboxuser/Ali_ws/build/orbbec_camera_msgs
[3.415s] -- Install configuration: ""
[3.415s] -- Up-to-date: /home/vboxuser/Ali_ws/install/orbbec_camera_msgs/share/ament_index/resource_index/rosidl_interfaces/orbbec_camera_msgs
[3.415s] -- Up-to-date: /home/vboxuser/Ali_ws/install/orbbec_camera_msgs/include/orbbec_camera_msgs/orbbec_camera_msgs
[3.415s] -- Up-to-date: /home/vboxuser/Ali_ws/install/orbbec_camera_msgs/include/orbbec_camera_msgs/orbbec_camera_msgs/srv
[3.415s] -- Up-to-date: /home/vboxuser/Ali_ws/install/orbbec_camera_msgs/include/orbbec_camera_msgs/orbbec_camera_msgs/srv/get_int32.h
[3.415s] -- Up-to-date: /home/vboxuser/Ali_ws/install/orbbec_camera_msgs/include/orbbec_camera_msgs/orbbec_camera_msgs/srv/set_arrays.h
[3.415s] -- Up-to-date: /home/vboxuser/Ali_ws/install/orbbec_camera_msgs/include/orbbec_camera_msgs/orbbec_camera_msgs/srv/get_user_calib_params.h
[3.415s] -- Up-to-date: /home/vboxuser/Ali_ws/install/orbbec_camera_msgs/include/orbbec_camera_msgs/orbbec_camera_msgs/srv/detail
[3.415s] -- Up-to-date: /home/vboxuser/Ali_ws/install/orbbec_camera_msgs/include/orbbec_camera_msgs/orbbec_camera_msgs/srv/detail/get_bool__functions.h
[3.415s] -- Up-to-date: /home/vboxuser/Ali_ws/install/orbbec_camera_msgs/include/orbbec_camera_msgs/orbbec_camera_msgs/srv/detail/set_filter__type_support.h
[3.415s] -- Up-to-date: /home/vboxuser/Ali_ws/install/orbbec_camera_msgs/include/orbbec_camera_msgs/orbbec_camera_msgs/srv/detail/set_string__type_support.h
[3.415s] -- Up-to-date: /home/vboxuser/Ali_ws/install/orbbec_camera_msgs/include/orbbec_camera_msgs/orbbec_camera_msgs/srv/detail/get_int32__functions.h
[3.415s] -- Up-to-date: /home/vboxuser/Ali_ws/install/orbbec_camera_msgs/include/orbbec_camera_msgs/orbbec_camera_msgs/srv/detail/get_user_calib_params__type_support.h
[3.415s] -- Up-to-date: /home/vboxuser/Ali_ws/install/orbbec_camera_msgs/include/orbbec_camera_msgs/orbbec_camera_msgs/srv/detail/get_int32__struct.h
[3.415s] -- Up-to-date: /home/vboxuser/Ali_ws/install/orbbec_camera_msgs/include/orbbec_camera_msgs/orbbec_camera_msgs/srv/detail/set_filter__struct.h
[3.415s] -- Up-to-date: /home/vboxuser/Ali_ws/install/orbbec_camera_msgs/include/orbbec_camera_msgs/orbbec_camera_msgs/srv/detail/set_user_calib_params__type_support.h
[3.415s] -- Up-to-date: /home/vboxuser/Ali_ws/install/orbbec_camera_msgs/include/orbbec_camera_msgs/orbbec_camera_msgs/srv/detail/get_camera_info__type_support.h
[3.415s] -- Up-to-date: /home/vboxuser/Ali_ws/install/orbbec_camera_msgs/include/orbbec_camera_msgs/orbbec_camera_msgs/srv/detail/set_int32__struct.h
[3.415s] -- Up-to-date: /home/vboxuser/Ali_ws/install/orbbec_camera_msgs/include/orbbec_camera_msgs/orbbec_camera_msgs/srv/detail/set_user_calib_params__functions.c
[3.415s] -- Up-to-date: /home/vboxuser/Ali_ws/install/orbbec_camera_msgs/include/orbbec_camera_msgs/orbbec_camera_msgs/srv/detail/set_string__functions.c
[3.416s] -- Up-to-date: /home/vboxuser/Ali_ws/install/orbbec_camera_msgs/include/orbbec_camera_msgs/orbbec_camera_msgs/srv/detail/get_string__struct.h
[3.416s] -- Up-to-date: /home/vboxuser/Ali_ws/install/orbbec_camera_msgs/include/orbbec_camera_msgs/orbbec_camera_msgs/srv/detail/set_arrays__functions.h
[3.416s] -- Up-to-date: /home/vboxuser/Ali_ws/install/orbbec_camera_msgs/include/orbbec_camera_msgs/orbbec_camera_msgs/srv/detail/set_int32__functions.h
[3.416s] -- Up-to-date: /home/vboxuser/Ali_ws/install/orbbec_camera_msgs/include/orbbec_camera_msgs/orbbec_camera_msgs/srv/detail/get_device_info__type_support.h
[3.416s] -- Up-to-date: /home/vboxuser/Ali_ws/install/orbbec_camera_msgs/include/orbbec_camera_msgs/orbbec_camera_msgs/srv/detail/get_device_info__struct.h
[3.416s] -- Up-to-date: /home/vboxuser/Ali_ws/install/orbbec_camera_msgs/include/orbbec_camera_msgs/orbbec_camera_msgs/srv/detail/set_string__struct.h
[3.416s] -- Up-to-date: /home/vboxuser/Ali_ws/install/orbbec_camera_msgs/include/orbbec_camera_msgs/orbbec_camera_msgs/srv/detail/set_user_calib_params__struct.h
[3.416s] -- Up-to-date: /home/vboxuser/Ali_ws/install/orbbec_camera_msgs/include/orbbec_camera_msgs/orbbec_camera_msgs/srv/detail/set_filter__functions.h
[3.416s] -- Up-to-date: /home/vboxuser/Ali_ws/install/orbbec_camera_msgs/include/orbbec_camera_msgs/orbbec_camera_msgs/srv/detail/set_arrays__struct.h
[3.419s] -- Up-to-date: /home/vboxuser/Ali_ws/install/orbbec_camera_msgs/include/orbbec_camera_msgs/orbbec_camera_msgs/srv/detail/get_user_calib_params__struct.h
[3.419s] -- Up-to-date: /home/vboxuser/Ali_ws/install/orbbec_camera_msgs/include/orbbec_camera_msgs/orbbec_camera_msgs/srv/detail/get_device_info__functions.h
[3.419s] -- Up-to-date: /home/vboxuser/Ali_ws/install/orbbec_camera_msgs/include/orbbec_camera_msgs/orbbec_camera_msgs/srv/detail/get_camera_info__functions.c
[3.419s] -- Up-to-date: /home/vboxuser/Ali_ws/install/orbbec_camera_msgs/include/orbbec_camera_msgs/orbbec_camera_msgs/srv/detail/get_camera_info__struct.h
[3.419s] -- Up-to-date: /home/vboxuser/Ali_ws/install/orbbec_camera_msgs/include/orbbec_camera_msgs/orbbec_camera_msgs/srv/detail/get_bool__struct.h
[3.420s] -- Up-to-date: /home/vboxuser/Ali_ws/install/orbbec_camera_msgs/include/orbbec_camera_msgs/orbbec_camera_msgs/srv/detail/get_bool__functions.c
[3.420s] -- Up-to-date: /home/vboxuser/Ali_ws/install/orbbec_camera_msgs/include/orbbec_camera_msgs/orbbec_camera_msgs/srv/detail/set_int32__type_support.h
[3.420s] -- Up-to-date: /home/vboxuser/Ali_ws/install/orbbec_camera_msgs/include/orbbec_camera_msgs/orbbec_camera_msgs/srv/detail/get_user_calib_params__functions.c
[3.420s] -- Up-to-date: /home/vboxuser/Ali_ws/install/orbbec_camera_msgs/include/orbbec_camera_msgs/orbbec_camera_msgs/srv/detail/get_string__type_support.h
[3.420s] -- Up-to-date: /home/vboxuser/Ali_ws/install/orbbec_camera_msgs/include/orbbec_camera_msgs/orbbec_camera_msgs/srv/detail/get_int32__functions.c
[3.420s] -- Up-to-date: /home/vboxuser/Ali_ws/install/orbbec_camera_msgs/include/orbbec_camera_msgs/orbbec_camera_msgs/srv/detail/set_string__functions.h
[3.420s] -- Up-to-date: /home/vboxuser/Ali_ws/install/orbbec_camera_msgs/include/orbbec_camera_msgs/orbbec_camera_msgs/srv/detail/get_device_info__functions.c
[3.420s] -- Up-to-date: /home/vboxuser/Ali_ws/install/orbbec_camera_msgs/include/orbbec_camera_msgs/orbbec_camera_msgs/srv/detail/get_int32__type_support.h
[3.421s] -- Up-to-date: /home/vboxuser/Ali_ws/install/orbbec_camera_msgs/include/orbbec_camera_msgs/orbbec_camera_msgs/srv/detail/set_arrays__type_support.h
[3.421s] -- Up-to-date: /home/vboxuser/Ali_ws/install/orbbec_camera_msgs/include/orbbec_camera_msgs/orbbec_camera_msgs/srv/detail/get_bool__type_support.h
[3.421s] -- Up-to-date: /home/vboxuser/Ali_ws/install/orbbec_camera_msgs/include/orbbec_camera_msgs/orbbec_camera_msgs/srv/detail/get_string__functions.c
[3.421s] -- Up-to-date: /home/vboxuser/Ali_ws/install/orbbec_camera_msgs/include/orbbec_camera_msgs/orbbec_camera_msgs/srv/detail/get_user_calib_params__functions.h
[3.421s] -- Up-to-date: /home/vboxuser/Ali_ws/install/orbbec_camera_msgs/include/orbbec_camera_msgs/orbbec_camera_msgs/srv/detail/set_int32__functions.c
[3.421s] -- Up-to-date: /home/vboxuser/Ali_ws/install/orbbec_camera_msgs/include/orbbec_camera_msgs/orbbec_camera_msgs/srv/detail/set_arrays__functions.c
[3.421s] -- Up-to-date: /home/vboxuser/Ali_ws/install/orbbec_camera_msgs/include/orbbec_camera_msgs/orbbec_camera_msgs/srv/detail/set_user_calib_params__functions.h
[3.421s] -- Up-to-date: /home/vboxuser/Ali_ws/install/orbbec_camera_msgs/include/orbbec_camera_msgs/orbbec_camera_msgs/srv/detail/get_string__functions.h
[3.421s] -- Up-to-date: /home/vboxuser/Ali_ws/install/orbbec_camera_msgs/include/orbbec_camera_msgs/orbbec_camera_msgs/srv/detail/get_camera_info__functions.h
[3.421s] -- Up-to-date: /home/vboxuser/Ali_ws/install/orbbec_camera_msgs/include/orbbec_camera_msgs/orbbec_camera_msgs/srv/detail/set_filter__functions.c
[3.421s] -- Up-to-date: /home/vboxuser/Ali_ws/install/orbbec_camera_msgs/include/orbbec_camera_msgs/orbbec_camera_msgs/srv/get_string.h
[3.421s] -- Up-to-date: /home/vboxuser/Ali_ws/install/orbbec_camera_msgs/include/orbbec_camera_msgs/orbbec_camera_msgs/srv/set_user_calib_params.h
[3.421s] -- Up-to-date: /home/vboxuser/Ali_ws/install/orbbec_camera_msgs/include/orbbec_camera_msgs/orbbec_camera_msgs/srv/get_camera_info.h
[3.421s] -- Up-to-date: /home/vboxuser/Ali_ws/install/orbbec_camera_msgs/include/orbbec_camera_msgs/orbbec_camera_msgs/srv/get_bool.h
[3.421s] -- Up-to-date: /home/vboxuser/Ali_ws/install/orbbec_camera_msgs/include/orbbec_camera_msgs/orbbec_camera_msgs/srv/get_device_info.h
[3.421s] -- Up-to-date: /home/vboxuser/Ali_ws/install/orbbec_camera_msgs/include/orbbec_camera_msgs/orbbec_camera_msgs/srv/set_filter.h
[3.421s] -- Up-to-date: /home/vboxuser/Ali_ws/install/orbbec_camera_msgs/include/orbbec_camera_msgs/orbbec_camera_msgs/srv/set_string.h
[3.421s] -- Up-to-date: /home/vboxuser/Ali_ws/install/orbbec_camera_msgs/include/orbbec_camera_msgs/orbbec_camera_msgs/srv/set_int32.h
[3.421s] -- Up-to-date: /home/vboxuser/Ali_ws/install/orbbec_camera_msgs/include/orbbec_camera_msgs/orbbec_camera_msgs/msg
[3.421s] -- Up-to-date: /home/vboxuser/Ali_ws/install/orbbec_camera_msgs/include/orbbec_camera_msgs/orbbec_camera_msgs/msg/device_info.h
[3.421s] -- Up-to-date: /home/vboxuser/Ali_ws/install/orbbec_camera_msgs/include/orbbec_camera_msgs/orbbec_camera_msgs/msg/extrinsics.h
[3.421s] -- Up-to-date: /home/vboxuser/Ali_ws/install/orbbec_camera_msgs/include/orbbec_camera_msgs/orbbec_camera_msgs/msg/detail
[3.421s] -- Up-to-date: /home/vboxuser/Ali_ws/install/orbbec_camera_msgs/include/orbbec_camera_msgs/orbbec_camera_msgs/msg/detail/device_info__type_support.h
[3.421s] -- Up-to-date: /home/vboxuser/Ali_ws/install/orbbec_camera_msgs/include/orbbec_camera_msgs/orbbec_camera_msgs/msg/detail/device_status__type_support.h
[3.422s] -- Up-to-date: /home/vboxuser/Ali_ws/install/orbbec_camera_msgs/include/orbbec_camera_msgs/orbbec_camera_msgs/msg/detail/extrinsics__struct.h
[3.422s] -- Up-to-date: /home/vboxuser/Ali_ws/install/orbbec_camera_msgs/include/orbbec_camera_msgs/orbbec_camera_msgs/msg/detail/imu_info__struct.h
[3.422s] -- Up-to-date: /home/vboxuser/Ali_ws/install/orbbec_camera_msgs/include/orbbec_camera_msgs/orbbec_camera_msgs/msg/detail/device_status__functions.c
[3.422s] -- Up-to-date: /home/vboxuser/Ali_ws/install/orbbec_camera_msgs/include/orbbec_camera_msgs/orbbec_camera_msgs/msg/detail/metadata__functions.c
[3.422s] -- Up-to-date: /home/vboxuser/Ali_ws/install/orbbec_camera_msgs/include/orbbec_camera_msgs/orbbec_camera_msgs/msg/detail/device_status__struct.h
[3.422s] -- Up-to-date: /home/vboxuser/Ali_ws/install/orbbec_camera_msgs/include/orbbec_camera_msgs/orbbec_camera_msgs/msg/detail/rgbd__struct.h
[3.422s] -- Up-to-date: /home/vboxuser/Ali_ws/install/orbbec_camera_msgs/include/orbbec_camera_msgs/orbbec_camera_msgs/msg/detail/device_info__functions.h
[3.422s] -- Up-to-date: /home/vboxuser/Ali_ws/install/orbbec_camera_msgs/include/orbbec_camera_msgs/orbbec_camera_msgs/msg/detail/device_info__struct.h
[3.422s] -- Up-to-date: /home/vboxuser/Ali_ws/install/orbbec_camera_msgs/include/orbbec_camera_msgs/orbbec_camera_msgs/msg/detail/extrinsics__type_support.h
[3.422s] -- Up-to-date: /home/vboxuser/Ali_ws/install/orbbec_camera_msgs/include/orbbec_camera_msgs/orbbec_camera_msgs/msg/detail/imu_info__functions.h
[3.423s] -- Up-to-date: /home/vboxuser/Ali_ws/install/orbbec_camera_msgs/include/orbbec_camera_msgs/orbbec_camera_msgs/msg/detail/rgbd__functions.h
[3.423s] -- Up-to-date: /home/vboxuser/Ali_ws/install/orbbec_camera_msgs/include/orbbec_camera_msgs/orbbec_camera_msgs/msg/detail/metadata__struct.h
[3.423s] -- Up-to-date: /home/vboxuser/Ali_ws/install/orbbec_camera_msgs/include/orbbec_camera_msgs/orbbec_camera_msgs/msg/detail/extrinsics__functions.h
[3.423s] -- Up-to-date: /home/vboxuser/Ali_ws/install/orbbec_camera_msgs/include/orbbec_camera_msgs/orbbec_camera_msgs/msg/detail/imu_info__functions.c
[3.423s] -- Up-to-date: /home/vboxuser/Ali_ws/install/orbbec_camera_msgs/include/orbbec_camera_msgs/orbbec_camera_msgs/msg/detail/device_info__functions.c
[3.423s] -- Up-to-date: /home/vboxuser/Ali_ws/install/orbbec_camera_msgs/include/orbbec_camera_msgs/orbbec_camera_msgs/msg/detail/imu_info__type_support.h
[3.423s] -- Up-to-date: /home/vboxuser/Ali_ws/install/orbbec_camera_msgs/include/orbbec_camera_msgs/orbbec_camera_msgs/msg/detail/extrinsics__functions.c
[3.423s] -- Up-to-date: /home/vboxuser/Ali_ws/install/orbbec_camera_msgs/include/orbbec_camera_msgs/orbbec_camera_msgs/msg/detail/metadata__functions.h
[3.423s] -- Up-to-date: /home/vboxuser/Ali_ws/install/orbbec_camera_msgs/include/orbbec_camera_msgs/orbbec_camera_msgs/msg/detail/device_status__functions.h
[3.423s] -- Up-to-date: /home/vboxuser/Ali_ws/install/orbbec_camera_msgs/include/orbbec_camera_msgs/orbbec_camera_msgs/msg/detail/rgbd__type_support.h
[3.423s] -- Up-to-date: /home/vboxuser/Ali_ws/install/orbbec_camera_msgs/include/orbbec_camera_msgs/orbbec_camera_msgs/msg/detail/rgbd__functions.c
[3.423s] -- Up-to-date: /home/vboxuser/Ali_ws/install/orbbec_camera_msgs/include/orbbec_camera_msgs/orbbec_camera_msgs/msg/detail/metadata__type_support.h
[3.423s] -- Up-to-date: /home/vboxuser/Ali_ws/install/orbbec_camera_msgs/include/orbbec_camera_msgs/orbbec_camera_msgs/msg/device_status.h
[3.423s] -- Up-to-date: /home/vboxuser/Ali_ws/install/orbbec_camera_msgs/include/orbbec_camera_msgs/orbbec_camera_msgs/msg/metadata.h
[3.423s] -- Up-to-date: /home/vboxuser/Ali_ws/install/orbbec_camera_msgs/include/orbbec_camera_msgs/orbbec_camera_msgs/msg/imu_info.h
[3.423s] -- Up-to-date: /home/vboxuser/Ali_ws/install/orbbec_camera_msgs/include/orbbec_camera_msgs/orbbec_camera_msgs/msg/rosidl_generator_c__visibility_control.h
[3.423s] -- Up-to-date: /home/vboxuser/Ali_ws/install/orbbec_camera_msgs/include/orbbec_camera_msgs/orbbec_camera_msgs/msg/rgbd.h
[3.423s] -- Up-to-date: /home/vboxuser/Ali_ws/install/orbbec_camera_msgs/share/orbbec_camera_msgs/environment/library_path.sh
[3.423s] -- Up-to-date: /home/vboxuser/Ali_ws/install/orbbec_camera_msgs/share/orbbec_camera_msgs/environment/library_path.dsv
[3.426s] -- Up-to-date: /home/vboxuser/Ali_ws/install/orbbec_camera_msgs/lib/liborbbec_camera_msgs__rosidl_generator_c.so
[3.428s] -- Up-to-date: /home/vboxuser/Ali_ws/install/orbbec_camera_msgs/include/orbbec_camera_msgs/orbbec_camera_msgs
[3.428s] -- Up-to-date: /home/vboxuser/Ali_ws/install/orbbec_camera_msgs/include/orbbec_camera_msgs/orbbec_camera_msgs/srv
[3.428s] -- Up-to-date: /home/vboxuser/Ali_ws/install/orbbec_camera_msgs/include/orbbec_camera_msgs/orbbec_camera_msgs/srv/detail
[3.428s] -- Up-to-date: /home/vboxuser/Ali_ws/install/orbbec_camera_msgs/include/orbbec_camera_msgs/orbbec_camera_msgs/srv/detail/get_int32__rosidl_typesupport_fastrtps_c.h
[3.428s] -- Up-to-date: /home/vboxuser/Ali_ws/install/orbbec_camera_msgs/include/orbbec_camera_msgs/orbbec_camera_msgs/srv/detail/get_user_calib_params__rosidl_typesupport_fastrtps_c.h
[3.431s] -- Up-to-date: /home/vboxuser/Ali_ws/install/orbbec_camera_msgs/include/orbbec_camera_msgs/orbbec_camera_msgs/srv/detail/set_string__rosidl_typesupport_fastrtps_c.h
[3.432s] -- Up-to-date: /home/vboxuser/Ali_ws/install/orbbec_camera_msgs/include/orbbec_camera_msgs/orbbec_camera_msgs/srv/detail/get_camera_info__rosidl_typesupport_fastrtps_c.h
[3.433s] -- Up-to-date: /home/vboxuser/Ali_ws/install/orbbec_camera_msgs/include/orbbec_camera_msgs/orbbec_camera_msgs/srv/detail/set_arrays__rosidl_typesupport_fastrtps_c.h
[3.433s] -- Up-to-date: /home/vboxuser/Ali_ws/install/orbbec_camera_msgs/include/orbbec_camera_msgs/orbbec_camera_msgs/srv/detail/set_int32__rosidl_typesupport_fastrtps_c.h
[3.433s] -- Up-to-date: /home/vboxuser/Ali_ws/install/orbbec_camera_msgs/include/orbbec_camera_msgs/orbbec_camera_msgs/srv/detail/set_filter__rosidl_typesupport_fastrtps_c.h
[3.433s] -- Up-to-date: /home/vboxuser/Ali_ws/install/orbbec_camera_msgs/include/orbbec_camera_msgs/orbbec_camera_msgs/srv/detail/get_device_info__rosidl_typesupport_fastrtps_c.h
[3.433s] -- Up-to-date: /home/vboxuser/Ali_ws/install/orbbec_camera_msgs/include/orbbec_camera_msgs/orbbec_camera_msgs/srv/detail/get_string__rosidl_typesupport_fastrtps_c.h
[3.433s] -- Up-to-date: /home/vboxuser/Ali_ws/install/orbbec_camera_msgs/include/orbbec_camera_msgs/orbbec_camera_msgs/srv/detail/get_bool__rosidl_typesupport_fastrtps_c.h
[3.434s] -- Up-to-date: /home/vboxuser/Ali_ws/install/orbbec_camera_msgs/include/orbbec_camera_msgs/orbbec_camera_msgs/srv/detail/set_user_calib_params__rosidl_typesupport_fastrtps_c.h
[3.435s] -- Up-to-date: /home/vboxuser/Ali_ws/install/orbbec_camera_msgs/include/orbbec_camera_msgs/orbbec_camera_msgs/msg
[3.435s] -- Up-to-date: /home/vboxuser/Ali_ws/install/orbbec_camera_msgs/include/orbbec_camera_msgs/orbbec_camera_msgs/msg/detail
[3.435s] -- Up-to-date: /home/vboxuser/Ali_ws/install/orbbec_camera_msgs/include/orbbec_camera_msgs/orbbec_camera_msgs/msg/detail/imu_info__rosidl_typesupport_fastrtps_c.h
[3.435s] -- Up-to-date: /home/vboxuser/Ali_ws/install/orbbec_camera_msgs/include/orbbec_camera_msgs/orbbec_camera_msgs/msg/detail/rgbd__rosidl_typesupport_fastrtps_c.h
[3.435s] -- Up-to-date: /home/vboxuser/Ali_ws/install/orbbec_camera_msgs/include/orbbec_camera_msgs/orbbec_camera_msgs/msg/detail/extrinsics__rosidl_typesupport_fastrtps_c.h
[3.435s] -- Up-to-date: /home/vboxuser/Ali_ws/install/orbbec_camera_msgs/include/orbbec_camera_msgs/orbbec_camera_msgs/msg/detail/device_status__rosidl_typesupport_fastrtps_c.h
[3.435s] -- Up-to-date: /home/vboxuser/Ali_ws/install/orbbec_camera_msgs/include/orbbec_camera_msgs/orbbec_camera_msgs/msg/detail/metadata__rosidl_typesupport_fastrtps_c.h
[3.435s] -- Up-to-date: /home/vboxuser/Ali_ws/install/orbbec_camera_msgs/include/orbbec_camera_msgs/orbbec_camera_msgs/msg/detail/device_info__rosidl_typesupport_fastrtps_c.h
[3.435s] -- Up-to-date: /home/vboxuser/Ali_ws/install/orbbec_camera_msgs/include/orbbec_camera_msgs/orbbec_camera_msgs/msg/rosidl_typesupport_fastrtps_c__visibility_control.h
[3.440s] -- Up-to-date: /home/vboxuser/Ali_ws/install/orbbec_camera_msgs/lib/liborbbec_camera_msgs__rosidl_typesupport_fastrtps_c.so
[3.440s] -- Up-to-date: /home/vboxuser/Ali_ws/install/orbbec_camera_msgs/include/orbbec_camera_msgs/orbbec_camera_msgs
[3.440s] -- Up-to-date: /home/vboxuser/Ali_ws/install/orbbec_camera_msgs/include/orbbec_camera_msgs/orbbec_camera_msgs/srv
[3.444s] -- Up-to-date: /home/vboxuser/Ali_ws/install/orbbec_camera_msgs/include/orbbec_camera_msgs/orbbec_camera_msgs/srv/detail
[3.444s] -- Up-to-date: /home/vboxuser/Ali_ws/install/orbbec_camera_msgs/include/orbbec_camera_msgs/orbbec_camera_msgs/srv/detail/get_int32__rosidl_typesupport_introspection_c.h
[3.445s] -- Up-to-date: /home/vboxuser/Ali_ws/install/orbbec_camera_msgs/include/orbbec_camera_msgs/orbbec_camera_msgs/srv/detail/set_int32__type_support.c
[3.446s] -- Up-to-date: /home/vboxuser/Ali_ws/install/orbbec_camera_msgs/include/orbbec_camera_msgs/orbbec_camera_msgs/srv/detail/set_filter__rosidl_typesupport_introspection_c.h
[3.446s] -- Up-to-date: /home/vboxuser/Ali_ws/install/orbbec_camera_msgs/include/orbbec_camera_msgs/orbbec_camera_msgs/srv/detail/set_int32__rosidl_typesupport_introspection_c.h
[3.446s] -- Up-to-date: /home/vboxuser/Ali_ws/install/orbbec_camera_msgs/include/orbbec_camera_msgs/orbbec_camera_msgs/srv/detail/get_bool__type_support.c
[3.447s] -- Up-to-date: /home/vboxuser/Ali_ws/install/orbbec_camera_msgs/include/orbbec_camera_msgs/orbbec_camera_msgs/srv/detail/set_string__rosidl_typesupport_introspection_c.h
[3.449s] -- Up-to-date: /home/vboxuser/Ali_ws/install/orbbec_camera_msgs/include/orbbec_camera_msgs/orbbec_camera_msgs/srv/detail/set_string__type_support.c
[3.449s] -- Up-to-date: /home/vboxuser/Ali_ws/install/orbbec_camera_msgs/include/orbbec_camera_msgs/orbbec_camera_msgs/srv/detail/get_int32__type_support.c
[3.449s] -- Up-to-date: /home/vboxuser/Ali_ws/install/orbbec_camera_msgs/include/orbbec_camera_msgs/orbbec_camera_msgs/srv/detail/get_camera_info__type_support.c
[3.449s] -- Up-to-date: /home/vboxuser/Ali_ws/install/orbbec_camera_msgs/include/orbbec_camera_msgs/orbbec_camera_msgs/srv/detail/set_arrays__rosidl_typesupport_introspection_c.h
[3.449s] -- Up-to-date: /home/vboxuser/Ali_ws/install/orbbec_camera_msgs/include/orbbec_camera_msgs/orbbec_camera_msgs/srv/detail/get_user_calib_params__rosidl_typesupport_introspection_c.h
[3.449s] -- Up-to-date: /home/vboxuser/Ali_ws/install/orbbec_camera_msgs/include/orbbec_camera_msgs/orbbec_camera_msgs/srv/detail/get_bool__rosidl_typesupport_introspection_c.h
[3.451s] -- Up-to-date: /home/vboxuser/Ali_ws/install/orbbec_camera_msgs/include/orbbec_camera_msgs/orbbec_camera_msgs/srv/detail/set_filter__type_support.c
[3.452s] -- Up-to-date: /home/vboxuser/Ali_ws/install/orbbec_camera_msgs/include/orbbec_camera_msgs/orbbec_camera_msgs/srv/detail/set_arrays__type_support.c
[3.452s] -- Up-to-date: /home/vboxuser/Ali_ws/install/orbbec_camera_msgs/include/orbbec_camera_msgs/orbbec_camera_msgs/srv/detail/get_device_info__type_support.c
[3.452s] -- Up-to-date: /home/vboxuser/Ali_ws/install/orbbec_camera_msgs/include/orbbec_camera_msgs/orbbec_camera_msgs/srv/detail/set_user_calib_params__rosidl_typesupport_introspection_c.h
[3.458s] -- Up-to-date: /home/vboxuser/Ali_ws/install/orbbec_camera_msgs/include/orbbec_camera_msgs/orbbec_camera_msgs/srv/detail/get_string__rosidl_typesupport_introspection_c.h
[3.458s] -- Up-to-date: /home/vboxuser/Ali_ws/install/orbbec_camera_msgs/include/orbbec_camera_msgs/orbbec_camera_msgs/srv/detail/get_user_calib_params__type_support.c
[3.458s] -- Up-to-date: /home/vboxuser/Ali_ws/install/orbbec_camera_msgs/include/orbbec_camera_msgs/orbbec_camera_msgs/srv/detail/get_camera_info__rosidl_typesupport_introspection_c.h
[3.458s] -- Up-to-date: /home/vboxuser/Ali_ws/install/orbbec_camera_msgs/include/orbbec_camera_msgs/orbbec_camera_msgs/srv/detail/set_user_calib_params__type_support.c
[3.459s] -- Up-to-date: /home/vboxuser/Ali_ws/install/orbbec_camera_msgs/include/orbbec_camera_msgs/orbbec_camera_msgs/srv/detail/get_string__type_support.c
[3.460s] -- Up-to-date: /home/vboxuser/Ali_ws/install/orbbec_camera_msgs/include/orbbec_camera_msgs/orbbec_camera_msgs/srv/detail/get_device_info__rosidl_typesupport_introspection_c.h
[3.460s] -- Up-to-date: /home/vboxuser/Ali_ws/install/orbbec_camera_msgs/include/orbbec_camera_msgs/orbbec_camera_msgs/msg
[3.460s] -- Up-to-date: /home/vboxuser/Ali_ws/install/orbbec_camera_msgs/include/orbbec_camera_msgs/orbbec_camera_msgs/msg/rosidl_typesupport_introspection_c__visibility_control.h
[3.461s] -- Up-to-date: /home/vboxuser/Ali_ws/install/orbbec_camera_msgs/include/orbbec_camera_msgs/orbbec_camera_msgs/msg/detail
[3.461s] -- Up-to-date: /home/vboxuser/Ali_ws/install/orbbec_camera_msgs/include/orbbec_camera_msgs/orbbec_camera_msgs/msg/detail/device_info__rosidl_typesupport_introspection_c.h
[3.461s] -- Up-to-date: /home/vboxuser/Ali_ws/install/orbbec_camera_msgs/include/orbbec_camera_msgs/orbbec_camera_msgs/msg/detail/device_info__type_support.c
[3.461s] -- Up-to-date: /home/vboxuser/Ali_ws/install/orbbec_camera_msgs/include/orbbec_camera_msgs/orbbec_camera_msgs/msg/detail/extrinsics__type_support.c
[3.461s] -- Up-to-date: /home/vboxuser/Ali_ws/install/orbbec_camera_msgs/include/orbbec_camera_msgs/orbbec_camera_msgs/msg/detail/imu_info__type_support.c
[3.461s] -- Up-to-date: /home/vboxuser/Ali_ws/install/orbbec_camera_msgs/include/orbbec_camera_msgs/orbbec_camera_msgs/msg/detail/rgbd__type_support.c
[3.461s] -- Up-to-date: /home/vboxuser/Ali_ws/install/orbbec_camera_msgs/include/orbbec_camera_msgs/orbbec_camera_msgs/msg/detail/metadata__type_support.c
[3.461s] -- Up-to-date: /home/vboxuser/Ali_ws/install/orbbec_camera_msgs/include/orbbec_camera_msgs/orbbec_camera_msgs/msg/detail/imu_info__rosidl_typesupport_introspection_c.h
[3.461s] -- Up-to-date: /home/vboxuser/Ali_ws/install/orbbec_camera_msgs/include/orbbec_camera_msgs/orbbec_camera_msgs/msg/detail/device_status__type_support.c
[3.461s] -- Up-to-date: /home/vboxuser/Ali_ws/install/orbbec_camera_msgs/include/orbbec_camera_msgs/orbbec_camera_msgs/msg/detail/extrinsics__rosidl_typesupport_introspection_c.h
[3.461s] -- Up-to-date: /home/vboxuser/Ali_ws/install/orbbec_camera_msgs/include/orbbec_camera_msgs/orbbec_camera_msgs/msg/detail/rgbd__rosidl_typesupport_introspection_c.h
[3.461s] -- Up-to-date: /home/vboxuser/Ali_ws/install/orbbec_camera_msgs/include/orbbec_camera_msgs/orbbec_camera_msgs/msg/detail/metadata__rosidl_typesupport_introspection_c.h
[3.462s] -- Up-to-date: /home/vboxuser/Ali_ws/install/orbbec_camera_msgs/include/orbbec_camera_msgs/orbbec_camera_msgs/msg/detail/device_status__rosidl_typesupport_introspection_c.h
[3.462s] -- Up-to-date: /home/vboxuser/Ali_ws/install/orbbec_camera_msgs/lib/liborbbec_camera_msgs__rosidl_typesupport_introspection_c.so
[3.462s] -- Up-to-date: /home/vboxuser/Ali_ws/install/orbbec_camera_msgs/lib/liborbbec_camera_msgs__rosidl_typesupport_c.so
[3.462s] -- Up-to-date: /home/vboxuser/Ali_ws/install/orbbec_camera_msgs/include/orbbec_camera_msgs/orbbec_camera_msgs
[3.462s] -- Up-to-date: /home/vboxuser/Ali_ws/install/orbbec_camera_msgs/include/orbbec_camera_msgs/orbbec_camera_msgs/srv
[3.462s] -- Up-to-date: /home/vboxuser/Ali_ws/install/orbbec_camera_msgs/include/orbbec_camera_msgs/orbbec_camera_msgs/srv/get_user_calib_params.hpp
[3.462s] -- Up-to-date: /home/vboxuser/Ali_ws/install/orbbec_camera_msgs/include/orbbec_camera_msgs/orbbec_camera_msgs/srv/get_bool.hpp
[3.462s] -- Up-to-date: /home/vboxuser/Ali_ws/install/orbbec_camera_msgs/include/orbbec_camera_msgs/orbbec_camera_msgs/srv/set_int32.hpp
[3.462s] -- Up-to-date: /home/vboxuser/Ali_ws/install/orbbec_camera_msgs/include/orbbec_camera_msgs/orbbec_camera_msgs/srv/get_int32.hpp
[3.491s] -- Up-to-date: /home/vboxuser/Ali_ws/install/orbbec_camera_msgs/include/orbbec_camera_msgs/orbbec_camera_msgs/srv/detail
[3.491s] -- Up-to-date: /home/vboxuser/Ali_ws/install/orbbec_camera_msgs/include/orbbec_camera_msgs/orbbec_camera_msgs/srv/detail/get_string__type_support.hpp
[3.492s] -- Up-to-date: /home/vboxuser/Ali_ws/install/orbbec_camera_msgs/include/orbbec_camera_msgs/orbbec_camera_msgs/srv/detail/set_filter__traits.hpp
[3.492s] -- Up-to-date: /home/vboxuser/Ali_ws/install/orbbec_camera_msgs/include/orbbec_camera_msgs/orbbec_camera_msgs/srv/detail/set_user_calib_params__type_support.hpp
[3.492s] -- Up-to-date: /home/vboxuser/Ali_ws/install/orbbec_camera_msgs/include/orbbec_camera_msgs/orbbec_camera_msgs/srv/detail/set_string__builder.hpp
[3.492s] -- Up-to-date: /home/vboxuser/Ali_ws/install/orbbec_camera_msgs/include/orbbec_camera_msgs/orbbec_camera_msgs/srv/detail/set_int32__struct.hpp
[3.493s] -- Up-to-date: /home/vboxuser/Ali_ws/install/orbbec_camera_msgs/include/orbbec_camera_msgs/orbbec_camera_msgs/srv/detail/get_camera_info__traits.hpp
[3.493s] -- Up-to-date: /home/vboxuser/Ali_ws/install/orbbec_camera_msgs/include/orbbec_camera_msgs/orbbec_camera_msgs/srv/detail/get_device_info__traits.hpp
[3.493s] -- Up-to-date: /home/vboxuser/Ali_ws/install/orbbec_camera_msgs/include/orbbec_camera_msgs/orbbec_camera_msgs/srv/detail/set_user_calib_params__builder.hpp
[3.493s] -- Up-to-date: /home/vboxuser/Ali_ws/install/orbbec_camera_msgs/include/orbbec_camera_msgs/orbbec_camera_msgs/srv/detail/set_arrays__builder.hpp
[3.493s] -- Up-to-date: /home/vboxuser/Ali_ws/install/orbbec_camera_msgs/include/orbbec_camera_msgs/orbbec_camera_msgs/srv/detail/set_string__type_support.hpp
[3.493s] -- Up-to-date: /home/vboxuser/Ali_ws/install/orbbec_camera_msgs/include/orbbec_camera_msgs/orbbec_camera_msgs/srv/detail/set_int32__type_support.hpp
[3.493s] -- Up-to-date: /home/vboxuser/Ali_ws/install/orbbec_camera_msgs/include/orbbec_camera_msgs/orbbec_camera_msgs/srv/detail/get_device_info__struct.hpp
[3.493s] -- Up-to-date: /home/vboxuser/Ali_ws/install/orbbec_camera_msgs/include/orbbec_camera_msgs/orbbec_camera_msgs/srv/detail/get_string__builder.hpp
[3.493s] -- Up-to-date: /home/vboxuser/Ali_ws/install/orbbec_camera_msgs/include/orbbec_camera_msgs/orbbec_camera_msgs/srv/detail/get_int32__traits.hpp
[3.493s] -- Up-to-date: /home/vboxuser/Ali_ws/install/orbbec_camera_msgs/include/orbbec_camera_msgs/orbbec_camera_msgs/srv/detail/set_user_calib_params__traits.hpp
[3.493s] -- Up-to-date: /home/vboxuser/Ali_ws/install/orbbec_camera_msgs/include/orbbec_camera_msgs/orbbec_camera_msgs/srv/detail/get_string__traits.hpp
[3.499s] -- Up-to-date: /home/vboxuser/Ali_ws/install/orbbec_camera_msgs/include/orbbec_camera_msgs/orbbec_camera_msgs/srv/detail/get_device_info__builder.hpp
[3.500s] -- Up-to-date: /home/vboxuser/Ali_ws/install/orbbec_camera_msgs/include/orbbec_camera_msgs/orbbec_camera_msgs/srv/detail/set_int32__builder.hpp
[3.500s] -- Up-to-date: /home/vboxuser/Ali_ws/install/orbbec_camera_msgs/include/orbbec_camera_msgs/orbbec_camera_msgs/srv/detail/set_filter__type_support.hpp
[3.500s] -- Up-to-date: /home/vboxuser/Ali_ws/install/orbbec_camera_msgs/include/orbbec_camera_msgs/orbbec_camera_msgs/srv/detail/set_filter__builder.hpp
[3.500s] -- Up-to-date: /home/vboxuser/Ali_ws/install/orbbec_camera_msgs/include/orbbec_camera_msgs/orbbec_camera_msgs/srv/detail/get_int32__type_support.hpp
[3.500s] -- Up-to-date: /home/vboxuser/Ali_ws/install/orbbec_camera_msgs/include/orbbec_camera_msgs/orbbec_camera_msgs/srv/detail/get_bool__traits.hpp
[3.500s] -- Up-to-date: /home/vboxuser/Ali_ws/install/orbbec_camera_msgs/include/orbbec_camera_msgs/orbbec_camera_msgs/srv/detail/get_bool__builder.hpp
[3.501s] -- Up-to-date: /home/vboxuser/Ali_ws/install/orbbec_camera_msgs/include/orbbec_camera_msgs/orbbec_camera_msgs/srv/detail/get_int32__struct.hpp
[3.501s] -- Up-to-date: /home/vboxuser/Ali_ws/install/orbbec_camera_msgs/include/orbbec_camera_msgs/orbbec_camera_msgs/srv/detail/get_string__struct.hpp
[3.501s] -- Up-to-date: /home/vboxuser/Ali_ws/install/orbbec_camera_msgs/include/orbbec_camera_msgs/orbbec_camera_msgs/srv/detail/set_string__traits.hpp
[3.501s] -- Up-to-date: /home/vboxuser/Ali_ws/install/orbbec_camera_msgs/include/orbbec_camera_msgs/orbbec_camera_msgs/srv/detail/get_camera_info__struct.hpp
[3.501s] -- Up-to-date: /home/vboxuser/Ali_ws/install/orbbec_camera_msgs/include/orbbec_camera_msgs/orbbec_camera_msgs/srv/detail/get_user_calib_params__type_support.hpp
[3.501s] -- Up-to-date: /home/vboxuser/Ali_ws/install/orbbec_camera_msgs/include/orbbec_camera_msgs/orbbec_camera_msgs/srv/detail/get_user_calib_params__struct.hpp
[3.501s] -- Up-to-date: /home/vboxuser/Ali_ws/install/orbbec_camera_msgs/include/orbbec_camera_msgs/orbbec_camera_msgs/srv/detail/set_int32__traits.hpp
[3.501s] -- Up-to-date: /home/vboxuser/Ali_ws/install/orbbec_camera_msgs/include/orbbec_camera_msgs/orbbec_camera_msgs/srv/detail/get_device_info__type_support.hpp
[3.501s] -- Up-to-date: /home/vboxuser/Ali_ws/install/orbbec_camera_msgs/include/orbbec_camera_msgs/orbbec_camera_msgs/srv/detail/set_user_calib_params__struct.hpp
[3.501s] -- Up-to-date: /home/vboxuser/Ali_ws/install/orbbec_camera_msgs/include/orbbec_camera_msgs/orbbec_camera_msgs/srv/detail/get_bool__type_support.hpp
[3.501s] -- Up-to-date: /home/vboxuser/Ali_ws/install/orbbec_camera_msgs/include/orbbec_camera_msgs/orbbec_camera_msgs/srv/detail/get_int32__builder.hpp
[3.501s] -- Up-to-date: /home/vboxuser/Ali_ws/install/orbbec_camera_msgs/include/orbbec_camera_msgs/orbbec_camera_msgs/srv/detail/get_camera_info__type_support.hpp
[3.501s] -- Up-to-date: /home/vboxuser/Ali_ws/install/orbbec_camera_msgs/include/orbbec_camera_msgs/orbbec_camera_msgs/srv/detail/set_arrays__traits.hpp
[3.501s] -- Up-to-date: /home/vboxuser/Ali_ws/install/orbbec_camera_msgs/include/orbbec_camera_msgs/orbbec_camera_msgs/srv/detail/get_bool__struct.hpp
[3.501s] -- Up-to-date: /home/vboxuser/Ali_ws/install/orbbec_camera_msgs/include/orbbec_camera_msgs/orbbec_camera_msgs/srv/detail/get_camera_info__builder.hpp
[3.501s] -- Up-to-date: /home/vboxuser/Ali_ws/install/orbbec_camera_msgs/include/orbbec_camera_msgs/orbbec_camera_msgs/srv/detail/set_filter__struct.hpp
[3.501s] -- Up-to-date: /home/vboxuser/Ali_ws/install/orbbec_camera_msgs/include/orbbec_camera_msgs/orbbec_camera_msgs/srv/detail/set_string__struct.hpp
[3.501s] -- Up-to-date: /home/vboxuser/Ali_ws/install/orbbec_camera_msgs/include/orbbec_camera_msgs/orbbec_camera_msgs/srv/detail/get_user_calib_params__traits.hpp
[3.501s] -- Up-to-date: /home/vboxuser/Ali_ws/install/orbbec_camera_msgs/include/orbbec_camera_msgs/orbbec_camera_msgs/srv/detail/set_arrays__type_support.hpp
[3.502s] -- Up-to-date: /home/vboxuser/Ali_ws/install/orbbec_camera_msgs/include/orbbec_camera_msgs/orbbec_camera_msgs/srv/detail/get_user_calib_params__builder.hpp
[3.502s] -- Up-to-date: /home/vboxuser/Ali_ws/install/orbbec_camera_msgs/include/orbbec_camera_msgs/orbbec_camera_msgs/srv/detail/set_arrays__struct.hpp
[3.502s] -- Up-to-date: /home/vboxuser/Ali_ws/install/orbbec_camera_msgs/include/orbbec_camera_msgs/orbbec_camera_msgs/srv/get_camera_info.hpp
[3.502s] -- Up-to-date: /home/vboxuser/Ali_ws/install/orbbec_camera_msgs/include/orbbec_camera_msgs/orbbec_camera_msgs/srv/set_arrays.hpp
[3.502s] -- Up-to-date: /home/vboxuser/Ali_ws/install/orbbec_camera_msgs/include/orbbec_camera_msgs/orbbec_camera_msgs/srv/get_string.hpp
[3.502s] -- Up-to-date: /home/vboxuser/Ali_ws/install/orbbec_camera_msgs/include/orbbec_camera_msgs/orbbec_camera_msgs/srv/set_string.hpp
[3.502s] -- Up-to-date: /home/vboxuser/Ali_ws/install/orbbec_camera_msgs/include/orbbec_camera_msgs/orbbec_camera_msgs/srv/set_user_calib_params.hpp
[3.502s] -- Up-to-date: /home/vboxuser/Ali_ws/install/orbbec_camera_msgs/include/orbbec_camera_msgs/orbbec_camera_msgs/srv/get_device_info.hpp
[3.502s] -- Up-to-date: /home/vboxuser/Ali_ws/install/orbbec_camera_msgs/include/orbbec_camera_msgs/orbbec_camera_msgs/srv/set_filter.hpp
[3.503s] -- Up-to-date: /home/vboxuser/Ali_ws/install/orbbec_camera_msgs/include/orbbec_camera_msgs/orbbec_camera_msgs/msg
[3.503s] -- Up-to-date: /home/vboxuser/Ali_ws/install/orbbec_camera_msgs/include/orbbec_camera_msgs/orbbec_camera_msgs/msg/imu_info.hpp
[3.503s] -- Up-to-date: /home/vboxuser/Ali_ws/install/orbbec_camera_msgs/include/orbbec_camera_msgs/orbbec_camera_msgs/msg/metadata.hpp
[3.506s] -- Up-to-date: /home/vboxuser/Ali_ws/install/orbbec_camera_msgs/include/orbbec_camera_msgs/orbbec_camera_msgs/msg/device_status.hpp
[3.509s] -- Up-to-date: /home/vboxuser/Ali_ws/install/orbbec_camera_msgs/include/orbbec_camera_msgs/orbbec_camera_msgs/msg/rgbd.hpp
[3.509s] -- Up-to-date: /home/vboxuser/Ali_ws/install/orbbec_camera_msgs/include/orbbec_camera_msgs/orbbec_camera_msgs/msg/detail
[3.509s] -- Up-to-date: /home/vboxuser/Ali_ws/install/orbbec_camera_msgs/include/orbbec_camera_msgs/orbbec_camera_msgs/msg/detail/extrinsics__struct.hpp
[3.509s] -- Up-to-date: /home/vboxuser/Ali_ws/install/orbbec_camera_msgs/include/orbbec_camera_msgs/orbbec_camera_msgs/msg/detail/device_status__traits.hpp
[3.509s] -- Up-to-date: /home/vboxuser/Ali_ws/install/orbbec_camera_msgs/include/orbbec_camera_msgs/orbbec_camera_msgs/msg/detail/device_info__traits.hpp
[3.509s] -- Up-to-date: /home/vboxuser/Ali_ws/install/orbbec_camera_msgs/include/orbbec_camera_msgs/orbbec_camera_msgs/msg/detail/metadata__traits.hpp
[3.509s] -- Up-to-date: /home/vboxuser/Ali_ws/install/orbbec_camera_msgs/include/orbbec_camera_msgs/orbbec_camera_msgs/msg/detail/rgbd__type_support.hpp
[3.510s] -- Up-to-date: /home/vboxuser/Ali_ws/install/orbbec_camera_msgs/include/orbbec_camera_msgs/orbbec_camera_msgs/msg/detail/imu_info__struct.hpp
[3.510s] -- Up-to-date: /home/vboxuser/Ali_ws/install/orbbec_camera_msgs/include/orbbec_camera_msgs/orbbec_camera_msgs/msg/detail/extrinsics__type_support.hpp
[3.510s] -- Up-to-date: /home/vboxuser/Ali_ws/install/orbbec_camera_msgs/include/orbbec_camera_msgs/orbbec_camera_msgs/msg/detail/rgbd__struct.hpp
[3.510s] -- Up-to-date: /home/vboxuser/Ali_ws/install/orbbec_camera_msgs/include/orbbec_camera_msgs/orbbec_camera_msgs/msg/detail/metadata__type_support.hpp
[3.510s] -- Up-to-date: /home/vboxuser/Ali_ws/install/orbbec_camera_msgs/include/orbbec_camera_msgs/orbbec_camera_msgs/msg/detail/imu_info__traits.hpp
[3.510s] -- Up-to-date: /home/vboxuser/Ali_ws/install/orbbec_camera_msgs/include/orbbec_camera_msgs/orbbec_camera_msgs/msg/detail/device_status__type_support.hpp
[3.510s] -- Up-to-date: /home/vboxuser/Ali_ws/install/orbbec_camera_msgs/include/orbbec_camera_msgs/orbbec_camera_msgs/msg/detail/extrinsics__builder.hpp
[3.510s] -- Up-to-date: /home/vboxuser/Ali_ws/install/orbbec_camera_msgs/include/orbbec_camera_msgs/orbbec_camera_msgs/msg/detail/device_info__struct.hpp
[3.510s] -- Up-to-date: /home/vboxuser/Ali_ws/install/orbbec_camera_msgs/include/orbbec_camera_msgs/orbbec_camera_msgs/msg/detail/metadata__builder.hpp
[3.510s] -- Up-to-date: /home/vboxuser/Ali_ws/install/orbbec_camera_msgs/include/orbbec_camera_msgs/orbbec_camera_msgs/msg/detail/device_info__type_support.hpp
[3.511s] -- Up-to-date: /home/vboxuser/Ali_ws/install/orbbec_camera_msgs/include/orbbec_camera_msgs/orbbec_camera_msgs/msg/detail/device_status__builder.hpp
[3.511s] -- Up-to-date: /home/vboxuser/Ali_ws/install/orbbec_camera_msgs/include/orbbec_camera_msgs/orbbec_camera_msgs/msg/detail/rgbd__builder.hpp
[3.511s] -- Up-to-date: /home/vboxuser/Ali_ws/install/orbbec_camera_msgs/include/orbbec_camera_msgs/orbbec_camera_msgs/msg/detail/imu_info__type_support.hpp
[3.511s] -- Up-to-date: /home/vboxuser/Ali_ws/install/orbbec_camera_msgs/include/orbbec_camera_msgs/orbbec_camera_msgs/msg/detail/metadata__struct.hpp
[3.511s] -- Up-to-date: /home/vboxuser/Ali_ws/install/orbbec_camera_msgs/include/orbbec_camera_msgs/orbbec_camera_msgs/msg/detail/extrinsics__traits.hpp
[3.511s] -- Up-to-date: /home/vboxuser/Ali_ws/install/orbbec_camera_msgs/include/orbbec_camera_msgs/orbbec_camera_msgs/msg/detail/device_info__builder.hpp
[3.511s] -- Up-to-date: /home/vboxuser/Ali_ws/install/orbbec_camera_msgs/include/orbbec_camera_msgs/orbbec_camera_msgs/msg/detail/imu_info__builder.hpp
[3.511s] -- Up-to-date: /home/vboxuser/Ali_ws/install/orbbec_camera_msgs/include/orbbec_camera_msgs/orbbec_camera_msgs/msg/detail/rgbd__traits.hpp
[3.511s] -- Up-to-date: /home/vboxuser/Ali_ws/install/orbbec_camera_msgs/include/orbbec_camera_msgs/orbbec_camera_msgs/msg/detail/device_status__struct.hpp
[3.511s] -- Up-to-date: /home/vboxuser/Ali_ws/install/orbbec_camera_msgs/include/orbbec_camera_msgs/orbbec_camera_msgs/msg/device_info.hpp
[3.511s] -- Up-to-date: /home/vboxuser/Ali_ws/install/orbbec_camera_msgs/include/orbbec_camera_msgs/orbbec_camera_msgs/msg/extrinsics.hpp
[3.511s] -- Up-to-date: /home/vboxuser/Ali_ws/install/orbbec_camera_msgs/include/orbbec_camera_msgs/orbbec_camera_msgs/msg/rosidl_generator_cpp__visibility_control.hpp
[3.511s] -- Up-to-date: /home/vboxuser/Ali_ws/install/orbbec_camera_msgs/include/orbbec_camera_msgs/orbbec_camera_msgs
[3.512s] -- Up-to-date: /home/vboxuser/Ali_ws/install/orbbec_camera_msgs/include/orbbec_camera_msgs/orbbec_camera_msgs/srv
[3.512s] -- Up-to-date: /home/vboxuser/Ali_ws/install/orbbec_camera_msgs/include/orbbec_camera_msgs/orbbec_camera_msgs/srv/detail
[3.512s] -- Up-to-date: /home/vboxuser/Ali_ws/install/orbbec_camera_msgs/include/orbbec_camera_msgs/orbbec_camera_msgs/srv/detail/set_arrays__rosidl_typesupport_fastrtps_cpp.hpp
[3.512s] -- Up-to-date: /home/vboxuser/Ali_ws/install/orbbec_camera_msgs/include/orbbec_camera_msgs/orbbec_camera_msgs/srv/detail/get_device_info__rosidl_typesupport_fastrtps_cpp.hpp
[3.512s] -- Up-to-date: /home/vboxuser/Ali_ws/install/orbbec_camera_msgs/include/orbbec_camera_msgs/orbbec_camera_msgs/srv/detail/get_camera_info__rosidl_typesupport_fastrtps_cpp.hpp
[3.512s] -- Up-to-date: /home/vboxuser/Ali_ws/install/orbbec_camera_msgs/include/orbbec_camera_msgs/orbbec_camera_msgs/srv/detail/dds_fastrtps
[3.512s] -- Up-to-date: /home/vboxuser/Ali_ws/install/orbbec_camera_msgs/include/orbbec_camera_msgs/orbbec_camera_msgs/srv/detail/get_string__rosidl_typesupport_fastrtps_cpp.hpp
[3.512s] -- Up-to-date: /home/vboxuser/Ali_ws/install/orbbec_camera_msgs/include/orbbec_camera_msgs/orbbec_camera_msgs/srv/detail/set_user_calib_params__rosidl_typesupport_fastrtps_cpp.hpp
[3.512s] -- Up-to-date: /home/vboxuser/Ali_ws/install/orbbec_camera_msgs/include/orbbec_camera_msgs/orbbec_camera_msgs/srv/detail/get_int32__rosidl_typesupport_fastrtps_cpp.hpp
[3.512s] -- Up-to-date: /home/vboxuser/Ali_ws/install/orbbec_camera_msgs/include/orbbec_camera_msgs/orbbec_camera_msgs/srv/detail/get_user_calib_params__rosidl_typesupport_fastrtps_cpp.hpp
[3.512s] -- Up-to-date: /home/vboxuser/Ali_ws/install/orbbec_camera_msgs/include/orbbec_camera_msgs/orbbec_camera_msgs/srv/detail/set_filter__rosidl_typesupport_fastrtps_cpp.hpp
[3.512s] -- Up-to-date: /home/vboxuser/Ali_ws/install/orbbec_camera_msgs/include/orbbec_camera_msgs/orbbec_camera_msgs/srv/detail/set_string__rosidl_typesupport_fastrtps_cpp.hpp
[3.512s] -- Up-to-date: /home/vboxuser/Ali_ws/install/orbbec_camera_msgs/include/orbbec_camera_msgs/orbbec_camera_msgs/srv/detail/set_int32__rosidl_typesupport_fastrtps_cpp.hpp
[3.512s] -- Up-to-date: /home/vboxuser/Ali_ws/install/orbbec_camera_msgs/include/orbbec_camera_msgs/orbbec_camera_msgs/srv/detail/get_bool__rosidl_typesupport_fastrtps_cpp.hpp
[3.512s] -- Up-to-date: /home/vboxuser/Ali_ws/install/orbbec_camera_msgs/include/orbbec_camera_msgs/orbbec_camera_msgs/msg
[3.512s] -- Up-to-date: /home/vboxuser/Ali_ws/install/orbbec_camera_msgs/include/orbbec_camera_msgs/orbbec_camera_msgs/msg/rosidl_typesupport_fastrtps_cpp__visibility_control.h
[3.512s] -- Up-to-date: /home/vboxuser/Ali_ws/install/orbbec_camera_msgs/include/orbbec_camera_msgs/orbbec_camera_msgs/msg/detail
[3.512s] -- Up-to-date: /home/vboxuser/Ali_ws/install/orbbec_camera_msgs/include/orbbec_camera_msgs/orbbec_camera_msgs/msg/detail/dds_fastrtps
[3.513s] -- Up-to-date: /home/vboxuser/Ali_ws/install/orbbec_camera_msgs/include/orbbec_camera_msgs/orbbec_camera_msgs/msg/detail/rgbd__rosidl_typesupport_fastrtps_cpp.hpp
[3.513s] -- Up-to-date: /home/vboxuser/Ali_ws/install/orbbec_camera_msgs/include/orbbec_camera_msgs/orbbec_camera_msgs/msg/detail/imu_info__rosidl_typesupport_fastrtps_cpp.hpp
[3.513s] -- Up-to-date: /home/vboxuser/Ali_ws/install/orbbec_camera_msgs/include/orbbec_camera_msgs/orbbec_camera_msgs/msg/detail/device_info__rosidl_typesupport_fastrtps_cpp.hpp
[3.513s] -- Up-to-date: /home/vboxuser/Ali_ws/install/orbbec_camera_msgs/include/orbbec_camera_msgs/orbbec_camera_msgs/msg/detail/metadata__rosidl_typesupport_fastrtps_cpp.hpp
[3.513s] -- Up-to-date: /home/vboxuser/Ali_ws/install/orbbec_camera_msgs/include/orbbec_camera_msgs/orbbec_camera_msgs/msg/detail/device_status__rosidl_typesupport_fastrtps_cpp.hpp
[3.513s] -- Up-to-date: /home/vboxuser/Ali_ws/install/orbbec_camera_msgs/include/orbbec_camera_msgs/orbbec_camera_msgs/msg/detail/extrinsics__rosidl_typesupport_fastrtps_cpp.hpp
[3.513s] -- Up-to-date: /home/vboxuser/Ali_ws/install/orbbec_camera_msgs/lib/liborbbec_camera_msgs__rosidl_typesupport_fastrtps_cpp.so
[3.513s] -- Up-to-date: /home/vboxuser/Ali_ws/install/orbbec_camera_msgs/include/orbbec_camera_msgs/orbbec_camera_msgs
[3.513s] -- Up-to-date: /home/vboxuser/Ali_ws/install/orbbec_camera_msgs/include/orbbec_camera_msgs/orbbec_camera_msgs/srv
[3.513s] -- Up-to-date: /home/vboxuser/Ali_ws/install/orbbec_camera_msgs/include/orbbec_camera_msgs/orbbec_camera_msgs/srv/detail
[3.513s] -- Up-to-date: /home/vboxuser/Ali_ws/install/orbbec_camera_msgs/include/orbbec_camera_msgs/orbbec_camera_msgs/srv/detail/get_int32__rosidl_typesupport_introspection_cpp.hpp
[3.513s] -- Up-to-date: /home/vboxuser/Ali_ws/install/orbbec_camera_msgs/include/orbbec_camera_msgs/orbbec_camera_msgs/srv/detail/set_user_calib_params__rosidl_typesupport_introspection_cpp.hpp
[3.513s] -- Up-to-date: /home/vboxuser/Ali_ws/install/orbbec_camera_msgs/include/orbbec_camera_msgs/orbbec_camera_msgs/srv/detail/get_device_info__type_support.cpp
[3.513s] -- Up-to-date: /home/vboxuser/Ali_ws/install/orbbec_camera_msgs/include/orbbec_camera_msgs/orbbec_camera_msgs/srv/detail/get_user_calib_params__type_support.cpp
[3.513s] -- Up-to-date: /home/vboxuser/Ali_ws/install/orbbec_camera_msgs/include/orbbec_camera_msgs/orbbec_camera_msgs/srv/detail/get_user_calib_params__rosidl_typesupport_introspection_cpp.hpp
[3.513s] -- Up-to-date: /home/vboxuser/Ali_ws/install/orbbec_camera_msgs/include/orbbec_camera_msgs/orbbec_camera_msgs/srv/detail/get_camera_info__rosidl_typesupport_introspection_cpp.hpp
[3.513s] -- Up-to-date: /home/vboxuser/Ali_ws/install/orbbec_camera_msgs/include/orbbec_camera_msgs/orbbec_camera_msgs/srv/detail/get_camera_info__type_support.cpp
[3.513s] -- Up-to-date: /home/vboxuser/Ali_ws/install/orbbec_camera_msgs/include/orbbec_camera_msgs/orbbec_camera_msgs/srv/detail/set_user_calib_params__type_support.cpp
[3.514s] -- Up-to-date: /home/vboxuser/Ali_ws/install/orbbec_camera_msgs/include/orbbec_camera_msgs/orbbec_camera_msgs/srv/detail/set_int32__rosidl_typesupport_introspection_cpp.hpp
[3.514s] -- Up-to-date: /home/vboxuser/Ali_ws/install/orbbec_camera_msgs/include/orbbec_camera_msgs/orbbec_camera_msgs/srv/detail/set_string__rosidl_typesupport_introspection_cpp.hpp
[3.514s] -- Up-to-date: /home/vboxuser/Ali_ws/install/orbbec_camera_msgs/include/orbbec_camera_msgs/orbbec_camera_msgs/srv/detail/set_arrays__rosidl_typesupport_introspection_cpp.hpp
[3.514s] -- Up-to-date: /home/vboxuser/Ali_ws/install/orbbec_camera_msgs/include/orbbec_camera_msgs/orbbec_camera_msgs/srv/detail/get_string__rosidl_typesupport_introspection_cpp.hpp
[3.514s] -- Up-to-date: /home/vboxuser/Ali_ws/install/orbbec_camera_msgs/include/orbbec_camera_msgs/orbbec_camera_msgs/srv/detail/get_bool__rosidl_typesupport_introspection_cpp.hpp
[3.514s] -- Up-to-date: /home/vboxuser/Ali_ws/install/orbbec_camera_msgs/include/orbbec_camera_msgs/orbbec_camera_msgs/srv/detail/get_string__type_support.cpp
[3.514s] -- Up-to-date: /home/vboxuser/Ali_ws/install/orbbec_camera_msgs/include/orbbec_camera_msgs/orbbec_camera_msgs/srv/detail/set_filter__type_support.cpp
[3.514s] -- Up-to-date: /home/vboxuser/Ali_ws/install/orbbec_camera_msgs/include/orbbec_camera_msgs/orbbec_camera_msgs/srv/detail/set_filter__rosidl_typesupport_introspection_cpp.hpp
[3.514s] -- Up-to-date: /home/vboxuser/Ali_ws/install/orbbec_camera_msgs/include/orbbec_camera_msgs/orbbec_camera_msgs/srv/detail/set_arrays__type_support.cpp
[3.514s] -- Up-to-date: /home/vboxuser/Ali_ws/install/orbbec_camera_msgs/include/orbbec_camera_msgs/orbbec_camera_msgs/srv/detail/get_device_info__rosidl_typesupport_introspection_cpp.hpp
[3.514s] -- Up-to-date: /home/vboxuser/Ali_ws/install/orbbec_camera_msgs/include/orbbec_camera_msgs/orbbec_camera_msgs/srv/detail/set_int32__type_support.cpp
[3.514s] -- Up-to-date: /home/vboxuser/Ali_ws/install/orbbec_camera_msgs/include/orbbec_camera_msgs/orbbec_camera_msgs/srv/detail/get_int32__type_support.cpp
[3.514s] -- Up-to-date: /home/vboxuser/Ali_ws/install/orbbec_camera_msgs/include/orbbec_camera_msgs/orbbec_camera_msgs/srv/detail/get_bool__type_support.cpp
[3.514s] -- Up-to-date: /home/vboxuser/Ali_ws/install/orbbec_camera_msgs/include/orbbec_camera_msgs/orbbec_camera_msgs/srv/detail/set_string__type_support.cpp
[3.514s] -- Up-to-date: /home/vboxuser/Ali_ws/install/orbbec_camera_msgs/include/orbbec_camera_msgs/orbbec_camera_msgs/msg
[3.514s] -- Up-to-date: /home/vboxuser/Ali_ws/install/orbbec_camera_msgs/include/orbbec_camera_msgs/orbbec_camera_msgs/msg/detail
[3.514s] -- Up-to-date: /home/vboxuser/Ali_ws/install/orbbec_camera_msgs/include/orbbec_camera_msgs/orbbec_camera_msgs/msg/detail/imu_info__rosidl_typesupport_introspection_cpp.hpp
[3.514s] -- Up-to-date: /home/vboxuser/Ali_ws/install/orbbec_camera_msgs/include/orbbec_camera_msgs/orbbec_camera_msgs/msg/detail/device_status__type_support.cpp
[3.521s] -- Up-to-date: /home/vboxuser/Ali_ws/install/orbbec_camera_msgs/include/orbbec_camera_msgs/orbbec_camera_msgs/msg/detail/extrinsics__type_support.cpp
[3.522s] -- Up-to-date: /home/vboxuser/Ali_ws/install/orbbec_camera_msgs/include/orbbec_camera_msgs/orbbec_camera_msgs/msg/detail/device_info__rosidl_typesupport_introspection_cpp.hpp
[3.523s] -- Up-to-date: /home/vboxuser/Ali_ws/install/orbbec_camera_msgs/include/orbbec_camera_msgs/orbbec_camera_msgs/msg/detail/device_info__type_support.cpp
[3.523s] -- Up-to-date: /home/vboxuser/Ali_ws/install/orbbec_camera_msgs/include/orbbec_camera_msgs/orbbec_camera_msgs/msg/detail/extrinsics__rosidl_typesupport_introspection_cpp.hpp
[3.523s] -- Up-to-date: /home/vboxuser/Ali_ws/install/orbbec_camera_msgs/include/orbbec_camera_msgs/orbbec_camera_msgs/msg/detail/imu_info__type_support.cpp
[3.523s] -- Up-to-date: /home/vboxuser/Ali_ws/install/orbbec_camera_msgs/include/orbbec_camera_msgs/orbbec_camera_msgs/msg/detail/metadata__rosidl_typesupport_introspection_cpp.hpp
[3.523s] -- Up-to-date: /home/vboxuser/Ali_ws/install/orbbec_camera_msgs/include/orbbec_camera_msgs/orbbec_camera_msgs/msg/detail/rgbd__rosidl_typesupport_introspection_cpp.hpp
[3.523s] -- Up-to-date: /home/vboxuser/Ali_ws/install/orbbec_camera_msgs/include/orbbec_camera_msgs/orbbec_camera_msgs/msg/detail/rgbd__type_support.cpp
[3.523s] -- Up-to-date: /home/vboxuser/Ali_ws/install/orbbec_camera_msgs/include/orbbec_camera_msgs/orbbec_camera_msgs/msg/detail/metadata__type_support.cpp
[3.525s] -- Up-to-date: /home/vboxuser/Ali_ws/install/orbbec_camera_msgs/include/orbbec_camera_msgs/orbbec_camera_msgs/msg/detail/device_status__rosidl_typesupport_introspection_cpp.hpp
[3.525s] -- Up-to-date: /home/vboxuser/Ali_ws/install/orbbec_camera_msgs/lib/liborbbec_camera_msgs__rosidl_typesupport_introspection_cpp.so
[3.525s] -- Up-to-date: /home/vboxuser/Ali_ws/install/orbbec_camera_msgs/lib/liborbbec_camera_msgs__rosidl_typesupport_cpp.so
[3.525s] -- Up-to-date: /home/vboxuser/Ali_ws/install/orbbec_camera_msgs/share/orbbec_camera_msgs/environment/pythonpath.sh
[3.525s] -- Up-to-date: /home/vboxuser/Ali_ws/install/orbbec_camera_msgs/share/orbbec_camera_msgs/environment/pythonpath.dsv
[3.525s] -- Up-to-date: /home/vboxuser/Ali_ws/install/orbbec_camera_msgs/local/lib/python3.10/dist-packages/orbbec_camera_msgs-2.5.4-py3.10.egg-info
[3.525s] -- Installing: /home/vboxuser/Ali_ws/install/orbbec_camera_msgs/local/lib/python3.10/dist-packages/orbbec_camera_msgs-2.5.4-py3.10.egg-info/SOURCES.txt
[3.526s] -- Installing: /home/vboxuser/Ali_ws/install/orbbec_camera_msgs/local/lib/python3.10/dist-packages/orbbec_camera_msgs-2.5.4-py3.10.egg-info/top_level.txt
[3.526s] -- Installing: /home/vboxuser/Ali_ws/install/orbbec_camera_msgs/local/lib/python3.10/dist-packages/orbbec_camera_msgs-2.5.4-py3.10.egg-info/PKG-INFO
[3.526s] -- Installing: /home/vboxuser/Ali_ws/install/orbbec_camera_msgs/local/lib/python3.10/dist-packages/orbbec_camera_msgs-2.5.4-py3.10.egg-info/dependency_links.txt
[3.526s] -- Up-to-date: /home/vboxuser/Ali_ws/install/orbbec_camera_msgs/local/lib/python3.10/dist-packages/orbbec_camera_msgs
[3.526s] -- Up-to-date: /home/vboxuser/Ali_ws/install/orbbec_camera_msgs/local/lib/python3.10/dist-packages/orbbec_camera_msgs/_orbbec_camera_msgs_s.ep.rosidl_typesupport_introspection_c.c
[3.526s] -- Up-to-date: /home/vboxuser/Ali_ws/install/orbbec_camera_msgs/local/lib/python3.10/dist-packages/orbbec_camera_msgs/orbbec_camera_msgs_s__rosidl_typesupport_fastrtps_c.cpython-310-x86_64-linux-gnu.so
[3.528s] -- Up-to-date: /home/vboxuser/Ali_ws/install/orbbec_camera_msgs/local/lib/python3.10/dist-packages/orbbec_camera_msgs/orbbec_camera_msgs_s__rosidl_typesupport_introspection_c.cpython-310-x86_64-linux-gnu.so
[3.530s] -- Up-to-date: /home/vboxuser/Ali_ws/install/orbbec_camera_msgs/local/lib/python3.10/dist-packages/orbbec_camera_msgs/liborbbec_camera_msgs__rosidl_generator_py.so
[3.535s] -- Up-to-date: /home/vboxuser/Ali_ws/install/orbbec_camera_msgs/local/lib/python3.10/dist-packages/orbbec_camera_msgs/srv
[3.535s] -- Up-to-date: /home/vboxuser/Ali_ws/install/orbbec_camera_msgs/local/lib/python3.10/dist-packages/orbbec_camera_msgs/srv/_get_user_calib_params.py
[3.535s] -- Up-to-date: /home/vboxuser/Ali_ws/install/orbbec_camera_msgs/local/lib/python3.10/dist-packages/orbbec_camera_msgs/srv/_set_int32.py
[3.535s] -- Up-to-date: /home/vboxuser/Ali_ws/install/orbbec_camera_msgs/local/lib/python3.10/dist-packages/orbbec_camera_msgs/srv/_get_device_info.py
[3.535s] -- Up-to-date: /home/vboxuser/Ali_ws/install/orbbec_camera_msgs/local/lib/python3.10/dist-packages/orbbec_camera_msgs/srv/_get_device_info_s.c
[3.535s] -- Up-to-date: /home/vboxuser/Ali_ws/install/orbbec_camera_msgs/local/lib/python3.10/dist-packages/orbbec_camera_msgs/srv/_set_user_calib_params_s.c
[3.535s] -- Up-to-date: /home/vboxuser/Ali_ws/install/orbbec_camera_msgs/local/lib/python3.10/dist-packages/orbbec_camera_msgs/srv/_set_filter_s.c
[3.535s] -- Up-to-date: /home/vboxuser/Ali_ws/install/orbbec_camera_msgs/local/lib/python3.10/dist-packages/orbbec_camera_msgs/srv/_get_int32_s.c
[3.535s] -- Up-to-date: /home/vboxuser/Ali_ws/install/orbbec_camera_msgs/local/lib/python3.10/dist-packages/orbbec_camera_msgs/srv/_get_bool.py
[3.535s] -- Up-to-date: /home/vboxuser/Ali_ws/install/orbbec_camera_msgs/local/lib/python3.10/dist-packages/orbbec_camera_msgs/srv/_get_bool_s.c
[3.535s] -- Up-to-date: /home/vboxuser/Ali_ws/install/orbbec_camera_msgs/local/lib/python3.10/dist-packages/orbbec_camera_msgs/srv/_set_string.py
[3.535s] -- Up-to-date: /home/vboxuser/Ali_ws/install/orbbec_camera_msgs/local/lib/python3.10/dist-packages/orbbec_camera_msgs/srv/_get_user_calib_params_s.c
[3.535s] -- Up-to-date: /home/vboxuser/Ali_ws/install/orbbec_camera_msgs/local/lib/python3.10/dist-packages/orbbec_camera_msgs/srv/_get_camera_info_s.c
[3.535s] -- Up-to-date: /home/vboxuser/Ali_ws/install/orbbec_camera_msgs/local/lib/python3.10/dist-packages/orbbec_camera_msgs/srv/_set_arrays_s.c
[3.536s] -- Up-to-date: /home/vboxuser/Ali_ws/install/orbbec_camera_msgs/local/lib/python3.10/dist-packages/orbbec_camera_msgs/srv/_set_string_s.c
[3.536s] -- Up-to-date: /home/vboxuser/Ali_ws/install/orbbec_camera_msgs/local/lib/python3.10/dist-packages/orbbec_camera_msgs/srv/_get_camera_info.py
[3.536s] -- Up-to-date: /home/vboxuser/Ali_ws/install/orbbec_camera_msgs/local/lib/python3.10/dist-packages/orbbec_camera_msgs/srv/_set_user_calib_params.py
[3.536s] -- Up-to-date: /home/vboxuser/Ali_ws/install/orbbec_camera_msgs/local/lib/python3.10/dist-packages/orbbec_camera_msgs/srv/_set_arrays.py
[3.536s] -- Up-to-date: /home/vboxuser/Ali_ws/install/orbbec_camera_msgs/local/lib/python3.10/dist-packages/orbbec_camera_msgs/srv/_set_filter.py
[3.536s] -- Up-to-date: /home/vboxuser/Ali_ws/install/orbbec_camera_msgs/local/lib/python3.10/dist-packages/orbbec_camera_msgs/srv/_get_string.py
[3.536s] -- Up-to-date: /home/vboxuser/Ali_ws/install/orbbec_camera_msgs/local/lib/python3.10/dist-packages/orbbec_camera_msgs/srv/_set_int32_s.c
[3.536s] -- Up-to-date: /home/vboxuser/Ali_ws/install/orbbec_camera_msgs/local/lib/python3.10/dist-packages/orbbec_camera_msgs/srv/_get_string_s.c
[3.536s] -- Up-to-date: /home/vboxuser/Ali_ws/install/orbbec_camera_msgs/local/lib/python3.10/dist-packages/orbbec_camera_msgs/srv/__init__.py
[3.536s] -- Up-to-date: /home/vboxuser/Ali_ws/install/orbbec_camera_msgs/local/lib/python3.10/dist-packages/orbbec_camera_msgs/srv/_get_int32.py
[3.536s] -- Up-to-date: /home/vboxuser/Ali_ws/install/orbbec_camera_msgs/local/lib/python3.10/dist-packages/orbbec_camera_msgs/orbbec_camera_msgs_s__rosidl_typesupport_c.cpython-310-x86_64-linux-gnu.so
[3.536s] -- Up-to-date: /home/vboxuser/Ali_ws/install/orbbec_camera_msgs/local/lib/python3.10/dist-packages/orbbec_camera_msgs/_orbbec_camera_msgs_s.ep.rosidl_typesupport_c.c
[3.536s] -- Up-to-date: /home/vboxuser/Ali_ws/install/orbbec_camera_msgs/local/lib/python3.10/dist-packages/orbbec_camera_msgs/_orbbec_camera_msgs_s.ep.rosidl_typesupport_fastrtps_c.c
[3.536s] -- Up-to-date: /home/vboxuser/Ali_ws/install/orbbec_camera_msgs/local/lib/python3.10/dist-packages/orbbec_camera_msgs/msg
[3.536s] -- Up-to-date: /home/vboxuser/Ali_ws/install/orbbec_camera_msgs/local/lib/python3.10/dist-packages/orbbec_camera_msgs/msg/_metadata_s.c
[3.536s] -- Up-to-date: /home/vboxuser/Ali_ws/install/orbbec_camera_msgs/local/lib/python3.10/dist-packages/orbbec_camera_msgs/msg/_rgbd_s.c
[3.536s] -- Up-to-date: /home/vboxuser/Ali_ws/install/orbbec_camera_msgs/local/lib/python3.10/dist-packages/orbbec_camera_msgs/msg/_rgbd.py
[3.536s] -- Up-to-date: /home/vboxuser/Ali_ws/install/orbbec_camera_msgs/local/lib/python3.10/dist-packages/orbbec_camera_msgs/msg/_extrinsics.py
[3.536s] -- Up-to-date: /home/vboxuser/Ali_ws/install/orbbec_camera_msgs/local/lib/python3.10/dist-packages/orbbec_camera_msgs/msg/_device_status.py
[3.536s] -- Up-to-date: /home/vboxuser/Ali_ws/install/orbbec_camera_msgs/local/lib/python3.10/dist-packages/orbbec_camera_msgs/msg/_imu_info_s.c
[3.536s] -- Up-to-date: /home/vboxuser/Ali_ws/install/orbbec_camera_msgs/local/lib/python3.10/dist-packages/orbbec_camera_msgs/msg/_device_info.py
[3.536s] -- Up-to-date: /home/vboxuser/Ali_ws/install/orbbec_camera_msgs/local/lib/python3.10/dist-packages/orbbec_camera_msgs/msg/_extrinsics_s.c
[3.536s] -- Up-to-date: /home/vboxuser/Ali_ws/install/orbbec_camera_msgs/local/lib/python3.10/dist-packages/orbbec_camera_msgs/msg/_imu_info.py
[3.536s] -- Up-to-date: /home/vboxuser/Ali_ws/install/orbbec_camera_msgs/local/lib/python3.10/dist-packages/orbbec_camera_msgs/msg/_metadata.py
[3.536s] -- Up-to-date: /home/vboxuser/Ali_ws/install/orbbec_camera_msgs/local/lib/python3.10/dist-packages/orbbec_camera_msgs/msg/_device_info_s.c
[3.536s] -- Up-to-date: /home/vboxuser/Ali_ws/install/orbbec_camera_msgs/local/lib/python3.10/dist-packages/orbbec_camera_msgs/msg/_device_status_s.c
[3.536s] -- Up-to-date: /home/vboxuser/Ali_ws/install/orbbec_camera_msgs/local/lib/python3.10/dist-packages/orbbec_camera_msgs/msg/__init__.py
[3.536s] -- Up-to-date: /home/vboxuser/Ali_ws/install/orbbec_camera_msgs/local/lib/python3.10/dist-packages/orbbec_camera_msgs/__init__.py
[3.724s] Listing '/home/vboxuser/Ali_ws/install/orbbec_camera_msgs/local/lib/python3.10/dist-packages/orbbec_camera_msgs'...
[3.739s] Listing '/home/vboxuser/Ali_ws/install/orbbec_camera_msgs/local/lib/python3.10/dist-packages/orbbec_camera_msgs/msg'...
[3.739s] Listing '/home/vboxuser/Ali_ws/install/orbbec_camera_msgs/local/lib/python3.10/dist-packages/orbbec_camera_msgs/srv'...
[3.773s] -- Up-to-date: /home/vboxuser/Ali_ws/install/orbbec_camera_msgs/local/lib/python3.10/dist-packages/orbbec_camera_msgs/orbbec_camera_msgs_s__rosidl_typesupport_fastrtps_c.cpython-310-x86_64-linux-gnu.so
[3.807s] -- Up-to-date: /home/vboxuser/Ali_ws/install/orbbec_camera_msgs/local/lib/python3.10/dist-packages/orbbec_camera_msgs/orbbec_camera_msgs_s__rosidl_typesupport_introspection_c.cpython-310-x86_64-linux-gnu.so
[3.819s] -- Up-to-date: /home/vboxuser/Ali_ws/install/orbbec_camera_msgs/local/lib/python3.10/dist-packages/orbbec_camera_msgs/orbbec_camera_msgs_s__rosidl_typesupport_c.cpython-310-x86_64-linux-gnu.so
[3.827s] -- Up-to-date: /home/vboxuser/Ali_ws/install/orbbec_camera_msgs/lib/liborbbec_camera_msgs__rosidl_generator_py.so
[3.828s] -- Up-to-date: /home/vboxuser/Ali_ws/install/orbbec_camera_msgs/share/orbbec_camera_msgs/msg/DeviceInfo.idl
[3.830s] -- Up-to-date: /home/vboxuser/Ali_ws/install/orbbec_camera_msgs/share/orbbec_camera_msgs/msg/DeviceStatus.idl
[3.830s] -- Up-to-date: /home/vboxuser/Ali_ws/install/orbbec_camera_msgs/share/orbbec_camera_msgs/msg/Extrinsics.idl
[3.831s] -- Up-to-date: /home/vboxuser/Ali_ws/install/orbbec_camera_msgs/share/orbbec_camera_msgs/msg/Metadata.idl
[3.831s] -- Up-to-date: /home/vboxuser/Ali_ws/install/orbbec_camera_msgs/share/orbbec_camera_msgs/msg/IMUInfo.idl
[3.831s] -- Up-to-date: /home/vboxuser/Ali_ws/install/orbbec_camera_msgs/share/orbbec_camera_msgs/msg/RGBD.idl
[3.831s] -- Up-to-date: /home/vboxuser/Ali_ws/install/orbbec_camera_msgs/share/orbbec_camera_msgs/srv/GetBool.idl
[3.831s] -- Up-to-date: /home/vboxuser/Ali_ws/install/orbbec_camera_msgs/share/orbbec_camera_msgs/srv/GetDeviceInfo.idl
[3.831s] -- Up-to-date: /home/vboxuser/Ali_ws/install/orbbec_camera_msgs/share/orbbec_camera_msgs/srv/GetCameraInfo.idl
[3.831s] -- Up-to-date: /home/vboxuser/Ali_ws/install/orbbec_camera_msgs/share/orbbec_camera_msgs/srv/GetInt32.idl
[3.831s] -- Up-to-date: /home/vboxuser/Ali_ws/install/orbbec_camera_msgs/share/orbbec_camera_msgs/srv/GetString.idl
[3.831s] -- Up-to-date: /home/vboxuser/Ali_ws/install/orbbec_camera_msgs/share/orbbec_camera_msgs/srv/SetFilter.idl
[3.831s] -- Up-to-date: /home/vboxuser/Ali_ws/install/orbbec_camera_msgs/share/orbbec_camera_msgs/srv/SetInt32.idl
[3.831s] -- Up-to-date: /home/vboxuser/Ali_ws/install/orbbec_camera_msgs/share/orbbec_camera_msgs/srv/SetString.idl
[3.833s] -- Up-to-date: /home/vboxuser/Ali_ws/install/orbbec_camera_msgs/share/orbbec_camera_msgs/srv/SetArrays.idl
[3.834s] -- Up-to-date: /home/vboxuser/Ali_ws/install/orbbec_camera_msgs/share/orbbec_camera_msgs/srv/GetUserCalibParams.idl
[3.839s] -- Up-to-date: /home/vboxuser/Ali_ws/install/orbbec_camera_msgs/share/orbbec_camera_msgs/srv/SetUserCalibParams.idl
[3.841s] -- Up-to-date: /home/vboxuser/Ali_ws/install/orbbec_camera_msgs/share/orbbec_camera_msgs/msg/DeviceInfo.msg
[3.843s] -- Up-to-date: /home/vboxuser/Ali_ws/install/orbbec_camera_msgs/share/orbbec_camera_msgs/msg/DeviceStatus.msg
[3.848s] -- Up-to-date: /home/vboxuser/Ali_ws/install/orbbec_camera_msgs/share/orbbec_camera_msgs/msg/Extrinsics.msg
[3.848s] -- Up-to-date: /home/vboxuser/Ali_ws/install/orbbec_camera_msgs/share/orbbec_camera_msgs/msg/Metadata.msg
[3.848s] -- Up-to-date: /home/vboxuser/Ali_ws/install/orbbec_camera_msgs/share/orbbec_camera_msgs/msg/IMUInfo.msg
[3.849s] -- Up-to-date: /home/vboxuser/Ali_ws/install/orbbec_camera_msgs/share/orbbec_camera_msgs/msg/RGBD.msg
[3.850s] -- Up-to-date: /home/vboxuser/Ali_ws/install/orbbec_camera_msgs/share/orbbec_camera_msgs/srv/GetBool.srv
[3.850s] -- Up-to-date: /home/vboxuser/Ali_ws/install/orbbec_camera_msgs/share/orbbec_camera_msgs/srv/GetBool_Request.msg
[3.852s] -- Up-to-date: /home/vboxuser/Ali_ws/install/orbbec_camera_msgs/share/orbbec_camera_msgs/srv/GetBool_Response.msg
[3.852s] -- Up-to-date: /home/vboxuser/Ali_ws/install/orbbec_camera_msgs/share/orbbec_camera_msgs/srv/GetDeviceInfo.srv
[3.852s] -- Up-to-date: /home/vboxuser/Ali_ws/install/orbbec_camera_msgs/share/orbbec_camera_msgs/srv/GetDeviceInfo_Request.msg
[3.852s] -- Up-to-date: /home/vboxuser/Ali_ws/install/orbbec_camera_msgs/share/orbbec_camera_msgs/srv/GetDeviceInfo_Response.msg
[3.852s] -- Up-to-date: /home/vboxuser/Ali_ws/install/orbbec_camera_msgs/share/orbbec_camera_msgs/srv/GetCameraInfo.srv
[3.865s] -- Up-to-date: /home/vboxuser/Ali_ws/install/orbbec_camera_msgs/share/orbbec_camera_msgs/srv/GetCameraInfo_Request.msg
[3.867s] -- Up-to-date: /home/vboxuser/Ali_ws/install/orbbec_camera_msgs/share/orbbec_camera_msgs/srv/GetCameraInfo_Response.msg
[3.867s] -- Up-to-date: /home/vboxuser/Ali_ws/install/orbbec_camera_msgs/share/orbbec_camera_msgs/srv/GetInt32.srv
[3.867s] -- Up-to-date: /home/vboxuser/Ali_ws/install/orbbec_camera_msgs/share/orbbec_camera_msgs/srv/GetInt32_Request.msg
[3.867s] -- Up-to-date: /home/vboxuser/Ali_ws/install/orbbec_camera_msgs/share/orbbec_camera_msgs/srv/GetInt32_Response.msg
[3.867s] -- Up-to-date: /home/vboxuser/Ali_ws/install/orbbec_camera_msgs/share/orbbec_camera_msgs/srv/GetString.srv
[3.867s] -- Up-to-date: /home/vboxuser/Ali_ws/install/orbbec_camera_msgs/share/orbbec_camera_msgs/srv/GetString_Request.msg
[3.867s] -- Up-to-date: /home/vboxuser/Ali_ws/install/orbbec_camera_msgs/share/orbbec_camera_msgs/srv/GetString_Response.msg
[3.867s] -- Up-to-date: /home/vboxuser/Ali_ws/install/orbbec_camera_msgs/share/orbbec_camera_msgs/srv/SetFilter.srv
[3.868s] -- Up-to-date: /home/vboxuser/Ali_ws/install/orbbec_camera_msgs/share/orbbec_camera_msgs/srv/SetFilter_Request.msg
[3.868s] -- Up-to-date: /home/vboxuser/Ali_ws/install/orbbec_camera_msgs/share/orbbec_camera_msgs/srv/SetFilter_Response.msg
[3.868s] -- Up-to-date: /home/vboxuser/Ali_ws/install/orbbec_camera_msgs/share/orbbec_camera_msgs/srv/SetInt32.srv
[3.868s] -- Up-to-date: /home/vboxuser/Ali_ws/install/orbbec_camera_msgs/share/orbbec_camera_msgs/srv/SetInt32_Request.msg
[3.886s] -- Up-to-date: /home/vboxuser/Ali_ws/install/orbbec_camera_msgs/share/orbbec_camera_msgs/srv/SetInt32_Response.msg
[3.886s] -- Up-to-date: /home/vboxuser/Ali_ws/install/orbbec_camera_msgs/share/orbbec_camera_msgs/srv/SetString.srv
[3.886s] -- Up-to-date: /home/vboxuser/Ali_ws/install/orbbec_camera_msgs/share/orbbec_camera_msgs/srv/SetString_Request.msg
[3.886s] -- Up-to-date: /home/vboxuser/Ali_ws/install/orbbec_camera_msgs/share/orbbec_camera_msgs/srv/SetString_Response.msg
[3.886s] -- Up-to-date: /home/vboxuser/Ali_ws/install/orbbec_camera_msgs/share/orbbec_camera_msgs/srv/SetArrays.srv
[3.887s] -- Up-to-date: /home/vboxuser/Ali_ws/install/orbbec_camera_msgs/share/orbbec_camera_msgs/srv/SetArrays_Request.msg
[3.887s] -- Up-to-date: /home/vboxuser/Ali_ws/install/orbbec_camera_msgs/share/orbbec_camera_msgs/srv/SetArrays_Response.msg
[3.887s] -- Up-to-date: /home/vboxuser/Ali_ws/install/orbbec_camera_msgs/share/orbbec_camera_msgs/srv/GetUserCalibParams.srv
[3.887s] -- Up-to-date: /home/vboxuser/Ali_ws/install/orbbec_camera_msgs/share/orbbec_camera_msgs/srv/GetUserCalibParams_Request.msg
[3.887s] -- Up-to-date: /home/vboxuser/Ali_ws/install/orbbec_camera_msgs/share/orbbec_camera_msgs/srv/GetUserCalibParams_Response.msg
[3.900s] -- Up-to-date: /home/vboxuser/Ali_ws/install/orbbec_camera_msgs/share/orbbec_camera_msgs/srv/SetUserCalibParams.srv
[3.900s] -- Up-to-date: /home/vboxuser/Ali_ws/install/orbbec_camera_msgs/share/orbbec_camera_msgs/srv/SetUserCalibParams_Request.msg
[3.900s] -- Up-to-date: /home/vboxuser/Ali_ws/install/orbbec_camera_msgs/share/orbbec_camera_msgs/srv/SetUserCalibParams_Response.msg
[3.900s] -- Up-to-date: /home/vboxuser/Ali_ws/install/orbbec_camera_msgs/share/ament_index/resource_index/package_run_dependencies/orbbec_camera_msgs
[3.900s] -- Up-to-date: /home/vboxuser/Ali_ws/install/orbbec_camera_msgs/share/ament_index/resource_index/parent_prefix_path/orbbec_camera_msgs
[3.900s] -- Up-to-date: /home/vboxuser/Ali_ws/install/orbbec_camera_msgs/share/orbbec_camera_msgs/environment/ament_prefix_path.sh
[3.901s] -- Up-to-date: /home/vboxuser/Ali_ws/install/orbbec_camera_msgs/share/orbbec_camera_msgs/environment/ament_prefix_path.dsv
[3.901s] -- Up-to-date: /home/vboxuser/Ali_ws/install/orbbec_camera_msgs/share/orbbec_camera_msgs/environment/path.sh
[3.901s] -- Up-to-date: /home/vboxuser/Ali_ws/install/orbbec_camera_msgs/share/orbbec_camera_msgs/environment/path.dsv
[3.901s] -- Up-to-date: /home/vboxuser/Ali_ws/install/orbbec_camera_msgs/share/orbbec_camera_msgs/local_setup.bash
[3.901s] -- Up-to-date: /home/vboxuser/Ali_ws/install/orbbec_camera_msgs/share/orbbec_camera_msgs/local_setup.sh
[3.901s] -- Up-to-date: /home/vboxuser/Ali_ws/install/orbbec_camera_msgs/share/orbbec_camera_msgs/local_setup.zsh
[3.901s] -- Up-to-date: /home/vboxuser/Ali_ws/install/orbbec_camera_msgs/share/orbbec_camera_msgs/local_setup.dsv
[3.901s] -- Installing: /home/vboxuser/Ali_ws/install/orbbec_camera_msgs/share/orbbec_camera_msgs/package.dsv
[3.901s] -- Up-to-date: /home/vboxuser/Ali_ws/install/orbbec_camera_msgs/share/ament_index/resource_index/packages/orbbec_camera_msgs
[3.901s] -- Up-to-date: /home/vboxuser/Ali_ws/install/orbbec_camera_msgs/share/orbbec_camera_msgs/cmake/export_orbbec_camera_msgs__rosidl_generator_cExport.cmake
[3.901s] -- Up-to-date: /home/vboxuser/Ali_ws/install/orbbec_camera_msgs/share/orbbec_camera_msgs/cmake/export_orbbec_camera_msgs__rosidl_generator_cExport-noconfig.cmake
[3.907s] -- Up-to-date: /home/vboxuser/Ali_ws/install/orbbec_camera_msgs/share/orbbec_camera_msgs/cmake/export_orbbec_camera_msgs__rosidl_typesupport_fastrtps_cExport.cmake
[3.907s] -- Up-to-date: /home/vboxuser/Ali_ws/install/orbbec_camera_msgs/share/orbbec_camera_msgs/cmake/export_orbbec_camera_msgs__rosidl_typesupport_fastrtps_cExport-noconfig.cmake
[3.911s] -- Up-to-date: /home/vboxuser/Ali_ws/install/orbbec_camera_msgs/share/orbbec_camera_msgs/cmake/orbbec_camera_msgs__rosidl_typesupport_introspection_cExport.cmake
[3.913s] -- Up-to-date: /home/vboxuser/Ali_ws/install/orbbec_camera_msgs/share/orbbec_camera_msgs/cmake/orbbec_camera_msgs__rosidl_typesupport_introspection_cExport-noconfig.cmake
[3.914s] -- Up-to-date: /home/vboxuser/Ali_ws/install/orbbec_camera_msgs/share/orbbec_camera_msgs/cmake/orbbec_camera_msgs__rosidl_typesupport_cExport.cmake
[3.914s] -- Up-to-date: /home/vboxuser/Ali_ws/install/orbbec_camera_msgs/share/orbbec_camera_msgs/cmake/orbbec_camera_msgs__rosidl_typesupport_cExport-noconfig.cmake
[3.914s] -- Up-to-date: /home/vboxuser/Ali_ws/install/orbbec_camera_msgs/share/orbbec_camera_msgs/cmake/export_orbbec_camera_msgs__rosidl_generator_cppExport.cmake
[3.914s] -- Up-to-date: /home/vboxuser/Ali_ws/install/orbbec_camera_msgs/share/orbbec_camera_msgs/cmake/export_orbbec_camera_msgs__rosidl_typesupport_fastrtps_cppExport.cmake
[3.916s] -- Up-to-date: /home/vboxuser/Ali_ws/install/orbbec_camera_msgs/share/orbbec_camera_msgs/cmake/export_orbbec_camera_msgs__rosidl_typesupport_fastrtps_cppExport-noconfig.cmake
[3.916s] -- Up-to-date: /home/vboxuser/Ali_ws/install/orbbec_camera_msgs/share/orbbec_camera_msgs/cmake/orbbec_camera_msgs__rosidl_typesupport_introspection_cppExport.cmake
[3.918s] -- Up-to-date: /home/vboxuser/Ali_ws/install/orbbec_camera_msgs/share/orbbec_camera_msgs/cmake/orbbec_camera_msgs__rosidl_typesupport_introspection_cppExport-noconfig.cmake
[3.921s] -- Up-to-date: /home/vboxuser/Ali_ws/install/orbbec_camera_msgs/share/orbbec_camera_msgs/cmake/orbbec_camera_msgs__rosidl_typesupport_cppExport.cmake
[3.922s] -- Up-to-date: /home/vboxuser/Ali_ws/install/orbbec_camera_msgs/share/orbbec_camera_msgs/cmake/orbbec_camera_msgs__rosidl_typesupport_cppExport-noconfig.cmake
[3.922s] -- Up-to-date: /home/vboxuser/Ali_ws/install/orbbec_camera_msgs/share/orbbec_camera_msgs/cmake/export_orbbec_camera_msgs__rosidl_generator_pyExport.cmake
[3.922s] -- Up-to-date: /home/vboxuser/Ali_ws/install/orbbec_camera_msgs/share/orbbec_camera_msgs/cmake/export_orbbec_camera_msgs__rosidl_generator_pyExport-noconfig.cmake
[3.922s] -- Up-to-date: /home/vboxuser/Ali_ws/install/orbbec_camera_msgs/share/orbbec_camera_msgs/cmake/rosidl_cmake-extras.cmake
[3.922s] -- Up-to-date: /home/vboxuser/Ali_ws/install/orbbec_camera_msgs/share/orbbec_camera_msgs/cmake/ament_cmake_export_dependencies-extras.cmake
[3.922s] -- Up-to-date: /home/vboxuser/Ali_ws/install/orbbec_camera_msgs/share/orbbec_camera_msgs/cmake/ament_cmake_export_include_directories-extras.cmake
[3.923s] -- Up-to-date: /home/vboxuser/Ali_ws/install/orbbec_camera_msgs/share/orbbec_camera_msgs/cmake/ament_cmake_export_libraries-extras.cmake
[3.923s] -- Up-to-date: /home/vboxuser/Ali_ws/install/orbbec_camera_msgs/share/orbbec_camera_msgs/cmake/ament_cmake_export_targets-extras.cmake
[3.923s] -- Up-to-date: /home/vboxuser/Ali_ws/install/orbbec_camera_msgs/share/orbbec_camera_msgs/cmake/rosidl_cmake_export_typesupport_targets-extras.cmake
[3.923s] -- Up-to-date: /home/vboxuser/Ali_ws/install/orbbec_camera_msgs/share/orbbec_camera_msgs/cmake/rosidl_cmake_export_typesupport_libraries-extras.cmake
[3.923s] -- Up-to-date: /home/vboxuser/Ali_ws/install/orbbec_camera_msgs/share/orbbec_camera_msgs/cmake/orbbec_camera_msgsConfig.cmake
[3.925s] -- Up-to-date: /home/vboxuser/Ali_ws/install/orbbec_camera_msgs/share/orbbec_camera_msgs/cmake/orbbec_camera_msgsConfig-version.cmake
[3.925s] -- Up-to-date: /home/vboxuser/Ali_ws/install/orbbec_camera_msgs/share/orbbec_camera_msgs/package.xml
[3.925s] Invoked command in '/home/vboxuser/Ali_ws/build/orbbec_camera_msgs' returned '0': /usr/bin/cmake --install /home/vboxuser/Ali_ws/build/orbbec_camera_msgs
