[0.010s] Invoking command in '/home/vboxuser/Ali_ws/src/build/realsense_gazebo_plugin': CMAKE_PREFIX_PATH=/opt/ros/humble /usr/bin/cmake /home/vboxuser/Ali_ws/src/xarm_ros2/thirdparty/realsense_gazebo_plugin -DCMAKE_INSTALL_PREFIX=/home/vboxuser/Ali_ws/src/install/realsense_gazebo_plugin
[0.117s] -- The C compiler identification is GNU 11.4.0
[0.196s] -- The CXX compiler identification is GNU 11.4.0
[0.214s] -- Detecting C compiler ABI info
[0.316s] -- Detecting C compiler ABI info - done
[0.324s] -- Check for working C compiler: /usr/bin/cc - skipped
[0.324s] -- Detecting C compile features
[0.325s] -- Detecting C compile features - done
[0.329s] -- Detecting CXX compiler ABI info
[0.447s] -- Detecting CXX compiler ABI info - done
[0.459s] -- Check for working CXX compiler: /usr/bin/c++ - skipped
[0.459s] -- Detecting CXX compile features
[0.461s] -- Detecting CXX compile features - done
[0.462s] -- Found ament_cmake: 1.3.12 (/opt/ros/humble/share/ament_cmake/cmake)
[0.658s] -- Found Python3: /usr/bin/python3 (found version "3.10.12") found components: Interpreter 
[0.771s] -- Found rclcpp: 16.0.15 (/opt/ros/humble/share/rclcpp/cmake)
[0.824s] -- Found rosidl_generator_c: 3.1.7 (/opt/ros/humble/share/rosidl_generator_c/cmake)
[0.827s] -- Found rosidl_adapter: 3.1.7 (/opt/ros/humble/share/rosidl_adapter/cmake)
[0.837s] -- Found rosidl_generator_cpp: 3.1.7 (/opt/ros/humble/share/rosidl_generator_cpp/cmake)
[0.847s] -- Using all available rosidl_typesupport_c: rosidl_typesupport_fastrtps_c;rosidl_typesupport_introspection_c
[0.865s] -- Using all available rosidl_typesupport_cpp: rosidl_typesupport_fastrtps_cpp;rosidl_typesupport_introspection_cpp
[0.908s] -- Found rmw_implementation_cmake: 6.1.2 (/opt/ros/humble/share/rmw_implementation_cmake/cmake)
[0.912s] -- Found rmw_fastrtps_cpp: 6.2.9 (/opt/ros/humble/share/rmw_fastrtps_cpp/cmake)
[1.035s] -- Found OpenSSL: /usr/lib/x86_64-linux-gnu/libcrypto.so (found version "3.0.2")  
[1.061s] -- Found FastRTPS: /opt/ros/foxy/include  
[1.102s] -- Using RMW implementation 'rmw_fastrtps_cpp' as default
[1.113s] -- Looking for pthread.h
[1.209s] -- Looking for pthread.h - found
[1.210s] -- Performing Test CMAKE_HAVE_LIBC_PTHREAD
[1.306s] -- Performing Test CMAKE_HAVE_LIBC_PTHREAD - Success
[1.307s] -- Found Threads: TRUE  
[1.361s] -- Found gazebo_ros: 3.9.0 (/opt/ros/humble/share/gazebo_ros/cmake)
[1.371s] -- Found PkgConfig: /usr/bin/pkg-config (found version "0.29.2") 
[1.372s] -- Checking for module 'bullet>=2.82'
[1.389s] --   Found bullet, version 3.05
[1.577s] -- Found fcl: /usr/include (found suitable version "0.7.0", minimum required is "0.5.0") 
[1.680s] -- Found assimp: /usr/include (found version "5.2.0") 
[1.684s] -- Found DART: /usr/include (Required is at least version "6.6") found components: dart 
[1.718s] -- Found Boost: /usr/lib/x86_64-linux-gnu/cmake/Boost-1.74.0/BoostConfig.cmake (found suitable version "1.74.0", minimum required is "1.40.0") found components: thread system filesystem program_options regex iostreams date_time 
[1.736s] -- Found Protobuf: /usr/lib/x86_64-linux-gnu/libprotobuf.so (found version "3.12.4") 
[1.741s] -- Looking for ignition-math6 -- found version 6.15.1
[1.748s] -- Searching for dependencies of ignition-math6
[1.750s] -- Looking for OGRE...
[1.751s] -- OGRE_PREFIX_WATCH changed.
[1.759s] -- Checking for module 'OGRE'
[1.778s] --   Found OGRE, version 1.9.0
[1.844s] -- Found Ogre Ghadamon (1.9.0)
[1.856s] -- Found OGRE: optimized;/usr/lib/x86_64-linux-gnu/libOgreMain.so;debug;/usr/lib/x86_64-linux-gnu/libOgreMain.so
[1.860s] -- Looking for OGRE_Paging...
[1.867s] -- Found OGRE_Paging: optimized;/usr/lib/x86_64-linux-gnu/libOgrePaging.so;debug;/usr/lib/x86_64-linux-gnu/libOgrePaging.so
[1.867s] -- Looking for OGRE_Terrain...
[1.871s] -- Found OGRE_Terrain: optimized;/usr/lib/x86_64-linux-gnu/libOgreTerrain.so;debug;/usr/lib/x86_64-linux-gnu/libOgreTerrain.so
[1.871s] -- Looking for OGRE_Property...
[1.883s] -- Found OGRE_Property: optimized;/usr/lib/x86_64-linux-gnu/libOgreProperty.so;debug;/usr/lib/x86_64-linux-gnu/libOgreProperty.so
[1.883s] -- Looking for OGRE_RTShaderSystem...
[1.883s] -- Found OGRE_RTShaderSystem: optimized;/usr/lib/x86_64-linux-gnu/libOgreRTShaderSystem.so;debug;/usr/lib/x86_64-linux-gnu/libOgreRTShaderSystem.so
[1.884s] -- Looking for OGRE_Volume...
[1.889s] -- Found OGRE_Volume: optimized;/usr/lib/x86_64-linux-gnu/libOgreVolume.so;debug;/usr/lib/x86_64-linux-gnu/libOgreVolume.so
[1.890s] -- Looking for OGRE_Overlay...
[1.894s] -- Found OGRE_Overlay: optimized;/usr/lib/x86_64-linux-gnu/libOgreOverlay.so;debug;/usr/lib/x86_64-linux-gnu/libOgreOverlay.so
[1.988s] -- Looking for ignition-math6 -- found version 6.15.1
[1.991s] -- Looking for ignition-transport8 -- found version 8.2.1
[1.991s] -- Searching for dependencies of ignition-transport8
[2.024s] -- Found Protobuf: /usr/lib/x86_64-linux-gnu/libprotobuf.so (found suitable version "3.12.4", minimum required is "3") 
[2.025s] -- Config-file not installed for ZeroMQ -- checking for pkg-config
[2.034s] -- Checking for module 'libzmq >= 4'
[2.069s] --   Found libzmq , version 4.3.4
[2.132s] -- Found ZeroMQ: TRUE (Required is at least version "4") 
[2.142s] -- Checking for module 'uuid'
[2.166s] --   Found uuid, version 2.37.2
[2.232s] -- Found UUID: TRUE  
[2.236s] -- Looking for ignition-msgs5 -- found version 5.8.1
[2.236s] -- Searching for dependencies of ignition-msgs5
[2.257s] -- Looking for ignition-math6 -- found version 6.15.1
[2.268s] -- Checking for module 'tinyxml2'
[2.295s] --   Found tinyxml2, version 9.0.0
[2.384s] -- Looking for ignition-msgs5 -- found version 5.8.1
[2.384s] -- Looking for ignition-common3 -- found version 3.14.0
[2.384s] -- Searching for dependencies of ignition-common3
[2.384s] -- Looking for dlfcn.h - found
[2.384s] -- Looking for libdl - found
[2.384s] -- Found DL: TRUE  
[2.400s] -- Found tinyobjloader: /usr/lib/x86_64-linux-gnu/cmake/tinyobjloader/tinyobjloader-config.cmake (found version "2.0.0") 
[2.401s] -- Searching for <ignition-common3> component [graphics]
[2.402s] -- Looking for ignition-common3-graphics -- found version 3.14.0
[2.403s] -- Searching for dependencies of ignition-common3-graphics
[2.408s] -- Looking for ignition-math6 -- found version 6.15.1
[2.410s] -- Looking for ignition-fuel_tools4 -- found version 4.4.0
[2.410s] -- Searching for dependencies of ignition-fuel_tools4
[2.560s] -- Found CURL: /usr/lib/x86_64-linux-gnu/libcurl.so (found version "7.81.0")  
[2.569s] -- Checking for module 'jsoncpp'
[2.596s] --   Found jsoncpp, version 1.9.5
[2.674s] -- Found JSONCPP: TRUE  
[2.685s] -- Checking for module 'libzip'
[2.715s] --   Found libzip, version 1.7.3
[2.784s] -- Found ZIP: TRUE  
[2.784s] -- Looking for ignition-common3 -- found version 3.14.0
[2.785s] -- Looking for ignition-math6 -- found version 6.15.1
[2.787s] -- Looking for ignition-msgs5 -- found version 5.8.1
[2.788s] -- Gazebo version: 11.10
[2.789s] -- Checking for module 'tbb'
[2.820s] --   Found tbb, version 2021.5.0
[2.900s] -- Found image_transport: 3.1.12 (/opt/ros/humble/share/image_transport/cmake)
[3.004s] -- Found camera_info_manager: 3.1.12 (/opt/ros/humble/share/camera_info_manager/cmake)
[3.041s] -- Found ament_lint_auto: 0.12.14 (/opt/ros/humble/share/ament_lint_auto/cmake)
[3.117s] -- Configuring done
[3.141s] -- Generating done
[3.152s] -- Build files have been written to: /home/vboxuser/Ali_ws/src/build/realsense_gazebo_plugin
[3.175s] Invoked command in '/home/vboxuser/Ali_ws/src/build/realsense_gazebo_plugin' returned '0': CMAKE_PREFIX_PATH=/opt/ros/humble /usr/bin/cmake /home/vboxuser/Ali_ws/src/xarm_ros2/thirdparty/realsense_gazebo_plugin -DCMAKE_INSTALL_PREFIX=/home/vboxuser/Ali_ws/src/install/realsense_gazebo_plugin
[3.177s] Invoking command in '/home/vboxuser/Ali_ws/src/build/realsense_gazebo_plugin': CMAKE_PREFIX_PATH=/opt/ros/humble /usr/bin/cmake --build /home/vboxuser/Ali_ws/src/build/realsense_gazebo_plugin -- -j1 -l1
[3.256s] [ 33%] [32mBuilding CXX object CMakeFiles/realsense_gazebo_plugin.dir/src/RealSensePlugin.cpp.o[0m
[31.181s] [ 66%] [32mBuilding CXX object CMakeFiles/realsense_gazebo_plugin.dir/src/gazebo_ros_realsense.cpp.o[0m
[67.913s] [100%] [32m[1mLinking CXX shared library librealsense_gazebo_plugin.so[0m
[69.502s] [100%] Built target realsense_gazebo_plugin
[69.522s] Invoked command in '/home/vboxuser/Ali_ws/src/build/realsense_gazebo_plugin' returned '0': CMAKE_PREFIX_PATH=/opt/ros/humble /usr/bin/cmake --build /home/vboxuser/Ali_ws/src/build/realsense_gazebo_plugin -- -j1 -l1
[69.522s] Invoking command in '/home/vboxuser/Ali_ws/src/build/realsense_gazebo_plugin': CMAKE_PREFIX_PATH=/opt/ros/humble /usr/bin/cmake --install /home/vboxuser/Ali_ws/src/build/realsense_gazebo_plugin
[69.534s] -- Install configuration: ""
[69.539s] -- Installing: /home/vboxuser/Ali_ws/src/install/realsense_gazebo_plugin/lib/librealsense_gazebo_plugin.so
[69.540s] -- Set runtime path of "/home/vboxuser/Ali_ws/src/install/realsense_gazebo_plugin/lib/librealsense_gazebo_plugin.so" to ""
[69.540s] -- Installing: /home/vboxuser/Ali_ws/src/install/realsense_gazebo_plugin/include/
[69.540s] -- Installing: /home/vboxuser/Ali_ws/src/install/realsense_gazebo_plugin/include//realsense_gazebo_plugin
[69.540s] -- Installing: /home/vboxuser/Ali_ws/src/install/realsense_gazebo_plugin/include//realsense_gazebo_plugin/gazebo_ros_realsense.h
[69.541s] -- Installing: /home/vboxuser/Ali_ws/src/install/realsense_gazebo_plugin/include//realsense_gazebo_plugin/RealSensePlugin.h
[69.541s] -- Installing: /home/vboxuser/Ali_ws/src/install/realsense_gazebo_plugin/share/realsense_gazebo_plugin/environment/library_path.sh
[69.541s] -- Installing: /home/vboxuser/Ali_ws/src/install/realsense_gazebo_plugin/share/realsense_gazebo_plugin/environment/library_path.dsv
[69.542s] -- Installing: /home/vboxuser/Ali_ws/src/install/realsense_gazebo_plugin/share/ament_index/resource_index/package_run_dependencies/realsense_gazebo_plugin
[69.542s] -- Installing: /home/vboxuser/Ali_ws/src/install/realsense_gazebo_plugin/share/ament_index/resource_index/parent_prefix_path/realsense_gazebo_plugin
[69.543s] -- Installing: /home/vboxuser/Ali_ws/src/install/realsense_gazebo_plugin/share/realsense_gazebo_plugin/environment/ament_prefix_path.sh
[69.543s] -- Installing: /home/vboxuser/Ali_ws/src/install/realsense_gazebo_plugin/share/realsense_gazebo_plugin/environment/ament_prefix_path.dsv
[69.543s] -- Installing: /home/vboxuser/Ali_ws/src/install/realsense_gazebo_plugin/share/realsense_gazebo_plugin/environment/path.sh
[69.543s] -- Installing: /home/vboxuser/Ali_ws/src/install/realsense_gazebo_plugin/share/realsense_gazebo_plugin/environment/path.dsv
[69.544s] -- Installing: /home/vboxuser/Ali_ws/src/install/realsense_gazebo_plugin/share/realsense_gazebo_plugin/local_setup.bash
[69.544s] -- Installing: /home/vboxuser/Ali_ws/src/install/realsense_gazebo_plugin/share/realsense_gazebo_plugin/local_setup.sh
[69.544s] -- Installing: /home/vboxuser/Ali_ws/src/install/realsense_gazebo_plugin/share/realsense_gazebo_plugin/local_setup.zsh
[69.544s] -- Installing: /home/vboxuser/Ali_ws/src/install/realsense_gazebo_plugin/share/realsense_gazebo_plugin/local_setup.dsv
[69.545s] -- Installing: /home/vboxuser/Ali_ws/src/install/realsense_gazebo_plugin/share/realsense_gazebo_plugin/package.dsv
[69.545s] -- Installing: /home/vboxuser/Ali_ws/src/install/realsense_gazebo_plugin/share/ament_index/resource_index/packages/realsense_gazebo_plugin
[69.545s] -- Installing: /home/vboxuser/Ali_ws/src/install/realsense_gazebo_plugin/share/realsense_gazebo_plugin/cmake/ament_cmake_export_include_directories-extras.cmake
[69.546s] -- Installing: /home/vboxuser/Ali_ws/src/install/realsense_gazebo_plugin/share/realsense_gazebo_plugin/cmake/ament_cmake_export_libraries-extras.cmake
[69.546s] -- Installing: /home/vboxuser/Ali_ws/src/install/realsense_gazebo_plugin/share/realsense_gazebo_plugin/cmake/realsense_gazebo_pluginConfig.cmake
[69.546s] -- Installing: /home/vboxuser/Ali_ws/src/install/realsense_gazebo_plugin/share/realsense_gazebo_plugin/cmake/realsense_gazebo_pluginConfig-version.cmake
[69.549s] -- Installing: /home/vboxuser/Ali_ws/src/install/realsense_gazebo_plugin/share/realsense_gazebo_plugin/package.xml
[69.550s] Invoked command in '/home/vboxuser/Ali_ws/src/build/realsense_gazebo_plugin' returned '0': CMAKE_PREFIX_PATH=/opt/ros/humble /usr/bin/cmake --install /home/vboxuser/Ali_ws/src/build/realsense_gazebo_plugin
