[0.162s] Invoking command in '/home/vboxuser/Ali_ws/build/xarm_sdk': CMAKE_PREFIX_PATH=${CMAKE_PREFIX_PATH}:/opt/ros/humble:/home/vboxuser/Ali_ws/install/uf_ros_lib /usr/bin/cmake /home/vboxuser/Ali_ws/src/xarm_ros2/xarm_sdk -DCMAKE_INSTALL_PREFIX=/home/vboxuser/Ali_ws/install/xarm_sdk
[0.424s] -- The C compiler identification is GNU 11.4.0
[0.619s] -- The CXX compiler identification is GNU 11.4.0
[0.636s] -- Detecting C compiler ABI info
[0.857s] -- Detecting C compiler ABI info - done
[0.875s] -- Check for working C compiler: /usr/bin/cc - skipped
[0.879s] -- Detecting C compile features
[0.884s] -- Detecting C compile features - done
[0.906s] -- Detecting CXX compiler ABI info
[1.359s] -- Detecting CXX compiler ABI info - done
[1.384s] -- Check for working CXX compiler: /usr/bin/c++ - skipped
[1.414s] -- Detecting CXX compile features
[1.418s] -- Detecting CXX compile features - done
[1.426s] -- Found ament_cmake: 1.3.12 (/opt/ros/humble/share/ament_cmake/cmake)
[1.914s] -- Found Python3: /usr/bin/python3 (found version "3.10.12") found components: Interpreter 
[2.181s] -- Found ament_lint_auto: 0.12.14 (/opt/ros/humble/share/ament_lint_auto/cmake)
[2.403s] -- Added test 'copyright' to check source files copyright and LICENSE
[2.488s] -- Added test 'cppcheck' to perform static code analysis on C / C++ code
[2.489s] -- Configured cppcheck include dirs: /home/vboxuser/Ali_ws/src/xarm_ros2/xarm_sdk/cxx/include
[2.489s] -- Configured cppcheck exclude dirs and/or files: 
[2.503s] -- Added test 'cpplint' to check C / C++ code against the Google style
[2.503s] -- Configured cpplint exclude dirs and/or files: 
[2.503s] -- Added test 'lint_cmake' to check CMake code style
[2.511s] -- Added test 'uncrustify' to check C / C++ code style
[2.511s] -- Configured uncrustify additional arguments: 
[2.516s] -- Added test 'xmllint' to check XML markup files
[2.516s] -- Configuring done
[2.537s] -- Generating done
[2.537s] -- Build files have been written to: /home/vboxuser/Ali_ws/build/xarm_sdk
[2.548s] Invoked command in '/home/vboxuser/Ali_ws/build/xarm_sdk' returned '0': CMAKE_PREFIX_PATH=${CMAKE_PREFIX_PATH}:/opt/ros/humble:/home/vboxuser/Ali_ws/install/uf_ros_lib /usr/bin/cmake /home/vboxuser/Ali_ws/src/xarm_ros2/xarm_sdk -DCMAKE_INSTALL_PREFIX=/home/vboxuser/Ali_ws/install/xarm_sdk
[2.548s] Invoking command in '/home/vboxuser/Ali_ws/build/xarm_sdk': CMAKE_PREFIX_PATH=${CMAKE_PREFIX_PATH}:/opt/ros/humble:/home/vboxuser/Ali_ws/install/uf_ros_lib /usr/bin/cmake --build /home/vboxuser/Ali_ws/build/xarm_sdk -- -j4 -l4
[2.961s] [  3%] [32mBuilding CXX object CMakeFiles/xarm_cxx_sdk.dir/cxx/src/serial/impl/list_ports/list_ports_linux.cc.o[0m
[3.017s] [  9%] [32mBuilding CXX object CMakeFiles/xarm_cxx_sdk.dir/cxx/src/serial/impl/unix.cc.o[0m
[3.031s] [  6%] [32mBuilding CXX object CMakeFiles/xarm_cxx_sdk.dir/cxx/src/serial/impl/list_ports/list_ports_osx.cc.o[0m
[3.058s] [ 12%] [32mBuilding CXX object CMakeFiles/xarm_cxx_sdk.dir/cxx/src/serial/impl/list_ports/list_ports_win.cc.o[0m
[3.179s] [ 15%] [32mBuilding CXX object CMakeFiles/xarm_cxx_sdk.dir/cxx/src/serial/impl/win.cc.o[0m
[3.314s] [ 18%] [32mBuilding CXX object CMakeFiles/xarm_cxx_sdk.dir/cxx/src/serial/serial.cc.o[0m
[3.357s] [ 21%] [32mBuilding CXX object CMakeFiles/xarm_cxx_sdk.dir/cxx/src/xarm/core/common/crc16.cc.o[0m
[3.906s] [ 25%] [32mBuilding CXX object CMakeFiles/xarm_cxx_sdk.dir/cxx/src/xarm/core/common/queue_memcpy.cc.o[0m
[4.205s] [ 28%] [32mBuilding CXX object CMakeFiles/xarm_cxx_sdk.dir/cxx/src/xarm/core/connect.cc.o[0m
[4.354s] [ 31%] [32mBuilding CXX object CMakeFiles/xarm_cxx_sdk.dir/cxx/src/xarm/core/debug/debug_print.cc.o[0m
[4.498s] [ 34%] [32mBuilding CXX object CMakeFiles/xarm_cxx_sdk.dir/cxx/src/xarm/core/instruction/uxbus_cmd.cc.o[0m
[4.663s] [ 37%] [32mBuilding CXX object CMakeFiles/xarm_cxx_sdk.dir/cxx/src/xarm/core/instruction/uxbus_cmd_ser.cc.o[0m
[4.815s] [ 40%] [32mBuilding CXX object CMakeFiles/xarm_cxx_sdk.dir/cxx/src/xarm/core/instruction/uxbus_cmd_tcp.cc.o[0m
[5.220s] [ 43%] [32mBuilding CXX object CMakeFiles/xarm_cxx_sdk.dir/cxx/src/xarm/core/os/network.cc.o[0m
[6.282s] [ 46%] [32mBuilding CXX object CMakeFiles/xarm_cxx_sdk.dir/cxx/src/xarm/core/port/ser.cc.o[0m
[6.659s] [ 50%] [32mBuilding CXX object CMakeFiles/xarm_cxx_sdk.dir/cxx/src/xarm/core/port/socket.cc.o[0m
[6.659s] [ 53%] [32mBuilding CXX object CMakeFiles/xarm_cxx_sdk.dir/cxx/src/xarm/core/report_data.cc.o[0m
[6.683s] [ 56%] [32mBuilding CXX object CMakeFiles/xarm_cxx_sdk.dir/cxx/src/xarm/wrapper/xarm_api.cc.o[0m
[7.499s] [ 59%] [32mBuilding CXX object CMakeFiles/xarm_cxx_sdk.dir/cxx/src/xarm/wrapper/xarm_bio.cc.o[0m
[8.257s] [ 62%] [32mBuilding CXX object CMakeFiles/xarm_cxx_sdk.dir/cxx/src/xarm/wrapper/xarm_events.cc.o[0m
[8.873s] [ 65%] [32mBuilding CXX object CMakeFiles/xarm_cxx_sdk.dir/cxx/src/xarm/wrapper/xarm_ft_sensor.cc.o[0m
[9.348s] [ 68%] [32mBuilding CXX object CMakeFiles/xarm_cxx_sdk.dir/cxx/src/xarm/wrapper/xarm_gpio.cc.o[0m
[11.860s] [ 71%] [32mBuilding CXX object CMakeFiles/xarm_cxx_sdk.dir/cxx/src/xarm/wrapper/xarm_gripper.cc.o[0m
[12.226s] [ 75%] [32mBuilding CXX object CMakeFiles/xarm_cxx_sdk.dir/cxx/src/xarm/wrapper/xarm_linear_motor.cc.o[0m
[13.290s] [ 78%] [32mBuilding CXX object CMakeFiles/xarm_cxx_sdk.dir/cxx/src/xarm/wrapper/xarm_modbus_tcp.cc.o[0m
[13.838s] [ 81%] [32mBuilding CXX object CMakeFiles/xarm_cxx_sdk.dir/cxx/src/xarm/wrapper/xarm_motion.cc.o[0m
[15.390s] [ 84%] [32mBuilding CXX object CMakeFiles/xarm_cxx_sdk.dir/cxx/src/xarm/wrapper/xarm_params.cc.o[0m
[16.088s] [ 87%] [32mBuilding CXX object CMakeFiles/xarm_cxx_sdk.dir/cxx/src/xarm/wrapper/xarm_record.cc.o[0m
[19.766s] [ 90%] [32mBuilding CXX object CMakeFiles/xarm_cxx_sdk.dir/cxx/src/xarm/wrapper/xarm_servo.cc.o[0m
[22.143s] [ 93%] [32mBuilding CXX object CMakeFiles/xarm_cxx_sdk.dir/cxx/src/xarm/wrapper/xarm_robotiq.cc.o[0m
[24.694s] [ 96%] [32mBuilding CXX object CMakeFiles/xarm_cxx_sdk.dir/cxx/src/xarm/wrapper/xarm_report.cc.o[0m
[26.063s] [100%] [32m[1mLinking CXX shared library libxarm_cxx_sdk.so[0m
[26.382s] [100%] Built target xarm_cxx_sdk
[26.433s] Invoked command in '/home/vboxuser/Ali_ws/build/xarm_sdk' returned '0': CMAKE_PREFIX_PATH=${CMAKE_PREFIX_PATH}:/opt/ros/humble:/home/vboxuser/Ali_ws/install/uf_ros_lib /usr/bin/cmake --build /home/vboxuser/Ali_ws/build/xarm_sdk -- -j4 -l4
[26.604s] Invoking command in '/home/vboxuser/Ali_ws/build/xarm_sdk': CMAKE_PREFIX_PATH=${CMAKE_PREFIX_PATH}:/opt/ros/humble:/home/vboxuser/Ali_ws/install/uf_ros_lib /usr/bin/cmake --install /home/vboxuser/Ali_ws/build/xarm_sdk
[26.622s] -- Install configuration: ""
[26.622s] -- Installing: /home/vboxuser/Ali_ws/install/xarm_sdk/share/xarm_sdk/environment/library_path.sh
[26.622s] -- Installing: /home/vboxuser/Ali_ws/install/xarm_sdk/share/xarm_sdk/environment/library_path.dsv
[26.622s] -- Installing: /home/vboxuser/Ali_ws/install/xarm_sdk/cxx/include
[26.622s] -- Installing: /home/vboxuser/Ali_ws/install/xarm_sdk/cxx/include/serial
[26.622s] -- Installing: /home/vboxuser/Ali_ws/install/xarm_sdk/cxx/include/serial/v8stdint.h
[26.622s] -- Installing: /home/vboxuser/Ali_ws/install/xarm_sdk/cxx/include/serial/impl
[26.623s] -- Installing: /home/vboxuser/Ali_ws/install/xarm_sdk/cxx/include/serial/impl/win.h
[26.623s] -- Installing: /home/vboxuser/Ali_ws/install/xarm_sdk/cxx/include/serial/impl/unix.h
[26.623s] -- Installing: /home/vboxuser/Ali_ws/install/xarm_sdk/cxx/include/serial/serial.h
[26.623s] -- Installing: /home/vboxuser/Ali_ws/install/xarm_sdk/cxx/include/xarm
[26.624s] -- Installing: /home/vboxuser/Ali_ws/install/xarm_sdk/cxx/include/xarm/wrapper
[26.624s] -- Installing: /home/vboxuser/Ali_ws/install/xarm_sdk/cxx/include/xarm/wrapper/xarm_api.h
[26.625s] -- Installing: /home/vboxuser/Ali_ws/install/xarm_sdk/cxx/include/xarm/wrapper/common
[26.625s] -- Installing: /home/vboxuser/Ali_ws/install/xarm_sdk/cxx/include/xarm/wrapper/common/utils.h
[26.625s] -- Installing: /home/vboxuser/Ali_ws/install/xarm_sdk/cxx/include/xarm/wrapper/common/timer.h
[26.625s] -- Installing: /home/vboxuser/Ali_ws/install/xarm_sdk/cxx/include/xarm/core
[26.625s] -- Installing: /home/vboxuser/Ali_ws/install/xarm_sdk/cxx/include/xarm/core/connect.h
[26.626s] -- Installing: /home/vboxuser/Ali_ws/install/xarm_sdk/cxx/include/xarm/core/port
[26.644s] -- Installing: /home/vboxuser/Ali_ws/install/xarm_sdk/cxx/include/xarm/core/port/ser.h
[26.674s] -- Installing: /home/vboxuser/Ali_ws/install/xarm_sdk/cxx/include/xarm/core/port/socket.h
[26.675s] -- Installing: /home/vboxuser/Ali_ws/install/xarm_sdk/cxx/include/xarm/core/os
[26.675s] -- Installing: /home/vboxuser/Ali_ws/install/xarm_sdk/cxx/include/xarm/core/os/network.h
[26.675s] -- Installing: /home/vboxuser/Ali_ws/install/xarm_sdk/cxx/include/xarm/core/os/bak
[26.675s] -- Installing: /home/vboxuser/Ali_ws/install/xarm_sdk/cxx/include/xarm/core/os/bak/thread.h
[26.675s] -- Installing: /home/vboxuser/Ali_ws/install/xarm_sdk/cxx/include/xarm/core/report_data.h
[26.675s] -- Installing: /home/vboxuser/Ali_ws/install/xarm_sdk/cxx/include/xarm/core/common
[26.675s] -- Installing: /home/vboxuser/Ali_ws/install/xarm_sdk/cxx/include/xarm/core/common/crc16.h
[26.676s] -- Installing: /home/vboxuser/Ali_ws/install/xarm_sdk/cxx/include/xarm/core/common/queue_memcpy.h
[26.676s] -- Installing: /home/vboxuser/Ali_ws/install/xarm_sdk/cxx/include/xarm/core/common/data_type.h
[26.676s] -- Installing: /home/vboxuser/Ali_ws/install/xarm_sdk/cxx/include/xarm/core/instruction
[26.676s] -- Installing: /home/vboxuser/Ali_ws/install/xarm_sdk/cxx/include/xarm/core/instruction/uxbus_cmd.h
[26.676s] -- Installing: /home/vboxuser/Ali_ws/install/xarm_sdk/cxx/include/xarm/core/instruction/uxbus_cmd_ser.h
[26.676s] -- Installing: /home/vboxuser/Ali_ws/install/xarm_sdk/cxx/include/xarm/core/instruction/uxbus_cmd_tcp.h
[26.676s] -- Installing: /home/vboxuser/Ali_ws/install/xarm_sdk/cxx/include/xarm/core/instruction/servo3_config.h
[26.676s] -- Installing: /home/vboxuser/Ali_ws/install/xarm_sdk/cxx/include/xarm/core/instruction/uxbus_cmd_config.h
[26.676s] -- Installing: /home/vboxuser/Ali_ws/install/xarm_sdk/cxx/include/xarm/core/xarm_config.h
[26.676s] -- Installing: /home/vboxuser/Ali_ws/install/xarm_sdk/cxx/include/xarm/core/debug
[26.676s] -- Installing: /home/vboxuser/Ali_ws/install/xarm_sdk/cxx/include/xarm/core/debug/debug_print.h
[26.677s] -- Installing: /home/vboxuser/Ali_ws/install/xarm_sdk/lib/libxarm_cxx_sdk.so
[26.677s] -- Installing: /home/vboxuser/Ali_ws/install/xarm_sdk/share/ament_index/resource_index/package_run_dependencies/xarm_sdk
[26.677s] -- Installing: /home/vboxuser/Ali_ws/install/xarm_sdk/share/ament_index/resource_index/parent_prefix_path/xarm_sdk
[26.677s] -- Installing: /home/vboxuser/Ali_ws/install/xarm_sdk/share/xarm_sdk/environment/ament_prefix_path.sh
[26.677s] -- Installing: /home/vboxuser/Ali_ws/install/xarm_sdk/share/xarm_sdk/environment/ament_prefix_path.dsv
[26.677s] -- Installing: /home/vboxuser/Ali_ws/install/xarm_sdk/share/xarm_sdk/environment/path.sh
[26.677s] -- Installing: /home/vboxuser/Ali_ws/install/xarm_sdk/share/xarm_sdk/environment/path.dsv
[26.677s] -- Installing: /home/vboxuser/Ali_ws/install/xarm_sdk/share/xarm_sdk/local_setup.bash
[26.677s] -- Installing: /home/vboxuser/Ali_ws/install/xarm_sdk/share/xarm_sdk/local_setup.sh
[26.677s] -- Installing: /home/vboxuser/Ali_ws/install/xarm_sdk/share/xarm_sdk/local_setup.zsh
[26.677s] -- Installing: /home/vboxuser/Ali_ws/install/xarm_sdk/share/xarm_sdk/local_setup.dsv
[26.677s] -- Installing: /home/vboxuser/Ali_ws/install/xarm_sdk/share/xarm_sdk/package.dsv
[26.678s] -- Installing: /home/vboxuser/Ali_ws/install/xarm_sdk/share/ament_index/resource_index/packages/xarm_sdk
[26.678s] -- Installing: /home/vboxuser/Ali_ws/install/xarm_sdk/share/xarm_sdk/cmake/ament_cmake_export_libraries-extras.cmake
[26.678s] -- Installing: /home/vboxuser/Ali_ws/install/xarm_sdk/share/xarm_sdk/cmake/ament_cmake_export_include_directories-extras.cmake
[26.678s] -- Installing: /home/vboxuser/Ali_ws/install/xarm_sdk/share/xarm_sdk/cmake/xarm_sdkConfig.cmake
[26.678s] -- Installing: /home/vboxuser/Ali_ws/install/xarm_sdk/share/xarm_sdk/cmake/xarm_sdkConfig-version.cmake
[26.678s] -- Installing: /home/vboxuser/Ali_ws/install/xarm_sdk/share/xarm_sdk/package.xml
[26.688s] Invoked command in '/home/vboxuser/Ali_ws/build/xarm_sdk' returned '0': CMAKE_PREFIX_PATH=${CMAKE_PREFIX_PATH}:/opt/ros/humble:/home/vboxuser/Ali_ws/install/uf_ros_lib /usr/bin/cmake --install /home/vboxuser/Ali_ws/build/xarm_sdk
