[0.044s] Invoking command in '/home/vboxuser/Ali_ws/src/build/d435i_xarm_setup': AMENT_PREFIX_PATH=/home/vboxuser/Ali_ws/src/install/xarm_api:/home/vboxuser/Ali_ws/src/install/xarm_sdk:/home/vboxuser/Ali_ws/src/install/xarm_msgs:/home/vboxuser/Ali_ws/src/install/xarm_description:${AMENT_PREFIX_PATH} CMAKE_PREFIX_PATH=/home/vboxuser/Ali_ws/src/install/xarm_api:/home/vboxuser/Ali_ws/src/install/xarm_sdk:/home/vboxuser/Ali_ws/src/install/xarm_msgs:/home/vboxuser/Ali_ws/src/install/xarm_description:/opt/ros/humble LD_LIBRARY_PATH=/home/vboxuser/Ali_ws/src/install/xarm_api/lib:/home/vboxuser/Ali_ws/src/install/xarm_sdk/lib:/home/vboxuser/Ali_ws/src/install/xarm_msgs/lib:${LD_LIBRARY_PATH} PYTHONPATH=/home/vboxuser/Ali_ws/src/install/xarm_msgs/local/lib/python3.10/dist-packages:${PYTHONPATH} /usr/bin/cmake /home/vboxuser/Ali_ws/src/xarm_ros2/xarm_vision/d435i_xarm_setup -DCMAKE_INSTALL_PREFIX=/home/vboxuser/Ali_ws/src/install/d435i_xarm_setup
[0.141s] -- The C compiler identification is GNU 11.4.0
[0.202s] -- The CXX compiler identification is GNU 11.4.0
[0.228s] -- Detecting C compiler ABI info
[0.342s] -- Detecting C compiler ABI info - done
[0.351s] -- Check for working C compiler: /usr/bin/cc - skipped
[0.352s] -- Detecting C compile features
[0.352s] -- Detecting C compile features - done
[0.356s] -- Detecting CXX compiler ABI info
[0.486s] -- Detecting CXX compiler ABI info - done
[0.497s] -- Check for working CXX compiler: /usr/bin/c++ - skipped
[0.497s] -- Detecting CXX compile features
[0.498s] -- Detecting CXX compile features - done
[0.501s] -- Found ament_cmake: 1.3.12 (/opt/ros/humble/share/ament_cmake/cmake)
[0.747s] -- Found Python3: /usr/bin/python3 (found version "3.10.12") found components: Interpreter 
[0.874s] -- Found rclcpp: 16.0.15 (/opt/ros/humble/share/rclcpp/cmake)
[0.934s] -- Found rosidl_generator_c: 3.1.7 (/opt/ros/humble/share/rosidl_generator_c/cmake)
[0.942s] -- Found rosidl_adapter: 3.1.7 (/opt/ros/humble/share/rosidl_adapter/cmake)
[0.963s] -- Found rosidl_generator_cpp: 3.1.7 (/opt/ros/humble/share/rosidl_generator_cpp/cmake)
[0.973s] -- Using all available rosidl_typesupport_c: rosidl_typesupport_fastrtps_c;rosidl_typesupport_introspection_c
[0.992s] -- Using all available rosidl_typesupport_cpp: rosidl_typesupport_fastrtps_cpp;rosidl_typesupport_introspection_cpp
[1.053s] -- Found rmw_implementation_cmake: 6.1.2 (/opt/ros/humble/share/rmw_implementation_cmake/cmake)
[1.058s] -- Found rmw_fastrtps_cpp: 6.2.9 (/opt/ros/humble/share/rmw_fastrtps_cpp/cmake)
[1.201s] -- Found OpenSSL: /usr/lib/x86_64-linux-gnu/libcrypto.so (found version "3.0.2")  
[1.230s] -- Found FastRTPS: /opt/ros/humble/include  
[1.287s] -- Using RMW implementation 'rmw_fastrtps_cpp' as default
[1.296s] -- Looking for pthread.h
[1.433s] -- Looking for pthread.h - found
[1.433s] -- Performing Test CMAKE_HAVE_LIBC_PTHREAD
[1.555s] -- Performing Test CMAKE_HAVE_LIBC_PTHREAD - Success
[1.556s] -- Found Threads: TRUE  
[1.616s] -- Found tf2_ros: 0.25.16 (/opt/ros/humble/share/tf2_ros/cmake)
[1.875s] -- Found tf2_geometry_msgs: 0.25.16 (/opt/ros/humble/share/tf2_geometry_msgs/cmake)
[1.899s] -- Found eigen3_cmake_module: 0.1.1 (/opt/ros/humble/share/eigen3_cmake_module/cmake)
[1.904s] -- Found Eigen3: TRUE (found version "3.4.0") 
[1.909s] -- Ensuring Eigen3 include directory is part of orocos-kdl CMake target
[1.914s] -- Found object_recognition_msgs: 2.0.0 (/opt/ros/humble/share/object_recognition_msgs/cmake)
[2.036s] -- Found xarm_msgs: 0.0.0 (/home/vboxuser/Ali_ws/src/install/xarm_msgs/share/xarm_msgs/cmake)
[2.045s] -- Found xarm_api: 0.0.0 (/home/vboxuser/Ali_ws/src/install/xarm_api/share/xarm_api/cmake)
[2.055s] -- Found ament_lint_auto: 0.12.14 (/opt/ros/humble/share/ament_lint_auto/cmake)
[2.161s] -- Added test 'copyright' to check source files copyright and LICENSE
[2.163s] -- Added test 'cppcheck' to perform static code analysis on C / C++ code
[2.163s] -- Configured cppcheck include dirs: 
[2.163s] -- Configured cppcheck exclude dirs and/or files: 
[2.164s] -- Added test 'cpplint' to check C / C++ code against the Google style
[2.164s] -- Configured cpplint exclude dirs and/or files: 
[2.165s] -- Added test 'flake8' to check Python code syntax and style conventions
[2.166s] -- Added test 'lint_cmake' to check CMake code style
[2.168s] -- Added test 'pep257' to check Python code against some of the docstring style conventions in PEP 257
[2.168s] -- Added test 'uncrustify' to check C / C++ code style
[2.168s] -- Configured uncrustify additional arguments: 
[2.169s] -- Added test 'xmllint' to check XML markup files
[2.171s] -- Configuring done
[2.211s] -- Generating done
[2.221s] -- Build files have been written to: /home/vboxuser/Ali_ws/src/build/d435i_xarm_setup
[2.237s] Invoked command in '/home/vboxuser/Ali_ws/src/build/d435i_xarm_setup' returned '0': AMENT_PREFIX_PATH=/home/vboxuser/Ali_ws/src/install/xarm_api:/home/vboxuser/Ali_ws/src/install/xarm_sdk:/home/vboxuser/Ali_ws/src/install/xarm_msgs:/home/vboxuser/Ali_ws/src/install/xarm_description:${AMENT_PREFIX_PATH} CMAKE_PREFIX_PATH=/home/vboxuser/Ali_ws/src/install/xarm_api:/home/vboxuser/Ali_ws/src/install/xarm_sdk:/home/vboxuser/Ali_ws/src/install/xarm_msgs:/home/vboxuser/Ali_ws/src/install/xarm_description:/opt/ros/humble LD_LIBRARY_PATH=/home/vboxuser/Ali_ws/src/install/xarm_api/lib:/home/vboxuser/Ali_ws/src/install/xarm_sdk/lib:/home/vboxuser/Ali_ws/src/install/xarm_msgs/lib:${LD_LIBRARY_PATH} PYTHONPATH=/home/vboxuser/Ali_ws/src/install/xarm_msgs/local/lib/python3.10/dist-packages:${PYTHONPATH} /usr/bin/cmake /home/vboxuser/Ali_ws/src/xarm_ros2/xarm_vision/d435i_xarm_setup -DCMAKE_INSTALL_PREFIX=/home/vboxuser/Ali_ws/src/install/d435i_xarm_setup
[2.237s] Invoking command in '/home/vboxuser/Ali_ws/src/build/d435i_xarm_setup': AMENT_PREFIX_PATH=/home/vboxuser/Ali_ws/src/install/xarm_api:/home/vboxuser/Ali_ws/src/install/xarm_sdk:/home/vboxuser/Ali_ws/src/install/xarm_msgs:/home/vboxuser/Ali_ws/src/install/xarm_description:${AMENT_PREFIX_PATH} CMAKE_PREFIX_PATH=/home/vboxuser/Ali_ws/src/install/xarm_api:/home/vboxuser/Ali_ws/src/install/xarm_sdk:/home/vboxuser/Ali_ws/src/install/xarm_msgs:/home/vboxuser/Ali_ws/src/install/xarm_description:/opt/ros/humble LD_LIBRARY_PATH=/home/vboxuser/Ali_ws/src/install/xarm_api/lib:/home/vboxuser/Ali_ws/src/install/xarm_sdk/lib:/home/vboxuser/Ali_ws/src/install/xarm_msgs/lib:${LD_LIBRARY_PATH} PYTHONPATH=/home/vboxuser/Ali_ws/src/install/xarm_msgs/local/lib/python3.10/dist-packages:${PYTHONPATH} /usr/bin/cmake --build /home/vboxuser/Ali_ws/src/build/d435i_xarm_setup -- -j1 -l1
[2.328s] [ 16%] [32mBuilding CXX object CMakeFiles/findobj_grasp_moveit_planner.dir/src/findobj_grasp_moveit_planner.cpp.o[0m
[13.146s] [ 33%] [32m[1mLinking CXX executable findobj_grasp_moveit_planner[0m
[13.957s] [ 33%] Built target findobj_grasp_moveit_planner
[13.997s] [ 50%] [32mBuilding CXX object CMakeFiles/findobj_grasp_xarm_api.dir/src/findobj_grasp_xarm_api.cpp.o[0m
[23.139s] [ 66%] [32m[1mLinking CXX executable findobj_grasp_xarm_api[0m
[24.276s] [ 66%] Built target findobj_grasp_xarm_api
[24.305s] [ 83%] [32mBuilding CXX object CMakeFiles/tf_object_to_base.dir/src/tf_object_to_base.cpp.o[0m
[34.954s] [100%] [32m[1mLinking CXX executable tf_object_to_base[0m
[35.600s] [100%] Built target tf_object_to_base
[35.617s] Invoked command in '/home/vboxuser/Ali_ws/src/build/d435i_xarm_setup' returned '0': AMENT_PREFIX_PATH=/home/vboxuser/Ali_ws/src/install/xarm_api:/home/vboxuser/Ali_ws/src/install/xarm_sdk:/home/vboxuser/Ali_ws/src/install/xarm_msgs:/home/vboxuser/Ali_ws/src/install/xarm_description:${AMENT_PREFIX_PATH} CMAKE_PREFIX_PATH=/home/vboxuser/Ali_ws/src/install/xarm_api:/home/vboxuser/Ali_ws/src/install/xarm_sdk:/home/vboxuser/Ali_ws/src/install/xarm_msgs:/home/vboxuser/Ali_ws/src/install/xarm_description:/opt/ros/humble LD_LIBRARY_PATH=/home/vboxuser/Ali_ws/src/install/xarm_api/lib:/home/vboxuser/Ali_ws/src/install/xarm_sdk/lib:/home/vboxuser/Ali_ws/src/install/xarm_msgs/lib:${LD_LIBRARY_PATH} PYTHONPATH=/home/vboxuser/Ali_ws/src/install/xarm_msgs/local/lib/python3.10/dist-packages:${PYTHONPATH} /usr/bin/cmake --build /home/vboxuser/Ali_ws/src/build/d435i_xarm_setup -- -j1 -l1
[35.619s] Invoking command in '/home/vboxuser/Ali_ws/src/build/d435i_xarm_setup': AMENT_PREFIX_PATH=/home/vboxuser/Ali_ws/src/install/xarm_api:/home/vboxuser/Ali_ws/src/install/xarm_sdk:/home/vboxuser/Ali_ws/src/install/xarm_msgs:/home/vboxuser/Ali_ws/src/install/xarm_description:${AMENT_PREFIX_PATH} CMAKE_PREFIX_PATH=/home/vboxuser/Ali_ws/src/install/xarm_api:/home/vboxuser/Ali_ws/src/install/xarm_sdk:/home/vboxuser/Ali_ws/src/install/xarm_msgs:/home/vboxuser/Ali_ws/src/install/xarm_description:/opt/ros/humble LD_LIBRARY_PATH=/home/vboxuser/Ali_ws/src/install/xarm_api/lib:/home/vboxuser/Ali_ws/src/install/xarm_sdk/lib:/home/vboxuser/Ali_ws/src/install/xarm_msgs/lib:${LD_LIBRARY_PATH} PYTHONPATH=/home/vboxuser/Ali_ws/src/install/xarm_msgs/local/lib/python3.10/dist-packages:${PYTHONPATH} /usr/bin/cmake --install /home/vboxuser/Ali_ws/src/build/d435i_xarm_setup
[35.632s] -- Install configuration: ""
[35.634s] -- Installing: /home/vboxuser/Ali_ws/src/install/d435i_xarm_setup/share/d435i_xarm_setup//launch
[35.634s] -- Installing: /home/vboxuser/Ali_ws/src/install/d435i_xarm_setup/share/d435i_xarm_setup//launch/grasp_node_robot_moveit_planner.launch.py
[35.634s] -- Installing: /home/vboxuser/Ali_ws/src/install/d435i_xarm_setup/share/d435i_xarm_setup//launch/grasp_node_robot_api.launch.py
[35.635s] -- Installing: /home/vboxuser/Ali_ws/src/install/d435i_xarm_setup/share/d435i_xarm_setup//launch/publish_handeye_tf.launch.py
[35.635s] -- Installing: /home/vboxuser/Ali_ws/src/install/d435i_xarm_setup/share/d435i_xarm_setup//launch/start_find_obj_2d.launch.py
[35.635s] -- Installing: /home/vboxuser/Ali_ws/src/install/d435i_xarm_setup/share/d435i_xarm_setup//launch/d435i_findobj2d_robot_moveit_planner.launch.py
[35.635s] -- Installing: /home/vboxuser/Ali_ws/src/install/d435i_xarm_setup/share/d435i_xarm_setup//launch/d435i_findobj2d_robot_api.launch.py
[35.636s] -- Installing: /home/vboxuser/Ali_ws/src/install/d435i_xarm_setup/share/d435i_xarm_setup//launch/d435i_robot_ork_linemod.launch.py
[35.636s] -- Installing: /home/vboxuser/Ali_ws/src/install/d435i_xarm_setup/share/d435i_xarm_setup//launch/d435i_robot_auto_calib.launch.py
[35.636s] -- Installing: /home/vboxuser/Ali_ws/src/install/d435i_xarm_setup/share/d435i_xarm_setup//objects
[35.637s] -- Installing: /home/vboxuser/Ali_ws/src/install/d435i_xarm_setup/share/d435i_xarm_setup//objects/2.png
[35.637s] -- Installing: /home/vboxuser/Ali_ws/src/install/d435i_xarm_setup/share/d435i_xarm_setup//objects/1.png
[35.637s] -- Installing: /home/vboxuser/Ali_ws/src/install/d435i_xarm_setup/share/d435i_xarm_setup//config
[35.638s] -- Installing: /home/vboxuser/Ali_ws/src/install/d435i_xarm_setup/share/d435i_xarm_setup//config/xarm_rs_on_hand_calibration.calib
[35.638s] -- Installing: /home/vboxuser/Ali_ws/src/install/d435i_xarm_setup/share/d435i_xarm_setup//config/lite_rs_on_hand_calibration.calib
[35.638s] -- Installing: /home/vboxuser/Ali_ws/src/install/d435i_xarm_setup/share/d435i_xarm_setup//config/uf850_rs_on_hand_calibration.calib
[35.638s] -- Installing: /home/vboxuser/Ali_ws/src/install/d435i_xarm_setup/share/d435i_xarm_setup//config/extra_robot_api_params.yaml
[35.639s] -- Installing: /home/vboxuser/Ali_ws/src/install/d435i_xarm_setup/lib/d435i_xarm_setup/findobj_grasp_moveit_planner
[35.642s] -- Set runtime path of "/home/vboxuser/Ali_ws/src/install/d435i_xarm_setup/lib/d435i_xarm_setup/findobj_grasp_moveit_planner" to ""
[35.643s] -- Installing: /home/vboxuser/Ali_ws/src/install/d435i_xarm_setup/lib/d435i_xarm_setup/findobj_grasp_xarm_api
[35.643s] -- Set runtime path of "/home/vboxuser/Ali_ws/src/install/d435i_xarm_setup/lib/d435i_xarm_setup/findobj_grasp_xarm_api" to ""
[35.643s] -- Installing: /home/vboxuser/Ali_ws/src/install/d435i_xarm_setup/lib/d435i_xarm_setup/tf_object_to_base
[35.647s] -- Set runtime path of "/home/vboxuser/Ali_ws/src/install/d435i_xarm_setup/lib/d435i_xarm_setup/tf_object_to_base" to ""
[35.648s] -- Installing: /home/vboxuser/Ali_ws/src/install/d435i_xarm_setup/share/ament_index/resource_index/package_run_dependencies/d435i_xarm_setup
[35.648s] -- Installing: /home/vboxuser/Ali_ws/src/install/d435i_xarm_setup/share/ament_index/resource_index/parent_prefix_path/d435i_xarm_setup
[35.648s] -- Installing: /home/vboxuser/Ali_ws/src/install/d435i_xarm_setup/share/d435i_xarm_setup/environment/ament_prefix_path.sh
[35.649s] -- Installing: /home/vboxuser/Ali_ws/src/install/d435i_xarm_setup/share/d435i_xarm_setup/environment/ament_prefix_path.dsv
[35.650s] -- Installing: /home/vboxuser/Ali_ws/src/install/d435i_xarm_setup/share/d435i_xarm_setup/environment/path.sh
[35.650s] -- Installing: /home/vboxuser/Ali_ws/src/install/d435i_xarm_setup/share/d435i_xarm_setup/environment/path.dsv
[35.650s] -- Installing: /home/vboxuser/Ali_ws/src/install/d435i_xarm_setup/share/d435i_xarm_setup/local_setup.bash
[35.650s] -- Installing: /home/vboxuser/Ali_ws/src/install/d435i_xarm_setup/share/d435i_xarm_setup/local_setup.sh
[35.651s] -- Installing: /home/vboxuser/Ali_ws/src/install/d435i_xarm_setup/share/d435i_xarm_setup/local_setup.zsh
[35.651s] -- Installing: /home/vboxuser/Ali_ws/src/install/d435i_xarm_setup/share/d435i_xarm_setup/local_setup.dsv
[35.651s] -- Installing: /home/vboxuser/Ali_ws/src/install/d435i_xarm_setup/share/d435i_xarm_setup/package.dsv
[35.651s] -- Installing: /home/vboxuser/Ali_ws/src/install/d435i_xarm_setup/share/ament_index/resource_index/packages/d435i_xarm_setup
[35.652s] -- Installing: /home/vboxuser/Ali_ws/src/install/d435i_xarm_setup/share/d435i_xarm_setup/cmake/d435i_xarm_setupConfig.cmake
[35.652s] -- Installing: /home/vboxuser/Ali_ws/src/install/d435i_xarm_setup/share/d435i_xarm_setup/cmake/d435i_xarm_setupConfig-version.cmake
[35.652s] -- Installing: /home/vboxuser/Ali_ws/src/install/d435i_xarm_setup/share/d435i_xarm_setup/package.xml
[35.656s] Invoked command in '/home/vboxuser/Ali_ws/src/build/d435i_xarm_setup' returned '0': AMENT_PREFIX_PATH=/home/vboxuser/Ali_ws/src/install/xarm_api:/home/vboxuser/Ali_ws/src/install/xarm_sdk:/home/vboxuser/Ali_ws/src/install/xarm_msgs:/home/vboxuser/Ali_ws/src/install/xarm_description:${AMENT_PREFIX_PATH} CMAKE_PREFIX_PATH=/home/vboxuser/Ali_ws/src/install/xarm_api:/home/vboxuser/Ali_ws/src/install/xarm_sdk:/home/vboxuser/Ali_ws/src/install/xarm_msgs:/home/vboxuser/Ali_ws/src/install/xarm_description:/opt/ros/humble LD_LIBRARY_PATH=/home/vboxuser/Ali_ws/src/install/xarm_api/lib:/home/vboxuser/Ali_ws/src/install/xarm_sdk/lib:/home/vboxuser/Ali_ws/src/install/xarm_msgs/lib:${LD_LIBRARY_PATH} PYTHONPATH=/home/vboxuser/Ali_ws/src/install/xarm_msgs/local/lib/python3.10/dist-packages:${PYTHONPATH} /usr/bin/cmake --install /home/vboxuser/Ali_ws/src/build/d435i_xarm_setup
