[0.057s] Invoking command in '/home/vboxuser/Ali_ws/build/xarm_planner': AMENT_PREFIX_PATH=/home/vboxuser/Ali_ws/install/xarm_moveit_config:/home/vboxuser/Ali_ws/install/xarm_gazebo:/home/vboxuser/Ali_ws/install/xarm_controller:/home/vboxuser/Ali_ws/install/xarm_api:/home/vboxuser/Ali_ws/install/xarm_sdk:/home/vboxuser/Ali_ws/install/xarm_msgs:/home/vboxuser/Ali_ws/install/xarm_description:/home/vboxuser/Ali_ws/install/uf_ros_lib:${AMENT_PREFIX_PATH} CMAKE_PREFIX_PATH=/home/vboxuser/Ali_ws/install/xarm_moveit_config:/home/vboxuser/Ali_ws/install/xarm_gazebo:/home/vboxuser/Ali_ws/install/xarm_controller:/home/vboxuser/Ali_ws/install/xarm_api:/home/vboxuser/Ali_ws/install/xarm_sdk:/home/vboxuser/Ali_ws/install/xarm_msgs:/home/vboxuser/Ali_ws/install/xarm_description:/opt/ros/humble LD_LIBRARY_PATH=/home/vboxuser/Ali_ws/install/xarm_gazebo/lib:/home/vboxuser/Ali_ws/install/xarm_controller/lib:/home/vboxuser/Ali_ws/install/xarm_api/lib:/home/vboxuser/Ali_ws/install/xarm_sdk/lib:/home/vboxuser/Ali_ws/install/xarm_msgs/lib:${LD_LIBRARY_PATH} PYTHONPATH=/home/vboxuser/Ali_ws/install/xarm_msgs/local/lib/python3.10/dist-packages:/home/vboxuser/Ali_ws/install/uf_ros_lib/lib/python3.10/site-packages:${PYTHONPATH} /usr/bin/cmake --build /home/vboxuser/Ali_ws/build/xarm_planner -- -j4 -l4
[0.199s] [35m[1mConsolidate compiler generated dependencies of target xarm_planner[0m
[0.210s] [35m[1mConsolidate compiler generated dependencies of target test_xarm_planner_client_pose[0m
[0.211s] [35m[1mConsolidate compiler generated dependencies of target test_xarm_planner_client_joint[0m
[0.237s] [35m[1mConsolidate compiler generated dependencies of target test_xarm_gripper_planner_client_joint[0m
[0.256s] [  9%] Built target test_xarm_planner_client_pose
[0.265s] [ 18%] Built target test_xarm_gripper_planner_client_joint
[0.288s] [ 27%] Built target test_xarm_planner_client_joint
[0.313s] [35m[1mConsolidate compiler generated dependencies of target test_lite_gripper_realmove[0m
[0.329s] [ 36%] Built target xarm_planner
[0.361s] [ 45%] Built target test_lite_gripper_realmove
[0.364s] [35m[1mConsolidate compiler generated dependencies of target xarm_planner_node[0m
[0.367s] [35m[1mConsolidate compiler generated dependencies of target test_xarm_planner_api_joint[0m
[0.402s] [35m[1mConsolidate compiler generated dependencies of target xarm_gripper_planner_node[0m
[0.425s] [ 54%] Built target test_xarm_planner_api_joint
[0.428s] [35m[1mConsolidate compiler generated dependencies of target test_dual_xarm_planner_api_joint[0m
[0.446s] [ 63%] Built target xarm_planner_node
[0.458s] [ 72%] Built target xarm_gripper_planner_node
[0.489s] [35m[1mConsolidate compiler generated dependencies of target test_xarm_planner_api_pose[0m
[0.500s] [ 81%] Built target test_dual_xarm_planner_api_joint
[0.516s] [35m[1mConsolidate compiler generated dependencies of target test_xarm_gripper_planner_api_joint[0m
[0.529s] [ 90%] Built target test_xarm_planner_api_pose
[0.542s] [100%] Built target test_xarm_gripper_planner_api_joint
[0.556s] Invoked command in '/home/vboxuser/Ali_ws/build/xarm_planner' returned '0': AMENT_PREFIX_PATH=/home/vboxuser/Ali_ws/install/xarm_moveit_config:/home/vboxuser/Ali_ws/install/xarm_gazebo:/home/vboxuser/Ali_ws/install/xarm_controller:/home/vboxuser/Ali_ws/install/xarm_api:/home/vboxuser/Ali_ws/install/xarm_sdk:/home/vboxuser/Ali_ws/install/xarm_msgs:/home/vboxuser/Ali_ws/install/xarm_description:/home/vboxuser/Ali_ws/install/uf_ros_lib:${AMENT_PREFIX_PATH} CMAKE_PREFIX_PATH=/home/vboxuser/Ali_ws/install/xarm_moveit_config:/home/vboxuser/Ali_ws/install/xarm_gazebo:/home/vboxuser/Ali_ws/install/xarm_controller:/home/vboxuser/Ali_ws/install/xarm_api:/home/vboxuser/Ali_ws/install/xarm_sdk:/home/vboxuser/Ali_ws/install/xarm_msgs:/home/vboxuser/Ali_ws/install/xarm_description:/opt/ros/humble LD_LIBRARY_PATH=/home/vboxuser/Ali_ws/install/xarm_gazebo/lib:/home/vboxuser/Ali_ws/install/xarm_controller/lib:/home/vboxuser/Ali_ws/install/xarm_api/lib:/home/vboxuser/Ali_ws/install/xarm_sdk/lib:/home/vboxuser/Ali_ws/install/xarm_msgs/lib:${LD_LIBRARY_PATH} PYTHONPATH=/home/vboxuser/Ali_ws/install/xarm_msgs/local/lib/python3.10/dist-packages:/home/vboxuser/Ali_ws/install/uf_ros_lib/lib/python3.10/site-packages:${PYTHONPATH} /usr/bin/cmake --build /home/vboxuser/Ali_ws/build/xarm_planner -- -j4 -l4
[0.560s] Invoking command in '/home/vboxuser/Ali_ws/build/xarm_planner': AMENT_PREFIX_PATH=/home/vboxuser/Ali_ws/install/xarm_moveit_config:/home/vboxuser/Ali_ws/install/xarm_gazebo:/home/vboxuser/Ali_ws/install/xarm_controller:/home/vboxuser/Ali_ws/install/xarm_api:/home/vboxuser/Ali_ws/install/xarm_sdk:/home/vboxuser/Ali_ws/install/xarm_msgs:/home/vboxuser/Ali_ws/install/xarm_description:/home/vboxuser/Ali_ws/install/uf_ros_lib:${AMENT_PREFIX_PATH} CMAKE_PREFIX_PATH=/home/vboxuser/Ali_ws/install/xarm_moveit_config:/home/vboxuser/Ali_ws/install/xarm_gazebo:/home/vboxuser/Ali_ws/install/xarm_controller:/home/vboxuser/Ali_ws/install/xarm_api:/home/vboxuser/Ali_ws/install/xarm_sdk:/home/vboxuser/Ali_ws/install/xarm_msgs:/home/vboxuser/Ali_ws/install/xarm_description:/opt/ros/humble LD_LIBRARY_PATH=/home/vboxuser/Ali_ws/install/xarm_gazebo/lib:/home/vboxuser/Ali_ws/install/xarm_controller/lib:/home/vboxuser/Ali_ws/install/xarm_api/lib:/home/vboxuser/Ali_ws/install/xarm_sdk/lib:/home/vboxuser/Ali_ws/install/xarm_msgs/lib:${LD_LIBRARY_PATH} PYTHONPATH=/home/vboxuser/Ali_ws/install/xarm_msgs/local/lib/python3.10/dist-packages:/home/vboxuser/Ali_ws/install/uf_ros_lib/lib/python3.10/site-packages:${PYTHONPATH} /usr/bin/cmake --install /home/vboxuser/Ali_ws/build/xarm_planner
[0.573s] -- Install configuration: ""
[0.574s] -- Up-to-date: /home/vboxuser/Ali_ws/install/xarm_planner/include
[0.574s] -- Up-to-date: /home/vboxuser/Ali_ws/install/xarm_planner/include/xarm_planner
[0.574s] -- Up-to-date: /home/vboxuser/Ali_ws/install/xarm_planner/include/xarm_planner/xarm_planner.h
[0.576s] -- Up-to-date: /home/vboxuser/Ali_ws/install/xarm_planner/lib/libxarm_planner.so
[0.581s] -- Up-to-date: /home/vboxuser/Ali_ws/install/xarm_planner/lib/xarm_planner/xarm_planner_node
[0.584s] -- Up-to-date: /home/vboxuser/Ali_ws/install/xarm_planner/lib/xarm_planner/xarm_gripper_planner_node
[0.587s] -- Up-to-date: /home/vboxuser/Ali_ws/install/xarm_planner/lib/xarm_planner/test_xarm_planner_api_joint
[0.590s] -- Up-to-date: /home/vboxuser/Ali_ws/install/xarm_planner/lib/xarm_planner/test_dual_xarm_planner_api_joint
[0.593s] -- Up-to-date: /home/vboxuser/Ali_ws/install/xarm_planner/lib/xarm_planner/test_xarm_planner_api_pose
[0.595s] -- Up-to-date: /home/vboxuser/Ali_ws/install/xarm_planner/lib/xarm_planner/test_xarm_gripper_planner_api_joint
[0.598s] -- Up-to-date: /home/vboxuser/Ali_ws/install/xarm_planner/lib/xarm_planner/test_xarm_planner_client_joint
[0.599s] -- Up-to-date: /home/vboxuser/Ali_ws/install/xarm_planner/lib/xarm_planner/test_xarm_planner_client_pose
[0.601s] -- Up-to-date: /home/vboxuser/Ali_ws/install/xarm_planner/lib/xarm_planner/test_xarm_gripper_planner_client_joint
[0.603s] -- Up-to-date: /home/vboxuser/Ali_ws/install/xarm_planner/lib/xarm_planner/test_lite_gripper_realmove
[0.603s] -- Up-to-date: /home/vboxuser/Ali_ws/install/xarm_planner/share/xarm_planner//launch
[0.604s] -- Up-to-date: /home/vboxuser/Ali_ws/install/xarm_planner/share/xarm_planner//launch/xarm6_planner_realmove.launch.py
[0.604s] -- Up-to-date: /home/vboxuser/Ali_ws/install/xarm_planner/share/xarm_planner//launch/lite6_planner_gazebo.launch.py
[0.604s] -- Up-to-date: /home/vboxuser/Ali_ws/install/xarm_planner/share/xarm_planner//launch/xarm7_mirror_planner_gazebo.launch.py
[0.604s] -- Up-to-date: /home/vboxuser/Ali_ws/install/xarm_planner/share/xarm_planner//launch/xarm7_mirror_planner_realmove.launch.py
[0.604s] -- Up-to-date: /home/vboxuser/Ali_ws/install/xarm_planner/share/xarm_planner//launch/xarm7_planner_realmove.launch.py
[0.605s] -- Up-to-date: /home/vboxuser/Ali_ws/install/xarm_planner/share/xarm_planner//launch/_dual_robot_planner.launch.py
[0.605s] -- Up-to-date: /home/vboxuser/Ali_ws/install/xarm_planner/share/xarm_planner//launch/xarm5_planner_fake.launch.py
[0.605s] -- Up-to-date: /home/vboxuser/Ali_ws/install/xarm_planner/share/xarm_planner//launch/xarm7_mirror_planner_fake.launch.py
[0.605s] -- Up-to-date: /home/vboxuser/Ali_ws/install/xarm_planner/share/xarm_planner//launch/test_xarm_planner_client_pose.launch.py
[0.605s] -- Up-to-date: /home/vboxuser/Ali_ws/install/xarm_planner/share/xarm_planner//launch/test_move_group.launch.py
[0.605s] -- Up-to-date: /home/vboxuser/Ali_ws/install/xarm_planner/share/xarm_planner//launch/test_xarm_planner_api_pose.launch.py
[0.605s] -- Up-to-date: /home/vboxuser/Ali_ws/install/xarm_planner/share/xarm_planner//launch/xarm5_planner_realmove.launch.py
[0.605s] -- Up-to-date: /home/vboxuser/Ali_ws/install/xarm_planner/share/xarm_planner//launch/xarm5_planner_gazebo.launch.py
[0.605s] -- Up-to-date: /home/vboxuser/Ali_ws/install/xarm_planner/share/xarm_planner//launch/test_dual_xarm_planner_api_joint.launch.py
[0.605s] -- Up-to-date: /home/vboxuser/Ali_ws/install/xarm_planner/share/xarm_planner//launch/test_xarm_planner_api_joint.launch.py
[0.606s] -- Up-to-date: /home/vboxuser/Ali_ws/install/xarm_planner/share/xarm_planner//launch/xarm7_planner_fake.launch.py
[0.606s] -- Up-to-date: /home/vboxuser/Ali_ws/install/xarm_planner/share/xarm_planner//launch/uf850_planner_fake.launch.py
[0.606s] -- Up-to-date: /home/vboxuser/Ali_ws/install/xarm_planner/share/xarm_planner//launch/lite6_planner_fake.launch.py
[0.606s] -- Up-to-date: /home/vboxuser/Ali_ws/install/xarm_planner/share/xarm_planner//launch/xarm7_planner_gazebo.launch.py
[0.606s] -- Up-to-date: /home/vboxuser/Ali_ws/install/xarm_planner/share/xarm_planner//launch/_robot_planner.launch.py
[0.606s] -- Up-to-date: /home/vboxuser/Ali_ws/install/xarm_planner/share/xarm_planner//launch/test_xarm_gripper_planner_api_joint.launch.py
[0.606s] -- Up-to-date: /home/vboxuser/Ali_ws/install/xarm_planner/share/xarm_planner//launch/test_xarm_planner_client_joint.launch.py
[0.606s] -- Up-to-date: /home/vboxuser/Ali_ws/install/xarm_planner/share/xarm_planner//launch/test_xarm_gripper_planner_client_joint.launch.py
[0.606s] -- Up-to-date: /home/vboxuser/Ali_ws/install/xarm_planner/share/xarm_planner//launch/uf850_planner_realmove.launch.py
[0.606s] -- Up-to-date: /home/vboxuser/Ali_ws/install/xarm_planner/share/xarm_planner//launch/xarm6_planner_fake.launch.py
[0.606s] -- Up-to-date: /home/vboxuser/Ali_ws/install/xarm_planner/share/xarm_planner//launch/uf850_planner_gazebo.launch.py
[0.606s] -- Up-to-date: /home/vboxuser/Ali_ws/install/xarm_planner/share/xarm_planner//launch/xarm6_planner_gazebo.launch.py
[0.606s] -- Up-to-date: /home/vboxuser/Ali_ws/install/xarm_planner/share/xarm_planner//launch/test_lite_gripper_realmove.launch.py
[0.606s] -- Up-to-date: /home/vboxuser/Ali_ws/install/xarm_planner/share/xarm_planner//launch/lite6_planner_realmove.launch.py
[0.606s] -- Up-to-date: /home/vboxuser/Ali_ws/install/xarm_planner/share/ament_index/resource_index/package_run_dependencies/xarm_planner
[0.606s] -- Up-to-date: /home/vboxuser/Ali_ws/install/xarm_planner/share/ament_index/resource_index/parent_prefix_path/xarm_planner
[0.606s] -- Up-to-date: /home/vboxuser/Ali_ws/install/xarm_planner/share/xarm_planner/environment/ament_prefix_path.sh
[0.606s] -- Up-to-date: /home/vboxuser/Ali_ws/install/xarm_planner/share/xarm_planner/environment/ament_prefix_path.dsv
[0.606s] -- Up-to-date: /home/vboxuser/Ali_ws/install/xarm_planner/share/xarm_planner/environment/path.sh
[0.606s] -- Up-to-date: /home/vboxuser/Ali_ws/install/xarm_planner/share/xarm_planner/environment/path.dsv
[0.606s] -- Up-to-date: /home/vboxuser/Ali_ws/install/xarm_planner/share/xarm_planner/local_setup.bash
[0.606s] -- Up-to-date: /home/vboxuser/Ali_ws/install/xarm_planner/share/xarm_planner/local_setup.sh
[0.606s] -- Up-to-date: /home/vboxuser/Ali_ws/install/xarm_planner/share/xarm_planner/local_setup.zsh
[0.606s] -- Up-to-date: /home/vboxuser/Ali_ws/install/xarm_planner/share/xarm_planner/local_setup.dsv
[0.606s] -- Installing: /home/vboxuser/Ali_ws/install/xarm_planner/share/xarm_planner/package.dsv
[0.606s] -- Up-to-date: /home/vboxuser/Ali_ws/install/xarm_planner/share/ament_index/resource_index/packages/xarm_planner
[0.606s] -- Up-to-date: /home/vboxuser/Ali_ws/install/xarm_planner/share/xarm_planner/cmake/xarm_plannerConfig.cmake
[0.606s] -- Up-to-date: /home/vboxuser/Ali_ws/install/xarm_planner/share/xarm_planner/cmake/xarm_plannerConfig-version.cmake
[0.606s] -- Up-to-date: /home/vboxuser/Ali_ws/install/xarm_planner/share/xarm_planner/package.xml
[0.610s] Invoked command in '/home/vboxuser/Ali_ws/build/xarm_planner' returned '0': AMENT_PREFIX_PATH=/home/vboxuser/Ali_ws/install/xarm_moveit_config:/home/vboxuser/Ali_ws/install/xarm_gazebo:/home/vboxuser/Ali_ws/install/xarm_controller:/home/vboxuser/Ali_ws/install/xarm_api:/home/vboxuser/Ali_ws/install/xarm_sdk:/home/vboxuser/Ali_ws/install/xarm_msgs:/home/vboxuser/Ali_ws/install/xarm_description:/home/vboxuser/Ali_ws/install/uf_ros_lib:${AMENT_PREFIX_PATH} CMAKE_PREFIX_PATH=/home/vboxuser/Ali_ws/install/xarm_moveit_config:/home/vboxuser/Ali_ws/install/xarm_gazebo:/home/vboxuser/Ali_ws/install/xarm_controller:/home/vboxuser/Ali_ws/install/xarm_api:/home/vboxuser/Ali_ws/install/xarm_sdk:/home/vboxuser/Ali_ws/install/xarm_msgs:/home/vboxuser/Ali_ws/install/xarm_description:/opt/ros/humble LD_LIBRARY_PATH=/home/vboxuser/Ali_ws/install/xarm_gazebo/lib:/home/vboxuser/Ali_ws/install/xarm_controller/lib:/home/vboxuser/Ali_ws/install/xarm_api/lib:/home/vboxuser/Ali_ws/install/xarm_sdk/lib:/home/vboxuser/Ali_ws/install/xarm_msgs/lib:${LD_LIBRARY_PATH} PYTHONPATH=/home/vboxuser/Ali_ws/install/xarm_msgs/local/lib/python3.10/dist-packages:/home/vboxuser/Ali_ws/install/uf_ros_lib/lib/python3.10/site-packages:${PYTHONPATH} /usr/bin/cmake --install /home/vboxuser/Ali_ws/build/xarm_planner
