/home/vboxuser/.local/lib/python3.10/site-packages/setuptools/_distutils/dist.py:289: UserWarning: Unknown distribution option: 'tests_require'
  warnings.warn(msg)
running egg_info
writing ../../../build/uf_ros_lib/uf_ros_lib.egg-info/PKG-INFO
writing dependency_links to ../../../build/uf_ros_lib/uf_ros_lib.egg-info/dependency_links.txt
writing requirements to ../../../build/uf_ros_lib/uf_ros_lib.egg-info/requires.txt
writing top-level names to ../../../build/uf_ros_lib/uf_ros_lib.egg-info/top_level.txt
reading manifest file '../../../build/uf_ros_lib/uf_ros_lib.egg-info/SOURCES.txt'
writing manifest file '../../../build/uf_ros_lib/uf_ros_lib.egg-info/SOURCES.txt'
running build
running build_py
copying uf_ros_lib/moveit_configs_builder.py -> /home/vboxuser/Ali_ws/build/uf_ros_lib/build/lib/uf_ros_lib
copying uf_ros_lib/uf_robot_utils.py -> /home/vboxuser/Ali_ws/build/uf_ros_lib/build/lib/uf_ros_lib
copying uf_ros_lib/parameter_descriptions.py -> /home/vboxuser/Ali_ws/build/uf_ros_lib/build/lib/uf_ros_lib
copying uf_ros_lib/__init__.py -> /home/vboxuser/Ali_ws/build/uf_ros_lib/build/lib/uf_ros_lib
copying uf_ros_lib/substitutions/kinematics.py -> /home/vboxuser/Ali_ws/build/uf_ros_lib/build/lib/uf_ros_lib/substitutions
copying uf_ros_lib/substitutions/planning_pipelines.py -> /home/vboxuser/Ali_ws/build/uf_ros_lib/build/lib/uf_ros_lib/substitutions
copying uf_ros_lib/substitutions/common.py -> /home/vboxuser/Ali_ws/build/uf_ros_lib/build/lib/uf_ros_lib/substitutions
copying uf_ros_lib/substitutions/controllers.py -> /home/vboxuser/Ali_ws/build/uf_ros_lib/build/lib/uf_ros_lib/substitutions
copying uf_ros_lib/substitutions/joint_limits.py -> /home/vboxuser/Ali_ws/build/uf_ros_lib/build/lib/uf_ros_lib/substitutions
copying uf_ros_lib/substitutions/__init__.py -> /home/vboxuser/Ali_ws/build/uf_ros_lib/build/lib/uf_ros_lib/substitutions
running install
running install_lib
running install_data
copying resource/uf_ros_lib -> /home/vboxuser/Ali_ws/install/uf_ros_lib/share/ament_index/resource_index/packages
copying package.xml -> /home/vboxuser/Ali_ws/install/uf_ros_lib/share/uf_ros_lib
running install_egg_info
removing '/home/vboxuser/Ali_ws/install/uf_ros_lib/lib/python3.10/site-packages/uf_ros_lib-0.0.0-py3.10.egg-info' (and everything under it)
Copying ../../../build/uf_ros_lib/uf_ros_lib.egg-info to /home/vboxuser/Ali_ws/install/uf_ros_lib/lib/python3.10/site-packages/uf_ros_lib-0.0.0-py3.10.egg-info
running install_scripts
writing list of installed files to '/home/vboxuser/Ali_ws/build/uf_ros_lib/install.log'
