[2.267s] Invoking command in '/home/vboxuser/Ali_ws/src/xarm_ros2/uf_ros_lib': PYTHONPATH=/home/vboxuser/Ali_ws/build/uf_ros_lib/prefix_override:/usr/lib/python3/dist-packages/colcon_core/task/python/colcon_distutils_commands:/home/vboxuser/Ali_ws/install/uf_ros_lib/lib/python3.10/site-packages: /usr/bin/python3 -W ignore:setup.py install is deprecated -W ignore:easy_install command is deprecated setup.py egg_info --egg-base ../../../build/uf_ros_lib build --build-base /home/vboxuser/Ali_ws/build/uf_ros_lib/build install --record /home/vboxuser/Ali_ws/build/uf_ros_lib/install.log --single-version-externally-managed install_data
[2.609s] /home/vboxuser/.local/lib/python3.10/site-packages/setuptools/_distutils/dist.py:289: UserWarning: Unknown distribution option: 'tests_require'
[2.609s]   warnings.warn(msg)
[3.154s] running egg_info
[3.154s] writing ../../../build/uf_ros_lib/uf_ros_lib.egg-info/PKG-INFO
[3.154s] writing dependency_links to ../../../build/uf_ros_lib/uf_ros_lib.egg-info/dependency_links.txt
[3.154s] writing requirements to ../../../build/uf_ros_lib/uf_ros_lib.egg-info/requires.txt
[3.154s] writing top-level names to ../../../build/uf_ros_lib/uf_ros_lib.egg-info/top_level.txt
[3.188s] reading manifest file '../../../build/uf_ros_lib/uf_ros_lib.egg-info/SOURCES.txt'
[3.189s] writing manifest file '../../../build/uf_ros_lib/uf_ros_lib.egg-info/SOURCES.txt'
[3.189s] running build
[3.190s] running build_py
[3.191s] copying uf_ros_lib/moveit_configs_builder.py -> /home/vboxuser/Ali_ws/build/uf_ros_lib/build/lib/uf_ros_lib
[3.191s] copying uf_ros_lib/uf_robot_utils.py -> /home/vboxuser/Ali_ws/build/uf_ros_lib/build/lib/uf_ros_lib
[3.191s] copying uf_ros_lib/parameter_descriptions.py -> /home/vboxuser/Ali_ws/build/uf_ros_lib/build/lib/uf_ros_lib
[3.191s] copying uf_ros_lib/__init__.py -> /home/vboxuser/Ali_ws/build/uf_ros_lib/build/lib/uf_ros_lib
[3.191s] copying uf_ros_lib/substitutions/kinematics.py -> /home/vboxuser/Ali_ws/build/uf_ros_lib/build/lib/uf_ros_lib/substitutions
[3.191s] copying uf_ros_lib/substitutions/planning_pipelines.py -> /home/vboxuser/Ali_ws/build/uf_ros_lib/build/lib/uf_ros_lib/substitutions
[3.192s] copying uf_ros_lib/substitutions/common.py -> /home/vboxuser/Ali_ws/build/uf_ros_lib/build/lib/uf_ros_lib/substitutions
[3.192s] copying uf_ros_lib/substitutions/controllers.py -> /home/vboxuser/Ali_ws/build/uf_ros_lib/build/lib/uf_ros_lib/substitutions
[3.192s] copying uf_ros_lib/substitutions/joint_limits.py -> /home/vboxuser/Ali_ws/build/uf_ros_lib/build/lib/uf_ros_lib/substitutions
[3.192s] copying uf_ros_lib/substitutions/__init__.py -> /home/vboxuser/Ali_ws/build/uf_ros_lib/build/lib/uf_ros_lib/substitutions
[3.192s] running install
[3.193s] running install_lib
[3.194s] running install_data
[3.195s] copying resource/uf_ros_lib -> /home/vboxuser/Ali_ws/install/uf_ros_lib/share/ament_index/resource_index/packages
[3.195s] copying package.xml -> /home/vboxuser/Ali_ws/install/uf_ros_lib/share/uf_ros_lib
[3.195s] running install_egg_info
[3.198s] removing '/home/vboxuser/Ali_ws/install/uf_ros_lib/lib/python3.10/site-packages/uf_ros_lib-0.0.0-py3.10.egg-info' (and everything under it)
[3.198s] Copying ../../../build/uf_ros_lib/uf_ros_lib.egg-info to /home/vboxuser/Ali_ws/install/uf_ros_lib/lib/python3.10/site-packages/uf_ros_lib-0.0.0-py3.10.egg-info
[3.198s] running install_scripts
[3.199s] writing list of installed files to '/home/vboxuser/Ali_ws/build/uf_ros_lib/install.log'
[3.332s] Invoked command in '/home/vboxuser/Ali_ws/src/xarm_ros2/uf_ros_lib' returned '0': PYTHONPATH=/home/vboxuser/Ali_ws/build/uf_ros_lib/prefix_override:/usr/lib/python3/dist-packages/colcon_core/task/python/colcon_distutils_commands:/home/vboxuser/Ali_ws/install/uf_ros_lib/lib/python3.10/site-packages: /usr/bin/python3 -W ignore:setup.py install is deprecated -W ignore:easy_install command is deprecated setup.py egg_info --egg-base ../../../build/uf_ros_lib build --build-base /home/vboxuser/Ali_ws/build/uf_ros_lib/build install --record /home/vboxuser/Ali_ws/build/uf_ros_lib/install.log --single-version-externally-managed install_data
